## SLURM PROLOG ###############################################################
##    Job ID : 11681854
##  Job Name : FAIR_M2
##  Nodelist : node[2307-2310,2312,2315]
##      CPUs : 86
##   Mem/CPU : 5120 MB
## Directory : /oscar/data/deeps/private/bfoxkemp/jnickla1/fair-calibrate
##   Job Started : Sun Jun  8 04:17:52 PM EDT 2025
###############################################################################
Starting job 6 on node2307
environment: line 1: 344155 Killed                  ./"$file" >> ${script_dir}/logs_M2/log_ens${ENSEMBLE_RUN}_cut${CUTOFF_YEAR}.log 2>&1
environment: line 1: 343954 Killed                  ./"$file" >> ${script_dir}/logs_M2/log_ens${ENSEMBLE_RUN}_cut${CUTOFF_YEAR}.log 2>&1
environment: line 1: 343835 Killed                  ./"$file" >> ${script_dir}/logs_M2/log_ens${ENSEMBLE_RUN}_cut${CUTOFF_YEAR}.log 2>&1
environment: line 1: 344076 Killed                  ./"$file" >> ${script_dir}/logs_M2/log_ens${ENSEMBLE_RUN}_cut${CUTOFF_YEAR}.log 2>&1
environment: line 1: 343343 Killed                  ./"$file" >> ${script_dir}/logs_M2/log_ens${ENSEMBLE_RUN}_cut${CUTOFF_YEAR}.log 2>&1
environment: line 1: 343562 Killed                  ./"$file" >> ${script_dir}/logs_M2/log_ens${ENSEMBLE_RUN}_cut${CUTOFF_YEAR}.log 2>&1
environment: line 1: 343756 Killed                  ./"$file" >> ${script_dir}/logs_M2/log_ens${ENSEMBLE_RUN}_cut${CUTOFF_YEAR}.log 2>&1
environment: line 1: 343398 Killed                  ./"$file" >> ${script_dir}/logs_M2/log_ens${ENSEMBLE_RUN}_cut${CUTOFF_YEAR}.log 2>&1
environment: line 1: 343772 Killed                  ./"$file" >> ${script_dir}/logs_M2/log_ens${ENSEMBLE_RUN}_cut${CUTOFF_YEAR}.log 2>&1
environment: line 1: 343761 Killed                  ./"$file" >> ${script_dir}/logs_M2/log_ens${ENSEMBLE_RUN}_cut${CUTOFF_YEAR}.log 2>&1
environment: line 1: 343493 Killed                  ./"$file" >> ${script_dir}/logs_M2/log_ens${ENSEMBLE_RUN}_cut${CUTOFF_YEAR}.log 2>&1
environment: line 1: 343438 Killed                  ./"$file" >> ${script_dir}/logs_M2/log_ens${ENSEMBLE_RUN}_cut${CUTOFF_YEAR}.log 2>&1
environment: line 1: 343766 Killed                  ./"$file" >> ${script_dir}/logs_M2/log_ens${ENSEMBLE_RUN}_cut${CUTOFF_YEAR}.log 2>&1
environment: line 1: 343359 Killed                  ./"$file" >> ${script_dir}/logs_M2/log_ens${ENSEMBLE_RUN}_cut${CUTOFF_YEAR}.log 2>&1
environment: line 1: 343483 Killed                  ./"$file" >> ${script_dir}/logs_M2/log_ens${ENSEMBLE_RUN}_cut${CUTOFF_YEAR}.log 2>&1
environment: line 1: 343550 Killed                  ./"$file" >> ${script_dir}/logs_M2/log_ens${ENSEMBLE_RUN}_cut${CUTOFF_YEAR}.log 2>&1
environment: line 1: 343631 Killed                  ./"$file" >> ${script_dir}/logs_M2/log_ens${ENSEMBLE_RUN}_cut${CUTOFF_YEAR}.log 2>&1
environment: line 1: 343373 Killed                  ./"$file" >> ${script_dir}/logs_M2/log_ens${ENSEMBLE_RUN}_cut${CUTOFF_YEAR}.log 2>&1
environment: line 1: 343698 Killed                  ./"$file" >> ${script_dir}/logs_M2/log_ens${ENSEMBLE_RUN}_cut${CUTOFF_YEAR}.log 2>&1
environment: line 1: 344551 Killed                  ./"$file" >> ${script_dir}/logs_M2/log_ens${ENSEMBLE_RUN}_cut${CUTOFF_YEAR}.log 2>&1
environment: line 1: 343854 Killed                  ./"$file" >> ${script_dir}/logs_M2/log_ens${ENSEMBLE_RUN}_cut${CUTOFF_YEAR}.log 2>&1
environment: line 1: 343447 Killed                  ./"$file" >> ${script_dir}/logs_M2/log_ens${ENSEMBLE_RUN}_cut${CUTOFF_YEAR}.log 2>&1
environment: line 1: 344438 Killed                  ./"$file" >> ${script_dir}/logs_M2/log_ens${ENSEMBLE_RUN}_cut${CUTOFF_YEAR}.log 2>&1
environment: line 1: 343340 Killed                  ./"$file" >> ${script_dir}/logs_M2/log_ens${ENSEMBLE_RUN}_cut${CUTOFF_YEAR}.log 2>&1
environment: line 1: 344427 Killed                  ./"$file" >> ${script_dir}/logs_M2/log_ens${ENSEMBLE_RUN}_cut${CUTOFF_YEAR}.log 2>&1
environment: line 1: 344433 Killed                  ./"$file" >> ${script_dir}/logs_M2/log_ens${ENSEMBLE_RUN}_cut${CUTOFF_YEAR}.log 2>&1
environment: line 1: 343526 Killed                  ./"$file" >> ${script_dir}/logs_M2/log_ens${ENSEMBLE_RUN}_cut${CUTOFF_YEAR}.log 2>&1
environment: line 1: 344082 Killed                  ./"$file" >> ${script_dir}/logs_M2/log_ens${ENSEMBLE_RUN}_cut${CUTOFF_YEAR}.log 2>&1
environment: line 1: 343797 Killed                  ./"$file" >> ${script_dir}/logs_M2/log_ens${ENSEMBLE_RUN}_cut${CUTOFF_YEAR}.log 2>&1
environment: line 1: 343626 Killed                  ./"$file" >> ${script_dir}/logs_M2/log_ens${ENSEMBLE_RUN}_cut${CUTOFF_YEAR}.log 2>&1
environment: line 1: 344038 Killed                  ./"$file" >> ${script_dir}/logs_M2/log_ens${ENSEMBLE_RUN}_cut${CUTOFF_YEAR}.log 2>&1
environment: line 1: 343566 Killed                  ./"$file" >> ${script_dir}/logs_M2/log_ens${ENSEMBLE_RUN}_cut${CUTOFF_YEAR}.log 2>&1
environment: line 1: 343416 Killed                  ./"$file" >> ${script_dir}/logs_M2/log_ens${ENSEMBLE_RUN}_cut${CUTOFF_YEAR}.log 2>&1
environment: line 1: 344447 Killed                  ./"$file" >> ${script_dir}/logs_M2/log_ens${ENSEMBLE_RUN}_cut${CUTOFF_YEAR}.log 2>&1
environment: line 1: 343573 Killed                  ./"$file" >> ${script_dir}/logs_M2/log_ens${ENSEMBLE_RUN}_cut${CUTOFF_YEAR}.log 2>&1
environment: line 1: 343337 Killed                  ./"$file" >> ${script_dir}/logs_M2/log_ens${ENSEMBLE_RUN}_cut${CUTOFF_YEAR}.log 2>&1
environment: line 1: 343694 Killed                  ./"$file" >> ${script_dir}/logs_M2/log_ens${ENSEMBLE_RUN}_cut${CUTOFF_YEAR}.log 2>&1
environment: line 1: 343506 Killed                  ./"$file" >> ${script_dir}/logs_M2/log_ens${ENSEMBLE_RUN}_cut${CUTOFF_YEAR}.log 2>&1
environment: line 1: 343595 Killed                  ./"$file" >> ${script_dir}/logs_M2/log_ens${ENSEMBLE_RUN}_cut${CUTOFF_YEAR}.log 2>&1
environment: line 1: 343893 Killed                  ./"$file" >> ${script_dir}/logs_M2/log_ens${ENSEMBLE_RUN}_cut${CUTOFF_YEAR}.log 2>&1
environment: line 1: 344341 Killed                  ./"$file" >> ${script_dir}/logs_M2/log_ens${ENSEMBLE_RUN}_cut${CUTOFF_YEAR}.log 2>&1
environment: line 1: 343860 Killed                  ./"$file" >> ${script_dir}/logs_M2/log_ens${ENSEMBLE_RUN}_cut${CUTOFF_YEAR}.log 2>&1
environment: line 1: 343976 Killed                  ./"$file" >> ${script_dir}/logs_M2/log_ens${ENSEMBLE_RUN}_cut${CUTOFF_YEAR}.log 2>&1
environment: line 1: 343468 Killed                  ./"$file" >> ${script_dir}/logs_M2/log_ens${ENSEMBLE_RUN}_cut${CUTOFF_YEAR}.log 2>&1
environment: line 1: 344443 Killed                  ./"$file" >> ${script_dir}/logs_M2/log_ens${ENSEMBLE_RUN}_cut${CUTOFF_YEAR}.log 2>&1
environment: line 1: 343700 Killed                  ./"$file" >> ${script_dir}/logs_M2/log_ens${ENSEMBLE_RUN}_cut${CUTOFF_YEAR}.log 2>&1
environment: line 1: 343368 Killed                  ./"$file" >> ${script_dir}/logs_M2/log_ens${ENSEMBLE_RUN}_cut${CUTOFF_YEAR}.log 2>&1
environment: line 1: 344543 Killed                  ./"$file" >> ${script_dir}/logs_M2/log_ens${ENSEMBLE_RUN}_cut${CUTOFF_YEAR}.log 2>&1
environment: line 1: 343621 Killed                  ./"$file" >> ${script_dir}/logs_M2/log_ens${ENSEMBLE_RUN}_cut${CUTOFF_YEAR}.log 2>&1
environment: line 1: 344198 Killed                  ./"$file" >> ${script_dir}/logs_M2/log_ens${ENSEMBLE_RUN}_cut${CUTOFF_YEAR}.log 2>&1
environment: line 1: 343601 Killed                  ./"$file" >> ${script_dir}/logs_M2/log_ens${ENSEMBLE_RUN}_cut${CUTOFF_YEAR}.log 2>&1
environment: line 1: 343529 Killed                  ./"$file" >> ${script_dir}/logs_M2/log_ens${ENSEMBLE_RUN}_cut${CUTOFF_YEAR}.log 2>&1
environment: line 1: 343385 Killed                  ./"$file" >> ${script_dir}/logs_M2/log_ens${ENSEMBLE_RUN}_cut${CUTOFF_YEAR}.log 2>&1
environment: line 1: 343784 Killed                  ./"$file" >> ${script_dir}/logs_M2/log_ens${ENSEMBLE_RUN}_cut${CUTOFF_YEAR}.log 2>&1
environment: line 1: 343333 Killed                  ./"$file" >> ${script_dir}/logs_M2/log_ens${ENSEMBLE_RUN}_cut${CUTOFF_YEAR}.log 2>&1
environment: line 1: 343420 Killed                  ./"$file" >> ${script_dir}/logs_M2/log_ens${ENSEMBLE_RUN}_cut${CUTOFF_YEAR}.log 2>&1
Total time: 3549 seconds
All done!
slurmstepd: error: Detected 56 oom_kill events in StepId=11681854.batch. Some of the step tasks have been OOM Killed.
