## SLURM PROLOG ###############################################################
##    Job ID : 11680026
##  Job Name : FAIR_M2
##  Nodelist : node[2318,2320-2324]
##      CPUs : 86
##   Mem/CPU : 5120 MB
## Directory : /oscar/data/deeps/private/bfoxkemp/jnickla1/fair-calibrate
##   Job Started : Sun Jun  8 02:19:59 PM EDT 2025
###############################################################################
Starting job 3 on node2318
environment: line 1: 3291044 Killed                  ./"$file" >> ${script_dir}/logs_M2/log_ens${ENSEMBLE_RUN}_cut${CUTOFF_YEAR}.log 2>&1
environment: line 1: 3291046 Killed                  ./"$file" >> ${script_dir}/logs_M2/log_ens${ENSEMBLE_RUN}_cut${CUTOFF_YEAR}.log 2>&1
environment: line 1: 3290961 Killed                  ./"$file" >> ${script_dir}/logs_M2/log_ens${ENSEMBLE_RUN}_cut${CUTOFF_YEAR}.log 2>&1
environment: line 1: 3291039 Killed                  ./"$file" >> ${script_dir}/logs_M2/log_ens${ENSEMBLE_RUN}_cut${CUTOFF_YEAR}.log 2>&1
environment: line 1: 3291093 Killed                  ./"$file" >> ${script_dir}/logs_M2/log_ens${ENSEMBLE_RUN}_cut${CUTOFF_YEAR}.log 2>&1
environment: line 1: 3291178 Killed                  ./"$file" >> ${script_dir}/logs_M2/log_ens${ENSEMBLE_RUN}_cut${CUTOFF_YEAR}.log 2>&1
environment: line 1: 3291112 Killed                  ./"$file" >> ${script_dir}/logs_M2/log_ens${ENSEMBLE_RUN}_cut${CUTOFF_YEAR}.log 2>&1
environment: line 1: 3290976 Killed                  ./"$file" >> ${script_dir}/logs_M2/log_ens${ENSEMBLE_RUN}_cut${CUTOFF_YEAR}.log 2>&1
environment: line 1: 3291106 Killed                  ./"$file" >> ${script_dir}/logs_M2/log_ens${ENSEMBLE_RUN}_cut${CUTOFF_YEAR}.log 2>&1
environment: line 1: 3290985 Killed                  ./"$file" >> ${script_dir}/logs_M2/log_ens${ENSEMBLE_RUN}_cut${CUTOFF_YEAR}.log 2>&1
environment: line 1: 3290908 Killed                  ./"$file" >> ${script_dir}/logs_M2/log_ens${ENSEMBLE_RUN}_cut${CUTOFF_YEAR}.log 2>&1
environment: line 1: 3291053 Killed                  ./"$file" >> ${script_dir}/logs_M2/log_ens${ENSEMBLE_RUN}_cut${CUTOFF_YEAR}.log 2>&1
environment: line 1: 3291174 Killed                  ./"$file" >> ${script_dir}/logs_M2/log_ens${ENSEMBLE_RUN}_cut${CUTOFF_YEAR}.log 2>&1
environment: line 1: 3290970 Killed                  ./"$file" >> ${script_dir}/logs_M2/log_ens${ENSEMBLE_RUN}_cut${CUTOFF_YEAR}.log 2>&1
environment: line 1: 3290870 Killed                  ./"$file" >> ${script_dir}/logs_M2/log_ens${ENSEMBLE_RUN}_cut${CUTOFF_YEAR}.log 2>&1
environment: line 1: 3290954 Killed                  ./"$file" >> ${script_dir}/logs_M2/log_ens${ENSEMBLE_RUN}_cut${CUTOFF_YEAR}.log 2>&1
environment: line 1: 3291158 Killed                  ./"$file" >> ${script_dir}/logs_M2/log_ens${ENSEMBLE_RUN}_cut${CUTOFF_YEAR}.log 2>&1
environment: line 1: 3291061 Killed                  ./"$file" >> ${script_dir}/logs_M2/log_ens${ENSEMBLE_RUN}_cut${CUTOFF_YEAR}.log 2>&1
environment: line 1: 3290951 Killed                  ./"$file" >> ${script_dir}/logs_M2/log_ens${ENSEMBLE_RUN}_cut${CUTOFF_YEAR}.log 2>&1
environment: line 1: 3291123 Killed                  ./"$file" >> ${script_dir}/logs_M2/log_ens${ENSEMBLE_RUN}_cut${CUTOFF_YEAR}.log 2>&1
environment: line 1: 3291130 Killed                  ./"$file" >> ${script_dir}/logs_M2/log_ens${ENSEMBLE_RUN}_cut${CUTOFF_YEAR}.log 2>&1
environment: line 1: 3291048 Killed                  ./"$file" >> ${script_dir}/logs_M2/log_ens${ENSEMBLE_RUN}_cut${CUTOFF_YEAR}.log 2>&1
environment: line 1: 3290956 Killed                  ./"$file" >> ${script_dir}/logs_M2/log_ens${ENSEMBLE_RUN}_cut${CUTOFF_YEAR}.log 2>&1
environment: line 1: 3290990 Killed                  ./"$file" >> ${script_dir}/logs_M2/log_ens${ENSEMBLE_RUN}_cut${CUTOFF_YEAR}.log 2>&1
environment: line 1: 3290998 Killed                  ./"$file" >> ${script_dir}/logs_M2/log_ens${ENSEMBLE_RUN}_cut${CUTOFF_YEAR}.log 2>&1
environment: line 1: 3291075 Killed                  ./"$file" >> ${script_dir}/logs_M2/log_ens${ENSEMBLE_RUN}_cut${CUTOFF_YEAR}.log 2>&1
environment: line 1: 3291138 Killed                  ./"$file" >> ${script_dir}/logs_M2/log_ens${ENSEMBLE_RUN}_cut${CUTOFF_YEAR}.log 2>&1
environment: line 1: 3291167 Killed                  ./"$file" >> ${script_dir}/logs_M2/log_ens${ENSEMBLE_RUN}_cut${CUTOFF_YEAR}.log 2>&1
environment: line 1: 3290930 Killed                  ./"$file" >> ${script_dir}/logs_M2/log_ens${ENSEMBLE_RUN}_cut${CUTOFF_YEAR}.log 2>&1
environment: line 1: 3290865 Killed                  ./"$file" >> ${script_dir}/logs_M2/log_ens${ENSEMBLE_RUN}_cut${CUTOFF_YEAR}.log 2>&1
environment: line 1: 3291111 Killed                  ./"$file" >> ${script_dir}/logs_M2/log_ens${ENSEMBLE_RUN}_cut${CUTOFF_YEAR}.log 2>&1
environment: line 1: 3290893 Killed                  ./"$file" >> ${script_dir}/logs_M2/log_ens${ENSEMBLE_RUN}_cut${CUTOFF_YEAR}.log 2>&1
environment: line 1: 3291076 Killed                  ./"$file" >> ${script_dir}/logs_M2/log_ens${ENSEMBLE_RUN}_cut${CUTOFF_YEAR}.log 2>&1
environment: line 1: 3291176 Killed                  ./"$file" >> ${script_dir}/logs_M2/log_ens${ENSEMBLE_RUN}_cut${CUTOFF_YEAR}.log 2>&1
environment: line 1: 3290913 Killed                  ./"$file" >> ${script_dir}/logs_M2/log_ens${ENSEMBLE_RUN}_cut${CUTOFF_YEAR}.log 2>&1
environment: line 1: 3290904 Killed                  ./"$file" >> ${script_dir}/logs_M2/log_ens${ENSEMBLE_RUN}_cut${CUTOFF_YEAR}.log 2>&1
environment: line 1: 3290917 Killed                  ./"$file" >> ${script_dir}/logs_M2/log_ens${ENSEMBLE_RUN}_cut${CUTOFF_YEAR}.log 2>&1
environment: line 1: 3291139 Killed                  ./"$file" >> ${script_dir}/logs_M2/log_ens${ENSEMBLE_RUN}_cut${CUTOFF_YEAR}.log 2>&1
environment: line 1: 3291124 Killed                  ./"$file" >> ${script_dir}/logs_M2/log_ens${ENSEMBLE_RUN}_cut${CUTOFF_YEAR}.log 2>&1
environment: line 1: 3290884 Killed                  ./"$file" >> ${script_dir}/logs_M2/log_ens${ENSEMBLE_RUN}_cut${CUTOFF_YEAR}.log 2>&1
environment: line 1: 3290949 Killed                  ./"$file" >> ${script_dir}/logs_M2/log_ens${ENSEMBLE_RUN}_cut${CUTOFF_YEAR}.log 2>&1
environment: line 1: 3291100 Killed                  ./"$file" >> ${script_dir}/logs_M2/log_ens${ENSEMBLE_RUN}_cut${CUTOFF_YEAR}.log 2>&1
environment: line 1: 3290872 Killed                  ./"$file" >> ${script_dir}/logs_M2/log_ens${ENSEMBLE_RUN}_cut${CUTOFF_YEAR}.log 2>&1
environment: line 1: 3291088 Killed                  ./"$file" >> ${script_dir}/logs_M2/log_ens${ENSEMBLE_RUN}_cut${CUTOFF_YEAR}.log 2>&1
environment: line 1: 3291120 Killed                  ./"$file" >> ${script_dir}/logs_M2/log_ens${ENSEMBLE_RUN}_cut${CUTOFF_YEAR}.log 2>&1
environment: line 1: 3291078 Killed                  ./"$file" >> ${script_dir}/logs_M2/log_ens${ENSEMBLE_RUN}_cut${CUTOFF_YEAR}.log 2>&1
environment: line 1: 3291103 Killed                  ./"$file" >> ${script_dir}/logs_M2/log_ens${ENSEMBLE_RUN}_cut${CUTOFF_YEAR}.log 2>&1
environment: line 1: 3290981 Killed                  ./"$file" >> ${script_dir}/logs_M2/log_ens${ENSEMBLE_RUN}_cut${CUTOFF_YEAR}.log 2>&1
environment: line 1: 3290932 Killed                  ./"$file" >> ${script_dir}/logs_M2/log_ens${ENSEMBLE_RUN}_cut${CUTOFF_YEAR}.log 2>&1
environment: line 1: 3291146 Killed                  ./"$file" >> ${script_dir}/logs_M2/log_ens${ENSEMBLE_RUN}_cut${CUTOFF_YEAR}.log 2>&1
environment: line 1: 3291145 Killed                  ./"$file" >> ${script_dir}/logs_M2/log_ens${ENSEMBLE_RUN}_cut${CUTOFF_YEAR}.log 2>&1
environment: line 1: 3291126 Killed                  ./"$file" >> ${script_dir}/logs_M2/log_ens${ENSEMBLE_RUN}_cut${CUTOFF_YEAR}.log 2>&1
environment: line 1: 3290857 Killed                  ./"$file" >> ${script_dir}/logs_M2/log_ens${ENSEMBLE_RUN}_cut${CUTOFF_YEAR}.log 2>&1
environment: line 1: 3291000 Killed                  ./"$file" >> ${script_dir}/logs_M2/log_ens${ENSEMBLE_RUN}_cut${CUTOFF_YEAR}.log 2>&1
environment: line 1: 3291005 Killed                  ./"$file" >> ${script_dir}/logs_M2/log_ens${ENSEMBLE_RUN}_cut${CUTOFF_YEAR}.log 2>&1
environment: line 1: 3290922 Killed                  ./"$file" >> ${script_dir}/logs_M2/log_ens${ENSEMBLE_RUN}_cut${CUTOFF_YEAR}.log 2>&1
environment: line 1: 3291059 Killed                  ./"$file" >> ${script_dir}/logs_M2/log_ens${ENSEMBLE_RUN}_cut${CUTOFF_YEAR}.log 2>&1
environment: line 1: 3290969 Killed                  ./"$file" >> ${script_dir}/logs_M2/log_ens${ENSEMBLE_RUN}_cut${CUTOFF_YEAR}.log 2>&1
environment: line 1: 3291050 Killed                  ./"$file" >> ${script_dir}/logs_M2/log_ens${ENSEMBLE_RUN}_cut${CUTOFF_YEAR}.log 2>&1
environment: line 1: 3291004 Killed                  ./"$file" >> ${script_dir}/logs_M2/log_ens${ENSEMBLE_RUN}_cut${CUTOFF_YEAR}.log 2>&1
environment: line 1: 3290937 Killed                  ./"$file" >> ${script_dir}/logs_M2/log_ens${ENSEMBLE_RUN}_cut${CUTOFF_YEAR}.log 2>&1
environment: line 1: 3290899 Killed                  ./"$file" >> ${script_dir}/logs_M2/log_ens${ENSEMBLE_RUN}_cut${CUTOFF_YEAR}.log 2>&1
environment: line 1: 3291159 Killed                  ./"$file" >> ${script_dir}/logs_M2/log_ens${ENSEMBLE_RUN}_cut${CUTOFF_YEAR}.log 2>&1
environment: line 1: 3290941 Killed                  ./"$file" >> ${script_dir}/logs_M2/log_ens${ENSEMBLE_RUN}_cut${CUTOFF_YEAR}.log 2>&1
environment: line 1: 3290898 Killed                  ./"$file" >> ${script_dir}/logs_M2/log_ens${ENSEMBLE_RUN}_cut${CUTOFF_YEAR}.log 2>&1
environment: line 1: 3291006 Killed                  ./"$file" >> ${script_dir}/logs_M2/log_ens${ENSEMBLE_RUN}_cut${CUTOFF_YEAR}.log 2>&1
environment: line 1: 3291329 Killed                  ./"$file" >> ${script_dir}/logs_M2/log_ens${ENSEMBLE_RUN}_cut${CUTOFF_YEAR}.log 2>&1
environment: line 1: 3290914 Killed                  ./"$file" >> ${script_dir}/logs_M2/log_ens${ENSEMBLE_RUN}_cut${CUTOFF_YEAR}.log 2>&1
environment: line 1: 3291089 Killed                  ./"$file" >> ${script_dir}/logs_M2/log_ens${ENSEMBLE_RUN}_cut${CUTOFF_YEAR}.log 2>&1
environment: line 1: 3290889 Killed                  ./"$file" >> ${script_dir}/logs_M2/log_ens${ENSEMBLE_RUN}_cut${CUTOFF_YEAR}.log 2>&1
environment: line 1: 3291333 Killed                  ./"$file" >> ${script_dir}/logs_M2/log_ens${ENSEMBLE_RUN}_cut${CUTOFF_YEAR}.log 2>&1
environment: line 1: 3290968 Killed                  ./"$file" >> ${script_dir}/logs_M2/log_ens${ENSEMBLE_RUN}_cut${CUTOFF_YEAR}.log 2>&1
environment: line 1: 3291161 Killed                  ./"$file" >> ${script_dir}/logs_M2/log_ens${ENSEMBLE_RUN}_cut${CUTOFF_YEAR}.log 2>&1
environment: line 1: 3290862 Killed                  ./"$file" >> ${script_dir}/logs_M2/log_ens${ENSEMBLE_RUN}_cut${CUTOFF_YEAR}.log 2>&1
environment: line 1: 3291171 Killed                  ./"$file" >> ${script_dir}/logs_M2/log_ens${ENSEMBLE_RUN}_cut${CUTOFF_YEAR}.log 2>&1
environment: line 1: 3290978 Killed                  ./"$file" >> ${script_dir}/logs_M2/log_ens${ENSEMBLE_RUN}_cut${CUTOFF_YEAR}.log 2>&1
environment: line 1: 3291033 Killed                  ./"$file" >> ${script_dir}/logs_M2/log_ens${ENSEMBLE_RUN}_cut${CUTOFF_YEAR}.log 2>&1
environment: line 1: 3290859 Killed                  ./"$file" >> ${script_dir}/logs_M2/log_ens${ENSEMBLE_RUN}_cut${CUTOFF_YEAR}.log 2>&1
environment: line 1: 3290924 Killed                  ./"$file" >> ${script_dir}/logs_M2/log_ens${ENSEMBLE_RUN}_cut${CUTOFF_YEAR}.log 2>&1
environment: line 1: 3291035 Killed                  ./"$file" >> ${script_dir}/logs_M2/log_ens${ENSEMBLE_RUN}_cut${CUTOFF_YEAR}.log 2>&1
environment: line 1: 3291067 Killed                  ./"$file" >> ${script_dir}/logs_M2/log_ens${ENSEMBLE_RUN}_cut${CUTOFF_YEAR}.log 2>&1
environment: line 1: 3290880 Killed                  ./"$file" >> ${script_dir}/logs_M2/log_ens${ENSEMBLE_RUN}_cut${CUTOFF_YEAR}.log 2>&1
environment: line 1: 3291028 Killed                  ./"$file" >> ${script_dir}/logs_M2/log_ens${ENSEMBLE_RUN}_cut${CUTOFF_YEAR}.log 2>&1
environment: line 1: 3291040 Killed                  ./"$file" >> ${script_dir}/logs_M2/log_ens${ENSEMBLE_RUN}_cut${CUTOFF_YEAR}.log 2>&1
environment: line 1: 3291070 Killed                  ./"$file" >> ${script_dir}/logs_M2/log_ens${ENSEMBLE_RUN}_cut${CUTOFF_YEAR}.log 2>&1
environment: line 1: 3291351 Killed                  ./"$file" >> ${script_dir}/logs_M2/log_ens${ENSEMBLE_RUN}_cut${CUTOFF_YEAR}.log 2>&1
environment: line 1: 3291147 Killed                  ./"$file" >> ${script_dir}/logs_M2/log_ens${ENSEMBLE_RUN}_cut${CUTOFF_YEAR}.log 2>&1
environment: line 1: 3291172 Killed                  ./"$file" >> ${script_dir}/logs_M2/log_ens${ENSEMBLE_RUN}_cut${CUTOFF_YEAR}.log 2>&1
environment: line 1: 3291280 Killed                  ./"$file" >> ${script_dir}/logs_M2/log_ens${ENSEMBLE_RUN}_cut${CUTOFF_YEAR}.log 2>&1
environment: line 1: 3291286 Killed                  ./"$file" >> ${script_dir}/logs_M2/log_ens${ENSEMBLE_RUN}_cut${CUTOFF_YEAR}.log 2>&1
environment: line 1: 3291315 Killed                  ./"$file" >> ${script_dir}/logs_M2/log_ens${ENSEMBLE_RUN}_cut${CUTOFF_YEAR}.log 2>&1
environment: line 1: 3291412 Killed                  ./"$file" >> ${script_dir}/logs_M2/log_ens${ENSEMBLE_RUN}_cut${CUTOFF_YEAR}.log 2>&1
environment: line 1: 3291465 Killed                  ./"$file" >> ${script_dir}/logs_M2/log_ens${ENSEMBLE_RUN}_cut${CUTOFF_YEAR}.log 2>&1
environment: line 1: 3291347 Killed                  ./"$file" >> ${script_dir}/logs_M2/log_ens${ENSEMBLE_RUN}_cut${CUTOFF_YEAR}.log 2>&1
environment: line 1: 3291447 Killed                  ./"$file" >> ${script_dir}/logs_M2/log_ens${ENSEMBLE_RUN}_cut${CUTOFF_YEAR}.log 2>&1
environment: line 1: 3291461 Killed                  ./"$file" >> ${script_dir}/logs_M2/log_ens${ENSEMBLE_RUN}_cut${CUTOFF_YEAR}.log 2>&1
environment: line 1: 3291325 Killed                  ./"$file" >> ${script_dir}/logs_M2/log_ens${ENSEMBLE_RUN}_cut${CUTOFF_YEAR}.log 2>&1
environment: line 1: 3291321 Killed                  ./"$file" >> ${script_dir}/logs_M2/log_ens${ENSEMBLE_RUN}_cut${CUTOFF_YEAR}.log 2>&1
environment: line 1: 3291298 Killed                  ./"$file" >> ${script_dir}/logs_M2/log_ens${ENSEMBLE_RUN}_cut${CUTOFF_YEAR}.log 2>&1
environment: line 1: 3291272 Killed                  ./"$file" >> ${script_dir}/logs_M2/log_ens${ENSEMBLE_RUN}_cut${CUTOFF_YEAR}.log 2>&1
environment: line 1: 3291294 Killed                  ./"$file" >> ${script_dir}/logs_M2/log_ens${ENSEMBLE_RUN}_cut${CUTOFF_YEAR}.log 2>&1
environment: line 1: 3291276 Killed                  ./"$file" >> ${script_dir}/logs_M2/log_ens${ENSEMBLE_RUN}_cut${CUTOFF_YEAR}.log 2>&1
environment: line 1: 3291343 Killed                  ./"$file" >> ${script_dir}/logs_M2/log_ens${ENSEMBLE_RUN}_cut${CUTOFF_YEAR}.log 2>&1
environment: line 1: 3291399 Killed                  ./"$file" >> ${script_dir}/logs_M2/log_ens${ENSEMBLE_RUN}_cut${CUTOFF_YEAR}.log 2>&1
environment: line 1: 3291290 Killed                  ./"$file" >> ${script_dir}/logs_M2/log_ens${ENSEMBLE_RUN}_cut${CUTOFF_YEAR}.log 2>&1
environment: line 1: 3291337 Killed                  ./"$file" >> ${script_dir}/logs_M2/log_ens${ENSEMBLE_RUN}_cut${CUTOFF_YEAR}.log 2>&1
environment: line 1: 3291591 Killed                  ./"$file" >> ${script_dir}/logs_M2/log_ens${ENSEMBLE_RUN}_cut${CUTOFF_YEAR}.log 2>&1
environment: line 1: 3291355 Killed                  ./"$file" >> ${script_dir}/logs_M2/log_ens${ENSEMBLE_RUN}_cut${CUTOFF_YEAR}.log 2>&1
environment: line 1: 3291380 Killed                  ./"$file" >> ${script_dir}/logs_M2/log_ens${ENSEMBLE_RUN}_cut${CUTOFF_YEAR}.log 2>&1
environment: line 1: 3291384 Killed                  ./"$file" >> ${script_dir}/logs_M2/log_ens${ENSEMBLE_RUN}_cut${CUTOFF_YEAR}.log 2>&1
environment: line 1: 3291395 Killed                  ./"$file" >> ${script_dir}/logs_M2/log_ens${ENSEMBLE_RUN}_cut${CUTOFF_YEAR}.log 2>&1
environment: line 1: 3291388 Killed                  ./"$file" >> ${script_dir}/logs_M2/log_ens${ENSEMBLE_RUN}_cut${CUTOFF_YEAR}.log 2>&1
environment: line 1: 3291528 Killed                  ./"$file" >> ${script_dir}/logs_M2/log_ens${ENSEMBLE_RUN}_cut${CUTOFF_YEAR}.log 2>&1
environment: line 1: 3291628 Killed                  ./"$file" >> ${script_dir}/logs_M2/log_ens${ENSEMBLE_RUN}_cut${CUTOFF_YEAR}.log 2>&1
environment: line 1: 3291501 Killed                  ./"$file" >> ${script_dir}/logs_M2/log_ens${ENSEMBLE_RUN}_cut${CUTOFF_YEAR}.log 2>&1
environment: line 1: 3291524 Killed                  ./"$file" >> ${script_dir}/logs_M2/log_ens${ENSEMBLE_RUN}_cut${CUTOFF_YEAR}.log 2>&1
environment: line 1: 3291580 Killed                  ./"$file" >> ${script_dir}/logs_M2/log_ens${ENSEMBLE_RUN}_cut${CUTOFF_YEAR}.log 2>&1
environment: line 1: 3291563 Killed                  ./"$file" >> ${script_dir}/logs_M2/log_ens${ENSEMBLE_RUN}_cut${CUTOFF_YEAR}.log 2>&1
environment: line 1: 3291587 Killed                  ./"$file" >> ${script_dir}/logs_M2/log_ens${ENSEMBLE_RUN}_cut${CUTOFF_YEAR}.log 2>&1
environment: line 1: 3291609 Killed                  ./"$file" >> ${script_dir}/logs_M2/log_ens${ENSEMBLE_RUN}_cut${CUTOFF_YEAR}.log 2>&1
environment: line 1: 3291408 Killed                  ./"$file" >> ${script_dir}/logs_M2/log_ens${ENSEMBLE_RUN}_cut${CUTOFF_YEAR}.log 2>&1
environment: line 1: 3291599 Killed                  ./"$file" >> ${script_dir}/logs_M2/log_ens${ENSEMBLE_RUN}_cut${CUTOFF_YEAR}.log 2>&1
environment: line 1: 3291416 Killed                  ./"$file" >> ${script_dir}/logs_M2/log_ens${ENSEMBLE_RUN}_cut${CUTOFF_YEAR}.log 2>&1
environment: line 1: 3291595 Killed                  ./"$file" >> ${script_dir}/logs_M2/log_ens${ENSEMBLE_RUN}_cut${CUTOFF_YEAR}.log 2>&1
environment: line 1: 3291603 Killed                  ./"$file" >> ${script_dir}/logs_M2/log_ens${ENSEMBLE_RUN}_cut${CUTOFF_YEAR}.log 2>&1
environment: line 1: 3291404 Killed                  ./"$file" >> ${script_dir}/logs_M2/log_ens${ENSEMBLE_RUN}_cut${CUTOFF_YEAR}.log 2>&1
environment: line 1: 3291576 Killed                  ./"$file" >> ${script_dir}/logs_M2/log_ens${ENSEMBLE_RUN}_cut${CUTOFF_YEAR}.log 2>&1
environment: line 1: 3291536 Killed                  ./"$file" >> ${script_dir}/logs_M2/log_ens${ENSEMBLE_RUN}_cut${CUTOFF_YEAR}.log 2>&1
environment: line 1: 3291435 Killed                  ./"$file" >> ${script_dir}/logs_M2/log_ens${ENSEMBLE_RUN}_cut${CUTOFF_YEAR}.log 2>&1
environment: line 1: 3291572 Killed                  ./"$file" >> ${script_dir}/logs_M2/log_ens${ENSEMBLE_RUN}_cut${CUTOFF_YEAR}.log 2>&1
Total time: 10488 seconds
All done!
slurmstepd: error: Detected 130 oom_kill events in StepId=11680026.batch. Some of the step tasks have been OOM Killed.
