## SLURM PROLOG ###############################################################
##    Job ID : 11683693
##  Job Name : FAIR_M2
##  Nodelist : node[2303-2304,2306-2309]
##      CPUs : 86
##   Mem/CPU : 5120 MB
## Directory : /oscar/data/deeps/private/bfoxkemp/jnickla1/fair-calibrate
##   Job Started : Mon Jun  9 05:48:10 AM EDT 2025
###############################################################################
Starting job 37 on node2303
environment: line 1: 2853925 Killed                  ./"$file" >> ${script_dir}/logs_M2/log_ens${ENSEMBLE_RUN}_cut${CUTOFF_YEAR}.log 2>&1
environment: line 1: 2853500 Killed                  ./"$file" >> ${script_dir}/logs_M2/log_ens${ENSEMBLE_RUN}_cut${CUTOFF_YEAR}.log 2>&1
environment: line 1: 2853728 Killed                  ./"$file" >> ${script_dir}/logs_M2/log_ens${ENSEMBLE_RUN}_cut${CUTOFF_YEAR}.log 2>&1
environment: line 1: 2854360 Killed                  ./"$file" >> ${script_dir}/logs_M2/log_ens${ENSEMBLE_RUN}_cut${CUTOFF_YEAR}.log 2>&1
environment: line 1: 2853412 Killed                  ./"$file" >> ${script_dir}/logs_M2/log_ens${ENSEMBLE_RUN}_cut${CUTOFF_YEAR}.log 2>&1
environment: line 1: 2858167 Killed                  ./"$file" >> ${script_dir}/logs_M2/log_ens${ENSEMBLE_RUN}_cut${CUTOFF_YEAR}.log 2>&1
environment: line 1: 2856951 Killed                  ./"$file" >> ${script_dir}/logs_M2/log_ens${ENSEMBLE_RUN}_cut${CUTOFF_YEAR}.log 2>&1
environment: line 1: 2854380 Killed                  ./"$file" >> ${script_dir}/logs_M2/log_ens${ENSEMBLE_RUN}_cut${CUTOFF_YEAR}.log 2>&1
environment: line 1: 2854346 Killed                  ./"$file" >> ${script_dir}/logs_M2/log_ens${ENSEMBLE_RUN}_cut${CUTOFF_YEAR}.log 2>&1
environment: line 1: 2853737 Killed                  ./"$file" >> ${script_dir}/logs_M2/log_ens${ENSEMBLE_RUN}_cut${CUTOFF_YEAR}.log 2>&1
environment: line 1: 2854681 Killed                  ./"$file" >> ${script_dir}/logs_M2/log_ens${ENSEMBLE_RUN}_cut${CUTOFF_YEAR}.log 2>&1
environment: line 1: 2854352 Killed                  ./"$file" >> ${script_dir}/logs_M2/log_ens${ENSEMBLE_RUN}_cut${CUTOFF_YEAR}.log 2>&1
environment: line 1: 2860154 Killed                  ./"$file" >> ${script_dir}/logs_M2/log_ens${ENSEMBLE_RUN}_cut${CUTOFF_YEAR}.log 2>&1
environment: line 1: 2853422 Killed                  ./"$file" >> ${script_dir}/logs_M2/log_ens${ENSEMBLE_RUN}_cut${CUTOFF_YEAR}.log 2>&1
environment: line 1: 2855552 Killed                  ./"$file" >> ${script_dir}/logs_M2/log_ens${ENSEMBLE_RUN}_cut${CUTOFF_YEAR}.log 2>&1
environment: line 1: 2853959 Killed                  ./"$file" >> ${script_dir}/logs_M2/log_ens${ENSEMBLE_RUN}_cut${CUTOFF_YEAR}.log 2>&1
environment: line 1: 2853400 Killed                  ./"$file" >> ${script_dir}/logs_M2/log_ens${ENSEMBLE_RUN}_cut${CUTOFF_YEAR}.log 2>&1
environment: line 1: 2855075 Killed                  ./"$file" >> ${script_dir}/logs_M2/log_ens${ENSEMBLE_RUN}_cut${CUTOFF_YEAR}.log 2>&1
environment: line 1: 2858854 Killed                  ./"$file" >> ${script_dir}/logs_M2/log_ens${ENSEMBLE_RUN}_cut${CUTOFF_YEAR}.log 2>&1
environment: line 1: 2857484 Killed                  ./"$file" >> ${script_dir}/logs_M2/log_ens${ENSEMBLE_RUN}_cut${CUTOFF_YEAR}.log 2>&1
environment: line 1: 2860001 Killed                  ./"$file" >> ${script_dir}/logs_M2/log_ens${ENSEMBLE_RUN}_cut${CUTOFF_YEAR}.log 2>&1
environment: line 1: 2866144 Killed                  ./"$file" >> ${script_dir}/logs_M2/log_ens${ENSEMBLE_RUN}_cut${CUTOFF_YEAR}.log 2>&1
environment: line 1: 2860840 Killed                  ./"$file" >> ${script_dir}/logs_M2/log_ens${ENSEMBLE_RUN}_cut${CUTOFF_YEAR}.log 2>&1
environment: line 1: 2853505 Killed                  ./"$file" >> ${script_dir}/logs_M2/log_ens${ENSEMBLE_RUN}_cut${CUTOFF_YEAR}.log 2>&1
environment: line 1: 3383172 Killed                  ./"$file" >> ${script_dir}/logs_M2/log_ens${ENSEMBLE_RUN}_cut${CUTOFF_YEAR}.log 2>&1
environment: line 1: 2863956 Killed                  ./"$file" >> ${script_dir}/logs_M2/log_ens${ENSEMBLE_RUN}_cut${CUTOFF_YEAR}.log 2>&1
environment: line 1: 3332612 Killed                  ./"$file" >> ${script_dir}/logs_M2/log_ens${ENSEMBLE_RUN}_cut${CUTOFF_YEAR}.log 2>&1
environment: line 1: 3259303 Killed                  ./"$file" >> ${script_dir}/logs_M2/log_ens${ENSEMBLE_RUN}_cut${CUTOFF_YEAR}.log 2>&1
environment: line 1: 3301872 Killed                  ./"$file" >> ${script_dir}/logs_M2/log_ens${ENSEMBLE_RUN}_cut${CUTOFF_YEAR}.log 2>&1
environment: line 1: 3416325 Killed                  ./"$file" >> ${script_dir}/logs_M2/log_ens${ENSEMBLE_RUN}_cut${CUTOFF_YEAR}.log 2>&1
environment: line 1: 3466048 Killed                  ./"$file" >> ${script_dir}/logs_M2/log_ens${ENSEMBLE_RUN}_cut${CUTOFF_YEAR}.log 2>&1
environment: line 1: 2862115 Killed                  ./"$file" >> ${script_dir}/logs_M2/log_ens${ENSEMBLE_RUN}_cut${CUTOFF_YEAR}.log 2>&1
environment: line 1: 3512796 Killed                  ./"$file" >> ${script_dir}/logs_M2/log_ens${ENSEMBLE_RUN}_cut${CUTOFF_YEAR}.log 2>&1
environment: line 1: 3601457 Killed                  ./"$file" >> ${script_dir}/logs_M2/log_ens${ENSEMBLE_RUN}_cut${CUTOFF_YEAR}.log 2>&1
environment: line 1: 2854581 Killed                  ./"$file" >> ${script_dir}/logs_M2/log_ens${ENSEMBLE_RUN}_cut${CUTOFF_YEAR}.log 2>&1
environment: line 1: 3496385 Killed                  ./"$file" >> ${script_dir}/logs_M2/log_ens${ENSEMBLE_RUN}_cut${CUTOFF_YEAR}.log 2>&1
environment: line 1: 3550547 Killed                  ./"$file" >> ${script_dir}/logs_M2/log_ens${ENSEMBLE_RUN}_cut${CUTOFF_YEAR}.log 2>&1
environment: line 1: 2854458 Killed                  ./"$file" >> ${script_dir}/logs_M2/log_ens${ENSEMBLE_RUN}_cut${CUTOFF_YEAR}.log 2>&1
environment: line 1: 3677241 Killed                  ./"$file" >> ${script_dir}/logs_M2/log_ens${ENSEMBLE_RUN}_cut${CUTOFF_YEAR}.log 2>&1
environment: line 1: 2857166 Killed                  ./"$file" >> ${script_dir}/logs_M2/log_ens${ENSEMBLE_RUN}_cut${CUTOFF_YEAR}.log 2>&1
environment: line 1: 2854317 Killed                  ./"$file" >> ${script_dir}/logs_M2/log_ens${ENSEMBLE_RUN}_cut${CUTOFF_YEAR}.log 2>&1
environment: line 1: 2857334 Killed                  ./"$file" >> ${script_dir}/logs_M2/log_ens${ENSEMBLE_RUN}_cut${CUTOFF_YEAR}.log 2>&1
environment: line 1: 3742167 Killed                  ./"$file" >> ${script_dir}/logs_M2/log_ens${ENSEMBLE_RUN}_cut${CUTOFF_YEAR}.log 2>&1
environment: line 1: 3728550 Killed                  ./"$file" >> ${script_dir}/logs_M2/log_ens${ENSEMBLE_RUN}_cut${CUTOFF_YEAR}.log 2>&1
environment: line 1: 3858799 Killed                  ./"$file" >> ${script_dir}/logs_M2/log_ens${ENSEMBLE_RUN}_cut${CUTOFF_YEAR}.log 2>&1
environment: line 1: 2856810 Killed                  ./"$file" >> ${script_dir}/logs_M2/log_ens${ENSEMBLE_RUN}_cut${CUTOFF_YEAR}.log 2>&1
environment: line 1: 2863363 Killed                  ./"$file" >> ${script_dir}/logs_M2/log_ens${ENSEMBLE_RUN}_cut${CUTOFF_YEAR}.log 2>&1
environment: line 1: 3782716 Killed                  ./"$file" >> ${script_dir}/logs_M2/log_ens${ENSEMBLE_RUN}_cut${CUTOFF_YEAR}.log 2>&1
environment: line 1: 2854284 Killed                  ./"$file" >> ${script_dir}/logs_M2/log_ens${ENSEMBLE_RUN}_cut${CUTOFF_YEAR}.log 2>&1
environment: line 1: 2865446 Killed                  ./"$file" >> ${script_dir}/logs_M2/log_ens${ENSEMBLE_RUN}_cut${CUTOFF_YEAR}.log 2>&1
environment: line 1: 2853496 Killed                  ./"$file" >> ${script_dir}/logs_M2/log_ens${ENSEMBLE_RUN}_cut${CUTOFF_YEAR}.log 2>&1
environment: line 1: 3782404 Killed                  ./"$file" >> ${script_dir}/logs_M2/log_ens${ENSEMBLE_RUN}_cut${CUTOFF_YEAR}.log 2>&1
environment: line 1: 2856280 Killed                  ./"$file" >> ${script_dir}/logs_M2/log_ens${ENSEMBLE_RUN}_cut${CUTOFF_YEAR}.log 2>&1
environment: line 1: 3816144 Killed                  ./"$file" >> ${script_dir}/logs_M2/log_ens${ENSEMBLE_RUN}_cut${CUTOFF_YEAR}.log 2>&1
environment: line 1: 3829912 Killed                  ./"$file" >> ${script_dir}/logs_M2/log_ens${ENSEMBLE_RUN}_cut${CUTOFF_YEAR}.log 2>&1
environment: line 1: 2857306 Killed                  ./"$file" >> ${script_dir}/logs_M2/log_ens${ENSEMBLE_RUN}_cut${CUTOFF_YEAR}.log 2>&1
environment: line 1: 2858866 Killed                  ./"$file" >> ${script_dir}/logs_M2/log_ens${ENSEMBLE_RUN}_cut${CUTOFF_YEAR}.log 2>&1
environment: line 1: 2856517 Killed                  ./"$file" >> ${script_dir}/logs_M2/log_ens${ENSEMBLE_RUN}_cut${CUTOFF_YEAR}.log 2>&1
environment: line 1: 2853407 Killed                  ./"$file" >> ${script_dir}/logs_M2/log_ens${ENSEMBLE_RUN}_cut${CUTOFF_YEAR}.log 2>&1
environment: line 1: 2853508 Killed                  ./"$file" >> ${script_dir}/logs_M2/log_ens${ENSEMBLE_RUN}_cut${CUTOFF_YEAR}.log 2>&1
environment: line 1: 2858380 Killed                  ./"$file" >> ${script_dir}/logs_M2/log_ens${ENSEMBLE_RUN}_cut${CUTOFF_YEAR}.log 2>&1
environment: line 1: 3980140 Killed                  ./"$file" >> ${script_dir}/logs_M2/log_ens${ENSEMBLE_RUN}_cut${CUTOFF_YEAR}.log 2>&1
environment: line 1: 2862376 Killed                  ./"$file" >> ${script_dir}/logs_M2/log_ens${ENSEMBLE_RUN}_cut${CUTOFF_YEAR}.log 2>&1
environment: line 1: 3897945 Killed                  ./"$file" >> ${script_dir}/logs_M2/log_ens${ENSEMBLE_RUN}_cut${CUTOFF_YEAR}.log 2>&1
environment: line 1: 3279477 Killed                  ./"$file" >> ${script_dir}/logs_M2/log_ens${ENSEMBLE_RUN}_cut${CUTOFF_YEAR}.log 2>&1
environment: line 1: 4018796 Killed                  ./"$file" >> ${script_dir}/logs_M2/log_ens${ENSEMBLE_RUN}_cut${CUTOFF_YEAR}.log 2>&1
environment: line 1: 2863627 Killed                  ./"$file" >> ${script_dir}/logs_M2/log_ens${ENSEMBLE_RUN}_cut${CUTOFF_YEAR}.log 2>&1
environment: line 1: 2855319 Killed                  ./"$file" >> ${script_dir}/logs_M2/log_ens${ENSEMBLE_RUN}_cut${CUTOFF_YEAR}.log 2>&1
environment: line 1: 3881117 Killed                  ./"$file" >> ${script_dir}/logs_M2/log_ens${ENSEMBLE_RUN}_cut${CUTOFF_YEAR}.log 2>&1
environment: line 1: 2854617 Killed                  ./"$file" >> ${script_dir}/logs_M2/log_ens${ENSEMBLE_RUN}_cut${CUTOFF_YEAR}.log 2>&1
environment: line 1: 2861237 Killed                  ./"$file" >> ${script_dir}/logs_M2/log_ens${ENSEMBLE_RUN}_cut${CUTOFF_YEAR}.log 2>&1
environment: line 1: 4039422 Killed                  ./"$file" >> ${script_dir}/logs_M2/log_ens${ENSEMBLE_RUN}_cut${CUTOFF_YEAR}.log 2>&1
environment: line 1: 2854298 Killed                  ./"$file" >> ${script_dir}/logs_M2/log_ens${ENSEMBLE_RUN}_cut${CUTOFF_YEAR}.log 2>&1
environment: line 1: 2853459 Killed                  ./"$file" >> ${script_dir}/logs_M2/log_ens${ENSEMBLE_RUN}_cut${CUTOFF_YEAR}.log 2>&1
environment: line 1: 2853631 Killed                  ./"$file" >> ${script_dir}/logs_M2/log_ens${ENSEMBLE_RUN}_cut${CUTOFF_YEAR}.log 2>&1
environment: line 1: 2853613 Killed                  ./"$file" >> ${script_dir}/logs_M2/log_ens${ENSEMBLE_RUN}_cut${CUTOFF_YEAR}.log 2>&1
environment: line 1: 2853544 Killed                  ./"$file" >> ${script_dir}/logs_M2/log_ens${ENSEMBLE_RUN}_cut${CUTOFF_YEAR}.log 2>&1
environment: line 1: 4062996 Killed                  ./"$file" >> ${script_dir}/logs_M2/log_ens${ENSEMBLE_RUN}_cut${CUTOFF_YEAR}.log 2>&1
environment: line 1: 2854501 Killed                  ./"$file" >> ${script_dir}/logs_M2/log_ens${ENSEMBLE_RUN}_cut${CUTOFF_YEAR}.log 2>&1
environment: line 1: 2854885 Killed                  ./"$file" >> ${script_dir}/logs_M2/log_ens${ENSEMBLE_RUN}_cut${CUTOFF_YEAR}.log 2>&1
environment: line 1: 2853427 Killed                  ./"$file" >> ${script_dir}/logs_M2/log_ens${ENSEMBLE_RUN}_cut${CUTOFF_YEAR}.log 2>&1
environment: line 1: 2854808 Killed                  ./"$file" >> ${script_dir}/logs_M2/log_ens${ENSEMBLE_RUN}_cut${CUTOFF_YEAR}.log 2>&1
environment: line 1: 2855438 Killed                  ./"$file" >> ${script_dir}/logs_M2/log_ens${ENSEMBLE_RUN}_cut${CUTOFF_YEAR}.log 2>&1
environment: line 1: 2853710 Killed                  ./"$file" >> ${script_dir}/logs_M2/log_ens${ENSEMBLE_RUN}_cut${CUTOFF_YEAR}.log 2>&1
environment: line 1: 2859809 Killed                  ./"$file" >> ${script_dir}/logs_M2/log_ens${ENSEMBLE_RUN}_cut${CUTOFF_YEAR}.log 2>&1
environment: line 1: 2856320 Killed                  ./"$file" >> ${script_dir}/logs_M2/log_ens${ENSEMBLE_RUN}_cut${CUTOFF_YEAR}.log 2>&1
environment: line 1: 2853418 Killed                  ./"$file" >> ${script_dir}/logs_M2/log_ens${ENSEMBLE_RUN}_cut${CUTOFF_YEAR}.log 2>&1
environment: line 1: 2853641 Killed                  ./"$file" >> ${script_dir}/logs_M2/log_ens${ENSEMBLE_RUN}_cut${CUTOFF_YEAR}.log 2>&1
environment: line 1: 2858189 Killed                  ./"$file" >> ${script_dir}/logs_M2/log_ens${ENSEMBLE_RUN}_cut${CUTOFF_YEAR}.log 2>&1
environment: line 1: 2853910 Killed                  ./"$file" >> ${script_dir}/logs_M2/log_ens${ENSEMBLE_RUN}_cut${CUTOFF_YEAR}.log 2>&1
environment: line 1: 2853777 Killed                  ./"$file" >> ${script_dir}/logs_M2/log_ens${ENSEMBLE_RUN}_cut${CUTOFF_YEAR}.log 2>&1
environment: line 1: 2854554 Killed                  ./"$file" >> ${script_dir}/logs_M2/log_ens${ENSEMBLE_RUN}_cut${CUTOFF_YEAR}.log 2>&1
environment: line 1: 2861360 Killed                  ./"$file" >> ${script_dir}/logs_M2/log_ens${ENSEMBLE_RUN}_cut${CUTOFF_YEAR}.log 2>&1
environment: line 1: 2854483 Killed                  ./"$file" >> ${script_dir}/logs_M2/log_ens${ENSEMBLE_RUN}_cut${CUTOFF_YEAR}.log 2>&1
environment: line 1: 2855227 Killed                  ./"$file" >> ${script_dir}/logs_M2/log_ens${ENSEMBLE_RUN}_cut${CUTOFF_YEAR}.log 2>&1
environment: line 1: 2859752 Killed                  ./"$file" >> ${script_dir}/logs_M2/log_ens${ENSEMBLE_RUN}_cut${CUTOFF_YEAR}.log 2>&1
environment: line 1: 2853839 Killed                  ./"$file" >> ${script_dir}/logs_M2/log_ens${ENSEMBLE_RUN}_cut${CUTOFF_YEAR}.log 2>&1
environment: line 1: 2864876 Killed                  ./"$file" >> ${script_dir}/logs_M2/log_ens${ENSEMBLE_RUN}_cut${CUTOFF_YEAR}.log 2>&1
environment: line 1: 2866241 Killed                  ./"$file" >> ${script_dir}/logs_M2/log_ens${ENSEMBLE_RUN}_cut${CUTOFF_YEAR}.log 2>&1
environment: line 1: 2859096 Killed                  ./"$file" >> ${script_dir}/logs_M2/log_ens${ENSEMBLE_RUN}_cut${CUTOFF_YEAR}.log 2>&1
environment: line 1: 2857973 Killed                  ./"$file" >> ${script_dir}/logs_M2/log_ens${ENSEMBLE_RUN}_cut${CUTOFF_YEAR}.log 2>&1
environment: line 1: 2862358 Killed                  ./"$file" >> ${script_dir}/logs_M2/log_ens${ENSEMBLE_RUN}_cut${CUTOFF_YEAR}.log 2>&1
environment: line 1: 2862603 Killed                  ./"$file" >> ${script_dir}/logs_M2/log_ens${ENSEMBLE_RUN}_cut${CUTOFF_YEAR}.log 2>&1
environment: line 1: 4100953 Killed                  ./"$file" >> ${script_dir}/logs_M2/log_ens${ENSEMBLE_RUN}_cut${CUTOFF_YEAR}.log 2>&1
environment: line 1: 4150635 Killed                  ./"$file" >> ${script_dir}/logs_M2/log_ens${ENSEMBLE_RUN}_cut${CUTOFF_YEAR}.log 2>&1
environment: line 1: 2863910 Killed                  ./"$file" >> ${script_dir}/logs_M2/log_ens${ENSEMBLE_RUN}_cut${CUTOFF_YEAR}.log 2>&1
environment: line 1: 3393205 Killed                  ./"$file" >> ${script_dir}/logs_M2/log_ens${ENSEMBLE_RUN}_cut${CUTOFF_YEAR}.log 2>&1
environment: line 1: 2865011 Killed                  ./"$file" >> ${script_dir}/logs_M2/log_ens${ENSEMBLE_RUN}_cut${CUTOFF_YEAR}.log 2>&1
environment: line 1: 2864825 Killed                  ./"$file" >> ${script_dir}/logs_M2/log_ens${ENSEMBLE_RUN}_cut${CUTOFF_YEAR}.log 2>&1
environment: line 1: 3330692 Killed                  ./"$file" >> ${script_dir}/logs_M2/log_ens${ENSEMBLE_RUN}_cut${CUTOFF_YEAR}.log 2>&1
Total time: 9620 seconds
All done!
slurmstepd: error: Detected 110 oom_kill events in StepId=11683693.batch. Some of the step tasks have been OOM Killed.
