## SLURM PROLOG ###############################################################
##    Job ID : 11683442
##  Job Name : FAIR_M2
##  Nodelist : node[2303-2304,2306-2309]
##      CPUs : 86
##   Mem/CPU : 5120 MB
## Directory : /oscar/data/deeps/private/bfoxkemp/jnickla1/fair-calibrate
##   Job Started : Mon Jun  9 02:58:55 AM EDT 2025
###############################################################################
Starting job 28 on node2303
environment: line 1: 1879381 Killed                  ./"$file" >> ${script_dir}/logs_M2/log_ens${ENSEMBLE_RUN}_cut${CUTOFF_YEAR}.log 2>&1
environment: line 1: 1885218 Killed                  ./"$file" >> ${script_dir}/logs_M2/log_ens${ENSEMBLE_RUN}_cut${CUTOFF_YEAR}.log 2>&1
environment: line 1: 1883959 Killed                  ./"$file" >> ${script_dir}/logs_M2/log_ens${ENSEMBLE_RUN}_cut${CUTOFF_YEAR}.log 2>&1
environment: line 1: 1878748 Killed                  ./"$file" >> ${script_dir}/logs_M2/log_ens${ENSEMBLE_RUN}_cut${CUTOFF_YEAR}.log 2>&1
environment: line 1: 1879613 Killed                  ./"$file" >> ${script_dir}/logs_M2/log_ens${ENSEMBLE_RUN}_cut${CUTOFF_YEAR}.log 2>&1
environment: line 1: 1881498 Killed                  ./"$file" >> ${script_dir}/logs_M2/log_ens${ENSEMBLE_RUN}_cut${CUTOFF_YEAR}.log 2>&1
environment: line 1: 1878654 Killed                  ./"$file" >> ${script_dir}/logs_M2/log_ens${ENSEMBLE_RUN}_cut${CUTOFF_YEAR}.log 2>&1
environment: line 1: 1877848 Killed                  ./"$file" >> ${script_dir}/logs_M2/log_ens${ENSEMBLE_RUN}_cut${CUTOFF_YEAR}.log 2>&1
environment: line 1: 1879568 Killed                  ./"$file" >> ${script_dir}/logs_M2/log_ens${ENSEMBLE_RUN}_cut${CUTOFF_YEAR}.log 2>&1
environment: line 1: 1878382 Killed                  ./"$file" >> ${script_dir}/logs_M2/log_ens${ENSEMBLE_RUN}_cut${CUTOFF_YEAR}.log 2>&1
environment: line 1: 1884348 Killed                  ./"$file" >> ${script_dir}/logs_M2/log_ens${ENSEMBLE_RUN}_cut${CUTOFF_YEAR}.log 2>&1
environment: line 1: 1887686 Killed                  ./"$file" >> ${script_dir}/logs_M2/log_ens${ENSEMBLE_RUN}_cut${CUTOFF_YEAR}.log 2>&1
environment: line 1: 1877772 Killed                  ./"$file" >> ${script_dir}/logs_M2/log_ens${ENSEMBLE_RUN}_cut${CUTOFF_YEAR}.log 2>&1
environment: line 1: 1879090 Killed                  ./"$file" >> ${script_dir}/logs_M2/log_ens${ENSEMBLE_RUN}_cut${CUTOFF_YEAR}.log 2>&1
environment: line 1: 1882736 Killed                  ./"$file" >> ${script_dir}/logs_M2/log_ens${ENSEMBLE_RUN}_cut${CUTOFF_YEAR}.log 2>&1
environment: line 1: 1887593 Killed                  ./"$file" >> ${script_dir}/logs_M2/log_ens${ENSEMBLE_RUN}_cut${CUTOFF_YEAR}.log 2>&1
environment: line 1: 1889069 Killed                  ./"$file" >> ${script_dir}/logs_M2/log_ens${ENSEMBLE_RUN}_cut${CUTOFF_YEAR}.log 2>&1
environment: line 1: 1881247 Killed                  ./"$file" >> ${script_dir}/logs_M2/log_ens${ENSEMBLE_RUN}_cut${CUTOFF_YEAR}.log 2>&1
environment: line 1: 1889517 Killed                  ./"$file" >> ${script_dir}/logs_M2/log_ens${ENSEMBLE_RUN}_cut${CUTOFF_YEAR}.log 2>&1
environment: line 1: 1890971 Killed                  ./"$file" >> ${script_dir}/logs_M2/log_ens${ENSEMBLE_RUN}_cut${CUTOFF_YEAR}.log 2>&1
environment: line 1: 1887723 Killed                  ./"$file" >> ${script_dir}/logs_M2/log_ens${ENSEMBLE_RUN}_cut${CUTOFF_YEAR}.log 2>&1
environment: line 1: 1877707 Killed                  ./"$file" >> ${script_dir}/logs_M2/log_ens${ENSEMBLE_RUN}_cut${CUTOFF_YEAR}.log 2>&1
environment: line 1: 1879507 Killed                  ./"$file" >> ${script_dir}/logs_M2/log_ens${ENSEMBLE_RUN}_cut${CUTOFF_YEAR}.log 2>&1
environment: line 1: 1880007 Killed                  ./"$file" >> ${script_dir}/logs_M2/log_ens${ENSEMBLE_RUN}_cut${CUTOFF_YEAR}.log 2>&1
environment: line 1: 1877803 Killed                  ./"$file" >> ${script_dir}/logs_M2/log_ens${ENSEMBLE_RUN}_cut${CUTOFF_YEAR}.log 2>&1
environment: line 1: 1878893 Killed                  ./"$file" >> ${script_dir}/logs_M2/log_ens${ENSEMBLE_RUN}_cut${CUTOFF_YEAR}.log 2>&1
environment: line 1: 1878192 Killed                  ./"$file" >> ${script_dir}/logs_M2/log_ens${ENSEMBLE_RUN}_cut${CUTOFF_YEAR}.log 2>&1
environment: line 1: 1883098 Killed                  ./"$file" >> ${script_dir}/logs_M2/log_ens${ENSEMBLE_RUN}_cut${CUTOFF_YEAR}.log 2>&1
environment: line 1: 1877696 Killed                  ./"$file" >> ${script_dir}/logs_M2/log_ens${ENSEMBLE_RUN}_cut${CUTOFF_YEAR}.log 2>&1
environment: line 1: 1882528 Killed                  ./"$file" >> ${script_dir}/logs_M2/log_ens${ENSEMBLE_RUN}_cut${CUTOFF_YEAR}.log 2>&1
environment: line 1: 1881776 Killed                  ./"$file" >> ${script_dir}/logs_M2/log_ens${ENSEMBLE_RUN}_cut${CUTOFF_YEAR}.log 2>&1
environment: line 1: 1879901 Killed                  ./"$file" >> ${script_dir}/logs_M2/log_ens${ENSEMBLE_RUN}_cut${CUTOFF_YEAR}.log 2>&1
environment: line 1: 1877956 Killed                  ./"$file" >> ${script_dir}/logs_M2/log_ens${ENSEMBLE_RUN}_cut${CUTOFF_YEAR}.log 2>&1
environment: line 1: 1882303 Killed                  ./"$file" >> ${script_dir}/logs_M2/log_ens${ENSEMBLE_RUN}_cut${CUTOFF_YEAR}.log 2>&1
environment: line 1: 1882093 Killed                  ./"$file" >> ${script_dir}/logs_M2/log_ens${ENSEMBLE_RUN}_cut${CUTOFF_YEAR}.log 2>&1
environment: line 1: 1879676 Killed                  ./"$file" >> ${script_dir}/logs_M2/log_ens${ENSEMBLE_RUN}_cut${CUTOFF_YEAR}.log 2>&1
environment: line 1: 1882818 Killed                  ./"$file" >> ${script_dir}/logs_M2/log_ens${ENSEMBLE_RUN}_cut${CUTOFF_YEAR}.log 2>&1
environment: line 1: 1877814 Killed                  ./"$file" >> ${script_dir}/logs_M2/log_ens${ENSEMBLE_RUN}_cut${CUTOFF_YEAR}.log 2>&1
environment: line 1: 1881614 Killed                  ./"$file" >> ${script_dir}/logs_M2/log_ens${ENSEMBLE_RUN}_cut${CUTOFF_YEAR}.log 2>&1
environment: line 1: 1885627 Killed                  ./"$file" >> ${script_dir}/logs_M2/log_ens${ENSEMBLE_RUN}_cut${CUTOFF_YEAR}.log 2>&1
environment: line 1: 1884301 Killed                  ./"$file" >> ${script_dir}/logs_M2/log_ens${ENSEMBLE_RUN}_cut${CUTOFF_YEAR}.log 2>&1
environment: line 1: 1877713 Killed                  ./"$file" >> ${script_dir}/logs_M2/log_ens${ENSEMBLE_RUN}_cut${CUTOFF_YEAR}.log 2>&1
environment: line 1: 1877779 Killed                  ./"$file" >> ${script_dir}/logs_M2/log_ens${ENSEMBLE_RUN}_cut${CUTOFF_YEAR}.log 2>&1
environment: line 1: 1878603 Killed                  ./"$file" >> ${script_dir}/logs_M2/log_ens${ENSEMBLE_RUN}_cut${CUTOFF_YEAR}.log 2>&1
environment: line 1: 1891123 Killed                  ./"$file" >> ${script_dir}/logs_M2/log_ens${ENSEMBLE_RUN}_cut${CUTOFF_YEAR}.log 2>&1
environment: line 1: 1892622 Killed                  ./"$file" >> ${script_dir}/logs_M2/log_ens${ENSEMBLE_RUN}_cut${CUTOFF_YEAR}.log 2>&1
environment: line 1: 1877750 Killed                  ./"$file" >> ${script_dir}/logs_M2/log_ens${ENSEMBLE_RUN}_cut${CUTOFF_YEAR}.log 2>&1
environment: line 1: 1891776 Killed                  ./"$file" >> ${script_dir}/logs_M2/log_ens${ENSEMBLE_RUN}_cut${CUTOFF_YEAR}.log 2>&1
environment: line 1: 1886443 Killed                  ./"$file" >> ${script_dir}/logs_M2/log_ens${ENSEMBLE_RUN}_cut${CUTOFF_YEAR}.log 2>&1
environment: line 1: 1892460 Killed                  ./"$file" >> ${script_dir}/logs_M2/log_ens${ENSEMBLE_RUN}_cut${CUTOFF_YEAR}.log 2>&1
environment: line 1: 1878102 Killed                  ./"$file" >> ${script_dir}/logs_M2/log_ens${ENSEMBLE_RUN}_cut${CUTOFF_YEAR}.log 2>&1
environment: line 1: 1877626 Killed                  ./"$file" >> ${script_dir}/logs_M2/log_ens${ENSEMBLE_RUN}_cut${CUTOFF_YEAR}.log 2>&1
environment: line 1: 1879333 Killed                  ./"$file" >> ${script_dir}/logs_M2/log_ens${ENSEMBLE_RUN}_cut${CUTOFF_YEAR}.log 2>&1
environment: line 1: 1892192 Killed                  ./"$file" >> ${script_dir}/logs_M2/log_ens${ENSEMBLE_RUN}_cut${CUTOFF_YEAR}.log 2>&1
environment: line 1: 2539527 Killed                  ./"$file" >> ${script_dir}/logs_M2/log_ens${ENSEMBLE_RUN}_cut${CUTOFF_YEAR}.log 2>&1
environment: line 1: 2524709 Killed                  ./"$file" >> ${script_dir}/logs_M2/log_ens${ENSEMBLE_RUN}_cut${CUTOFF_YEAR}.log 2>&1
environment: line 1: 2617663 Killed                  ./"$file" >> ${script_dir}/logs_M2/log_ens${ENSEMBLE_RUN}_cut${CUTOFF_YEAR}.log 2>&1
environment: line 1: 2380082 Killed                  ./"$file" >> ${script_dir}/logs_M2/log_ens${ENSEMBLE_RUN}_cut${CUTOFF_YEAR}.log 2>&1
environment: line 1: 2807755 Killed                  ./"$file" >> ${script_dir}/logs_M2/log_ens${ENSEMBLE_RUN}_cut${CUTOFF_YEAR}.log 2>&1
environment: line 1: 1886455 Killed                  ./"$file" >> ${script_dir}/logs_M2/log_ens${ENSEMBLE_RUN}_cut${CUTOFF_YEAR}.log 2>&1
environment: line 1: 2589390 Killed                  ./"$file" >> ${script_dir}/logs_M2/log_ens${ENSEMBLE_RUN}_cut${CUTOFF_YEAR}.log 2>&1
environment: line 1: 2667123 Killed                  ./"$file" >> ${script_dir}/logs_M2/log_ens${ENSEMBLE_RUN}_cut${CUTOFF_YEAR}.log 2>&1
environment: line 1: 1883685 Killed                  ./"$file" >> ${script_dir}/logs_M2/log_ens${ENSEMBLE_RUN}_cut${CUTOFF_YEAR}.log 2>&1
environment: line 1: 2651279 Killed                  ./"$file" >> ${script_dir}/logs_M2/log_ens${ENSEMBLE_RUN}_cut${CUTOFF_YEAR}.log 2>&1
environment: line 1: 2734250 Killed                  ./"$file" >> ${script_dir}/logs_M2/log_ens${ENSEMBLE_RUN}_cut${CUTOFF_YEAR}.log 2>&1
environment: line 1: 2862285 Killed                  ./"$file" >> ${script_dir}/logs_M2/log_ens${ENSEMBLE_RUN}_cut${CUTOFF_YEAR}.log 2>&1
environment: line 1: 1888471 Killed                  ./"$file" >> ${script_dir}/logs_M2/log_ens${ENSEMBLE_RUN}_cut${CUTOFF_YEAR}.log 2>&1
environment: line 1: 2878037 Killed                  ./"$file" >> ${script_dir}/logs_M2/log_ens${ENSEMBLE_RUN}_cut${CUTOFF_YEAR}.log 2>&1
environment: line 1: 1878961 Killed                  ./"$file" >> ${script_dir}/logs_M2/log_ens${ENSEMBLE_RUN}_cut${CUTOFF_YEAR}.log 2>&1
environment: line 1: 2917742 Killed                  ./"$file" >> ${script_dir}/logs_M2/log_ens${ENSEMBLE_RUN}_cut${CUTOFF_YEAR}.log 2>&1
environment: line 1: 1878945 Killed                  ./"$file" >> ${script_dir}/logs_M2/log_ens${ENSEMBLE_RUN}_cut${CUTOFF_YEAR}.log 2>&1
environment: line 1: 1879252 Killed                  ./"$file" >> ${script_dir}/logs_M2/log_ens${ENSEMBLE_RUN}_cut${CUTOFF_YEAR}.log 2>&1
environment: line 1: 1877855 Killed                  ./"$file" >> ${script_dir}/logs_M2/log_ens${ENSEMBLE_RUN}_cut${CUTOFF_YEAR}.log 2>&1
environment: line 1: 1878642 Killed                  ./"$file" >> ${script_dir}/logs_M2/log_ens${ENSEMBLE_RUN}_cut${CUTOFF_YEAR}.log 2>&1
environment: line 1: 1879033 Killed                  ./"$file" >> ${script_dir}/logs_M2/log_ens${ENSEMBLE_RUN}_cut${CUTOFF_YEAR}.log 2>&1
environment: line 1: 2889859 Killed                  ./"$file" >> ${script_dir}/logs_M2/log_ens${ENSEMBLE_RUN}_cut${CUTOFF_YEAR}.log 2>&1
environment: line 1: 1879065 Killed                  ./"$file" >> ${script_dir}/logs_M2/log_ens${ENSEMBLE_RUN}_cut${CUTOFF_YEAR}.log 2>&1
environment: line 1: 1880856 Killed                  ./"$file" >> ${script_dir}/logs_M2/log_ens${ENSEMBLE_RUN}_cut${CUTOFF_YEAR}.log 2>&1
environment: line 1: 1878432 Killed                  ./"$file" >> ${script_dir}/logs_M2/log_ens${ENSEMBLE_RUN}_cut${CUTOFF_YEAR}.log 2>&1
environment: line 1: 1882724 Killed                  ./"$file" >> ${script_dir}/logs_M2/log_ens${ENSEMBLE_RUN}_cut${CUTOFF_YEAR}.log 2>&1
environment: line 1: 1878330 Killed                  ./"$file" >> ${script_dir}/logs_M2/log_ens${ENSEMBLE_RUN}_cut${CUTOFF_YEAR}.log 2>&1
environment: line 1: 1889478 Killed                  ./"$file" >> ${script_dir}/logs_M2/log_ens${ENSEMBLE_RUN}_cut${CUTOFF_YEAR}.log 2>&1
environment: line 1: 1880613 Killed                  ./"$file" >> ${script_dir}/logs_M2/log_ens${ENSEMBLE_RUN}_cut${CUTOFF_YEAR}.log 2>&1
environment: line 1: 1882127 Killed                  ./"$file" >> ${script_dir}/logs_M2/log_ens${ENSEMBLE_RUN}_cut${CUTOFF_YEAR}.log 2>&1
environment: line 1: 1888029 Killed                  ./"$file" >> ${script_dir}/logs_M2/log_ens${ENSEMBLE_RUN}_cut${CUTOFF_YEAR}.log 2>&1
environment: line 1: 1877620 Killed                  ./"$file" >> ${script_dir}/logs_M2/log_ens${ENSEMBLE_RUN}_cut${CUTOFF_YEAR}.log 2>&1
environment: line 1: 1882869 Killed                  ./"$file" >> ${script_dir}/logs_M2/log_ens${ENSEMBLE_RUN}_cut${CUTOFF_YEAR}.log 2>&1
environment: line 1: 1878096 Killed                  ./"$file" >> ${script_dir}/logs_M2/log_ens${ENSEMBLE_RUN}_cut${CUTOFF_YEAR}.log 2>&1
environment: line 1: 1877972 Killed                  ./"$file" >> ${script_dir}/logs_M2/log_ens${ENSEMBLE_RUN}_cut${CUTOFF_YEAR}.log 2>&1
environment: line 1: 1883273 Killed                  ./"$file" >> ${script_dir}/logs_M2/log_ens${ENSEMBLE_RUN}_cut${CUTOFF_YEAR}.log 2>&1
environment: line 1: 1882073 Killed                  ./"$file" >> ${script_dir}/logs_M2/log_ens${ENSEMBLE_RUN}_cut${CUTOFF_YEAR}.log 2>&1
environment: line 1: 1878188 Killed                  ./"$file" >> ${script_dir}/logs_M2/log_ens${ENSEMBLE_RUN}_cut${CUTOFF_YEAR}.log 2>&1
environment: line 1: 1880352 Killed                  ./"$file" >> ${script_dir}/logs_M2/log_ens${ENSEMBLE_RUN}_cut${CUTOFF_YEAR}.log 2>&1
environment: line 1: 1877652 Killed                  ./"$file" >> ${script_dir}/logs_M2/log_ens${ENSEMBLE_RUN}_cut${CUTOFF_YEAR}.log 2>&1
environment: line 1: 1888901 Killed                  ./"$file" >> ${script_dir}/logs_M2/log_ens${ENSEMBLE_RUN}_cut${CUTOFF_YEAR}.log 2>&1
environment: line 1: 1881488 Killed                  ./"$file" >> ${script_dir}/logs_M2/log_ens${ENSEMBLE_RUN}_cut${CUTOFF_YEAR}.log 2>&1
environment: line 1: 1877687 Killed                  ./"$file" >> ${script_dir}/logs_M2/log_ens${ENSEMBLE_RUN}_cut${CUTOFF_YEAR}.log 2>&1
environment: line 1: 1881205 Killed                  ./"$file" >> ${script_dir}/logs_M2/log_ens${ENSEMBLE_RUN}_cut${CUTOFF_YEAR}.log 2>&1
environment: line 1: 3157207 Killed                  ./"$file" >> ${script_dir}/logs_M2/log_ens${ENSEMBLE_RUN}_cut${CUTOFF_YEAR}.log 2>&1
environment: line 1: 2359428 Killed                  ./"$file" >> ${script_dir}/logs_M2/log_ens${ENSEMBLE_RUN}_cut${CUTOFF_YEAR}.log 2>&1
environment: line 1: 3253883 Killed                  ./"$file" >> ${script_dir}/logs_M2/log_ens${ENSEMBLE_RUN}_cut${CUTOFF_YEAR}.log 2>&1
environment: line 1: 2700676 Killed                  ./"$file" >> ${script_dir}/logs_M2/log_ens${ENSEMBLE_RUN}_cut${CUTOFF_YEAR}.log 2>&1
environment: line 1: 2331632 Killed                  ./"$file" >> ${script_dir}/logs_M2/log_ens${ENSEMBLE_RUN}_cut${CUTOFF_YEAR}.log 2>&1
environment: line 1: 2347948 Killed                  ./"$file" >> ${script_dir}/logs_M2/log_ens${ENSEMBLE_RUN}_cut${CUTOFF_YEAR}.log 2>&1
environment: line 1: 2399160 Killed                  ./"$file" >> ${script_dir}/logs_M2/log_ens${ENSEMBLE_RUN}_cut${CUTOFF_YEAR}.log 2>&1
environment: line 1: 2828204 Killed                  ./"$file" >> ${script_dir}/logs_M2/log_ens${ENSEMBLE_RUN}_cut${CUTOFF_YEAR}.log 2>&1
Total time: 10144 seconds
All done!
slurmstepd: error: Detected 106 oom_kill events in StepId=11683442.batch. Some of the step tasks have been OOM Killed.
