## SLURM PROLOG ###############################################################
##    Job ID : 11659761
##  Job Name : FAIR_Nv
##  Nodelist : node[1833,1850]
##      CPUs : 56
##   Mem/CPU : 2800 MB
## Directory : /oscar/data/deeps/private/bfoxkemp/jnickla1/fair-calibrate
##   Job Started : Thu Jun  5 01:24:02 PM EDT 2025
###############################################################################
Starting job 25 on node1833
environment: line 1: 4123072 Killed                  ./"$file" >> ${script_dir}/logs_Nv/log_ens${ENSEMBLE_RUN}_cut${CUTOFF_YEAR}.log 2>&1
environment: line 1: 4123053 Killed                  ./"$file" >> ${script_dir}/logs_Nv/log_ens${ENSEMBLE_RUN}_cut${CUTOFF_YEAR}.log 2>&1
environment: line 1: 4123028 Killed                  ./"$file" >> ${script_dir}/logs_Nv/log_ens${ENSEMBLE_RUN}_cut${CUTOFF_YEAR}.log 2>&1
environment: line 1: 4122986 Killed                  ./"$file" >> ${script_dir}/logs_Nv/log_ens${ENSEMBLE_RUN}_cut${CUTOFF_YEAR}.log 2>&1
environment: line 1: 4123013 Killed                  ./"$file" >> ${script_dir}/logs_Nv/log_ens${ENSEMBLE_RUN}_cut${CUTOFF_YEAR}.log 2>&1
environment: line 1: 4123060 Killed                  ./"$file" >> ${script_dir}/logs_Nv/log_ens${ENSEMBLE_RUN}_cut${CUTOFF_YEAR}.log 2>&1
environment: line 1: 4123037 Killed                  ./"$file" >> ${script_dir}/logs_Nv/log_ens${ENSEMBLE_RUN}_cut${CUTOFF_YEAR}.log 2>&1
environment: line 1: 4122975 Killed                  ./"$file" >> ${script_dir}/logs_Nv/log_ens${ENSEMBLE_RUN}_cut${CUTOFF_YEAR}.log 2>&1
environment: line 1: 4123038 Killed                  ./"$file" >> ${script_dir}/logs_Nv/log_ens${ENSEMBLE_RUN}_cut${CUTOFF_YEAR}.log 2>&1
environment: line 1: 4122908 Killed                  ./"$file" >> ${script_dir}/logs_Nv/log_ens${ENSEMBLE_RUN}_cut${CUTOFF_YEAR}.log 2>&1
environment: line 1: 4122983 Killed                  ./"$file" >> ${script_dir}/logs_Nv/log_ens${ENSEMBLE_RUN}_cut${CUTOFF_YEAR}.log 2>&1
environment: line 1: 4123040 Killed                  ./"$file" >> ${script_dir}/logs_Nv/log_ens${ENSEMBLE_RUN}_cut${CUTOFF_YEAR}.log 2>&1
environment: line 1: 4123096 Killed                  ./"$file" >> ${script_dir}/logs_Nv/log_ens${ENSEMBLE_RUN}_cut${CUTOFF_YEAR}.log 2>&1
environment: line 1: 4123089 Killed                  ./"$file" >> ${script_dir}/logs_Nv/log_ens${ENSEMBLE_RUN}_cut${CUTOFF_YEAR}.log 2>&1
environment: line 1: 4123032 Killed                  ./"$file" >> ${script_dir}/logs_Nv/log_ens${ENSEMBLE_RUN}_cut${CUTOFF_YEAR}.log 2>&1
environment: line 1: 4123036 Killed                  ./"$file" >> ${script_dir}/logs_Nv/log_ens${ENSEMBLE_RUN}_cut${CUTOFF_YEAR}.log 2>&1
environment: line 1: 4123039 Killed                  ./"$file" >> ${script_dir}/logs_Nv/log_ens${ENSEMBLE_RUN}_cut${CUTOFF_YEAR}.log 2>&1
environment: line 1: 4123042 Killed                  ./"$file" >> ${script_dir}/logs_Nv/log_ens${ENSEMBLE_RUN}_cut${CUTOFF_YEAR}.log 2>&1
environment: line 1: 4123004 Killed                  ./"$file" >> ${script_dir}/logs_Nv/log_ens${ENSEMBLE_RUN}_cut${CUTOFF_YEAR}.log 2>&1
environment: line 1: 4123069 Killed                  ./"$file" >> ${script_dir}/logs_Nv/log_ens${ENSEMBLE_RUN}_cut${CUTOFF_YEAR}.log 2>&1
environment: line 1: 4123088 Killed                  ./"$file" >> ${script_dir}/logs_Nv/log_ens${ENSEMBLE_RUN}_cut${CUTOFF_YEAR}.log 2>&1
environment: line 1: 4122953 Killed                  ./"$file" >> ${script_dir}/logs_Nv/log_ens${ENSEMBLE_RUN}_cut${CUTOFF_YEAR}.log 2>&1
environment: line 1: 4122943 Killed                  ./"$file" >> ${script_dir}/logs_Nv/log_ens${ENSEMBLE_RUN}_cut${CUTOFF_YEAR}.log 2>&1
environment: line 1: 4123083 Killed                  ./"$file" >> ${script_dir}/logs_Nv/log_ens${ENSEMBLE_RUN}_cut${CUTOFF_YEAR}.log 2>&1
environment: line 1: 4122995 Killed                  ./"$file" >> ${script_dir}/logs_Nv/log_ens${ENSEMBLE_RUN}_cut${CUTOFF_YEAR}.log 2>&1
environment: line 1: 4123082 Killed                  ./"$file" >> ${script_dir}/logs_Nv/log_ens${ENSEMBLE_RUN}_cut${CUTOFF_YEAR}.log 2>&1
environment: line 1: 4123099 Killed                  ./"$file" >> ${script_dir}/logs_Nv/log_ens${ENSEMBLE_RUN}_cut${CUTOFF_YEAR}.log 2>&1
environment: line 1: 4123098 Killed                  ./"$file" >> ${script_dir}/logs_Nv/log_ens${ENSEMBLE_RUN}_cut${CUTOFF_YEAR}.log 2>&1
environment: line 1: 4123092 Killed                  ./"$file" >> ${script_dir}/logs_Nv/log_ens${ENSEMBLE_RUN}_cut${CUTOFF_YEAR}.log 2>&1
environment: line 1: 4123067 Killed                  ./"$file" >> ${script_dir}/logs_Nv/log_ens${ENSEMBLE_RUN}_cut${CUTOFF_YEAR}.log 2>&1
environment: line 1: 4123094 Killed                  ./"$file" >> ${script_dir}/logs_Nv/log_ens${ENSEMBLE_RUN}_cut${CUTOFF_YEAR}.log 2>&1
environment: line 1: 4123156 Killed                  ./"$file" >> ${script_dir}/logs_Nv/log_ens${ENSEMBLE_RUN}_cut${CUTOFF_YEAR}.log 2>&1
environment: line 1: 4123091 Killed                  ./"$file" >> ${script_dir}/logs_Nv/log_ens${ENSEMBLE_RUN}_cut${CUTOFF_YEAR}.log 2>&1
environment: line 1: 4123143 Killed                  ./"$file" >> ${script_dir}/logs_Nv/log_ens${ENSEMBLE_RUN}_cut${CUTOFF_YEAR}.log 2>&1
environment: line 1: 4123019 Killed                  ./"$file" >> ${script_dir}/logs_Nv/log_ens${ENSEMBLE_RUN}_cut${CUTOFF_YEAR}.log 2>&1
environment: line 1: 4123085 Killed                  ./"$file" >> ${script_dir}/logs_Nv/log_ens${ENSEMBLE_RUN}_cut${CUTOFF_YEAR}.log 2>&1
environment: line 1: 4123078 Killed                  ./"$file" >> ${script_dir}/logs_Nv/log_ens${ENSEMBLE_RUN}_cut${CUTOFF_YEAR}.log 2>&1
environment: line 1: 4123064 Killed                  ./"$file" >> ${script_dir}/logs_Nv/log_ens${ENSEMBLE_RUN}_cut${CUTOFF_YEAR}.log 2>&1
Total time: 1945 seconds
All done!
slurmstepd: error: Detected 38 oom_kill events in StepId=11659761.batch. Some of the step tasks have been OOM Killed.
