## SLURM PROLOG ###############################################################
##    Job ID : 11659892
##  Job Name : FAIR_Nv
##  Nodelist : node[1849,1852]
##      CPUs : 56
##   Mem/CPU : 2800 MB
## Directory : /oscar/data/deeps/private/bfoxkemp/jnickla1/fair-calibrate
##   Job Started : Thu Jun  5 01:58:25 PM EDT 2025
###############################################################################
Starting job 33 on node1849
environment: line 1: 4006824 Killed                  ./"$file" >> ${script_dir}/logs_Nv/log_ens${ENSEMBLE_RUN}_cut${CUTOFF_YEAR}.log 2>&1
environment: line 1: 4006804 Killed                  ./"$file" >> ${script_dir}/logs_Nv/log_ens${ENSEMBLE_RUN}_cut${CUTOFF_YEAR}.log 2>&1
environment: line 1: 4006717 Killed                  ./"$file" >> ${script_dir}/logs_Nv/log_ens${ENSEMBLE_RUN}_cut${CUTOFF_YEAR}.log 2>&1
environment: line 1: 4006694 Killed                  ./"$file" >> ${script_dir}/logs_Nv/log_ens${ENSEMBLE_RUN}_cut${CUTOFF_YEAR}.log 2>&1
environment: line 1: 4006747 Killed                  ./"$file" >> ${script_dir}/logs_Nv/log_ens${ENSEMBLE_RUN}_cut${CUTOFF_YEAR}.log 2>&1
environment: line 1: 4006733 Killed                  ./"$file" >> ${script_dir}/logs_Nv/log_ens${ENSEMBLE_RUN}_cut${CUTOFF_YEAR}.log 2>&1
environment: line 1: 4006740 Killed                  ./"$file" >> ${script_dir}/logs_Nv/log_ens${ENSEMBLE_RUN}_cut${CUTOFF_YEAR}.log 2>&1
environment: line 1: 4006815 Killed                  ./"$file" >> ${script_dir}/logs_Nv/log_ens${ENSEMBLE_RUN}_cut${CUTOFF_YEAR}.log 2>&1
environment: line 1: 4006767 Killed                  ./"$file" >> ${script_dir}/logs_Nv/log_ens${ENSEMBLE_RUN}_cut${CUTOFF_YEAR}.log 2>&1
environment: line 1: 4006766 Killed                  ./"$file" >> ${script_dir}/logs_Nv/log_ens${ENSEMBLE_RUN}_cut${CUTOFF_YEAR}.log 2>&1
environment: line 1: 4006894 Killed                  ./"$file" >> ${script_dir}/logs_Nv/log_ens${ENSEMBLE_RUN}_cut${CUTOFF_YEAR}.log 2>&1
environment: line 1: 4006744 Killed                  ./"$file" >> ${script_dir}/logs_Nv/log_ens${ENSEMBLE_RUN}_cut${CUTOFF_YEAR}.log 2>&1
environment: line 1: 4006704 Killed                  ./"$file" >> ${script_dir}/logs_Nv/log_ens${ENSEMBLE_RUN}_cut${CUTOFF_YEAR}.log 2>&1
Total time: 1764 seconds
All done!
slurmstepd: error: Detected 13 oom_kill events in StepId=11659892.batch. Some of the step tasks have been OOM Killed.
