## SLURM PROLOG ###############################################################
##    Job ID : 11723805
##  Job Name : FAIR_Nv
##  Nodelist : node2303
##      CPUs : 1
##   Mem/CPU : 5120 MB
## Directory : /oscar/data/deeps/private/bfoxkemp/jnickla1/fair-calibrate
##   Job Started : Thu Jun 12 07:20:09 PM EDT 2025
###############################################################################
Starting job 60 on node2303
===== STARTING: rerun 01 + 03 for any missing outputs =====
cut=1930✓Missing or empty runids_rmse_reweighted_pass.csv; rerunning 03_reweight-rmse-posterior-multiple-constraints.py for cutoff 1930
Doing reweighting...
Traceback (most recent call last):
  File "/oscar/data/deeps/private/bfoxkemp/jnickla1/fair-calibrate/input/fair-2.1.3/v1.4/all_current_NorESMVolc/constraining/03_reweight-rmse-posterior-multiple-constraints.py", line 134, in <module>
    long_past_index = (gen_orig_number(model_run,60) // 20)
                       ^^^^^^^^^^^^^^^^^^^^^^^^^^^^^
  File "/oscar/data/deeps/private/bfoxkemp/jnickla1/fair-calibrate/input/fair-2.1.3/v1.4/all_current_NorESMVolc/constraining/03_reweight-rmse-posterior-multiple-constraints.py", line 56, in gen_orig_number
    return recovered_order[new_member_number]
           ~~~~~~~~~~~~~~~^^^^^^^^^^^^^^^^^^^
IndexError: list index out of range
