## SLURM PROLOG ###############################################################
##    Job ID : 11580565
##  Job Name : FAIRc_cur
##  Nodelist : node2350
##      CPUs : 1
##  Mem/Node : 16384 MB
## Directory : /oscar/home/jnickla1/fair-calibrate
##   Job Started : Mon May 26 04:45:00 PM EDT 2025
###############################################################################
Starting job 19 on node2350
0
>>> Constraining with cutoff year = 1948
0
####  • constraining/01_constrain-gsat-rmse-only.py####
0
Doing RMSE constraint...
Passing RMSE constraint: 582574
[372912 433170 104362 267583 403933 467021 377180 299258 271941 486322]
[0.1699993  0.16999931 0.16999939 0.16999947 0.16999955 0.1699996
 0.16999963 0.16999964 0.16999978 0.16999993]
[0.0923334  0.09787774 0.09809474 0.09861426 0.09872279 0.09941299
 0.0997649  0.10008443 0.10019383 0.10035258]
1
####  • constraining/02_run-1pct.py####
47
Running 1pctCO2 scenarios...
2
####  • constraining/03_reweight-rmse-posterior-multiple-constraints.py####
49
Doing reweighting...
Number of effective samples: 25976
Constrained, reweighted parameters:
ECS: [1.99447408 2.93778369 4.95757936]
TCR: [1.29274493 1.81933176 2.40496715]
CO2 concentration current: [306.40057278 310.38507397 314.15071854]
Temperature l20yrs rel. 1850-1900: [0.10532478 0.27270459 0.41276962]
Aerosol ERFari 2005-2014 rel. 1750: [-0.59524983 -0.29815415 -0.00173301]
Aerosol ERFaci 2005-2014 rel. 1750: [-1.68988207 -1.00366932 -0.33108908]
Aerosol ERF 2005-2014 rel. 1750: [-2.07667581 -1.30331354 -0.55327468]
OHC change l50yrs: [ 46.90228782 123.02928984 196.22363606]
*likely range
3
####  • constraining/04_dump-calibration.py####
325
Dumping output...
4
5
6
7
338
All done!
