## SLURM PROLOG ###############################################################
##    Job ID : 11581051
##  Job Name : FAIRc_cur
##  Nodelist : node2350
##      CPUs : 1
##  Mem/Node : 16384 MB
## Directory : /oscar/home/jnickla1/fair-calibrate
##   Job Started : Mon May 26 04:53:08 PM EDT 2025
###############################################################################
Starting job 75 on node2350
0
>>> Constraining with cutoff year = 2004
0
####  • constraining/01_constrain-gsat-rmse-only.py####
0
Doing RMSE constraint...
Passing RMSE constraint: 264571
[ 25089 136443 200882  36776  55892 262323 211779  30314 206391 120122]
[0.16999864 0.16999865 0.16999867 0.16999889 0.16999912 0.16999955
 0.16999974 0.16999989 0.16999997 0.16999999]
[0.0996756  0.1033775  0.10403217 0.10419465 0.10433998 0.10443085
 0.10452186 0.10455568 0.10460557 0.10463699]
1
####  • constraining/02_run-1pct.py####
38
Running 1pctCO2 scenarios...
2
####  • constraining/03_reweight-rmse-posterior-multiple-constraints.py####
39
Doing reweighting...
Number of effective samples: 6025
Constrained, reweighted parameters:
ECS: [1.98506287 2.97348682 5.00604416]
TCR: [1.33333373 1.83351919 2.38724757]
CO2 concentration current: [376.91814103 377.71099589 378.52435129]
Temperature l20yrs rel. 1850-1900: [0.56995583 0.708351   0.84593319]
Aerosol ERFari 2005-2014 rel. 1750: [-0.5929149  -0.29012939  0.0043011 ]
Aerosol ERFaci 2005-2014 rel. 1750: [-1.62498115 -0.92756563 -0.25481456]
Aerosol ERF 2005-2014 rel. 1750: [-1.91468613 -1.22568239 -0.51644368]
OHC change l50yrs: [235.28608576 311.82409628 388.92011215]
*likely range
3
####  • constraining/04_dump-calibration.py####
121
Dumping output...
4
5
6
7
133
All done!
