## SLURM PROLOG ###############################################################
##    Job ID : 11580644
##  Job Name : FAIRc_cur
##  Nodelist : node2350
##      CPUs : 1
##  Mem/Node : 16384 MB
## Directory : /oscar/home/jnickla1/fair-calibrate
##   Job Started : Mon May 26 04:49:47 PM EDT 2025
###############################################################################
Starting job 46 on node2350
0
>>> Constraining with cutoff year = 1975
0
####  • constraining/01_constrain-gsat-rmse-only.py####
0
Doing RMSE constraint...
Passing RMSE constraint: 418517
[ 47913 194435 405837 340352 177232 185247 168388 159248 172794 252867]
[0.16999931 0.16999962 0.16999965 0.16999973 0.16999975 0.16999975
 0.16999978 0.16999982 0.16999986 0.16999999]
[0.09750526 0.09924656 0.09999201 0.10016127 0.1010071  0.10133015
 0.10143935 0.10171783 0.10182138 0.10217043]
1
####  • constraining/02_run-1pct.py####
36
Running 1pctCO2 scenarios...
2
####  • constraining/03_reweight-rmse-posterior-multiple-constraints.py####
37
Doing reweighting...
Number of effective samples: 1702
Constrained, reweighted parameters:
ECS: [1.97133764 3.0204233  5.37330114]
TCR: [1.34497182 1.85580129 2.57054294]
CO2 concentration current: [330.19967574 331.12852953 332.08358586]
Temperature l20yrs rel. 1850-1900: [0.10409026 0.2533824  0.40349044]
Aerosol ERFari 2005-2014 rel. 1750: [-0.60465489 -0.27966987  0.03222329]
Aerosol ERFaci 2005-2014 rel. 1750: [-1.73879287 -0.87465168 -0.13347142]
Aerosol ERF 2005-2014 rel. 1750: [-1.9696244  -1.16681257 -0.44279364]
OHC change l50yrs: [161.43540145 262.57322329 351.45274858]
*likely range
3
####  • constraining/04_dump-calibration.py####
179
Dumping output...
4
5
6
7
194
All done!
