## SLURM PROLOG ###############################################################
##    Job ID : 11580642
##  Job Name : FAIRc_cur
##  Nodelist : node2350
##      CPUs : 1
##  Mem/Node : 16384 MB
## Directory : /oscar/home/jnickla1/fair-calibrate
##   Job Started : Mon May 26 04:49:47 PM EDT 2025
###############################################################################
Starting job 44 on node2350
0
>>> Constraining with cutoff year = 1973
0
####  • constraining/01_constrain-gsat-rmse-only.py####
0
Doing RMSE constraint...
Passing RMSE constraint: 434668
[ 45603 203527 285165 153863 289301 221953 187745 422353 383233  86769]
[0.16999944 0.16999947 0.16999951 0.16999964 0.16999971 0.16999971
 0.16999973 0.16999975 0.16999985 0.16999994]
[0.09819467 0.09965399 0.10005749 0.10015653 0.10064247 0.10090194
 0.1009033  0.10136528 0.10158794 0.10174556]
1
####  • constraining/02_run-1pct.py####
36
Running 1pctCO2 scenarios...
2
####  • constraining/03_reweight-rmse-posterior-multiple-constraints.py####
37
Doing reweighting...
Number of effective samples: 2123
Constrained, reweighted parameters:
ECS: [1.98781172 3.03763123 5.23261018]
TCR: [1.37012836 1.8637398  2.48106224]
CO2 concentration current: [328.83080294 329.72711811 330.63686692]
Temperature l20yrs rel. 1850-1900: [0.1163773  0.25976461 0.40539674]
Aerosol ERFari 2005-2014 rel. 1750: [-0.58874642 -0.26915839  0.05523587]
Aerosol ERFaci 2005-2014 rel. 1750: [-1.66813406 -0.81404269 -0.17602258]
Aerosol ERF 2005-2014 rel. 1750: [-1.87923033 -1.10406861 -0.42147966]
OHC change l50yrs: [198.58102893 253.67416769 303.80733598]
*likely range
3
####  • constraining/04_dump-calibration.py####
179
Dumping output...
4
5
6
7
194
All done!
