## SLURM PROLOG ###############################################################
##    Job ID : 11581064
##  Job Name : FAIRc_cur
##  Nodelist : node2350
##      CPUs : 1
##  Mem/Node : 16384 MB
## Directory : /oscar/home/jnickla1/fair-calibrate
##   Job Started : Mon May 26 04:53:18 PM EDT 2025
###############################################################################
Starting job 78 on node2350
0
>>> Constraining with cutoff year = 2007
0
####  • constraining/01_constrain-gsat-rmse-only.py####
0
Doing RMSE constraint...
Passing RMSE constraint: 256163
[137521 125158  68305  10059 115932 159006 181216 236622 145105  35086]
[0.16999906 0.16999924 0.16999928 0.16999937 0.1699996  0.16999964
 0.16999965 0.16999969 0.16999974 0.16999989]
[0.09899501 0.10345817 0.1037032  0.10373985 0.10378532 0.10398742
 0.10400586 0.10418756 0.10419409 0.10438895]
1
####  • constraining/02_run-1pct.py####
37
Running 1pctCO2 scenarios...
2
####  • constraining/03_reweight-rmse-posterior-multiple-constraints.py####
38
Doing reweighting...
Number of effective samples: 6151
Constrained, reweighted parameters:
ECS: [1.95726927 2.97130136 5.00604416]
TCR: [1.31269081 1.81625254 2.38529403]
CO2 concentration current: [383.23132918 384.01184836 384.81695945]
Temperature l20yrs rel. 1850-1900: [0.61760849 0.75016375 0.89377842]
Aerosol ERFari 2005-2014 rel. 1750: [-0.6064956  -0.29124686 -0.00144463]
Aerosol ERFaci 2005-2014 rel. 1750: [-1.67419277 -0.94536725 -0.28420356]
Aerosol ERF 2005-2014 rel. 1750: [-1.95605862 -1.25275431 -0.54691346]
OHC change l50yrs: [245.78814441 321.49611751 395.04230428]
*likely range
3
####  • constraining/04_dump-calibration.py####
116
Dumping output...
4
5
6
7
128
All done!
