## SLURM PROLOG ###############################################################
##    Job ID : 11580562
##  Job Name : FAIRc_cur
##  Nodelist : node2350
##      CPUs : 1
##  Mem/Node : 16384 MB
## Directory : /oscar/home/jnickla1/fair-calibrate
##   Job Started : Mon May 26 04:45:00 PM EDT 2025
###############################################################################
Starting job 16 on node2350
0
>>> Constraining with cutoff year = 1945
0
####  • constraining/01_constrain-gsat-rmse-only.py####
0
Doing RMSE constraint...
Passing RMSE constraint: 582829
[349842 539095 146099 400326 349466 426183 473342 105118   3705 376939]
[0.1699995  0.16999957 0.1699996  0.16999962 0.16999962 0.16999965
 0.16999972 0.16999975 0.1699998  0.16999993]
[0.09353629 0.09363396 0.09615696 0.09777083 0.09847334 0.09902252
 0.09923237 0.09944753 0.09966069 0.0997219 ]
1
####  • constraining/02_run-1pct.py####
36
Running 1pctCO2 scenarios...
2
####  • constraining/03_reweight-rmse-posterior-multiple-constraints.py####
37
Doing reweighting...
Number of effective samples: 36800
Constrained, reweighted parameters:
ECS: [1.97657914 3.01548584 5.02857508]
TCR: [1.28048846 1.83720182 2.37956255]
CO2 concentration current: [306.56411722 310.26303635 314.36491799]
Temperature l20yrs rel. 1850-1900: [0.09049363 0.25303025 0.40635336]
Aerosol ERFari 2005-2014 rel. 1750: [-0.56709505 -0.29635863 -0.01090273]
Aerosol ERFaci 2005-2014 rel. 1750: [-1.67630378 -0.99834903 -0.29644302]
Aerosol ERF 2005-2014 rel. 1750: [-1.98092241 -1.29882585 -0.52457532]
OHC change l50yrs: [ 71.30700932 153.65478005 238.48250482]
*likely range
3
####  • constraining/04_dump-calibration.py####
233
Dumping output...
4
5
6
7
258
All done!
