## SLURM PROLOG ###############################################################
##    Job ID : 11581098
##  Job Name : FAIRc_cur
##  Nodelist : node2347
##      CPUs : 1
##  Mem/Node : 16384 MB
## Directory : /oscar/home/jnickla1/fair-calibrate
##   Job Started : Mon May 26 04:53:28 PM EDT 2025
###############################################################################
Starting job 81 on node2347
0
>>> Constraining with cutoff year = 2010
0
####  • constraining/01_constrain-gsat-rmse-only.py####
0
Doing RMSE constraint...
Passing RMSE constraint: 241711
[ 54013  25321 146224 228968 162655 135480 160360  35621 191851 187931]
[0.1699991  0.16999923 0.16999924 0.16999927 0.16999929 0.16999931
 0.16999949 0.16999957 0.16999969 0.16999972]
[0.09893549 0.10339006 0.10350924 0.10353273 0.10370076 0.10394264
 0.10400113 0.10411065 0.10431475 0.1049441 ]
1
####  • constraining/02_run-1pct.py####
36
Running 1pctCO2 scenarios...
2
####  • constraining/03_reweight-rmse-posterior-multiple-constraints.py####
38
Doing reweighting...
Number of effective samples: 6084
Constrained, reweighted parameters:
ECS: [2.00123756 2.9965799  5.07683764]
TCR: [1.36918474 1.83594109 2.45063705]
CO2 concentration current: [389.27604209 390.12877716 390.96854482]
Temperature l20yrs rel. 1850-1900: [0.66900233 0.80017582 0.93921745]
Aerosol ERFari 2005-2014 rel. 1750: [-0.59273878 -0.29528031  0.00647159]
Aerosol ERFaci 2005-2014 rel. 1750: [-1.65750993 -0.97352025 -0.295896  ]
Aerosol ERF 2005-2014 rel. 1750: [-1.97618516 -1.27734694 -0.57040067]
OHC change l50yrs: [249.16097951 320.08730876 388.32859817]
*likely range
3
####  • constraining/04_dump-calibration.py####
111
Dumping output...
4
5
6
7
123
All done!
