## SLURM PROLOG ###############################################################
##    Job ID : 11580601
##  Job Name : FAIRc_cur
##  Nodelist : node2351
##      CPUs : 1
##  Mem/Node : 16384 MB
## Directory : /oscar/home/jnickla1/fair-calibrate
##   Job Started : Mon May 26 04:48:46 PM EDT 2025
###############################################################################
Starting job 33 on node2351
0
>>> Constraining with cutoff year = 1962
0
####  • constraining/01_constrain-gsat-rmse-only.py####
0
Doing RMSE constraint...
Passing RMSE constraint: 503843
[352596  13039  19625 126173  75979 482474      8 117856 128203 402251]
[0.16999928 0.16999943 0.16999943 0.16999951 0.16999952 0.16999952
 0.16999973 0.16999979 0.16999984 0.16999997]
[0.0974275  0.09955036 0.09961599 0.10004517 0.10075305 0.10135359
 0.10176486 0.10203279 0.10204334 0.10230918]
1
####  • constraining/02_run-1pct.py####
36
Running 1pctCO2 scenarios...
2
####  • constraining/03_reweight-rmse-posterior-multiple-constraints.py####
37
Doing reweighting...
Number of effective samples: 2338
Constrained, reweighted parameters:
ECS: [1.96210035 3.12590879 5.26485381]
TCR: [1.34508179 1.86749908 2.49956095]
CO2 concentration current: [317.5791106  318.44906688 319.34110575]
Temperature l20yrs rel. 1850-1900: [0.13354085 0.2884296  0.43729767]
Aerosol ERFari 2005-2014 rel. 1750: [-0.60183856 -0.27916941  0.04460529]
Aerosol ERFaci 2005-2014 rel. 1750: [-1.62943229 -0.87701992 -0.22805979]
Aerosol ERF 2005-2014 rel. 1750: [-1.92527778 -1.15819886 -0.44489604]
OHC change l50yrs: [194.71271691 236.54019017 273.92897731]
*likely range
3
####  • constraining/04_dump-calibration.py####
180
Dumping output...
4
5
6
7
192
All done!
