## SLURM PROLOG ###############################################################
##    Job ID : 11631592
##  Job Name : FAIR_Nv
##  Nodelist : node2411
##      CPUs : 85
##   Mem/CPU : 2800 MB
## Directory : /oscar/data/deeps/private/bfoxkemp/jnickla1/fair-calibrate
##   Job Started : Sun Jun  1 03:04:39 AM EDT 2025
###############################################################################
Starting job 2 on node2411
environment: line 5: 1999700 Segmentation fault      ./"$file" >> ${script_dir}/logs_Nv/log_ens${ENSEMBLE_RUN}_cut${CUTOFF_YEAR}.log 2>&1
environment: line 5: 1999522 Segmentation fault      ./"$file" >> ${script_dir}/logs_Nv/log_ens${ENSEMBLE_RUN}_cut${CUTOFF_YEAR}.log 2>&1
environment: line 5: 1999828 Segmentation fault      ./"$file" >> ${script_dir}/logs_Nv/log_ens${ENSEMBLE_RUN}_cut${CUTOFF_YEAR}.log 2>&1
environment: line 5: 1999927 Segmentation fault      ./"$file" >> ${script_dir}/logs_Nv/log_ens${ENSEMBLE_RUN}_cut${CUTOFF_YEAR}.log 2>&1
environment: line 5: 1999002 Segmentation fault      ./"$file" >> ${script_dir}/logs_Nv/log_ens${ENSEMBLE_RUN}_cut${CUTOFF_YEAR}.log 2>&1
environment: line 5: 1999823 Segmentation fault      ./"$file" >> ${script_dir}/logs_Nv/log_ens${ENSEMBLE_RUN}_cut${CUTOFF_YEAR}.log 2>&1
environment: line 5: 2000010 Segmentation fault      ./"$file" >> ${script_dir}/logs_Nv/log_ens${ENSEMBLE_RUN}_cut${CUTOFF_YEAR}.log 2>&1
environment: line 5: 1999834 Segmentation fault      ./"$file" >> ${script_dir}/logs_Nv/log_ens${ENSEMBLE_RUN}_cut${CUTOFF_YEAR}.log 2>&1
environment: line 5: 1999835 Segmentation fault      ./"$file" >> ${script_dir}/logs_Nv/log_ens${ENSEMBLE_RUN}_cut${CUTOFF_YEAR}.log 2>&1
environment: line 5: 1999013 Segmentation fault      ./"$file" >> ${script_dir}/logs_Nv/log_ens${ENSEMBLE_RUN}_cut${CUTOFF_YEAR}.log 2>&1
environment: line 5: 1999041 Segmentation fault      ./"$file" >> ${script_dir}/logs_Nv/log_ens${ENSEMBLE_RUN}_cut${CUTOFF_YEAR}.log 2>&1
environment: line 5: 2000012 Segmentation fault      ./"$file" >> ${script_dir}/logs_Nv/log_ens${ENSEMBLE_RUN}_cut${CUTOFF_YEAR}.log 2>&1
environment: line 5: 2000105 Segmentation fault      ./"$file" >> ${script_dir}/logs_Nv/log_ens${ENSEMBLE_RUN}_cut${CUTOFF_YEAR}.log 2>&1
environment: line 5: 2000106 Segmentation fault      ./"$file" >> ${script_dir}/logs_Nv/log_ens${ENSEMBLE_RUN}_cut${CUTOFF_YEAR}.log 2>&1
environment: line 5: 1999838 Segmentation fault      ./"$file" >> ${script_dir}/logs_Nv/log_ens${ENSEMBLE_RUN}_cut${CUTOFF_YEAR}.log 2>&1
environment: line 5: 1999827 Segmentation fault      ./"$file" >> ${script_dir}/logs_Nv/log_ens${ENSEMBLE_RUN}_cut${CUTOFF_YEAR}.log 2>&1
environment: line 5: 2000103 Segmentation fault      ./"$file" >> ${script_dir}/logs_Nv/log_ens${ENSEMBLE_RUN}_cut${CUTOFF_YEAR}.log 2>&1
environment: line 5: 1999837 Segmentation fault      ./"$file" >> ${script_dir}/logs_Nv/log_ens${ENSEMBLE_RUN}_cut${CUTOFF_YEAR}.log 2>&1
environment: line 5: 1998994 Segmentation fault      ./"$file" >> ${script_dir}/logs_Nv/log_ens${ENSEMBLE_RUN}_cut${CUTOFF_YEAR}.log 2>&1
environment: line 5: 1999830 Segmentation fault      (core dumped) ./"$file" >> ${script_dir}/logs_Nv/log_ens${ENSEMBLE_RUN}_cut${CUTOFF_YEAR}.log 2>&1
environment: line 5: 2000011 Segmentation fault      (core dumped) ./"$file" >> ${script_dir}/logs_Nv/log_ens${ENSEMBLE_RUN}_cut${CUTOFF_YEAR}.log 2>&1
environment: line 5: 2000104 Segmentation fault      ./"$file" >> ${script_dir}/logs_Nv/log_ens${ENSEMBLE_RUN}_cut${CUTOFF_YEAR}.log 2>&1
environment: line 5: 1999885 Segmentation fault      (core dumped) ./"$file" >> ${script_dir}/logs_Nv/log_ens${ENSEMBLE_RUN}_cut${CUTOFF_YEAR}.log 2>&1
parallel: Warning: No more processes: Decreasing number of running jobs to 84.
parallel: Warning: Try increasing 'ulimit -u' (try: ulimit -u `ulimit -Hu`)
parallel: Warning: or increasing 'nproc' in /etc/security/limits.conf
parallel: Warning: or increasing /proc/sys/kernel/pid_max
parallel: Warning: No more processes: Decreasing number of running jobs to 83.
parallel: Warning: Try increasing 'ulimit -u' (try: ulimit -u `ulimit -Hu`)
parallel: Warning: or increasing 'nproc' in /etc/security/limits.conf
parallel: Warning: or increasing /proc/sys/kernel/pid_max
environment: line 5: 1998990 Segmentation fault      (core dumped) ./"$file" >> ${script_dir}/logs_Nv/log_ens${ENSEMBLE_RUN}_cut${CUTOFF_YEAR}.log 2>&1
environment: line 5: 1999393 Segmentation fault      (core dumped) ./"$file" >> ${script_dir}/logs_Nv/log_ens${ENSEMBLE_RUN}_cut${CUTOFF_YEAR}.log 2>&1
environment: line 5: 1999811 Segmentation fault      (core dumped) ./"$file" >> ${script_dir}/logs_Nv/log_ens${ENSEMBLE_RUN}_cut${CUTOFF_YEAR}.log 2>&1
environment: line 5: 1999704 Segmentation fault      (core dumped) ./"$file" >> ${script_dir}/logs_Nv/log_ens${ENSEMBLE_RUN}_cut${CUTOFF_YEAR}.log 2>&1
environment: line 5: 2000016 Segmentation fault      (core dumped) ./"$file" >> ${script_dir}/logs_Nv/log_ens${ENSEMBLE_RUN}_cut${CUTOFF_YEAR}.log 2>&1
environment: line 5: 2000015 Segmentation fault      (core dumped) ./"$file" >> ${script_dir}/logs_Nv/log_ens${ENSEMBLE_RUN}_cut${CUTOFF_YEAR}.log 2>&1
environment: line 5: 2000017 Segmentation fault      ./"$file" >> ${script_dir}/logs_Nv/log_ens${ENSEMBLE_RUN}_cut${CUTOFF_YEAR}.log 2>&1
environment: line 5: 1999924 Segmentation fault      (core dumped) ./"$file" >> ${script_dir}/logs_Nv/log_ens${ENSEMBLE_RUN}_cut${CUTOFF_YEAR}.log 2>&1
environment: line 5: 1999824 Segmentation fault      (core dumped) ./"$file" >> ${script_dir}/logs_Nv/log_ens${ENSEMBLE_RUN}_cut${CUTOFF_YEAR}.log 2>&1
environment: line 5: 1999829 Segmentation fault      (core dumped) ./"$file" >> ${script_dir}/logs_Nv/log_ens${ENSEMBLE_RUN}_cut${CUTOFF_YEAR}.log 2>&1
parallel: Warning: No more processes: Decreasing number of running jobs to 82.
parallel: Warning: Try increasing 'ulimit -u' (try: ulimit -u `ulimit -Hu`)
parallel: Warning: or increasing 'nproc' in /etc/security/limits.conf
parallel: Warning: or increasing /proc/sys/kernel/pid_max
environment: line 5: 1999017 Segmentation fault      (core dumped) ./"$file" >> ${script_dir}/logs_Nv/log_ens${ENSEMBLE_RUN}_cut${CUTOFF_YEAR}.log 2>&1
environment: line 5: 2000107 Segmentation fault      (core dumped) ./"$file" >> ${script_dir}/logs_Nv/log_ens${ENSEMBLE_RUN}_cut${CUTOFF_YEAR}.log 2>&1
environment: line 5: 1999816 Segmentation fault      (core dumped) ./"$file" >> ${script_dir}/logs_Nv/log_ens${ENSEMBLE_RUN}_cut${CUTOFF_YEAR}.log 2>&1
environment: line 5: 2000018 Segmentation fault      (core dumped) ./"$file" >> ${script_dir}/logs_Nv/log_ens${ENSEMBLE_RUN}_cut${CUTOFF_YEAR}.log 2>&1
environment: line 5: 2003500 Segmentation fault      (core dumped) ./"$file" >> ${script_dir}/logs_Nv/log_ens${ENSEMBLE_RUN}_cut${CUTOFF_YEAR}.log 2>&1
environment: line 5: 2003766 Segmentation fault      (core dumped) ./"$file" >> ${script_dir}/logs_Nv/log_ens${ENSEMBLE_RUN}_cut${CUTOFF_YEAR}.log 2>&1
environment: line 5: 2003771 Segmentation fault      (core dumped) ./"$file" >> ${script_dir}/logs_Nv/log_ens${ENSEMBLE_RUN}_cut${CUTOFF_YEAR}.log 2>&1
environment: line 5: 2003764 Segmentation fault      (core dumped) ./"$file" >> ${script_dir}/logs_Nv/log_ens${ENSEMBLE_RUN}_cut${CUTOFF_YEAR}.log 2>&1
environment: line 5: 2003686 Segmentation fault      (core dumped) ./"$file" >> ${script_dir}/logs_Nv/log_ens${ENSEMBLE_RUN}_cut${CUTOFF_YEAR}.log 2>&1
environment: line 5: 2003772 Segmentation fault      (core dumped) ./"$file" >> ${script_dir}/logs_Nv/log_ens${ENSEMBLE_RUN}_cut${CUTOFF_YEAR}.log 2>&1
environment: line 5: 2003770 Segmentation fault      (core dumped) ./"$file" >> ${script_dir}/logs_Nv/log_ens${ENSEMBLE_RUN}_cut${CUTOFF_YEAR}.log 2>&1
environment: line 5: 2003593 Segmentation fault      (core dumped) ./"$file" >> ${script_dir}/logs_Nv/log_ens${ENSEMBLE_RUN}_cut${CUTOFF_YEAR}.log 2>&1
environment: line 5: 2003774 Segmentation fault      (core dumped) ./"$file" >> ${script_dir}/logs_Nv/log_ens${ENSEMBLE_RUN}_cut${CUTOFF_YEAR}.log 2>&1
environment: line 5: 2003696 Segmentation fault      (core dumped) ./"$file" >> ${script_dir}/logs_Nv/log_ens${ENSEMBLE_RUN}_cut${CUTOFF_YEAR}.log 2>&1
environment: line 5: 2003868 Segmentation fault      (core dumped) ./"$file" >> ${script_dir}/logs_Nv/log_ens${ENSEMBLE_RUN}_cut${CUTOFF_YEAR}.log 2>&1
environment: line 5: 2004198 Segmentation fault      ./"$file" >> ${script_dir}/logs_Nv/log_ens${ENSEMBLE_RUN}_cut${CUTOFF_YEAR}.log 2>&1
environment: line 5: 2004159 Segmentation fault      (core dumped) ./"$file" >> ${script_dir}/logs_Nv/log_ens${ENSEMBLE_RUN}_cut${CUTOFF_YEAR}.log 2>&1
parallel: Warning: No more processes: Decreasing number of running jobs to 81.
parallel: Warning: Try increasing 'ulimit -u' (try: ulimit -u `ulimit -Hu`)
parallel: Warning: or increasing 'nproc' in /etc/security/limits.conf
parallel: Warning: or increasing /proc/sys/kernel/pid_max
environment: line 5: 2004162 Segmentation fault      (core dumped) ./"$file" >> ${script_dir}/logs_Nv/log_ens${ENSEMBLE_RUN}_cut${CUTOFF_YEAR}.log 2>&1
environment: line 5: 2004173 Segmentation fault      (core dumped) ./"$file" >> ${script_dir}/logs_Nv/log_ens${ENSEMBLE_RUN}_cut${CUTOFF_YEAR}.log 2>&1
environment: line 5: 2004180 Segmentation fault      (core dumped) ./"$file" >> ${script_dir}/logs_Nv/log_ens${ENSEMBLE_RUN}_cut${CUTOFF_YEAR}.log 2>&1
environment: line 5: 2004178 Segmentation fault      (core dumped) ./"$file" >> ${script_dir}/logs_Nv/log_ens${ENSEMBLE_RUN}_cut${CUTOFF_YEAR}.log 2>&1
environment: line 5: 2004182 Segmentation fault      (core dumped) ./"$file" >> ${script_dir}/logs_Nv/log_ens${ENSEMBLE_RUN}_cut${CUTOFF_YEAR}.log 2>&1
environment: line 5: 2004185 Segmentation fault      (core dumped) ./"$file" >> ${script_dir}/logs_Nv/log_ens${ENSEMBLE_RUN}_cut${CUTOFF_YEAR}.log 2>&1
environment: line 5: 2004188 Segmentation fault      (core dumped) ./"$file" >> ${script_dir}/logs_Nv/log_ens${ENSEMBLE_RUN}_cut${CUTOFF_YEAR}.log 2>&1
environment: line 5: 2004194 Segmentation fault      (core dumped) ./"$file" >> ${script_dir}/logs_Nv/log_ens${ENSEMBLE_RUN}_cut${CUTOFF_YEAR}.log 2>&1
environment: line 5: 2004165 Segmentation fault      (core dumped) ./"$file" >> ${script_dir}/logs_Nv/log_ens${ENSEMBLE_RUN}_cut${CUTOFF_YEAR}.log 2>&1
environment: line 5: 2004200 Segmentation fault      (core dumped) ./"$file" >> ${script_dir}/logs_Nv/log_ens${ENSEMBLE_RUN}_cut${CUTOFF_YEAR}.log 2>&1
environment: line 5: 2004201 Segmentation fault      (core dumped) ./"$file" >> ${script_dir}/logs_Nv/log_ens${ENSEMBLE_RUN}_cut${CUTOFF_YEAR}.log 2>&1
environment: line 5: 2004202 Segmentation fault      (core dumped) ./"$file" >> ${script_dir}/logs_Nv/log_ens${ENSEMBLE_RUN}_cut${CUTOFF_YEAR}.log 2>&1
environment: line 5: 2004204 Segmentation fault      (core dumped) ./"$file" >> ${script_dir}/logs_Nv/log_ens${ENSEMBLE_RUN}_cut${CUTOFF_YEAR}.log 2>&1
environment: line 5: 2004249 Segmentation fault      (core dumped) ./"$file" >> ${script_dir}/logs_Nv/log_ens${ENSEMBLE_RUN}_cut${CUTOFF_YEAR}.log 2>&1
environment: fork: retry: Resource temporarily unavailable
environment: line 5: 2004335 Segmentation fault      (core dumped) ./"$file" >> ${script_dir}/logs_Nv/log_ens${ENSEMBLE_RUN}_cut${CUTOFF_YEAR}.log 2>&1
parallel: Warning: No more processes: Decreasing number of running jobs to 80.
parallel: Warning: Try increasing 'ulimit -u' (try: ulimit -u `ulimit -Hu`)
parallel: Warning: or increasing 'nproc' in /etc/security/limits.conf
parallel: Warning: or increasing /proc/sys/kernel/pid_max
environment: fork: retry: Resource temporarily unavailable
environment: line 5: 2004339 Segmentation fault      (core dumped) ./"$file" >> ${script_dir}/logs_Nv/log_ens${ENSEMBLE_RUN}_cut${CUTOFF_YEAR}.log 2>&1
environment: fork: retry: Resource temporarily unavailable
environment: line 5: 2004337 Segmentation fault      (core dumped) ./"$file" >> ${script_dir}/logs_Nv/log_ens${ENSEMBLE_RUN}_cut${CUTOFF_YEAR}.log 2>&1
environment: fork: retry: Resource temporarily unavailable
environment: line 5: 2004343 Segmentation fault      (core dumped) ./"$file" >> ${script_dir}/logs_Nv/log_ens${ENSEMBLE_RUN}_cut${CUTOFF_YEAR}.log 2>&1
environment: line 5: 2004368 Segmentation fault      (core dumped) ./"$file" >> ${script_dir}/logs_Nv/log_ens${ENSEMBLE_RUN}_cut${CUTOFF_YEAR}.log 2>&1
environment: line 5: 2004372 Segmentation fault      (core dumped) ./"$file" >> ${script_dir}/logs_Nv/log_ens${ENSEMBLE_RUN}_cut${CUTOFF_YEAR}.log 2>&1
environment: line 5: 2004375 Segmentation fault      (core dumped) ./"$file" >> ${script_dir}/logs_Nv/log_ens${ENSEMBLE_RUN}_cut${CUTOFF_YEAR}.log 2>&1
environment: line 5: 2004401 Segmentation fault      (core dumped) ./"$file" >> ${script_dir}/logs_Nv/log_ens${ENSEMBLE_RUN}_cut${CUTOFF_YEAR}.log 2>&1
environment: line 5: 2004406 Segmentation fault      (core dumped) ./"$file" >> ${script_dir}/logs_Nv/log_ens${ENSEMBLE_RUN}_cut${CUTOFF_YEAR}.log 2>&1
environment: line 5: 2004405 Segmentation fault      (core dumped) ./"$file" >> ${script_dir}/logs_Nv/log_ens${ENSEMBLE_RUN}_cut${CUTOFF_YEAR}.log 2>&1
environment: line 5: 2004404 Segmentation fault      (core dumped) ./"$file" >> ${script_dir}/logs_Nv/log_ens${ENSEMBLE_RUN}_cut${CUTOFF_YEAR}.log 2>&1
environment: line 5: 2004403 Segmentation fault      (core dumped) ./"$file" >> ${script_dir}/logs_Nv/log_ens${ENSEMBLE_RUN}_cut${CUTOFF_YEAR}.log 2>&1
environment: line 5: 2004537 Segmentation fault      (core dumped) ./"$file" >> ${script_dir}/logs_Nv/log_ens${ENSEMBLE_RUN}_cut${CUTOFF_YEAR}.log 2>&1
parallel: Warning: No more processes: Decreasing number of running jobs to 79.
parallel: Warning: Try increasing 'ulimit -u' (try: ulimit -u `ulimit -Hu`)
parallel: Warning: or increasing 'nproc' in /etc/security/limits.conf
parallel: Warning: or increasing /proc/sys/kernel/pid_max
environment: line 5: 2004526 Segmentation fault      (core dumped) ./"$file" >> ${script_dir}/logs_Nv/log_ens${ENSEMBLE_RUN}_cut${CUTOFF_YEAR}.log 2>&1
environment: line 5: 2004532 Segmentation fault      (core dumped) ./"$file" >> ${script_dir}/logs_Nv/log_ens${ENSEMBLE_RUN}_cut${CUTOFF_YEAR}.log 2>&1
environment: line 5: 2004540 Segmentation fault      (core dumped) ./"$file" >> ${script_dir}/logs_Nv/log_ens${ENSEMBLE_RUN}_cut${CUTOFF_YEAR}.log 2>&1
environment: line 5: 2004546 Segmentation fault      (core dumped) ./"$file" >> ${script_dir}/logs_Nv/log_ens${ENSEMBLE_RUN}_cut${CUTOFF_YEAR}.log 2>&1
environment: line 5: 2004539 Segmentation fault      (core dumped) ./"$file" >> ${script_dir}/logs_Nv/log_ens${ENSEMBLE_RUN}_cut${CUTOFF_YEAR}.log 2>&1
environment: line 5: 2004545 Segmentation fault      (core dumped) ./"$file" >> ${script_dir}/logs_Nv/log_ens${ENSEMBLE_RUN}_cut${CUTOFF_YEAR}.log 2>&1
environment: line 5: 1999718 Segmentation fault      (core dumped) ./"$file" >> ${script_dir}/logs_Nv/log_ens${ENSEMBLE_RUN}_cut${CUTOFF_YEAR}.log 2>&1
environment: line 5: 2004612 Segmentation fault      (core dumped) ./"$file" >> ${script_dir}/logs_Nv/log_ens${ENSEMBLE_RUN}_cut${CUTOFF_YEAR}.log 2>&1
parallel: Warning: No more processes: Decreasing number of running jobs to 78.
parallel: Warning: Try increasing 'ulimit -u' (try: ulimit -u `ulimit -Hu`)
parallel: Warning: or increasing 'nproc' in /etc/security/limits.conf
parallel: Warning: or increasing /proc/sys/kernel/pid_max
environment: line 5: 2004613 Segmentation fault      (core dumped) ./"$file" >> ${script_dir}/logs_Nv/log_ens${ENSEMBLE_RUN}_cut${CUTOFF_YEAR}.log 2>&1
parallel: Warning: No more processes: Decreasing number of running jobs to 77.
parallel: Warning: Try increasing 'ulimit -u' (try: ulimit -u `ulimit -Hu`)
parallel: Warning: or increasing 'nproc' in /etc/security/limits.conf
parallel: Warning: or increasing /proc/sys/kernel/pid_max
environment: fork: retry: Resource temporarily unavailable
environment: line 5: 2004616 Segmentation fault      (core dumped) ./"$file" >> ${script_dir}/logs_Nv/log_ens${ENSEMBLE_RUN}_cut${CUTOFF_YEAR}.log 2>&1
environment: line 5: 2004601 Segmentation fault      (core dumped) ./"$file" >> ${script_dir}/logs_Nv/log_ens${ENSEMBLE_RUN}_cut${CUTOFF_YEAR}.log 2>&1
environment: line 5: 2004611 Segmentation fault      (core dumped) ./"$file" >> ${script_dir}/logs_Nv/log_ens${ENSEMBLE_RUN}_cut${CUTOFF_YEAR}.log 2>&1
environment: line 5: 2004607 Segmentation fault      (core dumped) ./"$file" >> ${script_dir}/logs_Nv/log_ens${ENSEMBLE_RUN}_cut${CUTOFF_YEAR}.log 2>&1
environment: line 5: 2004610 Segmentation fault      (core dumped) ./"$file" >> ${script_dir}/logs_Nv/log_ens${ENSEMBLE_RUN}_cut${CUTOFF_YEAR}.log 2>&1
environment: line 5: 2004637 Segmentation fault      (core dumped) ./"$file" >> ${script_dir}/logs_Nv/log_ens${ENSEMBLE_RUN}_cut${CUTOFF_YEAR}.log 2>&1
parallel: Warning: No more processes: Decreasing number of running jobs to 76.
parallel: Warning: Try increasing 'ulimit -u' (try: ulimit -u `ulimit -Hu`)
parallel: Warning: or increasing 'nproc' in /etc/security/limits.conf
parallel: Warning: or increasing /proc/sys/kernel/pid_max
environment: fork: retry: Resource temporarily unavailable
environment: line 5: 2004697 Segmentation fault      (core dumped) ./"$file" >> ${script_dir}/logs_Nv/log_ens${ENSEMBLE_RUN}_cut${CUTOFF_YEAR}.log 2>&1
environment: fork: retry: Resource temporarily unavailable
environment: line 5: 2004701 Segmentation fault      (core dumped) ./"$file" >> ${script_dir}/logs_Nv/log_ens${ENSEMBLE_RUN}_cut${CUTOFF_YEAR}.log 2>&1
environment: fork: retry: Resource temporarily unavailable
environment: line 5: 2004714 Segmentation fault      (core dumped) ./"$file" >> ${script_dir}/logs_Nv/log_ens${ENSEMBLE_RUN}_cut${CUTOFF_YEAR}.log 2>&1
environment: fork: retry: Resource temporarily unavailable
environment: line 5: 2004713 Segmentation fault      (core dumped) ./"$file" >> ${script_dir}/logs_Nv/log_ens${ENSEMBLE_RUN}_cut${CUTOFF_YEAR}.log 2>&1
environment: line 5: 2004683 Segmentation fault      (core dumped) ./"$file" >> ${script_dir}/logs_Nv/log_ens${ENSEMBLE_RUN}_cut${CUTOFF_YEAR}.log 2>&1
environment: line 5: 2004685 Segmentation fault      (core dumped) ./"$file" >> ${script_dir}/logs_Nv/log_ens${ENSEMBLE_RUN}_cut${CUTOFF_YEAR}.log 2>&1
environment: line 5: 2004687 Segmentation fault      (core dumped) ./"$file" >> ${script_dir}/logs_Nv/log_ens${ENSEMBLE_RUN}_cut${CUTOFF_YEAR}.log 2>&1
environment: line 5: 2004684 Segmentation fault      (core dumped) ./"$file" >> ${script_dir}/logs_Nv/log_ens${ENSEMBLE_RUN}_cut${CUTOFF_YEAR}.log 2>&1
environment: line 5: 2004688 Segmentation fault      (core dumped) ./"$file" >> ${script_dir}/logs_Nv/log_ens${ENSEMBLE_RUN}_cut${CUTOFF_YEAR}.log 2>&1
environment: line 5: 2000014 Segmentation fault      (core dumped) ./"$file" >> ${script_dir}/logs_Nv/log_ens${ENSEMBLE_RUN}_cut${CUTOFF_YEAR}.log 2>&1
environment: line 5: 2004777 Segmentation fault      (core dumped) ./"$file" >> ${script_dir}/logs_Nv/log_ens${ENSEMBLE_RUN}_cut${CUTOFF_YEAR}.log 2>&1
environment: line 5: 2004775 Segmentation fault      (core dumped) ./"$file" >> ${script_dir}/logs_Nv/log_ens${ENSEMBLE_RUN}_cut${CUTOFF_YEAR}.log 2>&1
environment: fork: retry: Resource temporarily unavailable
environment: line 5: 2004413 Segmentation fault      (core dumped) ./"$file" >> ${script_dir}/logs_Nv/log_ens${ENSEMBLE_RUN}_cut${CUTOFF_YEAR}.log 2>&1
environment: fork: retry: Resource temporarily unavailable
environment: fork: retry: Resource temporarily unavailable
environment: line 5: 2004815 Segmentation fault      (core dumped) ./"$file" >> ${script_dir}/logs_Nv/log_ens${ENSEMBLE_RUN}_cut${CUTOFF_YEAR}.log 2>&1
environment: fork: retry: Resource temporarily unavailable
environment: fork: retry: Resource temporarily unavailable
environment: line 5: 2004853 Segmentation fault      (core dumped) ./"$file" >> ${script_dir}/logs_Nv/log_ens${ENSEMBLE_RUN}_cut${CUTOFF_YEAR}.log 2>&1
environment: fork: retry: Resource temporarily unavailable
environment: fork: retry: Resource temporarily unavailable
environment: line 5: 2004870 Segmentation fault      (core dumped) ./"$file" >> ${script_dir}/logs_Nv/log_ens${ENSEMBLE_RUN}_cut${CUTOFF_YEAR}.log 2>&1
environment: fork: retry: Resource temporarily unavailable
environment: fork: retry: Resource temporarily unavailable
environment: line 5: 2004856 Segmentation fault      (core dumped) ./"$file" >> ${script_dir}/logs_Nv/log_ens${ENSEMBLE_RUN}_cut${CUTOFF_YEAR}.log 2>&1
environment: fork: retry: Resource temporarily unavailable
environment: fork: retry: Resource temporarily unavailable
environment: line 5: 2004866 Segmentation fault      (core dumped) ./"$file" >> ${script_dir}/logs_Nv/log_ens${ENSEMBLE_RUN}_cut${CUTOFF_YEAR}.log 2>&1
environment: fork: retry: Resource temporarily unavailable
environment: fork: retry: Resource temporarily unavailable
environment: line 5: 2004877 Segmentation fault      (core dumped) ./"$file" >> ${script_dir}/logs_Nv/log_ens${ENSEMBLE_RUN}_cut${CUTOFF_YEAR}.log 2>&1
environment: fork: retry: Resource temporarily unavailable
environment: fork: retry: Resource temporarily unavailable
environment: line 5: 2004851 Segmentation fault      (core dumped) ./"$file" >> ${script_dir}/logs_Nv/log_ens${ENSEMBLE_RUN}_cut${CUTOFF_YEAR}.log 2>&1
environment: fork: retry: Resource temporarily unavailable
environment: fork: retry: Resource temporarily unavailable
environment: line 5: 2004874 Segmentation fault      (core dumped) ./"$file" >> ${script_dir}/logs_Nv/log_ens${ENSEMBLE_RUN}_cut${CUTOFF_YEAR}.log 2>&1
environment: fork: retry: Resource temporarily unavailable
environment: fork: retry: Resource temporarily unavailable
environment: line 5: 2004862 Segmentation fault      (core dumped) ./"$file" >> ${script_dir}/logs_Nv/log_ens${ENSEMBLE_RUN}_cut${CUTOFF_YEAR}.log 2>&1
environment: fork: retry: Resource temporarily unavailable
environment: fork: retry: Resource temporarily unavailable
environment: line 5: 2004864 Segmentation fault      (core dumped) ./"$file" >> ${script_dir}/logs_Nv/log_ens${ENSEMBLE_RUN}_cut${CUTOFF_YEAR}.log 2>&1
environment: fork: retry: Resource temporarily unavailable
environment: fork: retry: Resource temporarily unavailable
environment: line 5: 2004880 Segmentation fault      (core dumped) ./"$file" >> ${script_dir}/logs_Nv/log_ens${ENSEMBLE_RUN}_cut${CUTOFF_YEAR}.log 2>&1
environment: fork: retry: Resource temporarily unavailable
environment: fork: retry: Resource temporarily unavailable
environment: line 5: 2004878 Segmentation fault      (core dumped) ./"$file" >> ${script_dir}/logs_Nv/log_ens${ENSEMBLE_RUN}_cut${CUTOFF_YEAR}.log 2>&1
environment: fork: retry: Resource temporarily unavailable
environment: fork: retry: Resource temporarily unavailable
environment: line 5: 2005011 Segmentation fault      (core dumped) ./"$file" >> ${script_dir}/logs_Nv/log_ens${ENSEMBLE_RUN}_cut${CUTOFF_YEAR}.log 2>&1
environment: fork: retry: Resource temporarily unavailable
environment: fork: retry: Resource temporarily unavailable
environment: line 5: 2005007 Segmentation fault      (core dumped) ./"$file" >> ${script_dir}/logs_Nv/log_ens${ENSEMBLE_RUN}_cut${CUTOFF_YEAR}.log 2>&1
environment: fork: retry: Resource temporarily unavailable
environment: fork: retry: Resource temporarily unavailable
environment: line 5: 2005016 Segmentation fault      (core dumped) ./"$file" >> ${script_dir}/logs_Nv/log_ens${ENSEMBLE_RUN}_cut${CUTOFF_YEAR}.log 2>&1
environment: fork: retry: Resource temporarily unavailable
environment: fork: retry: Resource temporarily unavailable
environment: line 5: 2005014 Segmentation fault      (core dumped) ./"$file" >> ${script_dir}/logs_Nv/log_ens${ENSEMBLE_RUN}_cut${CUTOFF_YEAR}.log 2>&1
environment: fork: retry: Resource temporarily unavailable
environment: fork: retry: Resource temporarily unavailable
environment: line 5: 2004859 Segmentation fault      (core dumped) ./"$file" >> ${script_dir}/logs_Nv/log_ens${ENSEMBLE_RUN}_cut${CUTOFF_YEAR}.log 2>&1
environment: fork: retry: Resource temporarily unavailable
environment: fork: retry: Resource temporarily unavailable
environment: line 5: 2005009 Segmentation fault      (core dumped) ./"$file" >> ${script_dir}/logs_Nv/log_ens${ENSEMBLE_RUN}_cut${CUTOFF_YEAR}.log 2>&1
environment: line 1: 2013842 Aborted                 ./"$file" >> ${script_dir}/logs_Nv/log_ens${ENSEMBLE_RUN}_cut${CUTOFF_YEAR}.log 2>&1
environment: line 1: 2013785 Aborted                 ./"$file" >> ${script_dir}/logs_Nv/log_ens${ENSEMBLE_RUN}_cut${CUTOFF_YEAR}.log 2>&1
environment: line 1: 2013760 Aborted                 ./"$file" >> ${script_dir}/logs_Nv/log_ens${ENSEMBLE_RUN}_cut${CUTOFF_YEAR}.log 2>&1
environment: line 1: 2013866 Aborted                 ./"$file" >> ${script_dir}/logs_Nv/log_ens${ENSEMBLE_RUN}_cut${CUTOFF_YEAR}.log 2>&1
environment: line 1: 2013885 Aborted                 ./"$file" >> ${script_dir}/logs_Nv/log_ens${ENSEMBLE_RUN}_cut${CUTOFF_YEAR}.log 2>&1
environment: line 1: 2013691 Aborted                 ./"$file" >> ${script_dir}/logs_Nv/log_ens${ENSEMBLE_RUN}_cut${CUTOFF_YEAR}.log 2>&1
environment: line 1: 2013964 Aborted                 ./"$file" >> ${script_dir}/logs_Nv/log_ens${ENSEMBLE_RUN}_cut${CUTOFF_YEAR}.log 2>&1
environment: line 1: 2013739 Aborted                 ./"$file" >> ${script_dir}/logs_Nv/log_ens${ENSEMBLE_RUN}_cut${CUTOFF_YEAR}.log 2>&1
environment: line 1: 2013929 Aborted                 ./"$file" >> ${script_dir}/logs_Nv/log_ens${ENSEMBLE_RUN}_cut${CUTOFF_YEAR}.log 2>&1
environment: line 1: 2013856 Aborted                 ./"$file" >> ${script_dir}/logs_Nv/log_ens${ENSEMBLE_RUN}_cut${CUTOFF_YEAR}.log 2>&1
environment: line 1: 2013900 Aborted                 ./"$file" >> ${script_dir}/logs_Nv/log_ens${ENSEMBLE_RUN}_cut${CUTOFF_YEAR}.log 2>&1
environment: line 1: 2013662 Aborted                 (core dumped) ./"$file" >> ${script_dir}/logs_Nv/log_ens${ENSEMBLE_RUN}_cut${CUTOFF_YEAR}.log 2>&1
environment: line 1: 2013825 Aborted                 (core dumped) ./"$file" >> ${script_dir}/logs_Nv/log_ens${ENSEMBLE_RUN}_cut${CUTOFF_YEAR}.log 2>&1
environment: line 1: 2013974 Aborted                 (core dumped) ./"$file" >> ${script_dir}/logs_Nv/log_ens${ENSEMBLE_RUN}_cut${CUTOFF_YEAR}.log 2>&1
environment: line 1: 2013967 Aborted                 (core dumped) ./"$file" >> ${script_dir}/logs_Nv/log_ens${ENSEMBLE_RUN}_cut${CUTOFF_YEAR}.log 2>&1
environment: fork: retry: Resource temporarily unavailable
environment: line 1: 2013934 Aborted                 (core dumped) ./"$file" >> ${script_dir}/logs_Nv/log_ens${ENSEMBLE_RUN}_cut${CUTOFF_YEAR}.log 2>&1
environment: fork: retry: Resource temporarily unavailable
environment: fork: retry: Resource temporarily unavailable
environment: line 1: 2013780 Aborted                 (core dumped) ./"$file" >> ${script_dir}/logs_Nv/log_ens${ENSEMBLE_RUN}_cut${CUTOFF_YEAR}.log 2>&1
environment: line 1: 2013769 Aborted                 (core dumped) ./"$file" >> ${script_dir}/logs_Nv/log_ens${ENSEMBLE_RUN}_cut${CUTOFF_YEAR}.log 2>&1
environment: line 1: 2013665 Aborted                 (core dumped) ./"$file" >> ${script_dir}/logs_Nv/log_ens${ENSEMBLE_RUN}_cut${CUTOFF_YEAR}.log 2>&1
environment: line 1: 2013684 Aborted                 (core dumped) ./"$file" >> ${script_dir}/logs_Nv/log_ens${ENSEMBLE_RUN}_cut${CUTOFF_YEAR}.log 2>&1
environment: line 1: 2013667 Aborted                 (core dumped) ./"$file" >> ${script_dir}/logs_Nv/log_ens${ENSEMBLE_RUN}_cut${CUTOFF_YEAR}.log 2>&1
environment: line 1: 2013768 Aborted                 (core dumped) ./"$file" >> ${script_dir}/logs_Nv/log_ens${ENSEMBLE_RUN}_cut${CUTOFF_YEAR}.log 2>&1
environment: line 1: 2013905 Aborted                 (core dumped) ./"$file" >> ${script_dir}/logs_Nv/log_ens${ENSEMBLE_RUN}_cut${CUTOFF_YEAR}.log 2>&1
environment: line 1: 2013922 Aborted                 (core dumped) ./"$file" >> ${script_dir}/logs_Nv/log_ens${ENSEMBLE_RUN}_cut${CUTOFF_YEAR}.log 2>&1
environment: line 1: 2013653 Aborted                 (core dumped) ./"$file" >> ${script_dir}/logs_Nv/log_ens${ENSEMBLE_RUN}_cut${CUTOFF_YEAR}.log 2>&1
environment: line 1: 2013831 Aborted                 (core dumped) ./"$file" >> ${script_dir}/logs_Nv/log_ens${ENSEMBLE_RUN}_cut${CUTOFF_YEAR}.log 2>&1
environment: line 1: 2013775 Aborted                 (core dumped) ./"$file" >> ${script_dir}/logs_Nv/log_ens${ENSEMBLE_RUN}_cut${CUTOFF_YEAR}.log 2>&1
environment: line 1: 2013920 Aborted                 (core dumped) ./"$file" >> ${script_dir}/logs_Nv/log_ens${ENSEMBLE_RUN}_cut${CUTOFF_YEAR}.log 2>&1
environment: line 1: 2013902 Aborted                 (core dumped) ./"$file" >> ${script_dir}/logs_Nv/log_ens${ENSEMBLE_RUN}_cut${CUTOFF_YEAR}.log 2>&1
slurmstepd: error: *** JOB 11631592 ON node2411 CANCELLED AT 2025-06-01T03:15:27 ***
