## SLURM PROLOG ###############################################################
##    Job ID : 11639466
##  Job Name : FAIR_Nv
##  Nodelist : node2421
##      CPUs : 85
##   Mem/CPU : 2800 MB
## Directory : /oscar/data/deeps/private/bfoxkemp/jnickla1/fair-calibrate
##   Job Started : Mon Jun  2 11:43:42 AM EDT 2025
###############################################################################
Starting job 40 on node2421
environment: line 5: 1057245 Killed                  ./"$file" >> ${script_dir}/logs_Nv/log_ens${ENSEMBLE_RUN}_cut${CUTOFF_YEAR}.log 2>&1
environment: line 5: 1057233 Killed                  ./"$file" >> ${script_dir}/logs_Nv/log_ens${ENSEMBLE_RUN}_cut${CUTOFF_YEAR}.log 2>&1
environment: line 5: 1057175 Killed                  ./"$file" >> ${script_dir}/logs_Nv/log_ens${ENSEMBLE_RUN}_cut${CUTOFF_YEAR}.log 2>&1
environment: line 5: 1057106 Killed                  ./"$file" >> ${script_dir}/logs_Nv/log_ens${ENSEMBLE_RUN}_cut${CUTOFF_YEAR}.log 2>&1
environment: line 5: 1057131 Killed                  ./"$file" >> ${script_dir}/logs_Nv/log_ens${ENSEMBLE_RUN}_cut${CUTOFF_YEAR}.log 2>&1
environment: line 5: 1057218 Killed                  ./"$file" >> ${script_dir}/logs_Nv/log_ens${ENSEMBLE_RUN}_cut${CUTOFF_YEAR}.log 2>&1
environment: line 5: 1057224 Killed                  ./"$file" >> ${script_dir}/logs_Nv/log_ens${ENSEMBLE_RUN}_cut${CUTOFF_YEAR}.log 2>&1
environment: line 5: 1057230 Killed                  ./"$file" >> ${script_dir}/logs_Nv/log_ens${ENSEMBLE_RUN}_cut${CUTOFF_YEAR}.log 2>&1
environment: line 5: 1057237 Killed                  ./"$file" >> ${script_dir}/logs_Nv/log_ens${ENSEMBLE_RUN}_cut${CUTOFF_YEAR}.log 2>&1
environment: line 5: 1057222 Killed                  ./"$file" >> ${script_dir}/logs_Nv/log_ens${ENSEMBLE_RUN}_cut${CUTOFF_YEAR}.log 2>&1
environment: line 5: 1057321 Killed                  ./"$file" >> ${script_dir}/logs_Nv/log_ens${ENSEMBLE_RUN}_cut${CUTOFF_YEAR}.log 2>&1
environment: line 5: 1057327 Killed                  ./"$file" >> ${script_dir}/logs_Nv/log_ens${ENSEMBLE_RUN}_cut${CUTOFF_YEAR}.log 2>&1
environment: line 5: 1057415 Killed                  ./"$file" >> ${script_dir}/logs_Nv/log_ens${ENSEMBLE_RUN}_cut${CUTOFF_YEAR}.log 2>&1
environment: line 5: 1057475 Killed                  ./"$file" >> ${script_dir}/logs_Nv/log_ens${ENSEMBLE_RUN}_cut${CUTOFF_YEAR}.log 2>&1
Total time: 547 seconds
All done!
slurmstepd: error: Detected 14 oom_kill events in StepId=11639466.batch. Some of the step tasks have been OOM Killed.
