## SLURM PROLOG ###############################################################
##    Job ID : 11695455
##  Job Name : FAIR_M3
##  Nodelist : node[2306,2309,2320,2322,2325,2328]
##      CPUs : 86
##   Mem/CPU : 5120 MB
## Directory : /oscar/data/deeps/private/bfoxkemp/jnickla1/fair-calibrate
##   Job Started : Mon Jun  9 08:55:59 PM EDT 2025
###############################################################################
Starting job 32 on node2306
environment: line 1: 3388236 Killed                  ./"$file" >> ${script_dir}/logs_M3/log_ens${ENSEMBLE_RUN}_cut${CUTOFF_YEAR}.log 2>&1
environment: line 1: 3388193 Killed                  ./"$file" >> ${script_dir}/logs_M3/log_ens${ENSEMBLE_RUN}_cut${CUTOFF_YEAR}.log 2>&1
environment: line 1: 3391482 Killed                  ./"$file" >> ${script_dir}/logs_M3/log_ens${ENSEMBLE_RUN}_cut${CUTOFF_YEAR}.log 2>&1
environment: line 1: 3746879 Killed                  ./"$file" >> ${script_dir}/logs_M3/log_ens${ENSEMBLE_RUN}_cut${CUTOFF_YEAR}.log 2>&1
environment: line 1: 3388501 Killed                  ./"$file" >> ${script_dir}/logs_M3/log_ens${ENSEMBLE_RUN}_cut${CUTOFF_YEAR}.log 2>&1
environment: line 1: 3389601 Killed                  ./"$file" >> ${script_dir}/logs_M3/log_ens${ENSEMBLE_RUN}_cut${CUTOFF_YEAR}.log 2>&1
environment: line 1: 3391247 Killed                  ./"$file" >> ${script_dir}/logs_M3/log_ens${ENSEMBLE_RUN}_cut${CUTOFF_YEAR}.log 2>&1
environment: line 1: 3389580 Killed                  ./"$file" >> ${script_dir}/logs_M3/log_ens${ENSEMBLE_RUN}_cut${CUTOFF_YEAR}.log 2>&1
environment: line 1: 3388488 Killed                  ./"$file" >> ${script_dir}/logs_M3/log_ens${ENSEMBLE_RUN}_cut${CUTOFF_YEAR}.log 2>&1
environment: line 1: 3389129 Killed                  ./"$file" >> ${script_dir}/logs_M3/log_ens${ENSEMBLE_RUN}_cut${CUTOFF_YEAR}.log 2>&1
environment: line 1: 3391007 Killed                  ./"$file" >> ${script_dir}/logs_M3/log_ens${ENSEMBLE_RUN}_cut${CUTOFF_YEAR}.log 2>&1
environment: line 1: 3389428 Killed                  ./"$file" >> ${script_dir}/logs_M3/log_ens${ENSEMBLE_RUN}_cut${CUTOFF_YEAR}.log 2>&1
environment: line 1: 3388385 Killed                  ./"$file" >> ${script_dir}/logs_M3/log_ens${ENSEMBLE_RUN}_cut${CUTOFF_YEAR}.log 2>&1
environment: line 1: 3388360 Killed                  ./"$file" >> ${script_dir}/logs_M3/log_ens${ENSEMBLE_RUN}_cut${CUTOFF_YEAR}.log 2>&1
environment: line 1: 3388657 Killed                  ./"$file" >> ${script_dir}/logs_M3/log_ens${ENSEMBLE_RUN}_cut${CUTOFF_YEAR}.log 2>&1
environment: line 1: 3388787 Killed                  ./"$file" >> ${script_dir}/logs_M3/log_ens${ENSEMBLE_RUN}_cut${CUTOFF_YEAR}.log 2>&1
environment: line 1: 3388259 Killed                  ./"$file" >> ${script_dir}/logs_M3/log_ens${ENSEMBLE_RUN}_cut${CUTOFF_YEAR}.log 2>&1
environment: line 1: 3389242 Killed                  ./"$file" >> ${script_dir}/logs_M3/log_ens${ENSEMBLE_RUN}_cut${CUTOFF_YEAR}.log 2>&1
environment: line 1: 3389345 Killed                  ./"$file" >> ${script_dir}/logs_M3/log_ens${ENSEMBLE_RUN}_cut${CUTOFF_YEAR}.log 2>&1
environment: line 1: 3389868 Killed                  ./"$file" >> ${script_dir}/logs_M3/log_ens${ENSEMBLE_RUN}_cut${CUTOFF_YEAR}.log 2>&1
environment: line 1: 3388190 Killed                  ./"$file" >> ${script_dir}/logs_M3/log_ens${ENSEMBLE_RUN}_cut${CUTOFF_YEAR}.log 2>&1
environment: line 1: 3388954 Killed                  ./"$file" >> ${script_dir}/logs_M3/log_ens${ENSEMBLE_RUN}_cut${CUTOFF_YEAR}.log 2>&1
environment: line 1: 3740096 Killed                  ./"$file" >> ${script_dir}/logs_M3/log_ens${ENSEMBLE_RUN}_cut${CUTOFF_YEAR}.log 2>&1
environment: line 1: 3790719 Killed                  ./"$file" >> ${script_dir}/logs_M3/log_ens${ENSEMBLE_RUN}_cut${CUTOFF_YEAR}.log 2>&1
environment: line 1: 3728202 Killed                  ./"$file" >> ${script_dir}/logs_M3/log_ens${ENSEMBLE_RUN}_cut${CUTOFF_YEAR}.log 2>&1
environment: line 1: 3388620 Killed                  ./"$file" >> ${script_dir}/logs_M3/log_ens${ENSEMBLE_RUN}_cut${CUTOFF_YEAR}.log 2>&1
environment: line 1: 3389382 Killed                  ./"$file" >> ${script_dir}/logs_M3/log_ens${ENSEMBLE_RUN}_cut${CUTOFF_YEAR}.log 2>&1
environment: line 1: 3389606 Killed                  ./"$file" >> ${script_dir}/logs_M3/log_ens${ENSEMBLE_RUN}_cut${CUTOFF_YEAR}.log 2>&1
environment: line 1: 3389210 Killed                  ./"$file" >> ${script_dir}/logs_M3/log_ens${ENSEMBLE_RUN}_cut${CUTOFF_YEAR}.log 2>&1
environment: line 1: 3389499 Killed                  ./"$file" >> ${script_dir}/logs_M3/log_ens${ENSEMBLE_RUN}_cut${CUTOFF_YEAR}.log 2>&1
environment: line 1: 3388471 Killed                  ./"$file" >> ${script_dir}/logs_M3/log_ens${ENSEMBLE_RUN}_cut${CUTOFF_YEAR}.log 2>&1
environment: line 1: 3389058 Killed                  ./"$file" >> ${script_dir}/logs_M3/log_ens${ENSEMBLE_RUN}_cut${CUTOFF_YEAR}.log 2>&1
environment: line 1: 3388302 Killed                  ./"$file" >> ${script_dir}/logs_M3/log_ens${ENSEMBLE_RUN}_cut${CUTOFF_YEAR}.log 2>&1
environment: line 1: 3388381 Killed                  ./"$file" >> ${script_dir}/logs_M3/log_ens${ENSEMBLE_RUN}_cut${CUTOFF_YEAR}.log 2>&1
environment: line 1: 3388329 Killed                  ./"$file" >> ${script_dir}/logs_M3/log_ens${ENSEMBLE_RUN}_cut${CUTOFF_YEAR}.log 2>&1
environment: line 1: 3389460 Killed                  ./"$file" >> ${script_dir}/logs_M3/log_ens${ENSEMBLE_RUN}_cut${CUTOFF_YEAR}.log 2>&1
environment: line 1: 3389703 Killed                  ./"$file" >> ${script_dir}/logs_M3/log_ens${ENSEMBLE_RUN}_cut${CUTOFF_YEAR}.log 2>&1
environment: line 1: 3391365 Killed                  ./"$file" >> ${script_dir}/logs_M3/log_ens${ENSEMBLE_RUN}_cut${CUTOFF_YEAR}.log 2>&1
environment: line 1: 3388414 Killed                  ./"$file" >> ${script_dir}/logs_M3/log_ens${ENSEMBLE_RUN}_cut${CUTOFF_YEAR}.log 2>&1
environment: line 1: 3388199 Killed                  ./"$file" >> ${script_dir}/logs_M3/log_ens${ENSEMBLE_RUN}_cut${CUTOFF_YEAR}.log 2>&1
environment: line 1: 3388423 Killed                  ./"$file" >> ${script_dir}/logs_M3/log_ens${ENSEMBLE_RUN}_cut${CUTOFF_YEAR}.log 2>&1
environment: line 1: 3389876 Killed                  ./"$file" >> ${script_dir}/logs_M3/log_ens${ENSEMBLE_RUN}_cut${CUTOFF_YEAR}.log 2>&1
environment: line 1: 3389364 Killed                  ./"$file" >> ${script_dir}/logs_M3/log_ens${ENSEMBLE_RUN}_cut${CUTOFF_YEAR}.log 2>&1
environment: line 1: 3389013 Killed                  ./"$file" >> ${script_dir}/logs_M3/log_ens${ENSEMBLE_RUN}_cut${CUTOFF_YEAR}.log 2>&1
environment: line 1: 3391706 Killed                  ./"$file" >> ${script_dir}/logs_M3/log_ens${ENSEMBLE_RUN}_cut${CUTOFF_YEAR}.log 2>&1
environment: line 1: 3390228 Killed                  ./"$file" >> ${script_dir}/logs_M3/log_ens${ENSEMBLE_RUN}_cut${CUTOFF_YEAR}.log 2>&1
environment: line 1: 3388892 Killed                  ./"$file" >> ${script_dir}/logs_M3/log_ens${ENSEMBLE_RUN}_cut${CUTOFF_YEAR}.log 2>&1
environment: line 1: 3388287 Killed                  ./"$file" >> ${script_dir}/logs_M3/log_ens${ENSEMBLE_RUN}_cut${CUTOFF_YEAR}.log 2>&1
environment: line 1: 3389542 Killed                  ./"$file" >> ${script_dir}/logs_M3/log_ens${ENSEMBLE_RUN}_cut${CUTOFF_YEAR}.log 2>&1
environment: line 1: 3388518 Killed                  ./"$file" >> ${script_dir}/logs_M3/log_ens${ENSEMBLE_RUN}_cut${CUTOFF_YEAR}.log 2>&1
environment: line 1: 3389258 Killed                  ./"$file" >> ${script_dir}/logs_M3/log_ens${ENSEMBLE_RUN}_cut${CUTOFF_YEAR}.log 2>&1
environment: line 1: 3657691 Killed                  ./"$file" >> ${script_dir}/logs_M3/log_ens${ENSEMBLE_RUN}_cut${CUTOFF_YEAR}.log 2>&1
environment: line 1: 3389249 Killed                  ./"$file" >> ${script_dir}/logs_M3/log_ens${ENSEMBLE_RUN}_cut${CUTOFF_YEAR}.log 2>&1
environment: line 1: 3388567 Killed                  ./"$file" >> ${script_dir}/logs_M3/log_ens${ENSEMBLE_RUN}_cut${CUTOFF_YEAR}.log 2>&1
environment: line 1: 3390618 Killed                  ./"$file" >> ${script_dir}/logs_M3/log_ens${ENSEMBLE_RUN}_cut${CUTOFF_YEAR}.log 2>&1
environment: line 1: 3390779 Killed                  ./"$file" >> ${script_dir}/logs_M3/log_ens${ENSEMBLE_RUN}_cut${CUTOFF_YEAR}.log 2>&1
environment: line 1: 3388265 Killed                  ./"$file" >> ${script_dir}/logs_M3/log_ens${ENSEMBLE_RUN}_cut${CUTOFF_YEAR}.log 2>&1
environment: line 1: 3388638 Killed                  ./"$file" >> ${script_dir}/logs_M3/log_ens${ENSEMBLE_RUN}_cut${CUTOFF_YEAR}.log 2>&1
environment: line 1: 3388967 Killed                  ./"$file" >> ${script_dir}/logs_M3/log_ens${ENSEMBLE_RUN}_cut${CUTOFF_YEAR}.log 2>&1
environment: line 1: 3388534 Killed                  ./"$file" >> ${script_dir}/logs_M3/log_ens${ENSEMBLE_RUN}_cut${CUTOFF_YEAR}.log 2>&1
environment: line 1: 3852751 Killed                  ./"$file" >> ${script_dir}/logs_M3/log_ens${ENSEMBLE_RUN}_cut${CUTOFF_YEAR}.log 2>&1
environment: line 1: 3857711 Killed                  ./"$file" >> ${script_dir}/logs_M3/log_ens${ENSEMBLE_RUN}_cut${CUTOFF_YEAR}.log 2>&1
environment: line 1: 3389047 Killed                  ./"$file" >> ${script_dir}/logs_M3/log_ens${ENSEMBLE_RUN}_cut${CUTOFF_YEAR}.log 2>&1
environment: line 1: 3389585 Killed                  ./"$file" >> ${script_dir}/logs_M3/log_ens${ENSEMBLE_RUN}_cut${CUTOFF_YEAR}.log 2>&1
environment: line 1: 3885865 Killed                  ./"$file" >> ${script_dir}/logs_M3/log_ens${ENSEMBLE_RUN}_cut${CUTOFF_YEAR}.log 2>&1
environment: line 1: 3388437 Killed                  ./"$file" >> ${script_dir}/logs_M3/log_ens${ENSEMBLE_RUN}_cut${CUTOFF_YEAR}.log 2>&1
Total time: 5052 seconds
All done!
slurmstepd: error: Detected 66 oom_kill events in StepId=11695455.batch. Some of the step tasks have been OOM Killed.
