## SLURM PROLOG ###############################################################
##    Job ID : 11694266
##  Job Name : FAIR_M3
##  Nodelist : node[1906,1915-1916,1919,1921-1922]
##      CPUs : 86
##   Mem/CPU : 5120 MB
## Directory : /oscar/data/deeps/private/bfoxkemp/jnickla1/fair-calibrate
##   Job Started : Mon Jun  9 06:37:36 PM EDT 2025
###############################################################################
Starting job 24 on node1906
environment: line 1: 1277578 Killed                  ./"$file" >> ${script_dir}/logs_M3/log_ens${ENSEMBLE_RUN}_cut${CUTOFF_YEAR}.log 2>&1
environment: line 1: 1277752 Killed                  ./"$file" >> ${script_dir}/logs_M3/log_ens${ENSEMBLE_RUN}_cut${CUTOFF_YEAR}.log 2>&1
environment: line 1: 1277717 Killed                  ./"$file" >> ${script_dir}/logs_M3/log_ens${ENSEMBLE_RUN}_cut${CUTOFF_YEAR}.log 2>&1
environment: line 1: 1277609 Killed                  ./"$file" >> ${script_dir}/logs_M3/log_ens${ENSEMBLE_RUN}_cut${CUTOFF_YEAR}.log 2>&1
environment: line 1: 1277759 Killed                  ./"$file" >> ${script_dir}/logs_M3/log_ens${ENSEMBLE_RUN}_cut${CUTOFF_YEAR}.log 2>&1
environment: line 1: 1277525 Killed                  ./"$file" >> ${script_dir}/logs_M3/log_ens${ENSEMBLE_RUN}_cut${CUTOFF_YEAR}.log 2>&1
environment: line 1: 1277721 Killed                  ./"$file" >> ${script_dir}/logs_M3/log_ens${ENSEMBLE_RUN}_cut${CUTOFF_YEAR}.log 2>&1
environment: line 1: 1277554 Killed                  ./"$file" >> ${script_dir}/logs_M3/log_ens${ENSEMBLE_RUN}_cut${CUTOFF_YEAR}.log 2>&1
environment: line 1: 1277621 Killed                  ./"$file" >> ${script_dir}/logs_M3/log_ens${ENSEMBLE_RUN}_cut${CUTOFF_YEAR}.log 2>&1
environment: line 1: 1277552 Killed                  ./"$file" >> ${script_dir}/logs_M3/log_ens${ENSEMBLE_RUN}_cut${CUTOFF_YEAR}.log 2>&1
environment: line 1: 1277597 Killed                  ./"$file" >> ${script_dir}/logs_M3/log_ens${ENSEMBLE_RUN}_cut${CUTOFF_YEAR}.log 2>&1
environment: line 1: 1277601 Killed                  ./"$file" >> ${script_dir}/logs_M3/log_ens${ENSEMBLE_RUN}_cut${CUTOFF_YEAR}.log 2>&1
environment: line 1: 1277647 Killed                  ./"$file" >> ${script_dir}/logs_M3/log_ens${ENSEMBLE_RUN}_cut${CUTOFF_YEAR}.log 2>&1
environment: line 1: 1277531 Killed                  ./"$file" >> ${script_dir}/logs_M3/log_ens${ENSEMBLE_RUN}_cut${CUTOFF_YEAR}.log 2>&1
environment: line 1: 1277536 Killed                  ./"$file" >> ${script_dir}/logs_M3/log_ens${ENSEMBLE_RUN}_cut${CUTOFF_YEAR}.log 2>&1
environment: line 1: 1277743 Killed                  ./"$file" >> ${script_dir}/logs_M3/log_ens${ENSEMBLE_RUN}_cut${CUTOFF_YEAR}.log 2>&1
environment: line 1: 1277638 Killed                  ./"$file" >> ${script_dir}/logs_M3/log_ens${ENSEMBLE_RUN}_cut${CUTOFF_YEAR}.log 2>&1
environment: line 1: 1277779 Killed                  ./"$file" >> ${script_dir}/logs_M3/log_ens${ENSEMBLE_RUN}_cut${CUTOFF_YEAR}.log 2>&1
environment: line 1: 1277543 Killed                  ./"$file" >> ${script_dir}/logs_M3/log_ens${ENSEMBLE_RUN}_cut${CUTOFF_YEAR}.log 2>&1
environment: line 1: 1277573 Killed                  ./"$file" >> ${script_dir}/logs_M3/log_ens${ENSEMBLE_RUN}_cut${CUTOFF_YEAR}.log 2>&1
environment: line 1: 1277535 Killed                  ./"$file" >> ${script_dir}/logs_M3/log_ens${ENSEMBLE_RUN}_cut${CUTOFF_YEAR}.log 2>&1
environment: line 1: 1277766 Killed                  ./"$file" >> ${script_dir}/logs_M3/log_ens${ENSEMBLE_RUN}_cut${CUTOFF_YEAR}.log 2>&1
environment: line 1: 1277716 Killed                  ./"$file" >> ${script_dir}/logs_M3/log_ens${ENSEMBLE_RUN}_cut${CUTOFF_YEAR}.log 2>&1
environment: line 1: 1277622 Killed                  ./"$file" >> ${script_dir}/logs_M3/log_ens${ENSEMBLE_RUN}_cut${CUTOFF_YEAR}.log 2>&1
environment: line 1: 1277763 Killed                  ./"$file" >> ${script_dir}/logs_M3/log_ens${ENSEMBLE_RUN}_cut${CUTOFF_YEAR}.log 2>&1
environment: line 1: 1277807 Killed                  ./"$file" >> ${script_dir}/logs_M3/log_ens${ENSEMBLE_RUN}_cut${CUTOFF_YEAR}.log 2>&1
environment: line 1: 1277757 Killed                  ./"$file" >> ${script_dir}/logs_M3/log_ens${ENSEMBLE_RUN}_cut${CUTOFF_YEAR}.log 2>&1
environment: line 1: 1277697 Killed                  ./"$file" >> ${script_dir}/logs_M3/log_ens${ENSEMBLE_RUN}_cut${CUTOFF_YEAR}.log 2>&1
environment: line 1: 1277631 Killed                  ./"$file" >> ${script_dir}/logs_M3/log_ens${ENSEMBLE_RUN}_cut${CUTOFF_YEAR}.log 2>&1
environment: line 1: 1277700 Killed                  ./"$file" >> ${script_dir}/logs_M3/log_ens${ENSEMBLE_RUN}_cut${CUTOFF_YEAR}.log 2>&1
environment: line 1: 1277561 Killed                  ./"$file" >> ${script_dir}/logs_M3/log_ens${ENSEMBLE_RUN}_cut${CUTOFF_YEAR}.log 2>&1
environment: line 1: 1277581 Killed                  ./"$file" >> ${script_dir}/logs_M3/log_ens${ENSEMBLE_RUN}_cut${CUTOFF_YEAR}.log 2>&1
environment: line 1: 1277695 Killed                  ./"$file" >> ${script_dir}/logs_M3/log_ens${ENSEMBLE_RUN}_cut${CUTOFF_YEAR}.log 2>&1
environment: line 1: 1277791 Killed                  ./"$file" >> ${script_dir}/logs_M3/log_ens${ENSEMBLE_RUN}_cut${CUTOFF_YEAR}.log 2>&1
environment: line 1: 1277521 Killed                  ./"$file" >> ${script_dir}/logs_M3/log_ens${ENSEMBLE_RUN}_cut${CUTOFF_YEAR}.log 2>&1
environment: line 1: 1277784 Killed                  ./"$file" >> ${script_dir}/logs_M3/log_ens${ENSEMBLE_RUN}_cut${CUTOFF_YEAR}.log 2>&1
environment: line 1: 1277538 Killed                  ./"$file" >> ${script_dir}/logs_M3/log_ens${ENSEMBLE_RUN}_cut${CUTOFF_YEAR}.log 2>&1
environment: line 1: 1277736 Killed                  ./"$file" >> ${script_dir}/logs_M3/log_ens${ENSEMBLE_RUN}_cut${CUTOFF_YEAR}.log 2>&1
environment: line 1: 1277688 Killed                  ./"$file" >> ${script_dir}/logs_M3/log_ens${ENSEMBLE_RUN}_cut${CUTOFF_YEAR}.log 2>&1
environment: line 1: 1277583 Killed                  ./"$file" >> ${script_dir}/logs_M3/log_ens${ENSEMBLE_RUN}_cut${CUTOFF_YEAR}.log 2>&1
environment: line 1: 1277745 Killed                  ./"$file" >> ${script_dir}/logs_M3/log_ens${ENSEMBLE_RUN}_cut${CUTOFF_YEAR}.log 2>&1
environment: line 1: 1277744 Killed                  ./"$file" >> ${script_dir}/logs_M3/log_ens${ENSEMBLE_RUN}_cut${CUTOFF_YEAR}.log 2>&1
environment: line 1: 1277772 Killed                  ./"$file" >> ${script_dir}/logs_M3/log_ens${ENSEMBLE_RUN}_cut${CUTOFF_YEAR}.log 2>&1
environment: line 1: 1277617 Killed                  ./"$file" >> ${script_dir}/logs_M3/log_ens${ENSEMBLE_RUN}_cut${CUTOFF_YEAR}.log 2>&1
environment: line 1: 1277760 Killed                  ./"$file" >> ${script_dir}/logs_M3/log_ens${ENSEMBLE_RUN}_cut${CUTOFF_YEAR}.log 2>&1
environment: line 1: 1277823 Killed                  ./"$file" >> ${script_dir}/logs_M3/log_ens${ENSEMBLE_RUN}_cut${CUTOFF_YEAR}.log 2>&1
environment: line 1: 1277838 Killed                  ./"$file" >> ${script_dir}/logs_M3/log_ens${ENSEMBLE_RUN}_cut${CUTOFF_YEAR}.log 2>&1
environment: line 1: 1277600 Killed                  ./"$file" >> ${script_dir}/logs_M3/log_ens${ENSEMBLE_RUN}_cut${CUTOFF_YEAR}.log 2>&1
environment: line 1: 1277564 Killed                  ./"$file" >> ${script_dir}/logs_M3/log_ens${ENSEMBLE_RUN}_cut${CUTOFF_YEAR}.log 2>&1
environment: line 1: 1277841 Killed                  ./"$file" >> ${script_dir}/logs_M3/log_ens${ENSEMBLE_RUN}_cut${CUTOFF_YEAR}.log 2>&1
environment: line 1: 1277809 Killed                  ./"$file" >> ${script_dir}/logs_M3/log_ens${ENSEMBLE_RUN}_cut${CUTOFF_YEAR}.log 2>&1
environment: line 1: 1277782 Killed                  ./"$file" >> ${script_dir}/logs_M3/log_ens${ENSEMBLE_RUN}_cut${CUTOFF_YEAR}.log 2>&1
environment: line 1: 1277651 Killed                  ./"$file" >> ${script_dir}/logs_M3/log_ens${ENSEMBLE_RUN}_cut${CUTOFF_YEAR}.log 2>&1
environment: line 1: 1277629 Killed                  ./"$file" >> ${script_dir}/logs_M3/log_ens${ENSEMBLE_RUN}_cut${CUTOFF_YEAR}.log 2>&1
environment: line 1: 1277817 Killed                  ./"$file" >> ${script_dir}/logs_M3/log_ens${ENSEMBLE_RUN}_cut${CUTOFF_YEAR}.log 2>&1
environment: line 1: 1277832 Killed                  ./"$file" >> ${script_dir}/logs_M3/log_ens${ENSEMBLE_RUN}_cut${CUTOFF_YEAR}.log 2>&1
environment: line 1: 1277643 Killed                  ./"$file" >> ${script_dir}/logs_M3/log_ens${ENSEMBLE_RUN}_cut${CUTOFF_YEAR}.log 2>&1
environment: line 1: 1277659 Killed                  ./"$file" >> ${script_dir}/logs_M3/log_ens${ENSEMBLE_RUN}_cut${CUTOFF_YEAR}.log 2>&1
environment: line 1: 1277706 Killed                  ./"$file" >> ${script_dir}/logs_M3/log_ens${ENSEMBLE_RUN}_cut${CUTOFF_YEAR}.log 2>&1
environment: line 1: 1277611 Killed                  ./"$file" >> ${script_dir}/logs_M3/log_ens${ENSEMBLE_RUN}_cut${CUTOFF_YEAR}.log 2>&1
environment: line 1: 1277605 Killed                  ./"$file" >> ${script_dir}/logs_M3/log_ens${ENSEMBLE_RUN}_cut${CUTOFF_YEAR}.log 2>&1
environment: line 1: 1277689 Killed                  ./"$file" >> ${script_dir}/logs_M3/log_ens${ENSEMBLE_RUN}_cut${CUTOFF_YEAR}.log 2>&1
environment: line 1: 1277567 Killed                  ./"$file" >> ${script_dir}/logs_M3/log_ens${ENSEMBLE_RUN}_cut${CUTOFF_YEAR}.log 2>&1
environment: line 1: 1277715 Killed                  ./"$file" >> ${script_dir}/logs_M3/log_ens${ENSEMBLE_RUN}_cut${CUTOFF_YEAR}.log 2>&1
environment: line 1: 1277545 Killed                  ./"$file" >> ${script_dir}/logs_M3/log_ens${ENSEMBLE_RUN}_cut${CUTOFF_YEAR}.log 2>&1
environment: line 1: 1277656 Killed                  ./"$file" >> ${script_dir}/logs_M3/log_ens${ENSEMBLE_RUN}_cut${CUTOFF_YEAR}.log 2>&1
environment: line 1: 1277686 Killed                  ./"$file" >> ${script_dir}/logs_M3/log_ens${ENSEMBLE_RUN}_cut${CUTOFF_YEAR}.log 2>&1
environment: line 1: 1277666 Killed                  ./"$file" >> ${script_dir}/logs_M3/log_ens${ENSEMBLE_RUN}_cut${CUTOFF_YEAR}.log 2>&1
environment: line 1: 1277804 Killed                  ./"$file" >> ${script_dir}/logs_M3/log_ens${ENSEMBLE_RUN}_cut${CUTOFF_YEAR}.log 2>&1
environment: line 1: 1277810 Killed                  ./"$file" >> ${script_dir}/logs_M3/log_ens${ENSEMBLE_RUN}_cut${CUTOFF_YEAR}.log 2>&1
environment: line 1: 1277727 Killed                  ./"$file" >> ${script_dir}/logs_M3/log_ens${ENSEMBLE_RUN}_cut${CUTOFF_YEAR}.log 2>&1
environment: line 1: 1277789 Killed                  ./"$file" >> ${script_dir}/logs_M3/log_ens${ENSEMBLE_RUN}_cut${CUTOFF_YEAR}.log 2>&1
environment: line 1: 1277623 Killed                  ./"$file" >> ${script_dir}/logs_M3/log_ens${ENSEMBLE_RUN}_cut${CUTOFF_YEAR}.log 2>&1
Total time: 4621 seconds
All done!
slurmstepd: error: Detected 73 oom_kill events in StepId=11694266.batch. Some of the step tasks have been OOM Killed.
