## SLURM PROLOG ###############################################################
##    Job ID : 11687561
##  Job Name : FAIR_M3
##  Nodelist : node[1933,1947,1954-1956]
##      CPUs : 86
##   Mem/CPU : 5120 MB
## Directory : /oscar/data/deeps/private/bfoxkemp/jnickla1/fair-calibrate
##   Job Started : Mon Jun  9 03:10:51 PM EDT 2025
###############################################################################
Starting job 13 on node1933
environment: line 5: 3507129 Killed                  ./"$file" >> ${script_dir}/logs_M3/log_ens${ENSEMBLE_RUN}_cut${CUTOFF_YEAR}.log 2>&1
environment: line 5: 3507154 Killed                  ./"$file" >> ${script_dir}/logs_M3/log_ens${ENSEMBLE_RUN}_cut${CUTOFF_YEAR}.log 2>&1
environment: line 5: 3507155 Killed                  ./"$file" >> ${script_dir}/logs_M3/log_ens${ENSEMBLE_RUN}_cut${CUTOFF_YEAR}.log 2>&1
environment: line 5: 3507161 Killed                  ./"$file" >> ${script_dir}/logs_M3/log_ens${ENSEMBLE_RUN}_cut${CUTOFF_YEAR}.log 2>&1
environment: line 5: 3507140 Killed                  ./"$file" >> ${script_dir}/logs_M3/log_ens${ENSEMBLE_RUN}_cut${CUTOFF_YEAR}.log 2>&1
environment: line 5: 3507151 Killed                  ./"$file" >> ${script_dir}/logs_M3/log_ens${ENSEMBLE_RUN}_cut${CUTOFF_YEAR}.log 2>&1
environment: line 5: 3507127 Killed                  ./"$file" >> ${script_dir}/logs_M3/log_ens${ENSEMBLE_RUN}_cut${CUTOFF_YEAR}.log 2>&1
environment: line 5: 3507190 Killed                  ./"$file" >> ${script_dir}/logs_M3/log_ens${ENSEMBLE_RUN}_cut${CUTOFF_YEAR}.log 2>&1
environment: line 5: 3507209 Killed                  ./"$file" >> ${script_dir}/logs_M3/log_ens${ENSEMBLE_RUN}_cut${CUTOFF_YEAR}.log 2>&1
environment: line 5: 3507201 Killed                  ./"$file" >> ${script_dir}/logs_M3/log_ens${ENSEMBLE_RUN}_cut${CUTOFF_YEAR}.log 2>&1
environment: line 5: 3507202 Killed                  ./"$file" >> ${script_dir}/logs_M3/log_ens${ENSEMBLE_RUN}_cut${CUTOFF_YEAR}.log 2>&1
environment: line 5: 3507211 Killed                  ./"$file" >> ${script_dir}/logs_M3/log_ens${ENSEMBLE_RUN}_cut${CUTOFF_YEAR}.log 2>&1
environment: line 5: 3507153 Killed                  ./"$file" >> ${script_dir}/logs_M3/log_ens${ENSEMBLE_RUN}_cut${CUTOFF_YEAR}.log 2>&1
environment: line 5: 3507147 Killed                  ./"$file" >> ${script_dir}/logs_M3/log_ens${ENSEMBLE_RUN}_cut${CUTOFF_YEAR}.log 2>&1
environment: line 5: 3507183 Killed                  ./"$file" >> ${script_dir}/logs_M3/log_ens${ENSEMBLE_RUN}_cut${CUTOFF_YEAR}.log 2>&1
environment: line 5: 3507200 Killed                  ./"$file" >> ${script_dir}/logs_M3/log_ens${ENSEMBLE_RUN}_cut${CUTOFF_YEAR}.log 2>&1
environment: line 5: 3507208 Killed                  ./"$file" >> ${script_dir}/logs_M3/log_ens${ENSEMBLE_RUN}_cut${CUTOFF_YEAR}.log 2>&1
environment: line 5: 3507141 Killed                  ./"$file" >> ${script_dir}/logs_M3/log_ens${ENSEMBLE_RUN}_cut${CUTOFF_YEAR}.log 2>&1
environment: line 5: 3507213 Killed                  ./"$file" >> ${script_dir}/logs_M3/log_ens${ENSEMBLE_RUN}_cut${CUTOFF_YEAR}.log 2>&1
environment: line 5: 3507131 Killed                  ./"$file" >> ${script_dir}/logs_M3/log_ens${ENSEMBLE_RUN}_cut${CUTOFF_YEAR}.log 2>&1
environment: line 5: 3507210 Killed                  ./"$file" >> ${script_dir}/logs_M3/log_ens${ENSEMBLE_RUN}_cut${CUTOFF_YEAR}.log 2>&1
environment: line 5: 3507231 Killed                  ./"$file" >> ${script_dir}/logs_M3/log_ens${ENSEMBLE_RUN}_cut${CUTOFF_YEAR}.log 2>&1
environment: line 5: 3507223 Killed                  ./"$file" >> ${script_dir}/logs_M3/log_ens${ENSEMBLE_RUN}_cut${CUTOFF_YEAR}.log 2>&1
environment: line 5: 3507252 Killed                  ./"$file" >> ${script_dir}/logs_M3/log_ens${ENSEMBLE_RUN}_cut${CUTOFF_YEAR}.log 2>&1
environment: line 5: 3507224 Killed                  ./"$file" >> ${script_dir}/logs_M3/log_ens${ENSEMBLE_RUN}_cut${CUTOFF_YEAR}.log 2>&1
environment: line 5: 3507240 Killed                  ./"$file" >> ${script_dir}/logs_M3/log_ens${ENSEMBLE_RUN}_cut${CUTOFF_YEAR}.log 2>&1
environment: line 5: 3507205 Killed                  ./"$file" >> ${script_dir}/logs_M3/log_ens${ENSEMBLE_RUN}_cut${CUTOFF_YEAR}.log 2>&1
environment: line 5: 3507232 Killed                  ./"$file" >> ${script_dir}/logs_M3/log_ens${ENSEMBLE_RUN}_cut${CUTOFF_YEAR}.log 2>&1
environment: line 5: 3507216 Killed                  ./"$file" >> ${script_dir}/logs_M3/log_ens${ENSEMBLE_RUN}_cut${CUTOFF_YEAR}.log 2>&1
environment: line 5: 3507212 Killed                  ./"$file" >> ${script_dir}/logs_M3/log_ens${ENSEMBLE_RUN}_cut${CUTOFF_YEAR}.log 2>&1
environment: line 5: 3507284 Killed                  ./"$file" >> ${script_dir}/logs_M3/log_ens${ENSEMBLE_RUN}_cut${CUTOFF_YEAR}.log 2>&1
environment: line 5: 3507289 Killed                  ./"$file" >> ${script_dir}/logs_M3/log_ens${ENSEMBLE_RUN}_cut${CUTOFF_YEAR}.log 2>&1
environment: line 5: 3507203 Killed                  ./"$file" >> ${script_dir}/logs_M3/log_ens${ENSEMBLE_RUN}_cut${CUTOFF_YEAR}.log 2>&1
environment: line 5: 3507244 Killed                  ./"$file" >> ${script_dir}/logs_M3/log_ens${ENSEMBLE_RUN}_cut${CUTOFF_YEAR}.log 2>&1
environment: line 5: 3507260 Killed                  ./"$file" >> ${script_dir}/logs_M3/log_ens${ENSEMBLE_RUN}_cut${CUTOFF_YEAR}.log 2>&1
environment: line 5: 3507239 Killed                  ./"$file" >> ${script_dir}/logs_M3/log_ens${ENSEMBLE_RUN}_cut${CUTOFF_YEAR}.log 2>&1
environment: line 5: 3507257 Killed                  ./"$file" >> ${script_dir}/logs_M3/log_ens${ENSEMBLE_RUN}_cut${CUTOFF_YEAR}.log 2>&1
environment: line 5: 3507313 Killed                  ./"$file" >> ${script_dir}/logs_M3/log_ens${ENSEMBLE_RUN}_cut${CUTOFF_YEAR}.log 2>&1
environment: line 5: 3507265 Killed                  ./"$file" >> ${script_dir}/logs_M3/log_ens${ENSEMBLE_RUN}_cut${CUTOFF_YEAR}.log 2>&1
environment: line 5: 3507323 Killed                  ./"$file" >> ${script_dir}/logs_M3/log_ens${ENSEMBLE_RUN}_cut${CUTOFF_YEAR}.log 2>&1
environment: line 5: 3507293 Killed                  ./"$file" >> ${script_dir}/logs_M3/log_ens${ENSEMBLE_RUN}_cut${CUTOFF_YEAR}.log 2>&1
environment: line 5: 3507275 Killed                  ./"$file" >> ${script_dir}/logs_M3/log_ens${ENSEMBLE_RUN}_cut${CUTOFF_YEAR}.log 2>&1
environment: line 5: 3507285 Killed                  ./"$file" >> ${script_dir}/logs_M3/log_ens${ENSEMBLE_RUN}_cut${CUTOFF_YEAR}.log 2>&1
environment: line 5: 3507296 Killed                  ./"$file" >> ${script_dir}/logs_M3/log_ens${ENSEMBLE_RUN}_cut${CUTOFF_YEAR}.log 2>&1
environment: line 5: 3507304 Killed                  ./"$file" >> ${script_dir}/logs_M3/log_ens${ENSEMBLE_RUN}_cut${CUTOFF_YEAR}.log 2>&1
environment: line 5: 3507309 Killed                  ./"$file" >> ${script_dir}/logs_M3/log_ens${ENSEMBLE_RUN}_cut${CUTOFF_YEAR}.log 2>&1
environment: line 5: 3507256 Killed                  ./"$file" >> ${script_dir}/logs_M3/log_ens${ENSEMBLE_RUN}_cut${CUTOFF_YEAR}.log 2>&1
environment: line 5: 3507326 Killed                  ./"$file" >> ${script_dir}/logs_M3/log_ens${ENSEMBLE_RUN}_cut${CUTOFF_YEAR}.log 2>&1
environment: line 5: 3507354 Killed                  ./"$file" >> ${script_dir}/logs_M3/log_ens${ENSEMBLE_RUN}_cut${CUTOFF_YEAR}.log 2>&1
environment: line 5: 3507335 Killed                  ./"$file" >> ${script_dir}/logs_M3/log_ens${ENSEMBLE_RUN}_cut${CUTOFF_YEAR}.log 2>&1
environment: line 5: 3507334 Killed                  ./"$file" >> ${script_dir}/logs_M3/log_ens${ENSEMBLE_RUN}_cut${CUTOFF_YEAR}.log 2>&1
environment: line 5: 3507268 Killed                  ./"$file" >> ${script_dir}/logs_M3/log_ens${ENSEMBLE_RUN}_cut${CUTOFF_YEAR}.log 2>&1
environment: line 5: 3507339 Killed                  ./"$file" >> ${script_dir}/logs_M3/log_ens${ENSEMBLE_RUN}_cut${CUTOFF_YEAR}.log 2>&1
environment: line 5: 3507410 Killed                  ./"$file" >> ${script_dir}/logs_M3/log_ens${ENSEMBLE_RUN}_cut${CUTOFF_YEAR}.log 2>&1
environment: line 5: 3507390 Killed                  ./"$file" >> ${script_dir}/logs_M3/log_ens${ENSEMBLE_RUN}_cut${CUTOFF_YEAR}.log 2>&1
environment: line 5: 3507452 Killed                  ./"$file" >> ${script_dir}/logs_M3/log_ens${ENSEMBLE_RUN}_cut${CUTOFF_YEAR}.log 2>&1
environment: line 5: 3507463 Killed                  ./"$file" >> ${script_dir}/logs_M3/log_ens${ENSEMBLE_RUN}_cut${CUTOFF_YEAR}.log 2>&1
environment: line 5: 3507401 Killed                  ./"$file" >> ${script_dir}/logs_M3/log_ens${ENSEMBLE_RUN}_cut${CUTOFF_YEAR}.log 2>&1
environment: line 5: 3507442 Killed                  ./"$file" >> ${script_dir}/logs_M3/log_ens${ENSEMBLE_RUN}_cut${CUTOFF_YEAR}.log 2>&1
environment: line 5: 3507443 Killed                  ./"$file" >> ${script_dir}/logs_M3/log_ens${ENSEMBLE_RUN}_cut${CUTOFF_YEAR}.log 2>&1
environment: line 5: 3507456 Killed                  ./"$file" >> ${script_dir}/logs_M3/log_ens${ENSEMBLE_RUN}_cut${CUTOFF_YEAR}.log 2>&1
environment: line 5: 3507466 Killed                  ./"$file" >> ${script_dir}/logs_M3/log_ens${ENSEMBLE_RUN}_cut${CUTOFF_YEAR}.log 2>&1
environment: line 5: 3507418 Killed                  ./"$file" >> ${script_dir}/logs_M3/log_ens${ENSEMBLE_RUN}_cut${CUTOFF_YEAR}.log 2>&1
environment: line 5: 3507467 Killed                  ./"$file" >> ${script_dir}/logs_M3/log_ens${ENSEMBLE_RUN}_cut${CUTOFF_YEAR}.log 2>&1
environment: line 5: 3507469 Killed                  ./"$file" >> ${script_dir}/logs_M3/log_ens${ENSEMBLE_RUN}_cut${CUTOFF_YEAR}.log 2>&1
environment: line 5: 3507422 Killed                  ./"$file" >> ${script_dir}/logs_M3/log_ens${ENSEMBLE_RUN}_cut${CUTOFF_YEAR}.log 2>&1
environment: line 5: 3507435 Killed                  ./"$file" >> ${script_dir}/logs_M3/log_ens${ENSEMBLE_RUN}_cut${CUTOFF_YEAR}.log 2>&1
environment: line 5: 3507451 Killed                  ./"$file" >> ${script_dir}/logs_M3/log_ens${ENSEMBLE_RUN}_cut${CUTOFF_YEAR}.log 2>&1
environment: line 5: 3507460 Killed                  ./"$file" >> ${script_dir}/logs_M3/log_ens${ENSEMBLE_RUN}_cut${CUTOFF_YEAR}.log 2>&1
environment: line 5: 3507365 Killed                  ./"$file" >> ${script_dir}/logs_M3/log_ens${ENSEMBLE_RUN}_cut${CUTOFF_YEAR}.log 2>&1
environment: line 5: 3507434 Killed                  ./"$file" >> ${script_dir}/logs_M3/log_ens${ENSEMBLE_RUN}_cut${CUTOFF_YEAR}.log 2>&1
environment: line 5: 3507426 Killed                  ./"$file" >> ${script_dir}/logs_M3/log_ens${ENSEMBLE_RUN}_cut${CUTOFF_YEAR}.log 2>&1
environment: line 5: 3507276 Killed                  ./"$file" >> ${script_dir}/logs_M3/log_ens${ENSEMBLE_RUN}_cut${CUTOFF_YEAR}.log 2>&1
environment: line 5: 3507411 Killed                  ./"$file" >> ${script_dir}/logs_M3/log_ens${ENSEMBLE_RUN}_cut${CUTOFF_YEAR}.log 2>&1
environment: line 5: 3507431 Killed                  ./"$file" >> ${script_dir}/logs_M3/log_ens${ENSEMBLE_RUN}_cut${CUTOFF_YEAR}.log 2>&1
environment: line 5: 3507358 Killed                  ./"$file" >> ${script_dir}/logs_M3/log_ens${ENSEMBLE_RUN}_cut${CUTOFF_YEAR}.log 2>&1
environment: line 5: 3507385 Killed                  ./"$file" >> ${script_dir}/logs_M3/log_ens${ENSEMBLE_RUN}_cut${CUTOFF_YEAR}.log 2>&1
environment: line 5: 3507317 Killed                  ./"$file" >> ${script_dir}/logs_M3/log_ens${ENSEMBLE_RUN}_cut${CUTOFF_YEAR}.log 2>&1
environment: line 5: 3507357 Killed                  ./"$file" >> ${script_dir}/logs_M3/log_ens${ENSEMBLE_RUN}_cut${CUTOFF_YEAR}.log 2>&1
environment: line 5: 3507386 Killed                  ./"$file" >> ${script_dir}/logs_M3/log_ens${ENSEMBLE_RUN}_cut${CUTOFF_YEAR}.log 2>&1
environment: line 5: 3507366 Killed                  ./"$file" >> ${script_dir}/logs_M3/log_ens${ENSEMBLE_RUN}_cut${CUTOFF_YEAR}.log 2>&1
environment: line 5: 3507409 Killed                  ./"$file" >> ${script_dir}/logs_M3/log_ens${ENSEMBLE_RUN}_cut${CUTOFF_YEAR}.log 2>&1
environment: line 5: 3507349 Killed                  ./"$file" >> ${script_dir}/logs_M3/log_ens${ENSEMBLE_RUN}_cut${CUTOFF_YEAR}.log 2>&1
environment: line 5: 3507342 Killed                  ./"$file" >> ${script_dir}/logs_M3/log_ens${ENSEMBLE_RUN}_cut${CUTOFF_YEAR}.log 2>&1
environment: line 5: 3507305 Killed                  ./"$file" >> ${script_dir}/logs_M3/log_ens${ENSEMBLE_RUN}_cut${CUTOFF_YEAR}.log 2>&1
environment: line 5: 3507549 Killed                  ./"$file" >> ${script_dir}/logs_M3/log_ens${ENSEMBLE_RUN}_cut${CUTOFF_YEAR}.log 2>&1
environment: line 5: 3507552 Killed                  ./"$file" >> ${script_dir}/logs_M3/log_ens${ENSEMBLE_RUN}_cut${CUTOFF_YEAR}.log 2>&1
environment: line 5: 3507603 Killed                  ./"$file" >> ${script_dir}/logs_M3/log_ens${ENSEMBLE_RUN}_cut${CUTOFF_YEAR}.log 2>&1
environment: line 5: 3507617 Killed                  ./"$file" >> ${script_dir}/logs_M3/log_ens${ENSEMBLE_RUN}_cut${CUTOFF_YEAR}.log 2>&1
environment: line 5: 3507541 Killed                  ./"$file" >> ${script_dir}/logs_M3/log_ens${ENSEMBLE_RUN}_cut${CUTOFF_YEAR}.log 2>&1
environment: line 5: 3507554 Killed                  ./"$file" >> ${script_dir}/logs_M3/log_ens${ENSEMBLE_RUN}_cut${CUTOFF_YEAR}.log 2>&1
environment: line 5: 3507542 Killed                  ./"$file" >> ${script_dir}/logs_M3/log_ens${ENSEMBLE_RUN}_cut${CUTOFF_YEAR}.log 2>&1
environment: line 5: 3507604 Killed                  ./"$file" >> ${script_dir}/logs_M3/log_ens${ENSEMBLE_RUN}_cut${CUTOFF_YEAR}.log 2>&1
environment: line 5: 3507618 Killed                  ./"$file" >> ${script_dir}/logs_M3/log_ens${ENSEMBLE_RUN}_cut${CUTOFF_YEAR}.log 2>&1
environment: line 5: 3507624 Killed                  ./"$file" >> ${script_dir}/logs_M3/log_ens${ENSEMBLE_RUN}_cut${CUTOFF_YEAR}.log 2>&1
environment: line 5: 3507621 Killed                  ./"$file" >> ${script_dir}/logs_M3/log_ens${ENSEMBLE_RUN}_cut${CUTOFF_YEAR}.log 2>&1
environment: line 5: 3507610 Killed                  ./"$file" >> ${script_dir}/logs_M3/log_ens${ENSEMBLE_RUN}_cut${CUTOFF_YEAR}.log 2>&1
environment: line 5: 3507698 Killed                  ./"$file" >> ${script_dir}/logs_M3/log_ens${ENSEMBLE_RUN}_cut${CUTOFF_YEAR}.log 2>&1
environment: line 5: 3507626 Killed                  ./"$file" >> ${script_dir}/logs_M3/log_ens${ENSEMBLE_RUN}_cut${CUTOFF_YEAR}.log 2>&1
environment: line 5: 3507658 Killed                  ./"$file" >> ${script_dir}/logs_M3/log_ens${ENSEMBLE_RUN}_cut${CUTOFF_YEAR}.log 2>&1
environment: line 5: 3507666 Killed                  ./"$file" >> ${script_dir}/logs_M3/log_ens${ENSEMBLE_RUN}_cut${CUTOFF_YEAR}.log 2>&1
environment: line 5: 3507657 Killed                  ./"$file" >> ${script_dir}/logs_M3/log_ens${ENSEMBLE_RUN}_cut${CUTOFF_YEAR}.log 2>&1
environment: line 5: 3507779 Killed                  ./"$file" >> ${script_dir}/logs_M3/log_ens${ENSEMBLE_RUN}_cut${CUTOFF_YEAR}.log 2>&1
environment: line 5: 3507811 Killed                  ./"$file" >> ${script_dir}/logs_M3/log_ens${ENSEMBLE_RUN}_cut${CUTOFF_YEAR}.log 2>&1
environment: line 5: 3507871 Killed                  ./"$file" >> ${script_dir}/logs_M3/log_ens${ENSEMBLE_RUN}_cut${CUTOFF_YEAR}.log 2>&1
environment: line 5: 3507697 Killed                  ./"$file" >> ${script_dir}/logs_M3/log_ens${ENSEMBLE_RUN}_cut${CUTOFF_YEAR}.log 2>&1
environment: line 5: 3507810 Killed                  ./"$file" >> ${script_dir}/logs_M3/log_ens${ENSEMBLE_RUN}_cut${CUTOFF_YEAR}.log 2>&1
environment: line 5: 3507904 Killed                  ./"$file" >> ${script_dir}/logs_M3/log_ens${ENSEMBLE_RUN}_cut${CUTOFF_YEAR}.log 2>&1
environment: line 5: 3508158 Killed                  ./"$file" >> ${script_dir}/logs_M3/log_ens${ENSEMBLE_RUN}_cut${CUTOFF_YEAR}.log 2>&1
environment: line 5: 3508159 Killed                  ./"$file" >> ${script_dir}/logs_M3/log_ens${ENSEMBLE_RUN}_cut${CUTOFF_YEAR}.log 2>&1
environment: line 5: 3507781 Killed                  ./"$file" >> ${script_dir}/logs_M3/log_ens${ENSEMBLE_RUN}_cut${CUTOFF_YEAR}.log 2>&1
environment: line 5: 3508188 Killed                  ./"$file" >> ${script_dir}/logs_M3/log_ens${ENSEMBLE_RUN}_cut${CUTOFF_YEAR}.log 2>&1
environment: line 5: 3507664 Killed                  ./"$file" >> ${script_dir}/logs_M3/log_ens${ENSEMBLE_RUN}_cut${CUTOFF_YEAR}.log 2>&1
environment: line 5: 3508187 Killed                  ./"$file" >> ${script_dir}/logs_M3/log_ens${ENSEMBLE_RUN}_cut${CUTOFF_YEAR}.log 2>&1
environment: line 5: 3507900 Killed                  ./"$file" >> ${script_dir}/logs_M3/log_ens${ENSEMBLE_RUN}_cut${CUTOFF_YEAR}.log 2>&1
environment: line 5: 3508323 Killed                  ./"$file" >> ${script_dir}/logs_M3/log_ens${ENSEMBLE_RUN}_cut${CUTOFF_YEAR}.log 2>&1
environment: line 5: 3508325 Killed                  ./"$file" >> ${script_dir}/logs_M3/log_ens${ENSEMBLE_RUN}_cut${CUTOFF_YEAR}.log 2>&1
environment: line 5: 3508388 Killed                  ./"$file" >> ${script_dir}/logs_M3/log_ens${ENSEMBLE_RUN}_cut${CUTOFF_YEAR}.log 2>&1
environment: line 5: 3508295 Killed                  ./"$file" >> ${script_dir}/logs_M3/log_ens${ENSEMBLE_RUN}_cut${CUTOFF_YEAR}.log 2>&1
environment: line 5: 3508488 Killed                  ./"$file" >> ${script_dir}/logs_M3/log_ens${ENSEMBLE_RUN}_cut${CUTOFF_YEAR}.log 2>&1
environment: line 5: 3508487 Killed                  ./"$file" >> ${script_dir}/logs_M3/log_ens${ENSEMBLE_RUN}_cut${CUTOFF_YEAR}.log 2>&1
environment: line 5: 3508504 Killed                  ./"$file" >> ${script_dir}/logs_M3/log_ens${ENSEMBLE_RUN}_cut${CUTOFF_YEAR}.log 2>&1
environment: line 5: 3508558 Killed                  ./"$file" >> ${script_dir}/logs_M3/log_ens${ENSEMBLE_RUN}_cut${CUTOFF_YEAR}.log 2>&1
environment: line 5: 3508863 Killed                  ./"$file" >> ${script_dir}/logs_M3/log_ens${ENSEMBLE_RUN}_cut${CUTOFF_YEAR}.log 2>&1
environment: line 5: 3508530 Killed                  ./"$file" >> ${script_dir}/logs_M3/log_ens${ENSEMBLE_RUN}_cut${CUTOFF_YEAR}.log 2>&1
slurmstepd: error: *** JOB 11687561 ON node1933 CANCELLED AT 2025-06-09T17:10:58 DUE TO TIME LIMIT ***
slurmstepd: error: Detected 125 oom_kill events in StepId=11687561.batch. Some of the step tasks have been OOM Killed.
