## SLURM PROLOG ###############################################################
##    Job ID : 11684867
##  Job Name : FAIR_M3
##  Nodelist : node[1916,1919,1921-1923,1925]
##      CPUs : 86
##   Mem/CPU : 5120 MB
## Directory : /oscar/data/deeps/private/bfoxkemp/jnickla1/fair-calibrate
##   Job Started : Mon Jun  9 12:36:56 PM EDT 2025
###############################################################################
Starting job 7 on node1916
environment: line 1: 1706607 Killed                  ./"$file" >> ${script_dir}/logs_M3/log_ens${ENSEMBLE_RUN}_cut${CUTOFF_YEAR}.log 2>&1
environment: line 1: 1706880 Killed                  ./"$file" >> ${script_dir}/logs_M3/log_ens${ENSEMBLE_RUN}_cut${CUTOFF_YEAR}.log 2>&1
environment: line 1: 1706746 Killed                  ./"$file" >> ${script_dir}/logs_M3/log_ens${ENSEMBLE_RUN}_cut${CUTOFF_YEAR}.log 2>&1
environment: line 1: 1706588 Killed                  ./"$file" >> ${script_dir}/logs_M3/log_ens${ENSEMBLE_RUN}_cut${CUTOFF_YEAR}.log 2>&1
environment: line 1: 1706629 Killed                  ./"$file" >> ${script_dir}/logs_M3/log_ens${ENSEMBLE_RUN}_cut${CUTOFF_YEAR}.log 2>&1
environment: line 1: 1706850 Killed                  ./"$file" >> ${script_dir}/logs_M3/log_ens${ENSEMBLE_RUN}_cut${CUTOFF_YEAR}.log 2>&1
environment: line 1: 1706518 Killed                  ./"$file" >> ${script_dir}/logs_M3/log_ens${ENSEMBLE_RUN}_cut${CUTOFF_YEAR}.log 2>&1
environment: line 1: 1707717 Killed                  ./"$file" >> ${script_dir}/logs_M3/log_ens${ENSEMBLE_RUN}_cut${CUTOFF_YEAR}.log 2>&1
environment: line 1: 1707708 Killed                  ./"$file" >> ${script_dir}/logs_M3/log_ens${ENSEMBLE_RUN}_cut${CUTOFF_YEAR}.log 2>&1
environment: line 1: 1706704 Killed                  ./"$file" >> ${script_dir}/logs_M3/log_ens${ENSEMBLE_RUN}_cut${CUTOFF_YEAR}.log 2>&1
environment: line 1: 2094318 Killed                  ./"$file" >> ${script_dir}/logs_M3/log_ens${ENSEMBLE_RUN}_cut${CUTOFF_YEAR}.log 2>&1
environment: line 1: 2037580 Killed                  ./"$file" >> ${script_dir}/logs_M3/log_ens${ENSEMBLE_RUN}_cut${CUTOFF_YEAR}.log 2>&1
environment: line 1: 1708063 Killed                  ./"$file" >> ${script_dir}/logs_M3/log_ens${ENSEMBLE_RUN}_cut${CUTOFF_YEAR}.log 2>&1
environment: line 1: 2066990 Killed                  ./"$file" >> ${script_dir}/logs_M3/log_ens${ENSEMBLE_RUN}_cut${CUTOFF_YEAR}.log 2>&1
environment: line 1: 1706619 Killed                  ./"$file" >> ${script_dir}/logs_M3/log_ens${ENSEMBLE_RUN}_cut${CUTOFF_YEAR}.log 2>&1
environment: line 1: 1707313 Killed                  ./"$file" >> ${script_dir}/logs_M3/log_ens${ENSEMBLE_RUN}_cut${CUTOFF_YEAR}.log 2>&1
environment: line 1: 1706456 Killed                  ./"$file" >> ${script_dir}/logs_M3/log_ens${ENSEMBLE_RUN}_cut${CUTOFF_YEAR}.log 2>&1
environment: line 1: 1707816 Killed                  ./"$file" >> ${script_dir}/logs_M3/log_ens${ENSEMBLE_RUN}_cut${CUTOFF_YEAR}.log 2>&1
environment: line 1: 1707810 Killed                  ./"$file" >> ${script_dir}/logs_M3/log_ens${ENSEMBLE_RUN}_cut${CUTOFF_YEAR}.log 2>&1
environment: line 1: 1708072 Killed                  ./"$file" >> ${script_dir}/logs_M3/log_ens${ENSEMBLE_RUN}_cut${CUTOFF_YEAR}.log 2>&1
environment: line 1: 1706917 Killed                  ./"$file" >> ${script_dir}/logs_M3/log_ens${ENSEMBLE_RUN}_cut${CUTOFF_YEAR}.log 2>&1
environment: line 1: 1708437 Killed                  ./"$file" >> ${script_dir}/logs_M3/log_ens${ENSEMBLE_RUN}_cut${CUTOFF_YEAR}.log 2>&1
environment: line 1: 1706784 Killed                  ./"$file" >> ${script_dir}/logs_M3/log_ens${ENSEMBLE_RUN}_cut${CUTOFF_YEAR}.log 2>&1
environment: line 1: 1706779 Killed                  ./"$file" >> ${script_dir}/logs_M3/log_ens${ENSEMBLE_RUN}_cut${CUTOFF_YEAR}.log 2>&1
environment: line 1: 1706505 Killed                  ./"$file" >> ${script_dir}/logs_M3/log_ens${ENSEMBLE_RUN}_cut${CUTOFF_YEAR}.log 2>&1
environment: line 1: 1706918 Killed                  ./"$file" >> ${script_dir}/logs_M3/log_ens${ENSEMBLE_RUN}_cut${CUTOFF_YEAR}.log 2>&1
environment: line 1: 1706873 Killed                  ./"$file" >> ${script_dir}/logs_M3/log_ens${ENSEMBLE_RUN}_cut${CUTOFF_YEAR}.log 2>&1
environment: line 1: 1706739 Killed                  ./"$file" >> ${script_dir}/logs_M3/log_ens${ENSEMBLE_RUN}_cut${CUTOFF_YEAR}.log 2>&1
environment: line 1: 1707913 Killed                  ./"$file" >> ${script_dir}/logs_M3/log_ens${ENSEMBLE_RUN}_cut${CUTOFF_YEAR}.log 2>&1
environment: line 1: 1708104 Killed                  ./"$file" >> ${script_dir}/logs_M3/log_ens${ENSEMBLE_RUN}_cut${CUTOFF_YEAR}.log 2>&1
environment: line 1: 1706562 Killed                  ./"$file" >> ${script_dir}/logs_M3/log_ens${ENSEMBLE_RUN}_cut${CUTOFF_YEAR}.log 2>&1
environment: line 1: 1707555 Killed                  ./"$file" >> ${script_dir}/logs_M3/log_ens${ENSEMBLE_RUN}_cut${CUTOFF_YEAR}.log 2>&1
environment: line 1: 1706998 Killed                  ./"$file" >> ${script_dir}/logs_M3/log_ens${ENSEMBLE_RUN}_cut${CUTOFF_YEAR}.log 2>&1
environment: line 1: 1707381 Killed                  ./"$file" >> ${script_dir}/logs_M3/log_ens${ENSEMBLE_RUN}_cut${CUTOFF_YEAR}.log 2>&1
environment: line 1: 1706943 Killed                  ./"$file" >> ${script_dir}/logs_M3/log_ens${ENSEMBLE_RUN}_cut${CUTOFF_YEAR}.log 2>&1
environment: line 1: 1707795 Killed                  ./"$file" >> ${script_dir}/logs_M3/log_ens${ENSEMBLE_RUN}_cut${CUTOFF_YEAR}.log 2>&1
environment: line 1: 1706768 Killed                  ./"$file" >> ${script_dir}/logs_M3/log_ens${ENSEMBLE_RUN}_cut${CUTOFF_YEAR}.log 2>&1
environment: line 1: 1706935 Killed                  ./"$file" >> ${script_dir}/logs_M3/log_ens${ENSEMBLE_RUN}_cut${CUTOFF_YEAR}.log 2>&1
environment: line 1: 1706797 Killed                  ./"$file" >> ${script_dir}/logs_M3/log_ens${ENSEMBLE_RUN}_cut${CUTOFF_YEAR}.log 2>&1
environment: line 1: 1708030 Killed                  ./"$file" >> ${script_dir}/logs_M3/log_ens${ENSEMBLE_RUN}_cut${CUTOFF_YEAR}.log 2>&1
environment: line 1: 1707106 Killed                  ./"$file" >> ${script_dir}/logs_M3/log_ens${ENSEMBLE_RUN}_cut${CUTOFF_YEAR}.log 2>&1
environment: line 1: 1706684 Killed                  ./"$file" >> ${script_dir}/logs_M3/log_ens${ENSEMBLE_RUN}_cut${CUTOFF_YEAR}.log 2>&1
environment: line 1: 1707159 Killed                  ./"$file" >> ${script_dir}/logs_M3/log_ens${ENSEMBLE_RUN}_cut${CUTOFF_YEAR}.log 2>&1
environment: line 1: 1708015 Killed                  ./"$file" >> ${script_dir}/logs_M3/log_ens${ENSEMBLE_RUN}_cut${CUTOFF_YEAR}.log 2>&1
environment: line 1: 1706892 Killed                  ./"$file" >> ${script_dir}/logs_M3/log_ens${ENSEMBLE_RUN}_cut${CUTOFF_YEAR}.log 2>&1
environment: line 1: 1708160 Killed                  ./"$file" >> ${script_dir}/logs_M3/log_ens${ENSEMBLE_RUN}_cut${CUTOFF_YEAR}.log 2>&1
environment: line 1: 1707620 Killed                  ./"$file" >> ${script_dir}/logs_M3/log_ens${ENSEMBLE_RUN}_cut${CUTOFF_YEAR}.log 2>&1
environment: line 1: 1707010 Killed                  ./"$file" >> ${script_dir}/logs_M3/log_ens${ENSEMBLE_RUN}_cut${CUTOFF_YEAR}.log 2>&1
environment: line 1: 1707399 Killed                  ./"$file" >> ${script_dir}/logs_M3/log_ens${ENSEMBLE_RUN}_cut${CUTOFF_YEAR}.log 2>&1
environment: line 1: 1706644 Killed                  ./"$file" >> ${script_dir}/logs_M3/log_ens${ENSEMBLE_RUN}_cut${CUTOFF_YEAR}.log 2>&1
environment: line 1: 1707300 Killed                  ./"$file" >> ${script_dir}/logs_M3/log_ens${ENSEMBLE_RUN}_cut${CUTOFF_YEAR}.log 2>&1
environment: line 1: 1706721 Killed                  ./"$file" >> ${script_dir}/logs_M3/log_ens${ENSEMBLE_RUN}_cut${CUTOFF_YEAR}.log 2>&1
environment: line 1: 1706962 Killed                  ./"$file" >> ${script_dir}/logs_M3/log_ens${ENSEMBLE_RUN}_cut${CUTOFF_YEAR}.log 2>&1
environment: line 1: 1706753 Killed                  ./"$file" >> ${script_dir}/logs_M3/log_ens${ENSEMBLE_RUN}_cut${CUTOFF_YEAR}.log 2>&1
environment: line 1: 1706636 Killed                  ./"$file" >> ${script_dir}/logs_M3/log_ens${ENSEMBLE_RUN}_cut${CUTOFF_YEAR}.log 2>&1
environment: line 1: 1707545 Killed                  ./"$file" >> ${script_dir}/logs_M3/log_ens${ENSEMBLE_RUN}_cut${CUTOFF_YEAR}.log 2>&1
environment: line 1: 1706930 Killed                  ./"$file" >> ${script_dir}/logs_M3/log_ens${ENSEMBLE_RUN}_cut${CUTOFF_YEAR}.log 2>&1
environment: line 1: 1706860 Killed                  ./"$file" >> ${script_dir}/logs_M3/log_ens${ENSEMBLE_RUN}_cut${CUTOFF_YEAR}.log 2>&1
environment: line 1: 1706542 Killed                  ./"$file" >> ${script_dir}/logs_M3/log_ens${ENSEMBLE_RUN}_cut${CUTOFF_YEAR}.log 2>&1
environment: line 1: 1706640 Killed                  ./"$file" >> ${script_dir}/logs_M3/log_ens${ENSEMBLE_RUN}_cut${CUTOFF_YEAR}.log 2>&1
environment: line 1: 1708235 Killed                  ./"$file" >> ${script_dir}/logs_M3/log_ens${ENSEMBLE_RUN}_cut${CUTOFF_YEAR}.log 2>&1
environment: line 1: 1707150 Killed                  ./"$file" >> ${script_dir}/logs_M3/log_ens${ENSEMBLE_RUN}_cut${CUTOFF_YEAR}.log 2>&1
environment: line 1: 1706471 Killed                  ./"$file" >> ${script_dir}/logs_M3/log_ens${ENSEMBLE_RUN}_cut${CUTOFF_YEAR}.log 2>&1
Total time: 7181 seconds
All done!
slurmstepd: error: Detected 63 oom_kill events in StepId=11684867.batch. Some of the step tasks have been OOM Killed.
