## SLURM PROLOG ###############################################################
##    Job ID : 11698221
##  Job Name : FAIR_M3
##  Nodelist : node2351
##      CPUs : 1
##   Mem/CPU : 5120 MB
## Directory : /oscar/data/deeps/private/bfoxkemp/jnickla1/fair-calibrate
##   Job Started : Tue Jun 10 01:48:12 AM EDT 2025
###############################################################################
Starting job 12 on node2351
===== STARTING: rerun 01 + 03 for any missing outputs =====
cut=1930✓Missing or empty runids_rmse_reweighted_pass.csv; rerunning 03_reweight-rmse-posterior-multiple-constraints.py for cutoff 1930
Doing reweighting...
Number of effective samples: 79153
Constrained, reweighted parameters:
ECS: [1.94130743 2.94434176 5.06043352]
TCR: [1.27253306 1.82996272 2.42274486]
CO2 concentration current: [301.12586868 305.1581415  309.32173004]
Temperature l20yrs rel. 1850-1900: [-0.0585378   0.104005    0.23212296]
Aerosol ERFari 2005-2014 rel. 1750: [-0.61434561 -0.28768552 -0.00638194]
Aerosol ERFaci 2005-2014 rel. 1750: [-1.6886648  -1.01421317 -0.35006579]
Aerosol ERF 2005-2014 rel. 1750: [-2.0723282  -1.31441292 -0.53027355]
OHC change l50yrs: [-67.16536717  56.68731805 160.73222765]
*likely range
cut=1931✓✓cut=1932✓✓cut=1933✓✓cut=1934✓✓cut=1935✓✓cut=1936✓✓cut=1937✓✓cut=1938✓✓cut=1939✓✓cut=1940✓Missing or empty runids_rmse_reweighted_pass.csv; rerunning 03_reweight-rmse-posterior-multiple-constraints.py for cutoff 1940
Doing reweighting...
Number of effective samples: 88937
Constrained, reweighted parameters:
ECS: [1.96508173 2.90308998 5.05061384]
TCR: [1.27117247 1.83473068 2.4398628 ]
CO2 concentration current: [305.82903755 309.9382985  313.9496186 ]
Temperature l20yrs rel. 1850-1900: [0.00817219 0.15630895 0.31061659]
Aerosol ERFari 2005-2014 rel. 1750: [-0.59652655 -0.30452309 -0.01023143]
Aerosol ERFaci 2005-2014 rel. 1750: [-1.71447901 -1.00030735 -0.29586769]
Aerosol ERF 2005-2014 rel. 1750: [-2.0823476  -1.31166692 -0.51278422]
OHC change l50yrs: [ 17.30587536 108.05664986 199.82141837]
*likely range
cut=1941✓✓cut=1942✓✓cut=1943✓✓cut=1944✓✓cut=1945✓✓cut=1946✓✓cut=1947✓✓cut=1948✓✓cut=1949✓✓cut=1950✓✓cut=1951✓✓cut=1952✓✓cut=1953✓✓cut=1954✓✓cut=1955✓✓cut=1956✓✓cut=1957✓✓cut=1958✓✓cut=1959✓✓cut=1960✓✓cut=1961✓✓cut=1962✓✓cut=1963✓✓cut=1964✓✓cut=1965✓✓cut=1966✓✓cut=1967✓✓cut=1968✓✓cut=1969✓✓cut=1970✓✓cut=1971✓✓cut=1972✓✓cut=1973✓✓cut=1974✓✓cut=1975✓✓cut=1976✓✓cut=1977✓✓cut=1978✓✓cut=1979✓✓cut=1980✓✓cut=1981✓✓cut=1982✓✓cut=1983✓✓cut=1984✓✓cut=1985✓✓cut=1986✓✓cut=1987✓✓cut=1988✓✓cut=1989✓✓cut=1990✓✓cut=1991✓✓cut=1992✓✓cut=1993✓✓cut=1994✓✓cut=1995✓✓cut=1996✓✓cut=1997✓✓cut=1998✓✓cut=1999✓✓cut=2000✓✓cut=2001✓✓cut=2002✓✓cut=2003✓✓cut=2004✓✓cut=2005✓✓cut=2006✓✓cut=2007✓✓cut=2008✓✓cut=2009✓✓cut=2010✓✓cut=2011✓✓cut=2012✓✓cut=2013✓✓cut=2014✓✓cut=2015Missing or empty runids_rmse_pass.csv; rerunning 01_constrain-gmst-rmse-only.py for cutoff 2015
Doing RMSE constraint...
Passing RMSE constraint: 191749
[ 89861  83538  58594 101063 173010 111640 148343  71712 173273  80175]
[0.16999858 0.16999894 0.16999895 0.1699992  0.16999938 0.16999941
 0.16999947 0.16999975 0.16999975 0.16999981]
[0.10596219 0.10608949 0.10612053 0.10618683 0.1062544  0.106674
 0.10682795 0.10684253 0.10688283 0.10690116]
Missing or empty runids_rmse_reweighted_pass.csv; rerunning 03_reweight-rmse-posterior-multiple-constraints.py for cutoff 2015
Doing reweighting...
Number of effective samples: 1770
Constrained, reweighted parameters:
ECS: [1.93381888 2.98405562 5.33526459]
TCR: [1.35019141 1.83740868 2.53452403]
CO2 concentration current: [397.12864152 398.09347644 398.98252295]
Temperature l20yrs rel. 1850-1900: [0.66926544 0.81438517 0.95509466]
Aerosol ERFari 2005-2014 rel. 1750: [-0.5961428  -0.28500973  0.03394501]
Aerosol ERFaci 2005-2014 rel. 1750: [-1.68037097 -0.93944011 -0.21058157]
Aerosol ERF 2005-2014 rel. 1750: [-1.95085885 -1.24353284 -0.49630679]
OHC change l50yrs: [331.77252314 400.98788903 477.17680797]
*likely range
cut=2016Missing or empty runids_rmse_pass.csv; rerunning 01_constrain-gmst-rmse-only.py for cutoff 2016
Doing RMSE constraint...
Passing RMSE constraint: 185591
[ 41334 182865  32981   8772 106194 120956  26652  39651  10471  24275]
[0.16999758 0.1699979  0.16999817 0.16999826 0.16999833 0.16999833
 0.16999854 0.16999871 0.16999893 0.16999989]
[0.10586472 0.10588508 0.10593754 0.10626259 0.10631514 0.10635433
 0.10660022 0.10665069 0.10679821 0.10684888]
Missing or empty runids_rmse_reweighted_pass.csv; rerunning 03_reweight-rmse-posterior-multiple-constraints.py for cutoff 2016
Doing reweighting...
Number of effective samples: 2612
Constrained, reweighted parameters:
ECS: [1.95262641 3.02247614 5.10985308]
TCR: [1.35019141 1.84721531 2.46025482]
CO2 concentration current: [400.19389577 401.12483383 402.00878919]
Temperature l20yrs rel. 1850-1900: [0.68935017 0.82718867 0.96202659]
Aerosol ERFari 2005-2014 rel. 1750: [-0.61329605 -0.29910793  0.01805993]
Aerosol ERFaci 2005-2014 rel. 1750: [-1.67084133 -0.97428802 -0.27125726]
Aerosol ERF 2005-2014 rel. 1750: [-1.95085885 -1.26490763 -0.57631121]
OHC change l50yrs: [326.93512072 403.12011711 483.15035011]
*likely range
cut=2017Missing or empty runids_rmse_pass.csv; rerunning 01_constrain-gmst-rmse-only.py for cutoff 2017
Doing RMSE constraint...
Passing RMSE constraint: 182476
[ 87769 121501 100982  87185  37355 136090  24707 146242  27733  12154]
[0.16999844 0.16999874 0.1699988  0.16999887 0.16999894 0.16999905
 0.16999938 0.16999952 0.16999974 0.16999999]
[0.10556494 0.10557326 0.10579342 0.10601085 0.10607329 0.10619921
 0.10629439 0.10633621 0.10650594 0.106548  ]
Missing or empty runids_rmse_reweighted_pass.csv; rerunning 03_reweight-rmse-posterior-multiple-constraints.py for cutoff 2017
Doing reweighting...
Number of effective samples: 2325
Constrained, reweighted parameters:
ECS: [1.9640255  3.03504394 5.17903513]
TCR: [1.3678149  1.82870819 2.4677921 ]
CO2 concentration current: [402.99330278 403.93161981 404.82208029]
Temperature l20yrs rel. 1850-1900: [0.71666146 0.85014961 0.99315263]
Aerosol ERFari 2005-2014 rel. 1750: [-0.61422191 -0.29433354  0.01211857]
Aerosol ERFaci 2005-2014 rel. 1750: [-1.67017983 -1.0033051  -0.25777157]
Aerosol ERF 2005-2014 rel. 1750: [-1.95397686 -1.28881077 -0.55046273]
OHC change l50yrs: [340.15106969 412.88699823 487.6186608 ]
*likely range
cut=2018✓Missing or empty runids_rmse_reweighted_pass.csv; rerunning 03_reweight-rmse-posterior-multiple-constraints.py for cutoff 2018
Doing reweighting...
Number of effective samples: 3275
Constrained, reweighted parameters:
ECS: [1.94220768 3.01236925 5.10351285]
TCR: [1.32619212 1.83830624 2.49319561]
CO2 concentration current: [405.96052205 406.87032095 407.77948655]
Temperature l20yrs rel. 1850-1900: [0.73197415 0.86906625 1.00559008]
Aerosol ERFari 2005-2014 rel. 1750: [-0.5990357  -0.29579086  0.00062303]
Aerosol ERFaci 2005-2014 rel. 1750: [-1.74793333 -0.99685415 -0.30658924]
Aerosol ERF 2005-2014 rel. 1750: [-2.00950194 -1.306823   -0.57781527]
OHC change l50yrs: [326.69345333 411.39220818 498.20668865]
*likely range
cut=2019✓Missing or empty runids_rmse_reweighted_pass.csv; rerunning 03_reweight-rmse-posterior-multiple-constraints.py for cutoff 2019
Doing reweighting...
Number of effective samples: 3091
Constrained, reweighted parameters:
ECS: [2.00058146 3.00430729 5.09655421]
TCR: [1.37686905 1.85552601 2.46073354]
CO2 concentration current: [409.08309905 409.95854743 410.84101918]
Temperature l20yrs rel. 1850-1900: [0.75322161 0.88928254 1.0210374 ]
Aerosol ERFari 2005-2014 rel. 1750: [-0.61422191 -0.28482936  0.00997473]
Aerosol ERFaci 2005-2014 rel. 1750: [-1.71338102 -1.00449435 -0.31669028]
Aerosol ERF 2005-2014 rel. 1750: [-1.9840474  -1.31129356 -0.58359466]
OHC change l50yrs: [335.67529022 425.51923852 510.5248994 ]
*likely range
cut=2020Missing or empty runids_rmse_pass.csv; rerunning 01_constrain-gmst-rmse-only.py for cutoff 2020
Doing RMSE constraint...
Passing RMSE constraint: 171307
[ 19141 139957 148635  82657 170702  60426  39735 128547 138632 159634]
[0.16999778 0.16999817 0.16999825 0.1699983  0.1699985  0.16999852
 0.16999894 0.16999966 0.16999995 0.16999997]
[0.10477912 0.10479372 0.10537513 0.10548607 0.10551602 0.10552331
 0.10573419 0.10580181 0.10591572 0.10608827]
Missing or empty runids_rmse_reweighted_pass.csv; rerunning 03_reweight-rmse-posterior-multiple-constraints.py for cutoff 2020
Doing reweighting...
Number of effective samples: 4021
Constrained, reweighted parameters:
ECS: [2.00867957 2.96009815 4.98738955]
TCR: [1.36489082 1.82917533 2.4417645 ]
CO2 concentration current: [412.31254479 413.19042379 414.00848529]
Temperature l20yrs rel. 1850-1900: [0.77161295 0.91068467 1.04604191]
Aerosol ERFari 2005-2014 rel. 1750: [-0.58648531 -0.29983991  0.00892952]
Aerosol ERFaci 2005-2014 rel. 1750: [-1.67947565 -0.99142564 -0.30979227]
Aerosol ERF 2005-2014 rel. 1750: [-1.99689455 -1.28302577 -0.59031596]
OHC change l50yrs: [336.6825456  436.65559974 545.07631814]
*likely range
cut=2021Missing or empty runids_rmse_pass.csv; rerunning 01_constrain-gmst-rmse-only.py for cutoff 2021
Doing RMSE constraint...
Passing RMSE constraint: 153225
[125456  51223  95405 144106 107275   9927  31369  74737  26530   9376]
[0.16999846 0.16999853 0.16999891 0.16999898 0.16999909 0.16999945
 0.16999958 0.16999965 0.16999981 0.16999994]
[0.10621727 0.10643139 0.10689506 0.10698064 0.1070086  0.10703568
 0.10815024 0.10818669 0.10828043 0.10832991]
Missing or empty runids_rmse_reweighted_pass.csv; rerunning 03_reweight-rmse-posterior-multiple-constraints.py for cutoff 2021
Doing reweighting...
Number of effective samples: 3398
Constrained, reweighted parameters:
ECS: [2.02238943 2.9369199  4.99853951]
TCR: [1.39165094 1.81538979 2.46375338]
CO2 concentration current: [415.56180195 416.46585186 417.36270477]
Temperature l20yrs rel. 1850-1900: [0.79248466 0.9335792  1.07265627]
Aerosol ERFari 2005-2014 rel. 1750: [-0.59336055 -0.28387814  0.02209811]
Aerosol ERFaci 2005-2014 rel. 1750: [-1.69762008 -0.99630774 -0.30979227]
Aerosol ERF 2005-2014 rel. 1750: [-1.97610499 -1.27646372 -0.58631928]
OHC change l50yrs: [357.11555571 452.11273637 557.47826608]
*likely range
cut=2022Missing or empty runids_rmse_pass.csv; rerunning 01_constrain-gmst-rmse-only.py for cutoff 2022
Doing RMSE constraint...
Passing RMSE constraint: 130099
[ 47241 121911 114058  24494   3146   6141  39438  58169  33272 105435]
[0.1699977  0.16999778 0.16999802 0.16999887 0.16999909 0.16999918
 0.16999943 0.16999943 0.16999947 0.16999947]
[0.10859723 0.10877255 0.10955447 0.10985073 0.10993233 0.11008964
 0.1101595  0.11078744 0.11087213 0.11120628]
Missing or empty runids_rmse_reweighted_pass.csv; rerunning 03_reweight-rmse-posterior-multiple-constraints.py for cutoff 2022
Doing reweighting...
Number of effective samples: 2440
Constrained, reweighted parameters:
ECS: [1.93794334 2.91441338 5.22870948]
TCR: [1.34709601 1.80947943 2.43585954]
CO2 concentration current: [418.96883198 419.80547488 420.65469904]
Temperature l20yrs rel. 1850-1900: [0.80202643 0.94245141 1.08159917]
Aerosol ERFari 2005-2014 rel. 1750: [-0.59800035 -0.29784056  0.01873922]
Aerosol ERFaci 2005-2014 rel. 1750: [-1.70028054 -1.00906853 -0.26035957]
Aerosol ERF 2005-2014 rel. 1750: [-2.00962122 -1.28226979 -0.56428056]
OHC change l50yrs: [359.53520744 468.65105675 587.57827922]
*likely range
cut=2023Missing or empty runids_rmse_pass.csv; rerunning 01_constrain-gmst-rmse-only.py for cutoff 2023
Doing RMSE constraint...
Passing RMSE constraint: 124573
[113306  56646 123966  87654  61617  65304    243  98370 112179  80476]
[0.16999894 0.16999907 0.16999925 0.16999925 0.16999937 0.16999948
 0.16999983 0.16999989 0.16999995 0.16999998]
[0.10828885 0.10862628 0.10950331 0.1095349  0.10983462 0.10985287
 0.11023492 0.11089406 0.11121454 0.11125968]
Missing or empty runids_rmse_reweighted_pass.csv; rerunning 03_reweight-rmse-posterior-multiple-constraints.py for cutoff 2023
Doing reweighting...
Number of effective samples: 2501
Constrained, reweighted parameters:
ECS: [1.89248363 2.84337897 5.02135544]
TCR: [1.29055046 1.79516384 2.37822084]
CO2 concentration current: [422.36842912 423.28447325 424.10742232]
Temperature l20yrs rel. 1850-1900: [0.80958708 0.95257681 1.09195272]
Aerosol ERFari 2005-2014 rel. 1750: [-0.59990535 -0.2893514   0.01969099]
Aerosol ERFaci 2005-2014 rel. 1750: [-1.71462773 -0.98279783 -0.28772188]
Aerosol ERF 2005-2014 rel. 1750: [-2.027191   -1.27142864 -0.57186226]
OHC change l50yrs: [351.81188708 464.91521992 580.59405556]
*likely range
cut=2024Missing or empty runids_rmse_pass.csv; rerunning 01_constrain-gmst-rmse-only.py for cutoff 2024
Doing RMSE constraint...
Passing RMSE constraint: 120604
[  8715  68052 119848  19156 106592  31181  98181  81004  47078 112560]
[0.16999823 0.16999834 0.1699984  0.16999852 0.16999853 0.16999881
 0.16999887 0.16999915 0.16999977 0.16999982]
[0.10798189 0.10844136 0.10922332 0.10936194 0.10961985 0.10962804
 0.11034312 0.11071313 0.11099789 0.11134788]
Missing or empty runids_rmse_reweighted_pass.csv; rerunning 03_reweight-rmse-posterior-multiple-constraints.py for cutoff 2024
Doing reweighting...
Number of effective samples: 2860
Constrained, reweighted parameters:
ECS: [1.92494996 2.90660504 5.1074214 ]
TCR: [1.34029394 1.82121445 2.41301264]
CO2 concentration current: [425.83594659 426.71007836 427.58742174]
Temperature l20yrs rel. 1850-1900: [0.83563094 0.98612669 1.13247823]
Aerosol ERFari 2005-2014 rel. 1750: [-0.61900611 -0.2939353   0.02394703]
Aerosol ERFaci 2005-2014 rel. 1750: [-1.68863723 -0.98750129 -0.28585217]
Aerosol ERF 2005-2014 rel. 1750: [-2.01228254 -1.29874407 -0.55702047]
OHC change l50yrs: [362.31154509 472.26540207 593.6864435 ]
*likely range
cut=2025Missing or empty runids_rmse_pass.csv; rerunning 01_constrain-gmst-rmse-only.py for cutoff 2025
Doing RMSE constraint...
Passing RMSE constraint: 118425
[ 64282  99981  44628  31622  93723 116847  56243  14645  87914  14697]
[0.16999842 0.16999877 0.16999887 0.16999888 0.16999934 0.16999934
 0.16999962 0.16999983 0.16999993 0.16999997]
[0.10770097 0.10813872 0.10892377 0.10906115 0.10930818 0.11009073
 0.11011935 0.11053222 0.11068222 0.11105319]
Missing or empty runids_rmse_reweighted_pass.csv; rerunning 03_reweight-rmse-posterior-multiple-constraints.py for cutoff 2025
Doing reweighting...
Number of effective samples: 3172
Constrained, reweighted parameters:
ECS: [1.93869214 2.8769396  4.99407584]
TCR: [1.34423388 1.79814864 2.39053001]
CO2 concentration current: [429.37641949 430.25773146 431.12923675]
Temperature l20yrs rel. 1850-1900: [0.85558141 1.00227876 1.15813129]
Aerosol ERFari 2005-2014 rel. 1750: [-0.59398179 -0.2904577   0.01663925]
Aerosol ERFaci 2005-2014 rel. 1750: [-1.6749794  -0.99973973 -0.3003485 ]
Aerosol ERF 2005-2014 rel. 1750: [-1.9735977  -1.29735584 -0.59730021]
OHC change l50yrs: [360.42461155 480.90668965 613.13571222]
*likely range
cut=2026Missing or empty runids_rmse_pass.csv; rerunning 01_constrain-gmst-rmse-only.py for cutoff 2026
Doing RMSE constraint...
Passing RMSE constraint: 116659
[ 10367  93344  67393  60384 107141  32013 115933  78002   4663  13222]
[0.16999809 0.16999826 0.16999834 0.16999838 0.16999898 0.16999904
 0.16999928 0.16999932 0.16999943 0.16999944]
[0.10744863 0.10783285 0.10877369 0.10878529 0.10900572 0.10978946
 0.11037091 0.11042824 0.11075893 0.11079679]
Missing or empty runids_rmse_reweighted_pass.csv; rerunning 03_reweight-rmse-posterior-multiple-constraints.py for cutoff 2026
Doing reweighting...
Number of effective samples: 3061
Constrained, reweighted parameters:
ECS: [1.99927695 2.84785505 4.99643604]
TCR: [1.3628555  1.78744551 2.38242061]
CO2 concentration current: [433.05963819 433.86753937 434.69885506]
Temperature l20yrs rel. 1850-1900: [0.88820248 1.04061045 1.18858477]
Aerosol ERFari 2005-2014 rel. 1750: [-0.60882994 -0.30143252 -0.0070046 ]
Aerosol ERFaci 2005-2014 rel. 1750: [-1.68920559 -0.97942367 -0.30207092]
Aerosol ERF 2005-2014 rel. 1750: [-2.00400766 -1.26685258 -0.60021174]
OHC change l50yrs: [380.6050355  495.33149783 616.51879005]
*likely range
cut=2027Missing or empty runids_rmse_pass.csv; rerunning 01_constrain-gmst-rmse-only.py for cutoff 2027
Doing RMSE constraint...
Passing RMSE constraint: 111189
[ 8162 62369 31736 27445 82131 65990  8985 43319 49984 75627]
[0.16999714 0.16999724 0.16999774 0.169998   0.16999802 0.16999803
 0.16999815 0.16999866 0.16999886 0.16999895]
[0.1073923  0.10811767 0.10868573 0.10923438 0.1092729  0.11006322
 0.11016367 0.11049251 0.1105299  0.11053486]
Missing or empty runids_rmse_reweighted_pass.csv; rerunning 03_reweight-rmse-posterior-multiple-constraints.py for cutoff 2027
Doing reweighting...
Number of effective samples: 3059
Constrained, reweighted parameters:
ECS: [2.00987119 2.86764036 4.95274532]
TCR: [1.35193322 1.80239724 2.35467983]
CO2 concentration current: [436.67871196 437.56235874 438.41662867]
Temperature l20yrs rel. 1850-1900: [0.91980485 1.06811931 1.21765849]
Aerosol ERFari 2005-2014 rel. 1750: [-0.58891476 -0.29489186  0.01180073]
Aerosol ERFaci 2005-2014 rel. 1750: [-1.6749794  -1.01237257 -0.37913922]
Aerosol ERF 2005-2014 rel. 1750: [-1.98073749 -1.29690679 -0.62247093]
OHC change l50yrs: [384.05678029 500.47099043 607.3342864 ]
*likely range
cut=2028Missing or empty runids_rmse_pass.csv; rerunning 01_constrain-gmst-rmse-only.py for cutoff 2028
Doing RMSE constraint...
Passing RMSE constraint: 105724
[  8010 101112  47321  21242  73384  38696  59322  80997  23417  39930]
[0.16999872 0.16999884 0.16999914 0.1699992  0.1699992  0.16999942
 0.16999943 0.1699996  0.16999966 0.16999975]
[0.10731209 0.10836831 0.108814   0.10947529 0.10995676 0.11008968
 0.11029507 0.11032262 0.11042681 0.11062433]
Missing or empty runids_rmse_reweighted_pass.csv; rerunning 03_reweight-rmse-posterior-multiple-constraints.py for cutoff 2028
Doing reweighting...
Number of effective samples: 2225
Constrained, reweighted parameters:
ECS: [1.95020497 2.82362911 4.91693312]
TCR: [1.34392069 1.76087338 2.31999292]
CO2 concentration current: [440.39662379 441.27998987 442.2240309 ]
Temperature l20yrs rel. 1850-1900: [0.92479767 1.07673257 1.22590137]
Aerosol ERFari 2005-2014 rel. 1750: [-0.6039282  -0.30316172  0.00513092]
Aerosol ERFaci 2005-2014 rel. 1750: [-1.70910369 -0.9690001  -0.28898971]
Aerosol ERF 2005-2014 rel. 1750: [-2.02149552 -1.26710567 -0.57301693]
OHC change l50yrs: [381.52086273 507.6713016  623.24481219]
*likely range
cut=2029Missing or empty runids_rmse_pass.csv; rerunning 01_constrain-gmst-rmse-only.py for cutoff 2029
Doing RMSE constraint...
Passing RMSE constraint: 104969
[97287   912 98791 37172 38816 22844 55762 90114 50528 41240]
[0.16999849 0.169999   0.16999902 0.16999916 0.1699992  0.16999926
 0.16999951 0.16999951 0.1699997  0.16999983]
[0.10750858 0.10823705 0.10860162 0.1093055  0.1099045  0.11012303
 0.11013132 0.11024372 0.11050052 0.11050539]
Missing or empty runids_rmse_reweighted_pass.csv; rerunning 03_reweight-rmse-posterior-multiple-constraints.py for cutoff 2029
Doing reweighting...
Number of effective samples: 1587
Constrained, reweighted parameters:
ECS: [1.88421418 2.77052363 4.85466242]
TCR: [1.31572859 1.750271   2.3004201 ]
CO2 concentration current: [444.16536663 445.11755191 446.00483457]
Temperature l20yrs rel. 1850-1900: [0.93879354 1.08757788 1.2367895 ]
Aerosol ERFari 2005-2014 rel. 1750: [-0.60791373 -0.30942983  0.00563494]
Aerosol ERFaci 2005-2014 rel. 1750: [-1.7156204  -1.02750178 -0.24602291]
Aerosol ERF 2005-2014 rel. 1750: [-2.00240287 -1.31166692 -0.55830442]
OHC change l50yrs: [395.39001217 516.38252692 642.25965069]
*likely range
cut=2030Missing or empty runids_rmse_pass.csv; rerunning 01_constrain-gmst-rmse-only.py for cutoff 2030
Doing RMSE constraint...
Passing RMSE constraint: 104683
[ 27512   4165  42728  77012  33154  68160  19126 103427   3175  27944]
[0.16999881 0.16999885 0.16999898 0.16999902 0.16999907 0.16999922
 0.16999922 0.16999938 0.16999963 0.16999988]
[0.10809648 0.10866286 0.10928784 0.10965004 0.1099171  0.11016788
 0.11045628 0.11065624 0.11081056 0.11101817]
Missing or empty runids_rmse_reweighted_pass.csv; rerunning 03_reweight-rmse-posterior-multiple-constraints.py for cutoff 2030
Doing reweighting...
Number of effective samples: 1440
Constrained, reweighted parameters:
ECS: [1.89014241 2.76809739 4.84910255]
TCR: [1.31572859 1.73623458 2.31049228]
CO2 concentration current: [448.02799796 449.00304255 449.97706085]
Temperature l20yrs rel. 1850-1900: [0.95338846 1.10640727 1.26155521]
Aerosol ERFari 2005-2014 rel. 1750: [-0.61497529 -0.30489358  0.02480561]
Aerosol ERFaci 2005-2014 rel. 1750: [-1.74741672 -1.01186092 -0.31551622]
Aerosol ERF 2005-2014 rel. 1750: [-2.00240287 -1.31502575 -0.59671598]
OHC change l50yrs: [393.63132528 524.07731399 646.78300934]
*likely range
cut=2031Missing or empty runids_rmse_pass.csv; rerunning 01_constrain-gmst-rmse-only.py for cutoff 2031
Doing RMSE constraint...
Passing RMSE constraint: 101236
[18119 94556 62582 17416 92854 20940 93384 81304 82077 45670]
[0.16999712 0.16999715 0.16999741 0.16999765 0.16999831 0.16999872
 0.16999876 0.16999883 0.16999921 0.16999966]
[0.10780661 0.1083645  0.10898744 0.10949733 0.10988652 0.11027679
 0.11037378 0.11051791 0.11089614 0.11090534]
Missing or empty runids_rmse_reweighted_pass.csv; rerunning 03_reweight-rmse-posterior-multiple-constraints.py for cutoff 2031
Doing reweighting...
Number of effective samples: 1451
Constrained, reweighted parameters:
ECS: [1.86726482 2.750805   4.90246282]
TCR: [1.27832805 1.7241689  2.26949399]
CO2 concentration current: [451.9235853  452.95876723 454.02629824]
Temperature l20yrs rel. 1850-1900: [0.97794066 1.14194848 1.29082422]
Aerosol ERFari 2005-2014 rel. 1750: [-0.64897247 -0.29988485  0.03207948]
Aerosol ERFaci 2005-2014 rel. 1750: [-1.70926516 -0.97191613 -0.24644523]
Aerosol ERF 2005-2014 rel. 1750: [-1.99580008 -1.27906806 -0.58301542]
OHC change l50yrs: [403.19439783 532.78806241 662.28444252]
*likely range
cut=2032Missing or empty runids_rmse_pass.csv; rerunning 01_constrain-gmst-rmse-only.py for cutoff 2032
Doing RMSE constraint...
Passing RMSE constraint: 97302
[27560 53554 94123  1374 82240 24854 30934 39843 73228 48989]
[0.16999688 0.16999708 0.16999745 0.16999755 0.16999833 0.16999876
 0.16999897 0.16999906 0.16999938 0.16999959]
[0.10753676 0.10811527 0.10871769 0.10939056 0.10969049 0.11014781
 0.11028028 0.11032235 0.11077484 0.11086457]
Missing or empty runids_rmse_reweighted_pass.csv; rerunning 03_reweight-rmse-posterior-multiple-constraints.py for cutoff 2032
Doing reweighting...
Number of effective samples: 1341
Constrained, reweighted parameters:
ECS: [1.81988638 2.75181308 4.69153378]
TCR: [1.27737764 1.72940933 2.25444857]
CO2 concentration current: [456.0293384  456.96366342 457.96636059]
Temperature l20yrs rel. 1850-1900: [1.01086312 1.17164484 1.32055547]
Aerosol ERFari 2005-2014 rel. 1750: [-0.61265682 -0.29064051  0.01973511]
Aerosol ERFaci 2005-2014 rel. 1750: [-1.74362636 -0.98999252 -0.26469743]
Aerosol ERF 2005-2014 rel. 1750: [-2.01355494 -1.29992361 -0.57731563]
OHC change l50yrs: [408.27143655 546.57157889 677.08018291]
*likely range
cut=2033Missing or empty runids_rmse_pass.csv; rerunning 01_constrain-gmst-rmse-only.py for cutoff 2033
Doing RMSE constraint...
Passing RMSE constraint: 95729
[68658 13213 67721 77304 55013 27645 18152 31905 10095 65878]
[0.16999653 0.16999736 0.16999799 0.16999892 0.16999893 0.16999907
 0.16999946 0.16999983 0.16999984 0.16999993]
[0.10739793 0.10788718 0.10843664 0.10913243 0.10940209 0.10985757
 0.10998292 0.11006238 0.11047397 0.11068833]
Missing or empty runids_rmse_reweighted_pass.csv; rerunning 03_reweight-rmse-posterior-multiple-constraints.py for cutoff 2033
Doing reweighting...
Number of effective samples: 1377
Constrained, reweighted parameters:
ECS: [1.82849211 2.69052494 4.81097009]
TCR: [1.27146318 1.70318782 2.20785264]
CO2 concentration current: [460.03064943 461.02269644 462.03240084]
Temperature l20yrs rel. 1850-1900: [1.0255249  1.18463466 1.33626684]
Aerosol ERFari 2005-2014 rel. 1750: [-0.62283199 -0.29614391  0.03083994]
Aerosol ERFaci 2005-2014 rel. 1750: [-1.70926516 -0.9725193  -0.24376526]
Aerosol ERF 2005-2014 rel. 1750: [-2.01355494 -1.27224583 -0.55369549]
OHC change l50yrs: [431.32800716 572.80248491 710.3180837 ]
*likely range
cut=2034Missing or empty runids_rmse_pass.csv; rerunning 01_constrain-gmst-rmse-only.py for cutoff 2034
Doing RMSE constraint...
Passing RMSE constraint: 92733
[74764 58713 72429 70632 43492 13300 84409 27646 73390 38792]
[0.16999698 0.1699971  0.16999775 0.16999783 0.1699982  0.16999849
 0.16999866 0.16999876 0.16999886 0.16999929]
[0.10711082 0.1076615  0.10819979 0.10912026 0.10925766 0.10967072
 0.10981224 0.10983383 0.11031097 0.11039846]
Missing or empty runids_rmse_reweighted_pass.csv; rerunning 03_reweight-rmse-posterior-multiple-constraints.py for cutoff 2034
Doing reweighting...
Number of effective samples: 1269
Constrained, reweighted parameters:
ECS: [1.85272902 2.70374765 4.48873032]
TCR: [1.30093249 1.69985984 2.20566834]
CO2 concentration current: [464.10773057 465.12807608 466.10271117]
Temperature l20yrs rel. 1850-1900: [1.04657048 1.20709396 1.36573338]
Aerosol ERFari 2005-2014 rel. 1750: [-0.63153633 -0.29732247  0.03347333]
Aerosol ERFaci 2005-2014 rel. 1750: [-1.79992239 -0.97865114 -0.2539117 ]
Aerosol ERF 2005-2014 rel. 1750: [-2.0517559  -1.28325579 -0.55673175]
OHC change l50yrs: [439.27281873 597.42268858 734.02791469]
*likely range
cut=2035Missing or empty runids_rmse_pass.csv; rerunning 01_constrain-gmst-rmse-only.py for cutoff 2035
Doing RMSE constraint...
Passing RMSE constraint: 84703
[44847 64071 59781 54122 84309 19878  3262 38157 56498 43993]
[0.16999674 0.1699971  0.16999727 0.16999776 0.16999839 0.16999842
 0.16999843 0.16999917 0.1699994  0.16999974]
[0.10748447 0.10861658 0.10960767 0.10971425 0.11049252 0.11060604
 0.11071089 0.11088586 0.11095777 0.11106328]
Missing or empty runids_rmse_reweighted_pass.csv; rerunning 03_reweight-rmse-posterior-multiple-constraints.py for cutoff 2035
Doing reweighting...
Number of effective samples: 1265
Constrained, reweighted parameters:
ECS: [1.81312218 2.65307023 4.42313844]
TCR: [1.27668224 1.69353225 2.15300533]
CO2 concentration current: [468.311632   469.26056852 470.24191082]
Temperature l20yrs rel. 1850-1900: [1.08854496 1.24213304 1.39201636]
Aerosol ERFari 2005-2014 rel. 1750: [-0.61038429 -0.29614391  0.00564185]
Aerosol ERFaci 2005-2014 rel. 1750: [-1.7122498  -0.97992466 -0.2560718 ]
Aerosol ERF 2005-2014 rel. 1750: [-1.99246548 -1.27710145 -0.59414463]
OHC change l50yrs: [449.10130541 608.86093946 763.78250391]
*likely range
cut=2036Missing or empty runids_rmse_pass.csv; rerunning 01_constrain-gmst-rmse-only.py for cutoff 2036
Doing RMSE constraint...
Passing RMSE constraint: 83448
[ 5165 23925 36372 34215 83279  5927  4705  1339 74392 59085]
[0.16999573 0.16999607 0.16999634 0.16999711 0.16999716 0.16999734
 0.16999741 0.16999775 0.16999926 0.16999931]
[0.10721678 0.10837373 0.1093754  0.10972004 0.11034178 0.11034981
 0.11056563 0.11067832 0.11094642 0.11111562]
Missing or empty runids_rmse_reweighted_pass.csv; rerunning 03_reweight-rmse-posterior-multiple-constraints.py for cutoff 2036
Doing reweighting...
Number of effective samples: 1309
Constrained, reweighted parameters:
ECS: [1.78257511 2.60307983 4.3003907 ]
TCR: [1.26058003 1.6731639  2.11654318]
CO2 concentration current: [472.4552173  473.42763191 474.42538552]
Temperature l20yrs rel. 1850-1900: [1.11069113 1.26577008 1.42290671]
Aerosol ERFari 2005-2014 rel. 1750: [-0.61099161 -0.2956916   0.01381891]
Aerosol ERFaci 2005-2014 rel. 1750: [-1.68411265 -0.94817695 -0.26981296]
Aerosol ERF 2005-2014 rel. 1750: [-1.97708864 -1.23623277 -0.5526273 ]
OHC change l50yrs: [461.80796853 625.83660811 766.08290158]
*likely range
cut=2037Missing or empty runids_rmse_pass.csv; rerunning 01_constrain-gmst-rmse-only.py for cutoff 2037
Doing RMSE constraint...
Passing RMSE constraint: 83312
[70543 31585 72447 79170 20153 81249 11531 13449 35444 71429]
[0.16999831 0.16999854 0.16999886 0.16999894 0.16999905 0.16999929
 0.16999949 0.16999967 0.16999992 0.17      ]
[0.10725111 0.10840454 0.10943154 0.10960957 0.11030495 0.11065555
 0.11075751 0.11084447 0.1108781  0.11129158]
Missing or empty runids_rmse_reweighted_pass.csv; rerunning 03_reweight-rmse-posterior-multiple-constraints.py for cutoff 2037
Doing reweighting...
Number of effective samples: 1221
Constrained, reweighted parameters:
ECS: [1.78331385 2.56793106 4.2312187 ]
TCR: [1.28213636 1.65507415 2.09880997]
CO2 concentration current: [476.81326858 477.76310749 478.6939011 ]
Temperature l20yrs rel. 1850-1900: [1.12905441 1.29181942 1.45045454]
Aerosol ERFari 2005-2014 rel. 1750: [-0.62346247 -0.28273976  0.03969411]
Aerosol ERFaci 2005-2014 rel. 1750: [-1.67798987 -0.94817695 -0.28920657]
Aerosol ERF 2005-2014 rel. 1750: [-1.95689012 -1.23034515 -0.5526273 ]
OHC change l50yrs: [460.87004943 631.65945328 776.17540126]
*likely range
cut=2038Missing or empty runids_rmse_pass.csv; rerunning 01_constrain-gmst-rmse-only.py for cutoff 2038
Doing RMSE constraint...
Passing RMSE constraint: 82799
[37336 38715 23932 50757   587 13241 62091 64443 69475  3521]
[0.16999629 0.16999643 0.16999674 0.16999716 0.16999717 0.16999717
 0.1699974  0.16999825 0.16999878 0.16999973]
[0.10701016 0.10815077 0.10914574 0.1094638  0.11012806 0.11036245
 0.11056231 0.110659   0.11093186 0.11114776]
Missing or empty runids_rmse_reweighted_pass.csv; rerunning 03_reweight-rmse-posterior-multiple-constraints.py for cutoff 2038
Doing reweighting...
Number of effective samples: 1103
Constrained, reweighted parameters:
ECS: [1.76587735 2.5513951  4.20465023]
TCR: [1.23362524 1.6403818  2.1053353 ]
CO2 concentration current: [481.13259328 482.0679458  483.04365072]
Temperature l20yrs rel. 1850-1900: [1.14731561 1.30886157 1.45664779]
Aerosol ERFari 2005-2014 rel. 1750: [-0.60262168 -0.29778414  0.01447838]
Aerosol ERFaci 2005-2014 rel. 1750: [-1.70840681 -0.93571379 -0.31023779]
Aerosol ERF 2005-2014 rel. 1750: [-1.98968637 -1.24096724 -0.59414463]
OHC change l50yrs: [472.7455436  633.18813493 782.58330241]
*likely range
cut=2039Missing or empty runids_rmse_pass.csv; rerunning 01_constrain-gmst-rmse-only.py for cutoff 2039
Doing RMSE constraint...
Passing RMSE constraint: 81462
[55096 44701 35664 68548 10171 56308 76706 25883 43228 41952]
[0.16999826 0.16999852 0.16999853 0.16999864 0.16999866 0.16999917
 0.16999939 0.1699995  0.16999955 0.16999959]
[0.10673695 0.10795258 0.10920659 0.10923163 0.10985396 0.11026101
 0.11038367 0.11051936 0.11073812 0.11085588]
Missing or empty runids_rmse_reweighted_pass.csv; rerunning 03_reweight-rmse-posterior-multiple-constraints.py for cutoff 2039
Doing reweighting...
Number of effective samples: 1125
Constrained, reweighted parameters:
ECS: [1.82446482 2.53453652 4.12377205]
TCR: [1.284353   1.64796851 2.06973085]
CO2 concentration current: [485.34027463 486.39654232 487.41908093]
Temperature l20yrs rel. 1850-1900: [1.17872275 1.34019224 1.4885881 ]
Aerosol ERFari 2005-2014 rel. 1750: [-0.60262168 -0.30302152  0.0317121 ]
Aerosol ERFaci 2005-2014 rel. 1750: [-1.67819973 -0.95034038 -0.27309669]
Aerosol ERF 2005-2014 rel. 1750: [-1.96861208 -1.24891524 -0.54966064]
OHC change l50yrs: [468.92250137 643.54659521 803.35795063]
*likely range
cut=2040Missing or empty runids_rmse_pass.csv; rerunning 01_constrain-gmst-rmse-only.py for cutoff 2040
Doing RMSE constraint...
Passing RMSE constraint: 80145
[60154  4374 76715 13491 20769 39647 28219 54098 26913 72368]
[0.16999785 0.16999799 0.16999813 0.16999835 0.16999865 0.16999871
 0.16999874 0.16999883 0.16999961 0.1699997 ]
[0.10654142 0.10768425 0.10893793 0.1090682  0.10957579 0.11013397
 0.11019566 0.11056677 0.11059273 0.11068036]
Missing or empty runids_rmse_reweighted_pass.csv; rerunning 03_reweight-rmse-posterior-multiple-constraints.py for cutoff 2040
Doing reweighting...
Number of effective samples: 903
Constrained, reweighted parameters:
ECS: [1.72428959 2.51123764 4.16258453]
TCR: [1.24983969 1.62847721 2.03914635]
CO2 concentration current: [489.79440426 490.87342376 492.03593797]
Temperature l20yrs rel. 1850-1900: [1.19257361 1.3553501  1.50655428]
Aerosol ERFari 2005-2014 rel. 1750: [-0.60091993 -0.29066308  0.02976133]
Aerosol ERFaci 2005-2014 rel. 1750: [-1.72926    -0.94380181 -0.26605738]
Aerosol ERF 2005-2014 rel. 1750: [-1.9862316  -1.24399233 -0.53954244]
OHC change l50yrs: [473.75644735 646.27026855 816.82343587]
*likely range
cut=2041Missing or empty runids_rmse_pass.csv; rerunning 01_constrain-gmst-rmse-only.py for cutoff 2041
Doing RMSE constraint...
Passing RMSE constraint: 79054
[20994 38179 32778 26824 59826 61088 41390 61732 21342 43398]
[0.16999634 0.16999676 0.16999699 0.1699973  0.16999744 0.16999774
 0.169998   0.16999831 0.16999862 0.16999911]
[0.10626555 0.10743125 0.10865486 0.1088046  0.10929016 0.10988902
 0.10992302 0.11028267 0.11035199 0.11039176]
Missing or empty runids_rmse_reweighted_pass.csv; rerunning 03_reweight-rmse-posterior-multiple-constraints.py for cutoff 2041
Doing reweighting...
Number of effective samples: 863
Constrained, reweighted parameters:
ECS: [1.77908762 2.49200858 4.04182614]
TCR: [1.25968421 1.61729218 2.03819088]
CO2 concentration current: [494.27880694 495.36197647 496.50496292]
Temperature l20yrs rel. 1850-1900: [1.21286586 1.3807054  1.53932655]
Aerosol ERFari 2005-2014 rel. 1750: [-0.63168029 -0.27998195  0.03219782]
Aerosol ERFaci 2005-2014 rel. 1750: [-1.74391271 -0.95034038 -0.28482731]
Aerosol ERF 2005-2014 rel. 1750: [-2.02198301 -1.25279719 -0.55225997]
OHC change l50yrs: [487.29767295 654.7684436  811.43294064]
*likely range
cut=2042Missing or empty runids_rmse_pass.csv; rerunning 01_constrain-gmst-rmse-only.py for cutoff 2042
Doing RMSE constraint...
Passing RMSE constraint: 78782
[31515 63289 62168 69415 41787 38708 51217 41960 14869 43744]
[0.16999766 0.16999821 0.16999834 0.16999837 0.16999866 0.16999867
 0.16999883 0.16999884 0.16999982 0.16999992]
[0.10693083 0.10769069 0.10970493 0.1099183  0.11001901 0.11044337
 0.11064814 0.11075538 0.11082779 0.11086027]
Missing or empty runids_rmse_reweighted_pass.csv; rerunning 03_reweight-rmse-posterior-multiple-constraints.py for cutoff 2042
Doing reweighting...
Number of effective samples: 791
Constrained, reweighted parameters:
ECS: [1.77483191 2.53869542 4.10404343]
TCR: [1.24997849 1.63381827 2.03678278]
CO2 concentration current: [498.78731613 499.87513576 500.94311736]
Temperature l20yrs rel. 1850-1900: [1.24937729 1.40962174 1.56174557]
Aerosol ERFari 2005-2014 rel. 1750: [-0.60552292 -0.29123642  0.04395487]
Aerosol ERFaci 2005-2014 rel. 1750: [-1.70944853 -0.95525776 -0.28452229]
Aerosol ERF 2005-2014 rel. 1750: [-1.95935892 -1.26239635 -0.57724416]
OHC change l50yrs: [504.9860287  684.95604618 843.1664147 ]
*likely range
cut=2043Missing or empty runids_rmse_pass.csv; rerunning 01_constrain-gmst-rmse-only.py for cutoff 2043
Doing RMSE constraint...
Passing RMSE constraint: 78495
[53221 44943 59314 65469  3737 15589 42487 54153 43569 16502]
[0.16999656 0.16999746 0.16999765 0.16999791 0.16999814 0.16999828
 0.16999851 0.16999872 0.16999888 0.16999921]
[0.10785023 0.10805263 0.11044157 0.11063852 0.11068839 0.11070909
 0.1110295  0.11115586 0.11126681 0.11157851]
Missing or empty runids_rmse_reweighted_pass.csv; rerunning 03_reweight-rmse-posterior-multiple-constraints.py for cutoff 2043
Doing reweighting...
Number of effective samples: 802
Constrained, reweighted parameters:
ECS: [1.73080146 2.52341433 3.96884895]
TCR: [1.2189505  1.6384769  2.00979501]
CO2 concentration current: [503.42007689 504.49185331 505.62684058]
Temperature l20yrs rel. 1850-1900: [1.27066371 1.4268467  1.58259326]
Aerosol ERFari 2005-2014 rel. 1750: [-0.62280461 -0.28549302  0.02094158]
Aerosol ERFaci 2005-2014 rel. 1750: [-1.7053132  -0.98405502 -0.28424777]
Aerosol ERF 2005-2014 rel. 1750: [-1.95980279 -1.27983274 -0.57486958]
OHC change l50yrs: [519.98035201 694.85193482 861.64559784]
*likely range
cut=2044Missing or empty runids_rmse_pass.csv; rerunning 01_constrain-gmst-rmse-only.py for cutoff 2044
Doing RMSE constraint...
Passing RMSE constraint: 75533
[33905 39389 13661 72389 59586 54932 17345 10032 75301 34202]
[0.16999663 0.16999692 0.1699972  0.16999724 0.16999732 0.16999743
 0.16999759 0.16999832 0.16999898 0.16999905]
[0.10795004 0.10800874 0.11053126 0.11060262 0.11065515 0.1108414
 0.11133894 0.11134108 0.111504   0.11158691]
Missing or empty runids_rmse_reweighted_pass.csv; rerunning 03_reweight-rmse-posterior-multiple-constraints.py for cutoff 2044
Doing reweighting...
Number of effective samples: 777
Constrained, reweighted parameters:
ECS: [1.70685804 2.44322174 3.87570489]
TCR: [1.22189734 1.62029156 1.99525211]
CO2 concentration current: [507.83981833 509.05282138 510.24775839]
Temperature l20yrs rel. 1850-1900: [1.26153747 1.44909147 1.5936296 ]
Aerosol ERFari 2005-2014 rel. 1750: [-0.62838162 -0.30152644  0.00354204]
Aerosol ERFaci 2005-2014 rel. 1750: [-1.74461418 -0.97079697 -0.26481793]
Aerosol ERF 2005-2014 rel. 1750: [-2.00948752 -1.28023951 -0.57392129]
OHC change l50yrs: [525.90664999 706.47382365 876.45966465]
*likely range
cut=2045Missing or empty runids_rmse_pass.csv; rerunning 01_constrain-gmst-rmse-only.py for cutoff 2045
Doing RMSE constraint...
Passing RMSE constraint: 74212
[48150 24488 45784 22906 46157 12583 70785 34125  7540  7704]
[0.16999722 0.16999734 0.16999743 0.16999774 0.16999827 0.16999876
 0.16999879 0.16999944 0.1699995  0.16999993]
[0.10778964 0.1078024  0.11025199 0.11032076 0.11050639 0.11055833
 0.11105592 0.11115431 0.11124038 0.11139536]
Missing or empty runids_rmse_reweighted_pass.csv; rerunning 03_reweight-rmse-posterior-multiple-constraints.py for cutoff 2045
Doing reweighting...
Number of effective samples: 757
Constrained, reweighted parameters:
ECS: [1.72462857 2.47496742 3.91182641]
TCR: [1.22758201 1.61508282 2.00011451]
CO2 concentration current: [512.59911559 513.83510575 514.91814256]
Temperature l20yrs rel. 1850-1900: [1.27979851 1.4706519  1.60567508]
Aerosol ERFari 2005-2014 rel. 1750: [-0.62058373 -0.30042392  0.04707997]
Aerosol ERFaci 2005-2014 rel. 1750: [-1.75101209 -1.00131979 -0.28803756]
Aerosol ERF 2005-2014 rel. 1750: [-2.01018639 -1.27743947 -0.5708132 ]
OHC change l50yrs: [538.22830137 708.32803151 895.47454458]
*likely range
cut=2046Missing or empty runids_rmse_pass.csv; rerunning 01_constrain-gmst-rmse-only.py for cutoff 2046
Doing RMSE constraint...
Passing RMSE constraint: 73857
[31455 17856  6742 13837 17280 39207 43122 42122  1353 42982]
[0.16999707 0.16999733 0.16999739 0.16999744 0.16999759 0.16999801
 0.16999827 0.16999876 0.16999899 0.16999937]
[0.10809814 0.10818193 0.11061592 0.11064466 0.11105588 0.11155675
 0.11162761 0.11171698 0.1118206  0.11196726]
Missing or empty runids_rmse_reweighted_pass.csv; rerunning 03_reweight-rmse-posterior-multiple-constraints.py for cutoff 2046
Doing reweighting...
Number of effective samples: 699
Constrained, reweighted parameters:
ECS: [1.66584528 2.46487899 3.8499765 ]
TCR: [1.2028529  1.60170262 2.00545288]
CO2 concentration current: [517.32349103 518.47565403 519.74390262]
Temperature l20yrs rel. 1850-1900: [1.30385116 1.47890257 1.64000589]
Aerosol ERFari 2005-2014 rel. 1750: [-0.6319002  -0.31074002  0.02816047]
Aerosol ERFaci 2005-2014 rel. 1750: [-1.75320808 -0.96423487 -0.22560846]
Aerosol ERF 2005-2014 rel. 1750: [-2.00919325 -1.2919665  -0.53968315]
OHC change l50yrs: [516.55454582 722.81280865 908.83727559]
*likely range
cut=2047Missing or empty runids_rmse_pass.csv; rerunning 01_constrain-gmst-rmse-only.py for cutoff 2047
Doing RMSE constraint...
Passing RMSE constraint: 72325
[ 8779  3237 13145  8667 56243 18634 29775 58987 51723  6006]
[0.16999641 0.16999651 0.16999714 0.1699974  0.16999743 0.16999861
 0.16999917 0.16999923 0.16999955 0.16999957]
[0.1096729  0.10975153 0.11201247 0.11242801 0.11263955 0.11330967
 0.11340299 0.11343766 0.11344171 0.11349895]
Missing or empty runids_rmse_reweighted_pass.csv; rerunning 03_reweight-rmse-posterior-multiple-constraints.py for cutoff 2047
Doing reweighting...
Number of effective samples: 668
Constrained, reweighted parameters:
ECS: [1.65630828 2.43470663 3.90862605]
TCR: [1.22006196 1.61115113 1.98225726]
CO2 concentration current: [522.15347898 523.27761305 524.51399233]
Temperature l20yrs rel. 1850-1900: [1.32676281 1.49644584 1.66839317]
Aerosol ERFari 2005-2014 rel. 1750: [-0.64188673 -0.29882329  0.01670097]
Aerosol ERFaci 2005-2014 rel. 1750: [-1.71900308 -1.02818878 -0.25813177]
Aerosol ERF 2005-2014 rel. 1750: [-2.02322463 -1.33134001 -0.55127984]
OHC change l50yrs: [513.64320058 719.34764184 915.30187127]
*likely range
cut=2048Missing or empty runids_rmse_pass.csv; rerunning 01_constrain-gmst-rmse-only.py for cutoff 2048
Doing RMSE constraint...
Passing RMSE constraint: 70677
[42373 34773 13910 58775 52387 64197 66519 11494 63848 66049]
[0.16999678 0.169997   0.16999708 0.16999816 0.16999834 0.16999845
 0.16999846 0.16999863 0.1699994  0.16999963]
[0.11110341 0.11201029 0.11343722 0.11416499 0.11420072 0.11437183
 0.11438225 0.11443368 0.11445733 0.11459588]
Missing or empty runids_rmse_reweighted_pass.csv; rerunning 03_reweight-rmse-posterior-multiple-constraints.py for cutoff 2048
Doing reweighting...
Number of effective samples: 710
Constrained, reweighted parameters:
ECS: [1.68182795 2.39930555 3.86193083]
TCR: [1.24251573 1.59065778 1.95373864]
CO2 concentration current: [527.04675305 528.14554245 529.29857284]
Temperature l20yrs rel. 1850-1900: [1.36393547 1.52452946 1.68530799]
Aerosol ERFari 2005-2014 rel. 1750: [-0.63929915 -0.28555033  0.0250159 ]
Aerosol ERFaci 2005-2014 rel. 1750: [-1.70314279 -0.99087266 -0.2770933 ]
Aerosol ERF 2005-2014 rel. 1750: [-1.97655666 -1.27771656 -0.60579278]
OHC change l50yrs: [501.86400336 724.19425937 930.79020203]
*likely range
cut=2049Missing or empty runids_rmse_pass.csv; rerunning 01_constrain-gmst-rmse-only.py for cutoff 2049
Doing RMSE constraint...
Passing RMSE constraint: 70201
[26656 17384 25364 30550 65865 12119 36791 51801 63880 46429]
[0.16999386 0.16999459 0.16999462 0.16999501 0.1699961  0.16999702
 0.16999794 0.16999838 0.16999889 0.16999933]
[0.11133293 0.11313479 0.11345332 0.1143054  0.11432484 0.11434204
 0.1145366  0.11460751 0.11502692 0.11509542]
Missing or empty runids_rmse_reweighted_pass.csv; rerunning 03_reweight-rmse-posterior-multiple-constraints.py for cutoff 2049
Doing reweighting...
Number of effective samples: 637
Constrained, reweighted parameters:
ECS: [1.60753    2.39241832 3.81346007]
TCR: [1.18038257 1.57528369 1.95179243]
CO2 concentration current: [531.87915365 532.98903027 534.22179985]
Temperature l20yrs rel. 1850-1900: [1.38279325 1.5397352  1.70397302]
Aerosol ERFari 2005-2014 rel. 1750: [-0.63836492 -0.28903976  0.03137771]
Aerosol ERFaci 2005-2014 rel. 1750: [-1.71245486 -0.96773419 -0.24948859]
Aerosol ERF 2005-2014 rel. 1750: [-1.98011259 -1.25507079 -0.58287546]
OHC change l50yrs: [509.45726856 739.9688457  944.08079213]
*likely range
cut=2050Missing or empty runids_rmse_pass.csv; rerunning 01_constrain-gmst-rmse-only.py for cutoff 2050
Doing RMSE constraint...
Passing RMSE constraint: 69962
[56472 42936 35225  3919 56013 46573 19638  5909 15785 39817]
[0.16999779 0.1699986  0.16999869 0.16999923 0.16999942 0.16999945
 0.16999948 0.16999953 0.16999981 0.16999994]
[0.11122505 0.11317226 0.11407864 0.11409255 0.11418513 0.11445601
 0.11455465 0.11466262 0.11486264 0.11520874]
Missing or empty runids_rmse_reweighted_pass.csv; rerunning 03_reweight-rmse-posterior-multiple-constraints.py for cutoff 2050
Doing reweighting...
Number of effective samples: 610
Constrained, reweighted parameters:
ECS: [1.59718685 2.40693985 3.86193083]
TCR: [1.17767513 1.58983759 1.98051869]
CO2 concentration current: [536.72244961 537.99587755 539.24713284]
Temperature l20yrs rel. 1850-1900: [1.40152982 1.56857394 1.74216084]
Aerosol ERFari 2005-2014 rel. 1750: [-0.6382516  -0.28578617  0.02184455]
Aerosol ERFaci 2005-2014 rel. 1750: [-1.75087689 -0.99329734 -0.2733839 ]
Aerosol ERF 2005-2014 rel. 1750: [-2.00293482 -1.293302   -0.6098338 ]
OHC change l50yrs: [516.06037358 741.07743198 964.35655055]
*likely range
cut=2051Missing or empty runids_rmse_pass.csv; rerunning 01_constrain-gmst-rmse-only.py for cutoff 2051
Doing RMSE constraint...
Passing RMSE constraint: 69283
[18935 15194 62553 27143 47832 34714 22776 41106 31694 55469]
[0.1699984  0.16999841 0.1699989  0.1699989  0.16999907 0.16999911
 0.16999918 0.16999925 0.16999943 0.16999959]
[0.11172696 0.11291252 0.11388591 0.11413672 0.11478128 0.1148187
 0.11496667 0.1150271  0.11505113 0.11544048]
Missing or empty runids_rmse_reweighted_pass.csv; rerunning 03_reweight-rmse-posterior-multiple-constraints.py for cutoff 2051
Doing reweighting...
Number of effective samples: 559
Constrained, reweighted parameters:
ECS: [1.6388143  2.44230616 3.94084277]
TCR: [1.20190274 1.58977193 1.9648003 ]
CO2 concentration current: [541.70020405 542.94838009 544.16088187]
Temperature l20yrs rel. 1850-1900: [1.43495013 1.59597363 1.77144956]
Aerosol ERFari 2005-2014 rel. 1750: [-0.61916204 -0.29949345  0.00728734]
Aerosol ERFaci 2005-2014 rel. 1750: [-1.76633872 -1.00935659 -0.25172132]
Aerosol ERF 2005-2014 rel. 1750: [-2.02044826 -1.32269874 -0.58137149]
OHC change l50yrs: [529.6951826  755.47133697 970.9178595 ]
*likely range
cut=2052Missing or empty runids_rmse_pass.csv; rerunning 01_constrain-gmst-rmse-only.py for cutoff 2052
Doing RMSE constraint...
Passing RMSE constraint: 67435
[64915 51246 67206 19949 41437  9004 29113 27155 44891 43374]
[0.16999727 0.16999729 0.16999747 0.16999803 0.16999852 0.16999859
 0.1699989  0.16999896 0.16999963 0.16999971]
[0.11321727 0.11338545 0.11470721 0.11507949 0.11509191 0.11539579
 0.11577954 0.11594663 0.11611103 0.11620152]
Missing or empty runids_rmse_reweighted_pass.csv; rerunning 03_reweight-rmse-posterior-multiple-constraints.py for cutoff 2052
Doing reweighting...
Number of effective samples: 531
Constrained, reweighted parameters:
ECS: [1.67887578 2.46203629 3.90516646]
TCR: [1.21297431 1.59030179 1.97614701]
CO2 concentration current: [546.80080419 547.99842651 549.34070275]
Temperature l20yrs rel. 1850-1900: [1.45533767 1.61660897 1.79177522]
Aerosol ERFari 2005-2014 rel. 1750: [-0.62110442 -0.30261459  0.01334984]
Aerosol ERFaci 2005-2014 rel. 1750: [-1.77557023 -1.03690165 -0.25356173]
Aerosol ERF 2005-2014 rel. 1750: [-2.01945641 -1.33349784 -0.56228998]
OHC change l50yrs: [557.71271381 767.43564379 976.72319876]
*likely range
cut=2053Missing or empty runids_rmse_pass.csv; rerunning 01_constrain-gmst-rmse-only.py for cutoff 2053
Doing RMSE constraint...
Passing RMSE constraint: 66795
[21201   895 60952 28775  5306 21114  9709 61609 24900 15465]
[0.16999685 0.16999707 0.16999723 0.16999739 0.16999739 0.16999762
 0.16999776 0.16999788 0.16999858 0.16999875]
[0.113036   0.11434158 0.1148137  0.1148814  0.1149174  0.11551421
 0.11554268 0.11613481 0.11623216 0.11640306]
Missing or empty runids_rmse_reweighted_pass.csv; rerunning 03_reweight-rmse-posterior-multiple-constraints.py for cutoff 2053
Doing reweighting...
Number of effective samples: 486
Constrained, reweighted parameters:
ECS: [1.69702667 2.48790197 4.04240137]
TCR: [1.23096166 1.61372074 1.97526922]
CO2 concentration current: [551.94246076 553.14153829 554.50928567]
Temperature l20yrs rel. 1850-1900: [1.48061792 1.63527271 1.81743748]
Aerosol ERFari 2005-2014 rel. 1750: [-0.64320156 -0.30386532  0.0259272 ]
Aerosol ERFaci 2005-2014 rel. 1750: [-1.84500125 -1.03702096 -0.27081387]
Aerosol ERF 2005-2014 rel. 1750: [-2.07734774 -1.32642806 -0.57919016]
OHC change l50yrs: [584.31326768 778.05257168 984.32187693]
*likely range
cut=2054Missing or empty runids_rmse_pass.csv; rerunning 01_constrain-gmst-rmse-only.py for cutoff 2054
Doing RMSE constraint...
Passing RMSE constraint: 66457
[ 5056 54286 19138  9827 18888 19911 60386 25086 46223 15478]
[0.16999814 0.16999845 0.16999852 0.1699987  0.16999875 0.1699988
 0.16999887 0.16999938 0.16999944 0.1699998 ]
[0.11291036 0.11454368 0.11491244 0.11500399 0.11500937 0.11523266
 0.11576982 0.11608685 0.11611796 0.11656383]
Missing or empty runids_rmse_reweighted_pass.csv; rerunning 03_reweight-rmse-posterior-multiple-constraints.py for cutoff 2054
Doing reweighting...
Number of effective samples: 456
Constrained, reweighted parameters:
ECS: [1.66924615 2.45111635 3.98166332]
TCR: [1.21401791 1.60355084 1.98890084]
CO2 concentration current: [556.92669725 558.30378511 559.71534338]
Temperature l20yrs rel. 1850-1900: [1.49046584 1.65375176 1.83781152]
Aerosol ERFari 2005-2014 rel. 1750: [-0.65078383 -0.29430356  0.03067135]
Aerosol ERFaci 2005-2014 rel. 1750: [-1.85692256 -1.04695963 -0.26507959]
Aerosol ERF 2005-2014 rel. 1750: [-2.12436234 -1.35756375 -0.57737534]
OHC change l50yrs: [599.77353999 796.22417546 999.22299737]
*likely range
cut=2055Missing or empty runids_rmse_pass.csv; rerunning 01_constrain-gmst-rmse-only.py for cutoff 2055
Doing RMSE constraint...
Passing RMSE constraint: 60887
[51733 57162 31482 11631 24297 16653 35170  8027 57316 49819]
[0.16999544 0.16999565 0.16999737 0.16999753 0.16999777 0.16999861
 0.16999875 0.16999904 0.16999911 0.16999926]
[0.11587925 0.11659477 0.11674794 0.11740966 0.11876911 0.11887084
 0.11887193 0.11920347 0.11944364 0.1194842 ]
Missing or empty runids_rmse_reweighted_pass.csv; rerunning 03_reweight-rmse-posterior-multiple-constraints.py for cutoff 2055
Doing reweighting...
Number of effective samples: 414
Constrained, reweighted parameters:
ECS: [1.66712239 2.41058077 3.87851286]
TCR: [1.21224735 1.59981245 1.97982509]
CO2 concentration current: [562.08641258 563.5552973  564.94208259]
Temperature l20yrs rel. 1850-1900: [1.51284242 1.66714116 1.86050265]
Aerosol ERFari 2005-2014 rel. 1750: [-0.65391019 -0.32200241  0.02935585]
Aerosol ERFaci 2005-2014 rel. 1750: [-1.85176994 -1.04830781 -0.20942287]
Aerosol ERF 2005-2014 rel. 1750: [-2.08967741 -1.36052976 -0.58782543]
OHC change l50yrs: [ 598.52208128  811.86096754 1023.07855631]
*likely range
cut=2056Missing or empty runids_rmse_pass.csv; rerunning 01_constrain-gmst-rmse-only.py for cutoff 2056
Doing RMSE constraint...
Passing RMSE constraint: 52552
[26977  2511 20372 15313 20049 48566 27506 25012 50778 33764]
[0.1699989  0.16999895 0.16999901 0.16999901 0.16999955 0.16999956
 0.16999965 0.16999979 0.16999982 0.16999993]
[0.11947384 0.11969612 0.1204928  0.12169367 0.12196668 0.12286471
 0.1229204  0.12311616 0.12319657 0.12345861]
Missing or empty runids_rmse_reweighted_pass.csv; rerunning 03_reweight-rmse-posterior-multiple-constraints.py for cutoff 2056
Doing reweighting...
Number of effective samples: 369
Constrained, reweighted parameters:
ECS: [1.71486352 2.41735244 3.87322343]
TCR: [1.22419132 1.5994074  1.97583911]
CO2 concentration current: [567.26615599 568.75492026 570.22964396]
Temperature l20yrs rel. 1850-1900: [1.55839359 1.70686242 1.91084554]
Aerosol ERFari 2005-2014 rel. 1750: [-0.63909022 -0.30608818  0.03951434]
Aerosol ERFaci 2005-2014 rel. 1750: [-1.8611931  -1.08303207 -0.28757437]
Aerosol ERF 2005-2014 rel. 1750: [-2.11217512 -1.35856037 -0.63374651]
OHC change l50yrs: [ 618.42001698  811.48050648 1020.08693097]
*likely range
cut=2057Missing or empty runids_rmse_pass.csv; rerunning 01_constrain-gmst-rmse-only.py for cutoff 2057
Doing RMSE constraint...
Passing RMSE constraint: 52216
[29849 16409 17827 21969 34182 12653 11562 23598 10496 39748]
[0.16999435 0.16999515 0.16999547 0.16999633 0.16999677 0.16999694
 0.16999721 0.16999766 0.16999869 0.16999995]
[0.11923453 0.11942069 0.12023308 0.12148483 0.12191973 0.12264228
 0.1226622  0.12284854 0.1230188  0.12320194]
Missing or empty runids_rmse_reweighted_pass.csv; rerunning 03_reweight-rmse-posterior-multiple-constraints.py for cutoff 2057
Doing reweighting...
Number of effective samples: 351
Constrained, reweighted parameters:
ECS: [1.68652239 2.43433844 3.85671912]
TCR: [1.2199726  1.60224149 1.97401762]
CO2 concentration current: [572.71309428 574.11026335 575.58327993]
Temperature l20yrs rel. 1850-1900: [1.58374233 1.72366839 1.92181948]
Aerosol ERFari 2005-2014 rel. 1750: [-0.63683785 -0.29363227  0.04978482]
Aerosol ERFaci 2005-2014 rel. 1750: [-1.88633155 -1.10914749 -0.23887117]
Aerosol ERF 2005-2014 rel. 1750: [-2.13787836 -1.38186631 -0.57919664]
OHC change l50yrs: [ 627.62989159  837.93003971 1036.7913222 ]
*likely range
cut=2058Missing or empty runids_rmse_pass.csv; rerunning 01_constrain-gmst-rmse-only.py for cutoff 2058
Doing RMSE constraint...
Passing RMSE constraint: 51648
[24133 43541  5920 29896 33337 49760 40377 41807 22530 26763]
[0.16999581 0.16999588 0.16999618 0.16999623 0.1699969  0.16999778
 0.1699983  0.16999835 0.16999969 0.16999984]
[0.11900455 0.11914267 0.11996637 0.12132033 0.12228682 0.12237967
 0.12244828 0.12261694 0.12293616 0.12309909]
Missing or empty runids_rmse_reweighted_pass.csv; rerunning 03_reweight-rmse-posterior-multiple-constraints.py for cutoff 2058
Doing reweighting...
Number of effective samples: 365
Constrained, reweighted parameters:
ECS: [1.68008757 2.38626716 3.7894021 ]
TCR: [1.2199099  1.59538738 1.94683137]
CO2 concentration current: [578.00247468 579.43070023 580.96813904]
Temperature l20yrs rel. 1850-1900: [1.61190054 1.75240266 1.94267027]
Aerosol ERFari 2005-2014 rel. 1750: [-0.61511503 -0.29528739  0.0620872 ]
Aerosol ERFaci 2005-2014 rel. 1750: [-1.85459501 -1.08183661 -0.28803735]
Aerosol ERF 2005-2014 rel. 1750: [-2.09567419 -1.35856037 -0.61326123]
OHC change l50yrs: [ 639.07373393  849.10609929 1060.53455755]
*likely range
cut=2059Missing or empty runids_rmse_pass.csv; rerunning 01_constrain-gmst-rmse-only.py for cutoff 2059
Doing RMSE constraint...
Passing RMSE constraint: 51412
[ 8534 39664  6974 40271 29381 43987   224 43913 28193 23189]
[0.16999716 0.16999725 0.1699973  0.16999734 0.16999746 0.16999749
 0.1699985  0.16999878 0.16999975 0.16999982]
[0.11872145 0.11900741 0.1196821  0.12108626 0.12208796 0.12230329
 0.12232654 0.12261634 0.12267609 0.12283841]
Missing or empty runids_rmse_reweighted_pass.csv; rerunning 03_reweight-rmse-posterior-multiple-constraints.py for cutoff 2059
Doing reweighting...
Number of effective samples: 355
Constrained, reweighted parameters:
ECS: [1.70573691 2.38997836 3.74045762]
TCR: [1.26346051 1.5801348  1.94646804]
CO2 concentration current: [583.47799912 584.82029307 586.30182867]
Temperature l20yrs rel. 1850-1900: [1.63360033 1.77647742 1.97816643]
Aerosol ERFari 2005-2014 rel. 1750: [-0.63758561 -0.28348321  0.04100704]
Aerosol ERFaci 2005-2014 rel. 1750: [-1.8722625  -1.07038505 -0.2292259 ]
Aerosol ERF 2005-2014 rel. 1750: [-2.08780394 -1.34651164 -0.60566309]
OHC change l50yrs: [ 650.39249901  875.91404121 1082.24824343]
*likely range
cut=2060Missing or empty runids_rmse_pass.csv; rerunning 01_constrain-gmst-rmse-only.py for cutoff 2060
Doing RMSE constraint...
Passing RMSE constraint: 50405
[ 8668 21062 37712 49965 22543 11555 41325 29916 43061  8932]
[0.16999452 0.16999461 0.16999669 0.16999735 0.16999781 0.16999854
 0.1699987  0.16999883 0.16999884 0.16999965]
[0.11878759 0.11924046 0.1196149  0.12103143 0.1219867  0.12205281
 0.12227931 0.12241032 0.12285656 0.12287355]
Missing or empty runids_rmse_reweighted_pass.csv; rerunning 03_reweight-rmse-posterior-multiple-constraints.py for cutoff 2060
Doing reweighting...
Number of effective samples: 338
Constrained, reweighted parameters:
ECS: [1.75281346 2.4376933  3.68857848]
TCR: [1.25674446 1.6055664  1.923404  ]
CO2 concentration current: [588.80702279 590.45941317 591.8959834 ]
Temperature l20yrs rel. 1850-1900: [1.67258179 1.80846194 1.99646597]
Aerosol ERFari 2005-2014 rel. 1750: [-0.63731299 -0.29114751  0.02271797]
Aerosol ERFaci 2005-2014 rel. 1750: [-1.86842116 -1.06844844 -0.24200691]
Aerosol ERF 2005-2014 rel. 1750: [-2.08850226 -1.34932169 -0.66012509]
OHC change l50yrs: [ 658.55343673  895.08023341 1082.20181094]
*likely range
cut=2061Missing or empty runids_rmse_pass.csv; rerunning 01_constrain-gmst-rmse-only.py for cutoff 2061
Doing RMSE constraint...
Passing RMSE constraint: 47257
[12795 27529 40226 10405 31035  2099 35587 46957 15106 23371]
[0.16999673 0.16999775 0.16999826 0.16999828 0.16999882 0.1699992
 0.16999933 0.16999948 0.16999992 0.16999995]
[0.11976078 0.12012455 0.12059207 0.12156769 0.12236083 0.12250645
 0.12279857 0.12312917 0.1234411  0.12370077]
Missing or empty runids_rmse_reweighted_pass.csv; rerunning 03_reweight-rmse-posterior-multiple-constraints.py for cutoff 2061
Doing reweighting...
Number of effective samples: 326
Constrained, reweighted parameters:
ECS: [1.73846251 2.42603485 3.67416651]
TCR: [1.25834337 1.60505853 1.90602668]
CO2 concentration current: [594.44057324 595.85729219 597.42244183]
Temperature l20yrs rel. 1850-1900: [1.69993047 1.84259379 2.04150907]
Aerosol ERFari 2005-2014 rel. 1750: [-0.66493711 -0.29672745  0.02714245]
Aerosol ERFaci 2005-2014 rel. 1750: [-1.82675891 -1.07724232 -0.21912323]
Aerosol ERF 2005-2014 rel. 1750: [-2.03088077 -1.34889216 -0.64086062]
OHC change l50yrs: [ 676.29289108  901.08445083 1117.49667055]
*likely range
cut=2062Missing or empty runids_rmse_pass.csv; rerunning 01_constrain-gmst-rmse-only.py for cutoff 2062
Doing RMSE constraint...
Passing RMSE constraint: 47003
[35706 29985 35937 38974 41743 26328 42103 34809 18782 36730]
[0.16999808 0.16999809 0.1699981  0.1699982  0.16999835 0.16999841
 0.16999847 0.16999887 0.16999951 0.16999981]
[0.11951255 0.11985769 0.12034738 0.12128238 0.12207611 0.12224711
 0.12252865 0.12292459 0.12315108 0.12343277]
Missing or empty runids_rmse_reweighted_pass.csv; rerunning 03_reweight-rmse-posterior-multiple-constraints.py for cutoff 2062
Doing reweighting...
Number of effective samples: 319
Constrained, reweighted parameters:
ECS: [1.73194653 2.37849111 3.61266121]
TCR: [1.25575694 1.59357824 1.89555991]
CO2 concentration current: [599.94470294 601.48268419 603.04742325]
Temperature l20yrs rel. 1850-1900: [1.72930586 1.87379117 2.05403299]
Aerosol ERFari 2005-2014 rel. 1750: [-0.6457793  -0.30199031  0.06192376]
Aerosol ERFaci 2005-2014 rel. 1750: [-1.88043793 -1.07001788 -0.18785646]
Aerosol ERF 2005-2014 rel. 1750: [-2.07365718 -1.3507065  -0.59317304]
OHC change l50yrs: [ 663.43746671  904.35963057 1116.08633641]
*likely range
cut=2063Missing or empty runids_rmse_pass.csv; rerunning 01_constrain-gmst-rmse-only.py for cutoff 2063
Doing RMSE constraint...
Passing RMSE constraint: 46848
[12428 17438 44146  7414 31011 30133 46554 43033  3339  9794]
[0.16999774 0.16999804 0.16999804 0.16999831 0.16999916 0.1699995
 0.16999957 0.16999962 0.16999971 0.16999976]
[0.11923856 0.11959438 0.12012359 0.12099917 0.1217941  0.12197902
 0.12227471 0.12264555 0.12289707 0.12330744]
Missing or empty runids_rmse_reweighted_pass.csv; rerunning 03_reweight-rmse-posterior-multiple-constraints.py for cutoff 2063
Doing reweighting...
Number of effective samples: 296
Constrained, reweighted parameters:
ECS: [1.73069516 2.39861204 3.59537975]
TCR: [1.27435267 1.58027694 1.95561141]
CO2 concentration current: [605.68258708 607.13676391 608.69019347]
Temperature l20yrs rel. 1850-1900: [1.76209275 1.89454739 2.08400313]
Aerosol ERFari 2005-2014 rel. 1750: [-0.64025819 -0.29250157  0.061474  ]
Aerosol ERFaci 2005-2014 rel. 1750: [-1.87038549 -1.07842302 -0.19576822]
Aerosol ERF 2005-2014 rel. 1750: [-2.08822305 -1.35978998 -0.57328723]
OHC change l50yrs: [ 686.10794606  910.78527548 1122.86471192]
*likely range
cut=2064Missing or empty runids_rmse_pass.csv; rerunning 01_constrain-gmst-rmse-only.py for cutoff 2064
Doing RMSE constraint...
Passing RMSE constraint: 46364
[35078  8257 16983 39004 34240  5126 38602  6105 15655 13278]
[0.16999722 0.16999724 0.16999747 0.16999795 0.16999829 0.16999833
 0.16999855 0.16999862 0.16999867 0.16999955]
[0.11898818 0.11931599 0.11996644 0.12082347 0.12151056 0.12170315
 0.12206993 0.12252114 0.12278383 0.12311357]
Missing or empty runids_rmse_reweighted_pass.csv; rerunning 03_reweight-rmse-posterior-multiple-constraints.py for cutoff 2064
Doing reweighting...
Number of effective samples: 297
Constrained, reweighted parameters:
ECS: [1.76129546 2.41425518 3.46359198]
TCR: [1.27990868 1.59645647 1.92119277]
CO2 concentration current: [611.39306143 612.85953319 614.38590882]
Temperature l20yrs rel. 1850-1900: [1.7908507  1.91990467 2.10587379]
Aerosol ERFari 2005-2014 rel. 1750: [-0.63202318 -0.27951971  0.03673128]
Aerosol ERFaci 2005-2014 rel. 1750: [-1.87931208 -1.1304167  -0.19439113]
Aerosol ERF 2005-2014 rel. 1750: [-2.07668334 -1.38401053 -0.59974679]
OHC change l50yrs: [ 697.53390425  922.86669635 1134.11067507]
*likely range
cut=2065Missing or empty runids_rmse_pass.csv; rerunning 01_constrain-gmst-rmse-only.py for cutoff 2065
Doing RMSE constraint...
Passing RMSE constraint: 46048
[37198  6662 10005 41023 41122  1527 23467 20323  8127  9863]
[0.16999461 0.16999463 0.16999509 0.16999545 0.16999576 0.16999601
 0.16999682 0.16999759 0.16999857 0.16999953]
[0.11876141 0.11921995 0.11973102 0.12057355 0.12143525 0.12144632
 0.12178755 0.12226364 0.12250282 0.12291239]
Missing or empty runids_rmse_reweighted_pass.csv; rerunning 03_reweight-rmse-posterior-multiple-constraints.py for cutoff 2065
Doing reweighting...
Number of effective samples: 291
Constrained, reweighted parameters:
ECS: [1.77891686 2.43333754 3.62477728]
TCR: [1.28301239 1.59657043 1.93245261]
CO2 concentration current: [617.06064693 618.63052458 620.22787512]
Temperature l20yrs rel. 1850-1900: [1.82432889 1.95084361 2.13597036]
Aerosol ERFari 2005-2014 rel. 1750: [-0.64817263 -0.28940599  0.06623296]
Aerosol ERFaci 2005-2014 rel. 1750: [-1.85555691 -1.05449782 -0.25229568]
Aerosol ERF 2005-2014 rel. 1750: [-2.06823434 -1.34497599 -0.59449177]
OHC change l50yrs: [ 716.79152218  945.90821797 1142.8859101 ]
*likely range
cut=2066Missing or empty runids_rmse_pass.csv; rerunning 01_constrain-gmst-rmse-only.py for cutoff 2066
Doing RMSE constraint...
Passing RMSE constraint: 45096
[43581 22720  6492  3473 33170 37524 15364  1754 20167 24239]
[0.1699968  0.16999692 0.1699972  0.16999764 0.16999765 0.16999853
 0.16999866 0.16999885 0.16999946 0.16999964]
[0.11894844 0.11907301 0.11984775 0.12040793 0.12123037 0.12129951
 0.12167405 0.12248279 0.12250928 0.12275677]
Missing or empty runids_rmse_reweighted_pass.csv; rerunning 03_reweight-rmse-posterior-multiple-constraints.py for cutoff 2066
Doing reweighting...
Number of effective samples: 269
Constrained, reweighted parameters:
ECS: [1.74893986 2.42403499 3.62373667]
TCR: [1.27934558 1.58962909 1.94164738]
CO2 concentration current: [622.88861437 624.53105506 626.13251497]
Temperature l20yrs rel. 1850-1900: [1.84994028 1.97320649 2.17403992]
Aerosol ERFari 2005-2014 rel. 1750: [-0.64550417 -0.27351332  0.06737972]
Aerosol ERFaci 2005-2014 rel. 1750: [-1.90100497 -1.04205653 -0.19803484]
Aerosol ERF 2005-2014 rel. 1750: [-2.07382126 -1.34859957 -0.59752111]
OHC change l50yrs: [ 710.44646674  954.39832482 1165.79737345]
*likely range
cut=2067Missing or empty runids_rmse_pass.csv; rerunning 01_constrain-gmst-rmse-only.py for cutoff 2067
Doing RMSE constraint...
Passing RMSE constraint: 43030
[12717 20126  1209 17109  3038 13210 35370 38935 32323 17342]
[0.16999554 0.16999562 0.1699961  0.16999627 0.16999715 0.16999787
 0.1699979  0.16999859 0.16999884 0.16999904]
[0.11927262 0.12014512 0.12051771 0.12076617 0.12133961 0.12203641
 0.12210959 0.1229268  0.12327362 0.12339398]
Missing or empty runids_rmse_reweighted_pass.csv; rerunning 03_reweight-rmse-posterior-multiple-constraints.py for cutoff 2067
Doing reweighting...
Number of effective samples: 273
Constrained, reweighted parameters:
ECS: [1.73410411 2.42403499 3.48046538]
TCR: [1.27988439 1.57325602 1.87003468]
CO2 concentration current: [628.71732924 630.4282736  632.01561024]
Temperature l20yrs rel. 1850-1900: [1.88655389 2.00345104 2.17245079]
Aerosol ERFari 2005-2014 rel. 1750: [-0.6368196  -0.27467481  0.06195824]
Aerosol ERFaci 2005-2014 rel. 1750: [-1.85012754 -1.06068642 -0.27751114]
Aerosol ERF 2005-2014 rel. 1750: [-2.06782775 -1.35817946 -0.6401999 ]
OHC change l50yrs: [ 724.76498085  955.55682411 1183.7096983 ]
*likely range
cut=2068Missing or empty runids_rmse_pass.csv; rerunning 01_constrain-gmst-rmse-only.py for cutoff 2068
Doing RMSE constraint...
Passing RMSE constraint: 42522
[27644 13448 39286  5951 23225  1158 15273 18698   555 41104]
[0.16999421 0.16999504 0.16999585 0.16999698 0.1699971  0.16999764
 0.16999776 0.1699982  0.16999893 0.16999901]
[0.11900115 0.1201728  0.12032459 0.12055102 0.12106283 0.12186998
 0.12192853 0.12298417 0.12299624 0.12340967]
Missing or empty runids_rmse_reweighted_pass.csv; rerunning 03_reweight-rmse-posterior-multiple-constraints.py for cutoff 2068
Doing reweighting...
Number of effective samples: 255
Constrained, reweighted parameters:
ECS: [1.73054642 2.36453763 3.54641309]
TCR: [1.3016647  1.58034839 1.86804344]
CO2 concentration current: [634.77815638 636.37183996 637.93949475]
Temperature l20yrs rel. 1850-1900: [1.91134572 2.03043961 2.19635003]
Aerosol ERFari 2005-2014 rel. 1750: [-0.62465413 -0.31279776  0.04289862]
Aerosol ERFaci 2005-2014 rel. 1750: [-1.81337643 -1.02113143 -0.25680669]
Aerosol ERF 2005-2014 rel. 1750: [-2.03608629 -1.31347097 -0.61796206]
OHC change l50yrs: [ 732.30088987  969.57614676 1202.62408742]
*likely range
cut=2069Missing or empty runids_rmse_pass.csv; rerunning 01_constrain-gmst-rmse-only.py for cutoff 2069
Doing RMSE constraint...
Passing RMSE constraint: 42235
[26501 14573 22012  5790 27363  4015 20928 42160  6649 24707]
[0.16999698 0.16999804 0.16999839 0.16999849 0.16999865 0.16999925
 0.16999926 0.16999937 0.16999956 0.16999974]
[0.11873379 0.12008739 0.12021713 0.12045799 0.120818   0.12159279
 0.12168451 0.12271824 0.12312894 0.123424  ]
Missing or empty runids_rmse_reweighted_pass.csv; rerunning 03_reweight-rmse-posterior-multiple-constraints.py for cutoff 2069
Doing reweighting...
Number of effective samples: 240
Constrained, reweighted parameters:
ECS: [1.7408973  2.38848793 3.43150738]
TCR: [1.31775611 1.58138127 1.84717742]
CO2 concentration current: [640.69696901 642.39077884 643.95016707]
Temperature l20yrs rel. 1850-1900: [1.93686873 2.0596335  2.21832227]
Aerosol ERFari 2005-2014 rel. 1750: [-0.61025177 -0.27429992  0.07630916]
Aerosol ERFaci 2005-2014 rel. 1750: [-1.86205989 -1.09293484 -0.34572169]
Aerosol ERF 2005-2014 rel. 1750: [-2.08214352 -1.36526718 -0.70702536]
OHC change l50yrs: [ 738.31534432  991.44642853 1214.65459224]
*likely range
cut=2070Missing or empty runids_rmse_pass.csv; rerunning 01_constrain-gmst-rmse-only.py for cutoff 2070
Doing RMSE constraint...
Passing RMSE constraint: 41910
[34543 26735 27889  4837 33346 32401 16259 38709 30301  3809]
[0.1699955  0.16999601 0.16999761 0.16999762 0.16999768 0.16999839
 0.16999906 0.16999932 0.16999983 0.1699999 ]
[0.11863819 0.11992766 0.11994634 0.12025304 0.12141712 0.12165863
 0.12179421 0.12256774 0.12306577 0.12316211]
Missing or empty runids_rmse_reweighted_pass.csv; rerunning 03_reweight-rmse-posterior-multiple-constraints.py for cutoff 2070
Doing reweighting...
Number of effective samples: 251
Constrained, reweighted parameters:
ECS: [1.70276566 2.35887911 3.30665246]
TCR: [1.26314777 1.57916999 1.84489974]
CO2 concentration current: [646.8689861  648.52987245 650.08426069]
Temperature l20yrs rel. 1850-1900: [1.96514392 2.07673094 2.22628619]
Aerosol ERFari 2005-2014 rel. 1750: [-0.60419449 -0.27457295  0.05296004]
Aerosol ERFaci 2005-2014 rel. 1750: [-1.77446667 -1.04038017 -0.32353603]
Aerosol ERF 2005-2014 rel. 1750: [-2.01866664 -1.37132544 -0.61986703]
OHC change l50yrs: [ 734.90012652  989.61893775 1228.65251751]
*likely range
cut=2071Missing or empty runids_rmse_pass.csv; rerunning 01_constrain-gmst-rmse-only.py for cutoff 2071
Doing RMSE constraint...
Passing RMSE constraint: 41562
[ 8299 31196 13428 23476 26972 18848 24667  2791 27590 29090]
[0.16999809 0.16999834 0.16999836 0.16999849 0.16999921 0.1699995
 0.1699995  0.16999954 0.16999959 0.1699996 ]
[0.11837097 0.11965769 0.11981612 0.120022   0.12114378 0.12152066
 0.12171056 0.12237957 0.12278837 0.12298043]
Missing or empty runids_rmse_reweighted_pass.csv; rerunning 03_reweight-rmse-posterior-multiple-constraints.py for cutoff 2071
Doing reweighting...
Number of effective samples: 242
Constrained, reweighted parameters:
ECS: [1.71807952 2.36715673 3.21269209]
TCR: [1.2588109  1.57933907 1.84297273]
CO2 concentration current: [652.94195637 654.52911046 656.24158764]
Temperature l20yrs rel. 1850-1900: [1.98491712 2.0961622  2.2621375 ]
Aerosol ERFari 2005-2014 rel. 1750: [-0.65678504 -0.30016223  0.03580123]
Aerosol ERFaci 2005-2014 rel. 1750: [-1.80591068 -0.9880873  -0.30709265]
Aerosol ERF 2005-2014 rel. 1750: [-2.05422199 -1.32894539 -0.69534043]
OHC change l50yrs: [ 734.16471436  989.0021187  1248.56762793]
*likely range
cut=2072Missing or empty runids_rmse_pass.csv; rerunning 01_constrain-gmst-rmse-only.py for cutoff 2072
Doing RMSE constraint...
Passing RMSE constraint: 40944
[20388 21327 18370 33092 24251  3186 20213 36530 18319  4163]
[0.16999708 0.16999808 0.16999856 0.16999874 0.1699989  0.1699992
 0.16999945 0.16999949 0.16999966 0.16999986]
[0.11810766 0.11955798 0.11978218 0.11994594 0.12089636 0.12127887
 0.12143797 0.12212894 0.12277411 0.12301067]
Missing or empty runids_rmse_reweighted_pass.csv; rerunning 03_reweight-rmse-posterior-multiple-constraints.py for cutoff 2072
Doing reweighting...
Number of effective samples: 229
Constrained, reweighted parameters:
ECS: [1.7140259  2.37528908 3.18240828]
TCR: [1.24037332 1.57916999 1.83292868]
CO2 concentration current: [659.1223898  660.74645374 662.39706621]
Temperature l20yrs rel. 1850-1900: [2.00160244 2.13080093 2.2881533 ]
Aerosol ERFari 2005-2014 rel. 1750: [-0.65952059 -0.29188589  0.05643785]
Aerosol ERFaci 2005-2014 rel. 1750: [-1.78022247 -1.02288919 -0.28174479]
Aerosol ERF 2005-2014 rel. 1750: [-2.03747411 -1.34078668 -0.63158009]
OHC change l50yrs: [ 735.73968953  990.07120079 1256.01209992]
*likely range
cut=2073Missing or empty runids_rmse_pass.csv; rerunning 01_constrain-gmst-rmse-only.py for cutoff 2073
Doing RMSE constraint...
Passing RMSE constraint: 40772
[31843 31268 27150 20593  5026 22448 23435 11275 16521 19870]
[0.16999238 0.16999287 0.16999328 0.16999411 0.16999641 0.16999685
 0.16999748 0.16999779 0.16999942 0.16999948]
[0.11797347 0.11929828 0.11969372 0.11977449 0.12074542 0.12105434
 0.12153171 0.12186033 0.12249977 0.12273648]
Missing or empty runids_rmse_reweighted_pass.csv; rerunning 03_reweight-rmse-posterior-multiple-constraints.py for cutoff 2073
Doing reweighting...
Number of effective samples: 217
Constrained, reweighted parameters:
ECS: [1.76418214 2.33675626 3.24839698]
TCR: [1.3011772  1.5835394  1.81807207]
CO2 concentration current: [665.40767676 666.98266475 668.64879372]
Temperature l20yrs rel. 1850-1900: [2.03710511 2.15847861 2.29958655]
Aerosol ERFari 2005-2014 rel. 1750: [-0.6456992  -0.26552412  0.08062514]
Aerosol ERFaci 2005-2014 rel. 1750: [-1.84312324 -1.07811565 -0.31360103]
Aerosol ERF 2005-2014 rel. 1750: [-2.09370164 -1.36514031 -0.67956847]
OHC change l50yrs: [ 753.32503598 1005.71643773 1262.51646307]
*likely range
cut=2074Missing or empty runids_rmse_pass.csv; rerunning 01_constrain-gmst-rmse-only.py for cutoff 2074
Doing RMSE constraint...
Passing RMSE constraint: 40444
[ 3275 14168 33206 25937 18259 24331 33521 15969 28598   471]
[0.16999552 0.16999634 0.16999675 0.16999694 0.1699972  0.16999746
 0.16999783 0.1699983  0.16999866 0.1699997 ]
[0.11772375 0.11903623 0.11944289 0.11958336 0.12062738 0.12078796
 0.1215178  0.12176019 0.12238411 0.12248314]
Missing or empty runids_rmse_reweighted_pass.csv; rerunning 03_reweight-rmse-posterior-multiple-constraints.py for cutoff 2074
Doing reweighting...
Number of effective samples: 203
Constrained, reweighted parameters:
ECS: [1.78842112 2.36026086 3.23885214]
TCR: [1.30195175 1.5835394  1.78230263]
CO2 concentration current: [671.62469402 673.35546162 675.06663323]
Temperature l20yrs rel. 1850-1900: [2.07802705 2.19644809 2.32315348]
Aerosol ERFari 2005-2014 rel. 1750: [-0.68341258 -0.27457295  0.08380417]
Aerosol ERFaci 2005-2014 rel. 1750: [-1.76757999 -1.04001097 -0.33472608]
Aerosol ERF 2005-2014 rel. 1750: [-2.07218271 -1.31593185 -0.66648263]
OHC change l50yrs: [ 765.3219416  1014.20731818 1292.50086063]
*likely range
cut=2075Missing or empty runids_rmse_pass.csv; rerunning 01_constrain-gmst-rmse-only.py for cutoff 2075
Doing RMSE constraint...
Passing RMSE constraint: 38751
[ 9554 32410 32571 33228  7786 26723  7448 21945  3585 12573]
[0.16999627 0.16999652 0.16999663 0.1699968  0.16999834 0.16999894
 0.16999922 0.16999931 0.16999954 0.16999955]
[0.11816317 0.11936298 0.119675   0.12045666 0.12082552 0.12137859
 0.1213926  0.12286955 0.12293175 0.12298497]
Missing or empty runids_rmse_reweighted_pass.csv; rerunning 03_reweight-rmse-posterior-multiple-constraints.py for cutoff 2075
Doing reweighting...
Number of effective samples: 203
Constrained, reweighted parameters:
ECS: [1.78842112 2.33921387 3.1347241 ]
TCR: [1.31847849 1.58719045 1.81635193]
CO2 concentration current: [677.96101499 679.60046838 681.48900223]
Temperature l20yrs rel. 1850-1900: [2.10777491 2.2394679  2.35946157]
Aerosol ERFari 2005-2014 rel. 1750: [-0.65661128 -0.28143349  0.07815827]
Aerosol ERFaci 2005-2014 rel. 1750: [-1.75478472 -1.01751714 -0.35796676]
Aerosol ERF 2005-2014 rel. 1750: [-2.05248678 -1.31413548 -0.68868168]
OHC change l50yrs: [ 771.81739289 1024.51473175 1335.88959186]
*likely range
cut=2076Missing or empty runids_rmse_pass.csv; rerunning 01_constrain-gmst-rmse-only.py for cutoff 2076
Doing RMSE constraint...
Passing RMSE constraint: 38461
[22067 23827 26793  8352  1556 29046 37326 18763 16339  5561]
[0.16999631 0.16999645 0.16999656 0.16999693 0.16999774 0.16999797
 0.16999901 0.16999905 0.16999926 0.16999971]
[0.11790414 0.11912617 0.11949196 0.12055964 0.12056365 0.12115614
 0.12137544 0.12269373 0.12271821 0.12278859]
Missing or empty runids_rmse_reweighted_pass.csv; rerunning 03_reweight-rmse-posterior-multiple-constraints.py for cutoff 2076
Doing reweighting...
Number of effective samples: 182
Constrained, reweighted parameters:
ECS: [1.78825576 2.33850153 3.08156759]
TCR: [1.33363043 1.57407132 1.8194109 ]
CO2 concentration current: [684.44355542 685.988515   687.78195552]
Temperature l20yrs rel. 1850-1900: [2.12738563 2.2541392  2.37718074]
Aerosol ERFari 2005-2014 rel. 1750: [-0.64297918 -0.29735804  0.079613  ]
Aerosol ERFaci 2005-2014 rel. 1750: [-1.7763573  -1.03764857 -0.35685507]
Aerosol ERF 2005-2014 rel. 1750: [-2.07272868 -1.32241403 -0.70539318]
OHC change l50yrs: [ 790.10103462 1057.74452031 1293.69833049]
*likely range
cut=2077Missing or empty runids_rmse_pass.csv; rerunning 01_constrain-gmst-rmse-only.py for cutoff 2077
Doing RMSE constraint...
Passing RMSE constraint: 38217
[ 4317 36364 24841 35002 29309 37909   982 17326 10082 31335]
[0.16999615 0.16999636 0.16999738 0.16999809 0.16999814 0.16999859
 0.16999959 0.16999982 0.16999986 0.16999994]
[0.11765585 0.11887052 0.11931312 0.12031126 0.12039712 0.12095377
 0.12148969 0.12246293 0.12251604 0.12259021]
Missing or empty runids_rmse_reweighted_pass.csv; rerunning 03_reweight-rmse-posterior-multiple-constraints.py for cutoff 2077
Doing reweighting...
Number of effective samples: 183
Constrained, reweighted parameters:
ECS: [1.79667442 2.35492183 2.92927707]
TCR: [1.33184892 1.57105224 1.78202228]
CO2 concentration current: [691.01446492 692.52227617 694.42726343]
Temperature l20yrs rel. 1850-1900: [2.1693175  2.29227565 2.39099634]
Aerosol ERFari 2005-2014 rel. 1750: [-0.6421139  -0.289924    0.08298916]
Aerosol ERFaci 2005-2014 rel. 1750: [-1.70983906 -1.06740422 -0.36194854]
Aerosol ERF 2005-2014 rel. 1750: [-2.03090269 -1.34732461 -0.73521328]
OHC change l50yrs: [ 782.7499218  1050.87735655 1335.40960889]
*likely range
cut=2078Missing or empty runids_rmse_pass.csv; rerunning 01_constrain-gmst-rmse-only.py for cutoff 2078
Doing RMSE constraint...
Passing RMSE constraint: 35963
[34573 33405 21054 28692 14616 14786 16286 29658 29758  4696]
[0.16999733 0.16999771 0.16999792 0.16999793 0.169998   0.16999802
 0.16999803 0.16999837 0.16999883 0.1699999 ]
[0.11850242 0.11978198 0.1199661  0.1211511  0.12133308 0.12157072
 0.1220253  0.12246684 0.12299178 0.12326877]
Missing or empty runids_rmse_reweighted_pass.csv; rerunning 03_reweight-rmse-posterior-multiple-constraints.py for cutoff 2078
Doing reweighting...
Number of effective samples: 157
Constrained, reweighted parameters:
ECS: [1.7923889  2.34707989 2.96242652]
TCR: [1.32509296 1.58171081 1.75442423]
CO2 concentration current: [697.49345602 699.28171057 700.9829881 ]
Temperature l20yrs rel. 1850-1900: [2.20193885 2.31222335 2.39967241]
Aerosol ERFari 2005-2014 rel. 1750: [-0.60064528 -0.30884121  0.06209503]
Aerosol ERFaci 2005-2014 rel. 1750: [-1.71550606 -1.03747422 -0.37315367]
Aerosol ERF 2005-2014 rel. 1750: [-2.01878377 -1.35615565 -0.70705263]
OHC change l50yrs: [ 796.81456685 1037.87362906 1307.52427465]
*likely range
cut=2079Missing or empty runids_rmse_pass.csv; rerunning 01_constrain-gmst-rmse-only.py for cutoff 2079
Doing RMSE constraint...
Passing RMSE constraint: 33824
[ 4967 25437 26883 32963 29850 10921 25184 11570 17216  5803]
[0.16999697 0.16999756 0.16999759 0.16999778 0.16999813 0.16999866
 0.1699991  0.16999923 0.16999986 0.16999991]
[0.11923462 0.12053546 0.12115014 0.12117697 0.12178727 0.12281758
 0.12281911 0.12326991 0.12327194 0.12403051]
Missing or empty runids_rmse_reweighted_pass.csv; rerunning 03_reweight-rmse-posterior-multiple-constraints.py for cutoff 2079
Doing reweighting...
Number of effective samples: 132
Constrained, reweighted parameters:
ECS: [1.78537785 2.28621498 2.84835311]
TCR: [1.32550633 1.56416932 1.74827128]
CO2 concentration current: [704.07901673 705.88186148 707.62859899]
Temperature l20yrs rel. 1850-1900: [2.22736221 2.33528499 2.40696069]
Aerosol ERFari 2005-2014 rel. 1750: [-0.59101895 -0.3111069   0.08358257]
Aerosol ERFaci 2005-2014 rel. 1750: [-1.70120689 -1.0213717  -0.36168729]
Aerosol ERF 2005-2014 rel. 1750: [-2.0230047  -1.31758471 -0.70340216]
OHC change l50yrs: [ 783.87061176 1029.316062   1324.41300292]
*likely range
cut=2080Missing or empty runids_rmse_pass.csv; rerunning 01_constrain-gmst-rmse-only.py for cutoff 2080
Doing RMSE constraint...
Passing RMSE constraint: 33736
[22066 30381 10533 11045 23954 33318  6455   185 16292  4028]
[0.16999816 0.16999842 0.16999877 0.16999884 0.16999888 0.16999894
 0.16999917 0.16999953 0.16999964 0.16999988]
[0.11899605 0.12029819 0.12088919 0.1212639  0.12152434 0.12270737
 0.12273318 0.1230835  0.12355931 0.12376181]
Missing or empty runids_rmse_reweighted_pass.csv; rerunning 03_reweight-rmse-posterior-multiple-constraints.py for cutoff 2080
Doing reweighting...
Number of effective samples: 113
Constrained, reweighted parameters:
ECS: [1.74864198 2.29155654 2.81968513]
TCR: [1.32165108 1.55841389 1.74268292]
CO2 concentration current: [710.849074   712.72052434 714.50470177]
Temperature l20yrs rel. 1850-1900: [2.25941501 2.34877793 2.41172782]
Aerosol ERFari 2005-2014 rel. 1750: [-0.54422242 -0.30167914  0.07571511]
Aerosol ERFaci 2005-2014 rel. 1750: [-1.70024776 -0.9963829  -0.35215388]
Aerosol ERF 2005-2014 rel. 1750: [-1.96054491 -1.23617208 -0.70017414]
OHC change l50yrs: [ 823.51457924 1048.71576607 1347.63590305]
*likely range
cut=2081Missing or empty runids_rmse_pass.csv; rerunning 01_constrain-gmst-rmse-only.py for cutoff 2081
Doing RMSE constraint...
Passing RMSE constraint: 33458
[ 1951  9839 21713 12630 16955 31969 15359  5597  2501  2564]
[0.16999593 0.16999594 0.16999636 0.16999698 0.16999699 0.1699974
 0.16999805 0.16999821 0.16999959 0.16999974]
[0.1191002  0.12044984 0.12084622 0.12152616 0.12195584 0.12247148
 0.12296533 0.12297688 0.12363541 0.1237208 ]
Missing or empty runids_rmse_reweighted_pass.csv; rerunning 03_reweight-rmse-posterior-multiple-constraints.py for cutoff 2081
Doing reweighting...
Number of effective samples: 87
Constrained, reweighted parameters:
ECS: [1.75448434 2.25871159 2.79711911]
TCR: [1.32453108 1.54507511 1.71699546]
CO2 concentration current: [717.72980374 719.31311318 721.14177583]
Temperature l20yrs rel. 1850-1900: [2.28756208 2.36332471 2.42442396]
Aerosol ERFari 2005-2014 rel. 1750: [-0.56773212 -0.3133726   0.06722154]
Aerosol ERFaci 2005-2014 rel. 1750: [-1.60475148 -0.96271248 -0.35124848]
Aerosol ERF 2005-2014 rel. 1750: [-1.89139197 -1.2117552  -0.70559618]
OHC change l50yrs: [ 803.05504969 1041.68800885 1362.18806769]
*likely range
cut=2082Missing or empty runids_rmse_pass.csv; rerunning 01_constrain-gmst-rmse-only.py for cutoff 2082
Doing RMSE constraint...
Passing RMSE constraint: 32922
[14015  2586  2956 20221 31931 28829 13011 16891  1364 17394]
[0.16999643 0.16999651 0.16999666 0.16999686 0.16999711 0.16999716
 0.16999781 0.1699982  0.16999859 0.16999983]
[0.11889144 0.12040362 0.12066446 0.1212887  0.12170567 0.1227301
 0.12276293 0.12281554 0.12368227 0.1237249 ]
Missing or empty runids_rmse_reweighted_pass.csv; rerunning 03_reweight-rmse-posterior-multiple-constraints.py for cutoff 2082
Doing reweighting...
Number of effective samples: 66
Constrained, reweighted parameters:
ECS: [1.74173594 2.18742759 2.64229255]
TCR: [1.3564231  1.54325459 1.71819918]
CO2 concentration current: [724.39203614 725.9835042  727.73343728]
Temperature l20yrs rel. 1850-1900: [2.31728826 2.38629024 2.43745296]
Aerosol ERFari 2005-2014 rel. 1750: [-0.54591367 -0.2538366   0.11113835]
Aerosol ERFaci 2005-2014 rel. 1750: [-1.52602677 -0.96682562 -0.35671646]
Aerosol ERF 2005-2014 rel. 1750: [-1.74886314 -1.19654737 -0.70546054]
OHC change l50yrs: [ 852.16579107 1063.71675419 1296.21767178]
*likely range
cut=2083Missing or empty runids_rmse_pass.csv; rerunning 01_constrain-gmst-rmse-only.py for cutoff 2083
Doing RMSE constraint...
Passing RMSE constraint: 31342
[ 2348 28684 27297 26801 22007 13841   930 19423 14417 24140]
[0.16999568 0.16999642 0.16999657 0.1699966  0.16999673 0.16999726
 0.16999764 0.169999   0.16999962 0.17      ]
[0.11895458 0.12100985 0.12148795 0.12163713 0.12174923 0.12270629
 0.1229404  0.1236984  0.12404424 0.12405318]
Missing or empty runids_rmse_reweighted_pass.csv; rerunning 03_reweight-rmse-posterior-multiple-constraints.py for cutoff 2083
Doing reweighting...
Number of effective samples: 43
Constrained, reweighted parameters:
ECS: [1.76240081 2.1871227  2.77311402]
TCR: [1.35347703 1.52539632 1.73050398]
CO2 concentration current: [731.29105889 732.67123027 734.50623721]
Temperature l20yrs rel. 1850-1900: [2.34351266 2.40995291 2.44699586]
Aerosol ERFari 2005-2014 rel. 1750: [-0.51851143 -0.33461035  0.1082434 ]
Aerosol ERFaci 2005-2014 rel. 1750: [-1.55211416 -0.96271248 -0.35470324]
Aerosol ERF 2005-2014 rel. 1750: [-1.77335012 -1.22432629 -0.70505361]
OHC change l50yrs: [ 821.80546877 1044.71568243 1293.49684938]
*likely range
cut=2084Missing or empty runids_rmse_pass.csv; rerunning 01_constrain-gmst-rmse-only.py for cutoff 2084
Doing RMSE constraint...
Passing RMSE constraint: 30389
[19448 14709 18667 28653 21354  7558 19732 14302 26237 10360]
[0.16999382 0.16999447 0.16999568 0.1699963  0.16999643 0.16999809
 0.16999819 0.16999895 0.16999917 0.16999959]
[0.11870549 0.12105337 0.12127866 0.12196487 0.12233672 0.12245926
 0.12341481 0.12343494 0.12383027 0.12406497]
Missing or empty runids_rmse_reweighted_pass.csv; rerunning 03_reweight-rmse-posterior-multiple-constraints.py for cutoff 2084
Doing reweighting...
Number of effective samples: 21
Constrained, reweighted parameters:
ECS: [1.87304847 2.09382612 2.61754416]
TCR: [1.3569181  1.46662129 1.66754929]
CO2 concentration current: [738.38453978 739.52416111 741.25033872]
Temperature l20yrs rel. 1850-1900: [2.36710967 2.43680462 2.46291272]
Aerosol ERFari 2005-2014 rel. 1750: [-0.55496458 -0.32658234  0.06413107]
Aerosol ERFaci 2005-2014 rel. 1750: [-1.43550626 -0.84729804 -0.37820964]
Aerosol ERF 2005-2014 rel. 1750: [-1.6721059  -1.16843139 -0.70749515]
OHC change l50yrs: [ 867.34454965 1045.23288022 1245.88284006]
*likely range
cut=2085Missing or empty runids_rmse_pass.csv; rerunning 01_constrain-gmst-rmse-only.py for cutoff 2085
Doing RMSE constraint...
Passing RMSE constraint: 30011
[27860  9146  9945 28959  2084  3864 22415  7014  1732 23243]
[0.16999319 0.16999323 0.1699935  0.169994   0.16999478 0.16999612
 0.16999645 0.16999801 0.16999832 0.16999891]
[0.11845962 0.12092585 0.12107283 0.12190629 0.12220173 0.12259657
 0.12326161 0.12338783 0.12358806 0.12397804]
Missing or empty runids_rmse_reweighted_pass.csv; rerunning 03_reweight-rmse-posterior-multiple-constraints.py for cutoff 2085
Doing reweighting...
Number of effective samples: 8
Traceback (most recent call last):
  File "/oscar/data/deeps/private/bfoxkemp/jnickla1/fair-calibrate/input/fair-2.1.3/v1.4/all_current_MPIESM370/constraining/03_reweight-rmse-posterior-multiple-constraints.py", line 397, in <module>
    raise ValueError("Too few effective samples - need to increase the original number of samples.")
ValueError: Too few effective samples - need to increase the original number of samples.
