## SLURM PROLOG ###############################################################
##    Job ID : 11698220
##  Job Name : FAIR_M3
##  Nodelist : node2348
##      CPUs : 1
##   Mem/CPU : 5120 MB
## Directory : /oscar/data/deeps/private/bfoxkemp/jnickla1/fair-calibrate
##   Job Started : Tue Jun 10 01:48:12 AM EDT 2025
###############################################################################
Starting job 11 on node2348
===== STARTING: rerun 01 + 03 for any missing outputs =====
cut=1930✓Missing or empty runids_rmse_reweighted_pass.csv; rerunning 03_reweight-rmse-posterior-multiple-constraints.py for cutoff 1930
Doing reweighting...
Number of effective samples: 85199
Constrained, reweighted parameters:
ECS: [1.99739399 3.01166525 5.18855183]
TCR: [1.30798477 1.86660867 2.41658965]
CO2 concentration current: [301.41026855 305.23616839 309.19549589]
Temperature l20yrs rel. 1850-1900: [-0.04962788  0.09976694  0.24416108]
Aerosol ERFari 2005-2014 rel. 1750: [-0.5957041  -0.28391877 -0.00377925]
Aerosol ERFaci 2005-2014 rel. 1750: [-1.71039864 -0.97798368 -0.26834973]
Aerosol ERF 2005-2014 rel. 1750: [-2.03618947 -1.27563026 -0.48253588]
OHC change l50yrs: [-52.18928483  55.51864354 176.05453612]
*likely range
cut=1931✓Missing or empty runids_rmse_reweighted_pass.csv; rerunning 03_reweight-rmse-posterior-multiple-constraints.py for cutoff 1931
Doing reweighting...
Number of effective samples: 84205
Constrained, reweighted parameters:
ECS: [1.9781002  3.00269161 4.96296886]
TCR: [1.30733639 1.84819288 2.4536685 ]
CO2 concentration current: [301.32950638 305.2876445  309.19483573]
Temperature l20yrs rel. 1850-1900: [-0.04644296  0.10119122  0.25260635]
Aerosol ERFari 2005-2014 rel. 1750: [-0.60468879 -0.29780445 -0.02504896]
Aerosol ERFaci 2005-2014 rel. 1750: [-1.6949283  -1.00904225 -0.32455191]
Aerosol ERF 2005-2014 rel. 1750: [-2.04474496 -1.32627135 -0.55118404]
OHC change l50yrs: [-43.8202022   60.05685069 161.59523268]
*likely range
cut=1932✓Missing or empty runids_rmse_reweighted_pass.csv; rerunning 03_reweight-rmse-posterior-multiple-constraints.py for cutoff 1932
Doing reweighting...
Number of effective samples: 83947
Constrained, reweighted parameters:
ECS: [2.02545055 3.03245111 4.79633289]
TCR: [1.31132774 1.85574406 2.44711503]
CO2 concentration current: [301.49844985 305.61689561 309.60608007]
Temperature l20yrs rel. 1850-1900: [-0.04449645  0.10880689  0.26569337]
Aerosol ERFari 2005-2014 rel. 1750: [-0.59048877 -0.29892887 -0.01205134]
Aerosol ERFaci 2005-2014 rel. 1750: [-1.68510373 -0.98536731 -0.32789229]
Aerosol ERF 2005-2014 rel. 1750: [-2.07851759 -1.29362986 -0.5154837 ]
OHC change l50yrs: [-25.72751113  68.50267036 151.51549934]
*likely range
cut=1933✓Missing or empty runids_rmse_reweighted_pass.csv; rerunning 03_reweight-rmse-posterior-multiple-constraints.py for cutoff 1933
Doing reweighting...
Number of effective samples: 84977
Constrained, reweighted parameters:
ECS: [1.98039922 3.00873379 5.00715808]
TCR: [1.27313804 1.85752378 2.44591913]
CO2 concentration current: [301.94643423 305.88945045 309.97283242]
Temperature l20yrs rel. 1850-1900: [-0.02314925  0.10704318  0.25951839]
Aerosol ERFari 2005-2014 rel. 1750: [-5.80640938e-01 -2.99414031e-01  3.75135536e-04]
Aerosol ERFaci 2005-2014 rel. 1750: [-1.68180026 -1.00023167 -0.31528573]
Aerosol ERF 2005-2014 rel. 1750: [-2.04135685 -1.29879582 -0.52186024]
OHC change l50yrs: [-16.41472593  66.28191172 147.16343859]
*likely range
cut=1934✓Missing or empty runids_rmse_reweighted_pass.csv; rerunning 03_reweight-rmse-posterior-multiple-constraints.py for cutoff 1934
Doing reweighting...
Number of effective samples: 82820
Constrained, reweighted parameters:
ECS: [1.94030766 2.95004159 5.02848692]
TCR: [1.27092647 1.84890164 2.39643391]
CO2 concentration current: [302.4050142  306.23864772 310.13772778]
Temperature l20yrs rel. 1850-1900: [-0.03310162  0.12433292  0.27305447]
Aerosol ERFari 2005-2014 rel. 1750: [-0.58448325 -0.30024223 -0.01691746]
Aerosol ERFaci 2005-2014 rel. 1750: [-1.71380007 -0.97213351 -0.27744656]
Aerosol ERF 2005-2014 rel. 1750: [-2.0713195  -1.25704355 -0.56082728]
OHC change l50yrs: [ 11.68661075  83.84925227 155.28031286]
*likely range
cut=1935✓Missing or empty runids_rmse_reweighted_pass.csv; rerunning 03_reweight-rmse-posterior-multiple-constraints.py for cutoff 1935
Doing reweighting...
Number of effective samples: 83953
Constrained, reweighted parameters:
ECS: [1.99015678 3.01900929 5.02214772]
TCR: [1.29938225 1.86403516 2.46044247]
CO2 concentration current: [302.75298876 306.67921855 310.46826984]
Temperature l20yrs rel. 1850-1900: [-0.02654477  0.12796685  0.27816971]
Aerosol ERFari 2005-2014 rel. 1750: [-0.57573177 -0.27779902  0.02234097]
Aerosol ERFaci 2005-2014 rel. 1750: [-1.65320338 -1.00677952 -0.3380758 ]
Aerosol ERF 2005-2014 rel. 1750: [-2.0197206  -1.27410307 -0.50752166]
OHC change l50yrs: [ 37.09237754  99.64935349 163.61817437]
*likely range
cut=1936✓Missing or empty runids_rmse_reweighted_pass.csv; rerunning 03_reweight-rmse-posterior-multiple-constraints.py for cutoff 1936
Doing reweighting...
Number of effective samples: 86976
Constrained, reweighted parameters:
ECS: [1.97083041 2.89409085 4.93196528]
TCR: [1.28386702 1.82077019 2.43223551]
CO2 concentration current: [303.85831229 307.56007889 311.62676989]
Temperature l20yrs rel. 1850-1900: [-0.02458949  0.1228556   0.28045627]
Aerosol ERFari 2005-2014 rel. 1750: [-0.59509825 -0.30551591  0.00189104]
Aerosol ERFaci 2005-2014 rel. 1750: [-1.69501519 -1.0061832  -0.26936823]
Aerosol ERF 2005-2014 rel. 1750: [-2.00996922 -1.31140059 -0.53749815]
OHC change l50yrs: [ 42.28405531 100.52317402 163.24485204]
*likely range
cut=1937✓Missing or empty runids_rmse_reweighted_pass.csv; rerunning 03_reweight-rmse-posterior-multiple-constraints.py for cutoff 1937
Doing reweighting...
Number of effective samples: 87408
Constrained, reweighted parameters:
ECS: [1.98509155 2.94435059 5.05008445]
TCR: [1.29680896 1.84692597 2.49472026]
CO2 concentration current: [304.62778769 308.19974383 312.16136329]
Temperature l20yrs rel. 1850-1900: [-0.00676997  0.14212857  0.28343117]
Aerosol ERFari 2005-2014 rel. 1750: [-0.61420415 -0.30182553 -0.0006449 ]
Aerosol ERFaci 2005-2014 rel. 1750: [-1.66149388 -0.97899033 -0.33049449]
Aerosol ERF 2005-2014 rel. 1750: [-2.03047404 -1.29479994 -0.56736309]
OHC change l50yrs: [ 32.99605029 103.40840228 176.97041645]
*likely range
cut=1938✓Missing or empty runids_rmse_reweighted_pass.csv; rerunning 03_reweight-rmse-posterior-multiple-constraints.py for cutoff 1938
Doing reweighting...
Number of effective samples: 87178
Constrained, reweighted parameters:
ECS: [1.95442514 2.92335068 4.89154467]
TCR: [1.28629641 1.8255648  2.43406425]
CO2 concentration current: [304.69529265 308.91571167 312.92545113]
Temperature l20yrs rel. 1850-1900: [-0.00393354  0.14263905  0.29020535]
Aerosol ERFari 2005-2014 rel. 1750: [-0.60881257 -0.29389595  0.00180308]
Aerosol ERFaci 2005-2014 rel. 1750: [-1.69012127 -1.01012972 -0.31452018]
Aerosol ERF 2005-2014 rel. 1750: [-2.08748834 -1.29908099 -0.53168131]
OHC change l50yrs: [ 29.26562764 103.38092869 180.86067387]
*likely range
cut=1939✓Missing or empty runids_rmse_reweighted_pass.csv; rerunning 03_reweight-rmse-posterior-multiple-constraints.py for cutoff 1939
Doing reweighting...
Number of effective samples: 85778
Constrained, reweighted parameters:
ECS: [2.01905848 3.06640095 5.13608216]
TCR: [1.31648447 1.89029293 2.42647167]
CO2 concentration current: [305.75343091 309.24814856 313.17531319]
Temperature l20yrs rel. 1850-1900: [0.00825667 0.16601486 0.31053612]
Aerosol ERFari 2005-2014 rel. 1750: [-0.5898851  -0.30347276 -0.01115868]
Aerosol ERFaci 2005-2014 rel. 1750: [-1.76530015 -1.04636553 -0.35637437]
Aerosol ERF 2005-2014 rel. 1750: [-2.11863391 -1.30076204 -0.59231105]
OHC change l50yrs: [ 25.94391371 104.15518156 186.47616351]
*likely range
cut=1940✓Missing or empty runids_rmse_reweighted_pass.csv; rerunning 03_reweight-rmse-posterior-multiple-constraints.py for cutoff 1940
Doing reweighting...
Number of effective samples: 85173
Constrained, reweighted parameters:
ECS: [1.95560077 2.92294468 5.04350889]
TCR: [1.30363515 1.81722559 2.39302121]
CO2 concentration current: [306.11461641 309.70963756 314.15961825]
Temperature l20yrs rel. 1850-1900: [0.01729435 0.18611206 0.32434178]
Aerosol ERFari 2005-2014 rel. 1750: [-0.58503885 -0.29843171 -0.00568234]
Aerosol ERFaci 2005-2014 rel. 1750: [-1.6924872  -0.97075915 -0.26543484]
Aerosol ERF 2005-2014 rel. 1750: [-2.08907236 -1.2864595  -0.51106232]
OHC change l50yrs: [ 20.5450855  109.53285629 196.17290317]
*likely range
cut=1941✓Missing or empty runids_rmse_reweighted_pass.csv; rerunning 03_reweight-rmse-posterior-multiple-constraints.py for cutoff 1941
Doing reweighting...
Number of effective samples: 85113
Constrained, reweighted parameters:
ECS: [1.93594581 2.97489007 4.90408668]
TCR: [1.29777538 1.85094454 2.42171191]
CO2 concentration current: [306.32789279 310.29806725 314.57731219]
Temperature l20yrs rel. 1850-1900: [0.0237793  0.17614236 0.32349009]
Aerosol ERFari 2005-2014 rel. 1750: [-0.60287447 -0.29223075  0.01823414]
Aerosol ERFaci 2005-2014 rel. 1750: [-1.69548776 -1.02420141 -0.31956891]
Aerosol ERF 2005-2014 rel. 1750: [-2.0881856  -1.31392777 -0.51573624]
OHC change l50yrs: [ 20.99313721 105.22231289 192.22532475]
*likely range
cut=1942✓Missing or empty runids_rmse_reweighted_pass.csv; rerunning 03_reweight-rmse-posterior-multiple-constraints.py for cutoff 1942
Doing reweighting...
Number of effective samples: 81964
Constrained, reweighted parameters:
ECS: [1.96508173 2.95942524 4.90762432]
TCR: [1.28736429 1.84266603 2.41303488]
CO2 concentration current: [307.11140041 310.62793625 314.56888067]
Temperature l20yrs rel. 1850-1900: [0.03913344 0.1804147  0.33482342]
Aerosol ERFari 2005-2014 rel. 1750: [-0.59560623 -0.29292893 -0.01993664]
Aerosol ERFaci 2005-2014 rel. 1750: [-1.71914564 -1.00971297 -0.3398713 ]
Aerosol ERF 2005-2014 rel. 1750: [-2.08265356 -1.31090951 -0.58989493]
OHC change l50yrs: [ 28.71611403 106.86960076 185.78386125]
*likely range
cut=1943✓Missing or empty runids_rmse_reweighted_pass.csv; rerunning 03_reweight-rmse-posterior-multiple-constraints.py for cutoff 1943
Doing reweighting...
Number of effective samples: 76700
Constrained, reweighted parameters:
ECS: [1.99442909 2.99704891 5.16912044]
TCR: [1.3509377  1.85163854 2.45573616]
CO2 concentration current: [307.10915691 310.85761752 314.82517384]
Temperature l20yrs rel. 1850-1900: [0.04044981 0.18772099 0.35520901]
Aerosol ERFari 2005-2014 rel. 1750: [-0.60218278 -0.30184741  0.00078126]
Aerosol ERFaci 2005-2014 rel. 1750: [-1.72994135 -1.00730975 -0.29102053]
Aerosol ERF 2005-2014 rel. 1750: [-2.12367656 -1.3135555  -0.51635357]
OHC change l50yrs: [ 36.31411284 112.66875177 183.76209011]
*likely range
cut=1944✓Missing or empty runids_rmse_reweighted_pass.csv; rerunning 03_reweight-rmse-posterior-multiple-constraints.py for cutoff 1944
Doing reweighting...
Number of effective samples: 76027
Constrained, reweighted parameters:
ECS: [1.99451765 3.03632205 5.11591619]
TCR: [1.30438049 1.8364918  2.43269626]
CO2 concentration current: [306.80808659 310.80873114 315.05936809]
Temperature l20yrs rel. 1850-1900: [0.03814338 0.19197206 0.3453735 ]
Aerosol ERFari 2005-2014 rel. 1750: [-0.58718661 -0.30890307  0.01385813]
Aerosol ERFaci 2005-2014 rel. 1750: [-1.6479764  -0.9967981  -0.29397729]
Aerosol ERF 2005-2014 rel. 1750: [-2.03125175 -1.29068058 -0.49795741]
OHC change l50yrs: [ 33.04943627 108.45546787 178.79903327]
*likely range
cut=1945✓Missing or empty runids_rmse_reweighted_pass.csv; rerunning 03_reweight-rmse-posterior-multiple-constraints.py for cutoff 1945
Doing reweighting...
Number of effective samples: 76963
Constrained, reweighted parameters:
ECS: [1.99985173 3.04730474 4.97030165]
TCR: [1.32995452 1.88028337 2.45333712]
CO2 concentration current: [306.93841041 310.86360322 314.55375785]
Temperature l20yrs rel. 1850-1900: [0.03403319 0.1906975  0.34734757]
Aerosol ERFari 2005-2014 rel. 1750: [-5.86922117e-01 -2.99351179e-01 -1.21421361e-04]
Aerosol ERFaci 2005-2014 rel. 1750: [-1.67340652 -0.99775052 -0.29279729]
Aerosol ERF 2005-2014 rel. 1750: [-2.10623391 -1.28833533 -0.54055622]
OHC change l50yrs: [ 30.17628256 106.45444721 193.77980964]
*likely range
cut=1946✓Missing or empty runids_rmse_reweighted_pass.csv; rerunning 03_reweight-rmse-posterior-multiple-constraints.py for cutoff 1946
Doing reweighting...
Number of effective samples: 71341
Constrained, reweighted parameters:
ECS: [2.00797601 2.98572007 4.92868377]
TCR: [1.33840093 1.85157115 2.4311064 ]
CO2 concentration current: [306.8271163  310.97370861 314.92477447]
Temperature l20yrs rel. 1850-1900: [0.05273314 0.19191885 0.3490421 ]
Aerosol ERFari 2005-2014 rel. 1750: [-0.6082131  -0.30472736  0.00210132]
Aerosol ERFaci 2005-2014 rel. 1750: [-1.64514285 -1.00790076 -0.30862449]
Aerosol ERF 2005-2014 rel. 1750: [-2.0093458  -1.29375513 -0.5672824 ]
OHC change l50yrs: [ 29.86531922 110.73264637 186.09460531]
*likely range
cut=1947✓Missing or empty runids_rmse_reweighted_pass.csv; rerunning 03_reweight-rmse-posterior-multiple-constraints.py for cutoff 1947
Doing reweighting...
Number of effective samples: 67416
Constrained, reweighted parameters:
ECS: [1.99550709 2.97291711 5.0520146 ]
TCR: [1.28629641 1.86083397 2.46757582]
CO2 concentration current: [307.37956523 311.02318867 315.46878897]
Temperature l20yrs rel. 1850-1900: [0.05745104 0.19543996 0.35169006]
Aerosol ERFari 2005-2014 rel. 1750: [-0.60946573 -0.32193744 -0.02672616]
Aerosol ERFaci 2005-2014 rel. 1750: [-1.71748946 -1.0013835  -0.28066877]
Aerosol ERF 2005-2014 rel. 1750: [-2.02557481 -1.30832431 -0.51851071]
OHC change l50yrs: [ 36.0053798  106.47128901 179.69801117]
*likely range
cut=1948✓Missing or empty runids_rmse_reweighted_pass.csv; rerunning 03_reweight-rmse-posterior-multiple-constraints.py for cutoff 1948
Doing reweighting...
Number of effective samples: 62771
Constrained, reweighted parameters:
ECS: [2.0814582  3.05252794 4.95155455]
TCR: [1.35172517 1.87146978 2.43282949]
CO2 concentration current: [307.17816527 311.00190343 314.57338349]
Temperature l20yrs rel. 1850-1900: [0.05760251 0.20213808 0.36163825]
Aerosol ERFari 2005-2014 rel. 1750: [-0.60712903 -0.30722693 -0.0201768 ]
Aerosol ERFaci 2005-2014 rel. 1750: [-1.66961821 -1.01759585 -0.33463959]
Aerosol ERF 2005-2014 rel. 1750: [-2.00201019 -1.34312198 -0.51908119]
OHC change l50yrs: [ 38.10964791 110.7365278  176.35865551]
*likely range
cut=1949✓Missing or empty runids_rmse_reweighted_pass.csv; rerunning 03_reweight-rmse-posterior-multiple-constraints.py for cutoff 1949
Doing reweighting...
Number of effective samples: 60559
Constrained, reweighted parameters:
ECS: [1.99929192 3.06930049 4.91399578]
TCR: [1.31119848 1.87163182 2.41913455]
CO2 concentration current: [307.1618236  311.19881361 315.16285666]
Temperature l20yrs rel. 1850-1900: [0.05278265 0.2049176  0.36951902]
Aerosol ERFari 2005-2014 rel. 1750: [-0.59737826 -0.29796934 -0.00415831]
Aerosol ERFaci 2005-2014 rel. 1750: [-1.64319055 -0.94869472 -0.28255009]
Aerosol ERF 2005-2014 rel. 1750: [-2.03286381 -1.23662575 -0.49122611]
OHC change l50yrs: [ 56.0084608  126.43980684 199.17199604]
*likely range
cut=1950✓Missing or empty runids_rmse_reweighted_pass.csv; rerunning 03_reweight-rmse-posterior-multiple-constraints.py for cutoff 1950
Doing reweighting...
Number of effective samples: 52990
Constrained, reweighted parameters:
ECS: [1.99739399 2.97933668 5.0479454 ]
TCR: [1.33051396 1.86656291 2.4257847 ]
CO2 concentration current: [307.43828073 311.34655873 315.37662559]
Temperature l20yrs rel. 1850-1900: [0.064297   0.19907032 0.36371576]
Aerosol ERFari 2005-2014 rel. 1750: [-0.58815205 -0.30979109 -0.0051326 ]
Aerosol ERFaci 2005-2014 rel. 1750: [-1.68361511 -1.00569379 -0.30388766]
Aerosol ERF 2005-2014 rel. 1750: [-2.0618834  -1.30551321 -0.54853983]
OHC change l50yrs: [ 70.44862007 121.99522161 176.76528023]
*likely range
cut=1951✓Missing or empty runids_rmse_reweighted_pass.csv; rerunning 03_reweight-rmse-posterior-multiple-constraints.py for cutoff 1951
Doing reweighting...
Number of effective samples: 46504
Constrained, reweighted parameters:
ECS: [2.0200226  3.02074066 4.94562007]
TCR: [1.33245241 1.84225251 2.46032854]
CO2 concentration current: [307.40693128 311.62512497 315.37919353]
Temperature l20yrs rel. 1850-1900: [0.06764995 0.20165443 0.38201613]
Aerosol ERFari 2005-2014 rel. 1750: [-0.57784464 -0.29394898  0.00628095]
Aerosol ERFaci 2005-2014 rel. 1750: [-1.72823116 -1.00989695 -0.32455191]
Aerosol ERF 2005-2014 rel. 1750: [-2.09222473 -1.31584458 -0.49513323]
OHC change l50yrs: [ 70.74124998 126.78725729 174.38305109]
*likely range
cut=1952✓Missing or empty runids_rmse_reweighted_pass.csv; rerunning 03_reweight-rmse-posterior-multiple-constraints.py for cutoff 1952
Doing reweighting...
Number of effective samples: 37888
Constrained, reweighted parameters:
ECS: [2.02375388 3.02455177 5.14946577]
TCR: [1.35356136 1.86735687 2.47360682]
CO2 concentration current: [307.89432605 311.64390678 315.5820127 ]
Temperature l20yrs rel. 1850-1900: [0.08001018 0.20568204 0.36529252]
Aerosol ERFari 2005-2014 rel. 1750: [-0.60144188 -0.29775275  0.02827819]
Aerosol ERFaci 2005-2014 rel. 1750: [-1.65247575 -0.94965334 -0.26444935]
Aerosol ERF 2005-2014 rel. 1750: [-2.01463106 -1.242279   -0.47715175]
OHC change l50yrs: [ 91.85984368 135.68922025 178.71677746]
*likely range
cut=1953✓Missing or empty runids_rmse_reweighted_pass.csv; rerunning 03_reweight-rmse-posterior-multiple-constraints.py for cutoff 1953
Doing reweighting...
Number of effective samples: 32677
Constrained, reweighted parameters:
ECS: [1.94127973 2.96820911 4.86400619]
TCR: [1.30011894 1.86119589 2.4307905 ]
CO2 concentration current: [308.4860106  312.16108821 316.42325225]
Temperature l20yrs rel. 1850-1900: [0.08695333 0.18973678 0.34504915]
Aerosol ERFari 2005-2014 rel. 1750: [-0.60956824 -0.28831468  0.03463356]
Aerosol ERFaci 2005-2014 rel. 1750: [-1.70721951 -0.99442532 -0.28170831]
Aerosol ERF 2005-2014 rel. 1750: [-2.06195411 -1.2831651  -0.50826797]
OHC change l50yrs: [106.94643714 143.64833667 179.91088569]
*likely range
cut=1954✓Missing or empty runids_rmse_reweighted_pass.csv; rerunning 03_reweight-rmse-posterior-multiple-constraints.py for cutoff 1954
Doing reweighting...
Number of effective samples: 29596
Constrained, reweighted parameters:
ECS: [1.95000797 3.03433728 5.17831963]
TCR: [1.33168644 1.8656036  2.48124447]
CO2 concentration current: [308.38748226 312.75560875 316.49585423]
Temperature l20yrs rel. 1850-1900: [0.0819613  0.19065106 0.35355629]
Aerosol ERFari 2005-2014 rel. 1750: [-0.61364212 -0.29916945  0.010902  ]
Aerosol ERFaci 2005-2014 rel. 1750: [-1.69441913 -1.00121152 -0.29110113]
Aerosol ERF 2005-2014 rel. 1750: [-2.04729127 -1.32105278 -0.54347234]
OHC change l50yrs: [107.6894723  141.89285707 172.2999802 ]
*likely range
cut=1955✓✓cut=1956✓✓cut=1957✓✓cut=1958✓✓cut=1959✓✓cut=1960✓✓cut=1961✓✓cut=1962✓✓cut=1963✓✓cut=1964✓✓cut=1965✓✓cut=1966✓✓cut=1967✓✓cut=1968✓✓cut=1969✓✓cut=1970✓✓cut=1971✓✓cut=1972✓✓cut=1973✓✓cut=1974✓✓cut=1975✓✓cut=1976✓✓cut=1977✓✓cut=1978✓✓cut=1979✓✓cut=1980✓✓cut=1981✓✓cut=1982✓✓cut=1983✓✓cut=1984✓✓cut=1985✓✓cut=1986✓✓cut=1987✓✓cut=1988✓✓cut=1989✓✓cut=1990✓✓cut=1991✓✓cut=1992✓✓cut=1993✓✓cut=1994✓✓cut=1995✓✓cut=1996✓✓cut=1997✓✓cut=1998✓✓cut=1999✓✓cut=2000✓✓cut=2001✓✓cut=2002✓✓cut=2003✓✓cut=2004✓✓cut=2005✓✓cut=2006✓✓cut=2007✓✓cut=2008✓✓cut=2009✓✓cut=2010✓✓cut=2011✓✓cut=2012✓✓cut=2013✓✓cut=2014✓✓cut=2015Missing or empty runids_rmse_pass.csv; rerunning 01_constrain-gmst-rmse-only.py for cutoff 2015
Doing RMSE constraint...
Passing RMSE constraint: 137159
[ 93591  72474  55450  38859  66659  70939   1654 133729 103347  79068]
[0.16999812 0.16999848 0.16999865 0.1699987  0.16999899 0.16999901
 0.16999906 0.16999909 0.1699994  0.16999994]
[0.1138034  0.11491218 0.11660753 0.1172793  0.117609   0.11770995
 0.11776524 0.11803047 0.11833554 0.11841301]
Missing or empty runids_rmse_reweighted_pass.csv; rerunning 03_reweight-rmse-posterior-multiple-constraints.py for cutoff 2015
Doing reweighting...
Number of effective samples: 672
Constrained, reweighted parameters:
ECS: [1.82354248 3.08053211 6.38985446]
TCR: [1.30012213 1.84297772 2.65683879]
CO2 concentration current: [396.85212874 398.1043384  399.29196962]
Temperature l20yrs rel. 1850-1900: [0.71063203 0.84330537 1.00247127]
Aerosol ERFari 2005-2014 rel. 1750: [-0.62125361 -0.2762715   0.09655139]
Aerosol ERFaci 2005-2014 rel. 1750: [-1.74345839 -0.96379452 -0.16861002]
Aerosol ERF 2005-2014 rel. 1750: [-1.91697328 -1.24040214 -0.45420172]
OHC change l50yrs: [316.65685076 404.16107054 498.68072135]
*likely range
cut=2016Missing or empty runids_rmse_pass.csv; rerunning 01_constrain-gmst-rmse-only.py for cutoff 2016
Doing RMSE constraint...
Passing RMSE constraint: 136281
[54640 39339 61245 90363 13260 36477 84413 11547 11449 17198]
[0.16999783 0.16999796 0.16999887 0.16999908 0.16999919 0.1699995
 0.16999965 0.16999972 0.16999977 0.16999986]
[0.11358917 0.11457692 0.11643187 0.11692955 0.11728406 0.1174302
 0.11784429 0.11800375 0.11816001 0.11824058]
Missing or empty runids_rmse_reweighted_pass.csv; rerunning 03_reweight-rmse-posterior-multiple-constraints.py for cutoff 2016
Doing reweighting...
Number of effective samples: 759
Constrained, reweighted parameters:
ECS: [1.84617882 3.09653179 6.23861302]
TCR: [1.32158938 1.83946041 2.64524102]
CO2 concentration current: [400.05436859 401.13913597 402.24324194]
Temperature l20yrs rel. 1850-1900: [0.73339718 0.86638179 1.02802769]
Aerosol ERFari 2005-2014 rel. 1750: [-0.62221899 -0.2646733   0.05536633]
Aerosol ERFaci 2005-2014 rel. 1750: [-1.70271544 -0.93718888 -0.1589166 ]
Aerosol ERF 2005-2014 rel. 1750: [-1.94093512 -1.2332773  -0.48636616]
OHC change l50yrs: [306.62947221 413.30101121 515.11517776]
*likely range
cut=2017Missing or empty runids_rmse_pass.csv; rerunning 01_constrain-gmst-rmse-only.py for cutoff 2017
Doing RMSE constraint...
Passing RMSE constraint: 134318
[ 72149 107970  47163 118736  58720 105186  44236 118438  53132   2167]
[0.16999847 0.1699986  0.1699986  0.16999879 0.1699988  0.16999906
 0.16999908 0.16999912 0.16999925 0.16999976]
[0.11353712 0.11424422 0.11665416 0.11697555 0.11715318 0.11752523
 0.11757267 0.11774676 0.11788818 0.11788825]
Missing or empty runids_rmse_reweighted_pass.csv; rerunning 03_reweight-rmse-posterior-multiple-constraints.py for cutoff 2017
Doing reweighting...
Number of effective samples: 697
Constrained, reweighted parameters:
ECS: [1.84022227 3.14400635 6.46449403]
TCR: [1.32286108 1.85223658 2.66569161]
CO2 concentration current: [402.74854103 403.92253113 405.1208367 ]
Temperature l20yrs rel. 1850-1900: [0.74554111 0.88368806 1.05336001]
Aerosol ERFari 2005-2014 rel. 1750: [-0.62374063 -0.29569458  0.03009025]
Aerosol ERFaci 2005-2014 rel. 1750: [-1.71727212 -0.93614039 -0.17911605]
Aerosol ERF 2005-2014 rel. 1750: [-1.94162019 -1.25172257 -0.47300167]
OHC change l50yrs: [328.60380766 416.52925398 517.41292907]
*likely range
cut=2018Missing or empty runids_rmse_pass.csv; rerunning 01_constrain-gmst-rmse-only.py for cutoff 2018
Doing RMSE constraint...
Passing RMSE constraint: 125911
[ 72770  38007  54014 101155  37210  84045  99988  29245  37470  45409]
[0.16999803 0.16999856 0.16999872 0.16999902 0.1699992  0.16999937
 0.16999939 0.16999943 0.16999943 0.16999989]
[0.11505181 0.11510418 0.11710939 0.11744504 0.11757918 0.11764545
 0.11823314 0.11846665 0.11855861 0.11856709]
Missing or empty runids_rmse_reweighted_pass.csv; rerunning 03_reweight-rmse-posterior-multiple-constraints.py for cutoff 2018
Doing reweighting...
Number of effective samples: 755
Constrained, reweighted parameters:
ECS: [1.81995137 3.08310688 6.00236345]
TCR: [1.30435983 1.81588775 2.58942874]
CO2 concentration current: [405.75351888 406.87565098 408.08117997]
Temperature l20yrs rel. 1850-1900: [0.7615776  0.89540462 1.07599376]
Aerosol ERFari 2005-2014 rel. 1750: [-0.63900125 -0.29981034  0.04154179]
Aerosol ERFaci 2005-2014 rel. 1750: [-1.69765138 -0.920952   -0.15769007]
Aerosol ERF 2005-2014 rel. 1750: [-1.93557287 -1.24504618 -0.47106121]
OHC change l50yrs: [315.87337029 423.7658028  539.46507522]
*likely range
cut=2019Missing or empty runids_rmse_pass.csv; rerunning 01_constrain-gmst-rmse-only.py for cutoff 2019
Doing RMSE constraint...
Passing RMSE constraint: 124123
[ 25459  26004 122499  76712  62248  32860  18988  43821  74017  43839]
[0.16999893 0.16999898 0.169999   0.16999902 0.1699991  0.16999931
 0.16999956 0.16999972 0.16999974 0.16999999]
[0.11489692 0.11499137 0.11709916 0.11723294 0.11727045 0.11742234
 0.11790403 0.11816708 0.11837503 0.11850611]
Missing or empty runids_rmse_reweighted_pass.csv; rerunning 03_reweight-rmse-posterior-multiple-constraints.py for cutoff 2019
Doing reweighting...
Number of effective samples: 722
Constrained, reweighted parameters:
ECS: [1.85233651 3.02750074 6.04787873]
TCR: [1.31017206 1.82333376 2.60159838]
CO2 concentration current: [408.87365982 409.97526484 411.1570558 ]
Temperature l20yrs rel. 1850-1900: [0.77821039 0.90441158 1.07146443]
Aerosol ERFari 2005-2014 rel. 1750: [-0.6362378  -0.28893638  0.04570944]
Aerosol ERFaci 2005-2014 rel. 1750: [-1.72459669 -0.98428299 -0.19036514]
Aerosol ERF 2005-2014 rel. 1750: [-1.95281724 -1.2428326  -0.54365952]
OHC change l50yrs: [312.47459543 424.5996609  533.63740394]
*likely range
cut=2020Missing or empty runids_rmse_pass.csv; rerunning 01_constrain-gmst-rmse-only.py for cutoff 2020
Doing RMSE constraint...
Passing RMSE constraint: 121799
[ 93081  79053 105656   3241  95359  23513  97084  89273 109051  84567]
[0.1699985  0.16999867 0.1699988  0.16999888 0.16999889 0.16999896
 0.169999   0.16999934 0.16999954 0.16999965]
[0.11476126 0.11513714 0.11677621 0.11689343 0.11709374 0.11715887
 0.11758955 0.11782567 0.11814028 0.11860775]
Missing or empty runids_rmse_reweighted_pass.csv; rerunning 03_reweight-rmse-posterior-multiple-constraints.py for cutoff 2020
Doing reweighting...
Number of effective samples: 823
Constrained, reweighted parameters:
ECS: [1.83088743 2.98963773 5.94736557]
TCR: [1.29539092 1.78686594 2.55853185]
CO2 concentration current: [412.02793903 413.15446084 414.23675352]
Temperature l20yrs rel. 1850-1900: [0.79382227 0.92475749 1.09581789]
Aerosol ERFari 2005-2014 rel. 1750: [-0.62592809 -0.2830199   0.05025478]
Aerosol ERFaci 2005-2014 rel. 1750: [-1.74357908 -0.96409341 -0.18784896]
Aerosol ERF 2005-2014 rel. 1750: [-1.94990439 -1.26142057 -0.46766117]
OHC change l50yrs: [309.23781039 427.37087032 557.76917164]
*likely range
cut=2021Missing or empty runids_rmse_pass.csv; rerunning 01_constrain-gmst-rmse-only.py for cutoff 2021
Doing RMSE constraint...
Passing RMSE constraint: 113288
[ 15309  82253  54805 108225  30921  41244  66220  95653  65586  11338]
[0.1699984  0.16999873 0.16999876 0.16999887 0.16999904 0.16999939
 0.16999977 0.1699998  0.16999992 0.17      ]
[0.11627578 0.11679185 0.11714406 0.11732464 0.11782004 0.11789923
 0.1180141  0.11810268 0.11833214 0.1186974 ]
Missing or empty runids_rmse_reweighted_pass.csv; rerunning 03_reweight-rmse-posterior-multiple-constraints.py for cutoff 2021
Doing reweighting...
Number of effective samples: 746
Constrained, reweighted parameters:
ECS: [1.80040152 2.96455303 5.73186126]
TCR: [1.28136885 1.77851617 2.48896464]
CO2 concentration current: [415.28917015 416.49412649 417.65098383]
Temperature l20yrs rel. 1850-1900: [0.81091035 0.94092235 1.10050218]
Aerosol ERFari 2005-2014 rel. 1750: [-0.62965179 -0.30210308  0.04922675]
Aerosol ERFaci 2005-2014 rel. 1750: [-1.69705479 -0.97738845 -0.14056177]
Aerosol ERF 2005-2014 rel. 1750: [-1.9390156  -1.29292189 -0.45378383]
OHC change l50yrs: [314.70103087 441.70990327 573.67025644]
*likely range
cut=2022Missing or empty runids_rmse_pass.csv; rerunning 01_constrain-gmst-rmse-only.py for cutoff 2022
Doing RMSE constraint...
Passing RMSE constraint: 102781
[ 3788 34453 48208 88881 46714 48701 58094 84040 68918 31710]
[0.16999815 0.1699987  0.1699987  0.16999936 0.16999942 0.16999958
 0.16999958 0.16999975 0.16999992 0.16999998]
[0.11751112 0.11751955 0.11783167 0.11853255 0.11854097 0.11878004
 0.11896499 0.1189933  0.11940852 0.11943632]
Missing or empty runids_rmse_reweighted_pass.csv; rerunning 03_reweight-rmse-posterior-multiple-constraints.py for cutoff 2022
Doing reweighting...
Number of effective samples: 686
Constrained, reweighted parameters:
ECS: [1.74454875 2.90965872 5.77110518]
TCR: [1.24625997 1.76195021 2.49411202]
CO2 concentration current: [418.67076523 419.77565798 421.03265617]
Temperature l20yrs rel. 1850-1900: [0.81467465 0.95133322 1.1140317 ]
Aerosol ERFari 2005-2014 rel. 1750: [-0.61741631 -0.28471315  0.09768524]
Aerosol ERFaci 2005-2014 rel. 1750: [-1.71727365 -0.98813071 -0.12256685]
Aerosol ERF 2005-2014 rel. 1750: [-1.96698616 -1.27417056 -0.46497652]
OHC change l50yrs: [311.96304638 457.69194801 610.71321445]
*likely range
cut=2023Missing or empty runids_rmse_pass.csv; rerunning 01_constrain-gmst-rmse-only.py for cutoff 2023
Doing RMSE constraint...
Passing RMSE constraint: 94460
[93336 56815 80515  5692 11585 12419 27836 69622  4968 77043]
[0.16999766 0.16999775 0.16999809 0.16999817 0.16999837 0.16999857
 0.16999893 0.16999903 0.16999907 0.16999949]
[0.11745498 0.11783002 0.11783898 0.11893709 0.11901897 0.11910135
 0.11951309 0.12019602 0.12020153 0.12045798]
Missing or empty runids_rmse_reweighted_pass.csv; rerunning 03_reweight-rmse-posterior-multiple-constraints.py for cutoff 2023
Doing reweighting...
Number of effective samples: 646
Constrained, reweighted parameters:
ECS: [1.7802754  2.93606995 5.71887814]
TCR: [1.24408162 1.77566011 2.46465806]
CO2 concentration current: [421.93835157 423.30861609 424.45089989]
Temperature l20yrs rel. 1850-1900: [0.82928297 0.96627292 1.1353778 ]
Aerosol ERFari 2005-2014 rel. 1750: [-0.61679217 -0.2807847   0.07466832]
Aerosol ERFaci 2005-2014 rel. 1750: [-1.76733773 -0.99336843 -0.19317086]
Aerosol ERF 2005-2014 rel. 1750: [-2.01664632 -1.2736157  -0.51856926]
OHC change l50yrs: [318.320991   468.56966712 623.4384272 ]
*likely range
cut=2024Missing or empty runids_rmse_pass.csv; rerunning 01_constrain-gmst-rmse-only.py for cutoff 2024
Doing RMSE constraint...
Passing RMSE constraint: 94189
[80182 73143  5357 45099 68909 28836 76590 84924 58542 31865]
[0.16999831 0.16999912 0.16999925 0.1699993  0.16999951 0.1699996
 0.16999962 0.16999974 0.16999981 0.16999988]
[0.11718617 0.11774492 0.11800669 0.11893352 0.11905441 0.11929904
 0.11957981 0.11985402 0.11986351 0.12037288]
Missing or empty runids_rmse_reweighted_pass.csv; rerunning 03_reweight-rmse-posterior-multiple-constraints.py for cutoff 2024
Doing reweighting...
Number of effective samples: 692
Constrained, reweighted parameters:
ECS: [1.80707091 2.91143076 5.46466394]
TCR: [1.27004502 1.75983301 2.43385282]
CO2 concentration current: [425.59018945 426.69049683 427.94585836]
Temperature l20yrs rel. 1850-1900: [0.8637699  1.00014772 1.16932719]
Aerosol ERFari 2005-2014 rel. 1750: [-0.60385345 -0.2904974   0.05238621]
Aerosol ERFaci 2005-2014 rel. 1750: [-1.76677236 -0.97640909 -0.16605275]
Aerosol ERF 2005-2014 rel. 1750: [-2.0124358  -1.26669126 -0.46018964]
OHC change l50yrs: [344.64954637 487.08070629 641.18935896]
*likely range
cut=2025Missing or empty runids_rmse_pass.csv; rerunning 01_constrain-gmst-rmse-only.py for cutoff 2025
Doing RMSE constraint...
Passing RMSE constraint: 93869
[52407 36370 83803 87609 56327 65723 69713 63818 18184 40473]
[0.16999817 0.16999848 0.16999876 0.16999887 0.16999932 0.16999964
 0.16999973 0.16999983 0.16999985 0.16999998]
[0.1174121  0.11785148 0.11794171 0.11892954 0.11923084 0.11941117
 0.11953031 0.11957689 0.11971055 0.12003697]
Missing or empty runids_rmse_reweighted_pass.csv; rerunning 03_reweight-rmse-posterior-multiple-constraints.py for cutoff 2025
Doing reweighting...
Number of effective samples: 699
Constrained, reweighted parameters:
ECS: [1.81201685 2.89786398 5.57406512]
TCR: [1.26247924 1.76065242 2.41874096]
CO2 concentration current: [429.08111335 430.25678943 431.37327892]
Temperature l20yrs rel. 1850-1900: [0.8878722  1.01846836 1.19007335]
Aerosol ERFari 2005-2014 rel. 1750: [-0.6314482  -0.27949898  0.04946779]
Aerosol ERFaci 2005-2014 rel. 1750: [-1.78231232 -0.97026222 -0.17824355]
Aerosol ERF 2005-2014 rel. 1750: [-2.02610387 -1.25646404 -0.50796864]
OHC change l50yrs: [359.39257122 504.3514463  664.7607688 ]
*likely range
cut=2026Missing or empty runids_rmse_pass.csv; rerunning 01_constrain-gmst-rmse-only.py for cutoff 2026
Doing RMSE constraint...
Passing RMSE constraint: 92914
[ 5099 84876 88890 64235 84099 55483 73072 74267 53327 51927]
[0.16999913 0.16999921 0.16999926 0.16999931 0.16999937 0.16999937
 0.16999942 0.16999962 0.16999969 0.16999988]
[0.11754441 0.11762073 0.11774664 0.11859551 0.11919897 0.1192673
 0.11936486 0.11942462 0.11969762 0.11973099]
Missing or empty runids_rmse_reweighted_pass.csv; rerunning 03_reweight-rmse-posterior-multiple-constraints.py for cutoff 2026
Doing reweighting...
Number of effective samples: 762
Constrained, reweighted parameters:
ECS: [1.7245422  2.87737169 5.31482079]
TCR: [1.24151715 1.76001401 2.3965978 ]
CO2 concentration current: [432.74217514 433.94933485 435.1289514 ]
Temperature l20yrs rel. 1850-1900: [0.90978817 1.05277259 1.22017308]
Aerosol ERFari 2005-2014 rel. 1750: [-0.61985009 -0.2839158   0.04364391]
Aerosol ERFaci 2005-2014 rel. 1750: [-1.74269432 -0.96762551 -0.20615833]
Aerosol ERF 2005-2014 rel. 1750: [-1.97221649 -1.28003223 -0.49988534]
OHC change l50yrs: [369.19148102 520.86113596 663.48192035]
*likely range
cut=2027Missing or empty runids_rmse_pass.csv; rerunning 01_constrain-gmst-rmse-only.py for cutoff 2027
Doing RMSE constraint...
Passing RMSE constraint: 91252
[36897 34226  7243 63077 60748 15973 31850 86801 10303 11221]
[0.16999754 0.16999766 0.1699977  0.16999876 0.169999   0.16999915
 0.16999916 0.16999936 0.1699997  0.16999973]
[0.11721385 0.11746114 0.11755904 0.11831549 0.11889364 0.11902876
 0.11912919 0.11952399 0.11953054 0.11978413]
Missing or empty runids_rmse_reweighted_pass.csv; rerunning 03_reweight-rmse-posterior-multiple-constraints.py for cutoff 2027
Doing reweighting...
Number of effective samples: 798
Constrained, reweighted parameters:
ECS: [1.81819363 2.86536534 5.25132945]
TCR: [1.29189778 1.74090437 2.34402319]
CO2 concentration current: [436.44435803 437.51788402 438.71478269]
Temperature l20yrs rel. 1850-1900: [0.93137782 1.07653139 1.24543599]
Aerosol ERFari 2005-2014 rel. 1750: [-0.63751905 -0.286204    0.05216969]
Aerosol ERFaci 2005-2014 rel. 1750: [-1.7431537  -0.99082131 -0.16154732]
Aerosol ERF 2005-2014 rel. 1750: [-1.95720601 -1.29312934 -0.51022908]
OHC change l50yrs: [386.00739025 527.772625   683.04040859]
*likely range
cut=2028Missing or empty runids_rmse_pass.csv; rerunning 01_constrain-gmst-rmse-only.py for cutoff 2028
Doing RMSE constraint...
Passing RMSE constraint: 90670
[41885 83730 36405  4977 78442  6818  9399 62536 49461  9699]
[0.16999761 0.1699982  0.16999874 0.16999885 0.16999924 0.16999931
 0.16999955 0.16999957 0.1699996  0.16999983]
[0.11740463 0.11862699 0.11866517 0.11901568 0.11959034 0.11977424
 0.11982273 0.11997734 0.12028318 0.1203849 ]
Missing or empty runids_rmse_reweighted_pass.csv; rerunning 03_reweight-rmse-posterior-multiple-constraints.py for cutoff 2028
Doing reweighting...
Number of effective samples: 755
Constrained, reweighted parameters:
ECS: [1.78939781 2.82362911 5.31537358]
TCR: [1.26303519 1.72607405 2.35571075]
CO2 concentration current: [440.18222125 441.27927837 442.55417673]
Temperature l20yrs rel. 1850-1900: [0.95854344 1.09808353 1.26331982]
Aerosol ERFari 2005-2014 rel. 1750: [-0.62746819 -0.29584663  0.04720032]
Aerosol ERFaci 2005-2014 rel. 1750: [-1.75872995 -0.94067751 -0.15574615]
Aerosol ERF 2005-2014 rel. 1750: [-1.95344891 -1.25959072 -0.50849134]
OHC change l50yrs: [395.50855704 534.94164482 684.79232183]
*likely range
cut=2029Missing or empty runids_rmse_pass.csv; rerunning 01_constrain-gmst-rmse-only.py for cutoff 2029
Doing RMSE constraint...
Passing RMSE constraint: 90019
[16588 65426 79981 19393 47287 25094 30222 13523 40355 14299]
[0.1699971  0.16999736 0.16999851 0.16999861 0.16999892 0.16999898
 0.16999911 0.16999955 0.16999979 0.1699998 ]
[0.11746205 0.11834281 0.11857666 0.11868466 0.11925955 0.11944861
 0.11987582 0.11993453 0.11997786 0.12005949]
Missing or empty runids_rmse_reweighted_pass.csv; rerunning 03_reweight-rmse-posterior-multiple-constraints.py for cutoff 2029
Doing reweighting...
Number of effective samples: 730
Constrained, reweighted parameters:
ECS: [1.71167859 2.70555346 5.11650059]
TCR: [1.24410542 1.70520814 2.30429222]
CO2 concentration current: [444.00043629 445.10990488 446.24314247]
Temperature l20yrs rel. 1850-1900: [0.98660667 1.1162512  1.29242151]
Aerosol ERFari 2005-2014 rel. 1750: [-0.59946081 -0.29806766  0.04615053]
Aerosol ERFaci 2005-2014 rel. 1750: [-1.70805768 -0.94279561 -0.19099692]
Aerosol ERF 2005-2014 rel. 1750: [-1.94721927 -1.23119085 -0.47949822]
OHC change l50yrs: [382.40239205 536.65600957 691.42520197]
*likely range
cut=2030Missing or empty runids_rmse_pass.csv; rerunning 01_constrain-gmst-rmse-only.py for cutoff 2030
Doing RMSE constraint...
Passing RMSE constraint: 82599
[78219 17686 75721 48020 30016 20835   721 38812 70530 26507]
[0.16999801 0.16999837 0.1699987  0.16999903 0.16999917 0.16999921
 0.16999942 0.16999956 0.16999966 0.16999991]
[0.11727029 0.11867079 0.11898471 0.11981966 0.1200396  0.12011491
 0.1204675  0.12051244 0.12052198 0.12052899]
Missing or empty runids_rmse_reweighted_pass.csv; rerunning 03_reweight-rmse-posterior-multiple-constraints.py for cutoff 2030
Doing reweighting...
Number of effective samples: 721
Constrained, reweighted parameters:
ECS: [1.76622316 2.71543237 4.6628958 ]
TCR: [1.25738084 1.70198752 2.24862391]
CO2 concentration current: [447.92624507 449.00985602 450.23635838]
Temperature l20yrs rel. 1850-1900: [0.99847101 1.14564637 1.31704691]
Aerosol ERFari 2005-2014 rel. 1750: [-0.62448863 -0.29674361  0.04199633]
Aerosol ERFaci 2005-2014 rel. 1750: [-1.67763394 -0.983735   -0.21641034]
Aerosol ERF 2005-2014 rel. 1750: [-1.93733332 -1.27630533 -0.53024553]
OHC change l50yrs: [379.19896984 530.80529462 678.19848704]
*likely range
cut=2031Missing or empty runids_rmse_pass.csv; rerunning 01_constrain-gmst-rmse-only.py for cutoff 2031
Doing RMSE constraint...
Passing RMSE constraint: 75676
[30143  2877 42201 71780 66850 28709 74042 52725 34222  6589]
[0.16999618 0.16999634 0.16999652 0.16999687 0.169997   0.16999796
 0.16999805 0.16999893 0.16999908 0.1699993 ]
[0.11716814 0.11882517 0.12041534 0.12045998 0.1204642  0.12055891
 0.12062067 0.12074808 0.12104635 0.12116919]
Missing or empty runids_rmse_reweighted_pass.csv; rerunning 03_reweight-rmse-posterior-multiple-constraints.py for cutoff 2031
Doing reweighting...
Number of effective samples: 722
Constrained, reweighted parameters:
ECS: [1.78139067 2.6995382  4.83374326]
TCR: [1.27623626 1.68921115 2.22457499]
CO2 concentration current: [451.88388277 452.93117995 454.12838604]
Temperature l20yrs rel. 1850-1900: [1.0331554  1.17098036 1.33221209]
Aerosol ERFari 2005-2014 rel. 1750: [-0.60615165 -0.28504326  0.03758421]
Aerosol ERFaci 2005-2014 rel. 1750: [-1.7195364  -0.96503048 -0.17699331]
Aerosol ERF 2005-2014 rel. 1750: [-1.96011634 -1.25840743 -0.49061394]
OHC change l50yrs: [391.91375092 537.6519513  678.2805998 ]
*likely range
cut=2032Missing or empty runids_rmse_pass.csv; rerunning 01_constrain-gmst-rmse-only.py for cutoff 2032
Doing RMSE constraint...
Passing RMSE constraint: 75009
[41340 46697 58751 49214 18800 36602 32341 64667 51290 28136]
[0.16999886 0.16999887 0.16999887 0.16999922 0.16999928 0.16999942
 0.16999946 0.16999947 0.16999959 0.16999974]
[0.11752734 0.11860625 0.1201139  0.12029783 0.1203946  0.12040129
 0.12051499 0.12069478 0.12087508 0.12088568]
Missing or empty runids_rmse_reweighted_pass.csv; rerunning 03_reweight-rmse-posterior-multiple-constraints.py for cutoff 2032
Doing reweighting...
Number of effective samples: 760
Constrained, reweighted parameters:
ECS: [1.77303798 2.62562436 4.54531852]
TCR: [1.23878528 1.68283008 2.19000414]
CO2 concentration current: [455.90373734 456.98091693 458.04210035]
Temperature l20yrs rel. 1850-1900: [1.05804866 1.19637536 1.36481403]
Aerosol ERFari 2005-2014 rel. 1750: [-0.62094423 -0.29047917  0.03608147]
Aerosol ERFaci 2005-2014 rel. 1750: [-1.69652988 -0.90384648 -0.1862535 ]
Aerosol ERF 2005-2014 rel. 1750: [-1.92198996 -1.2029985  -0.47186471]
OHC change l50yrs: [400.2731394  548.61706133 693.8380724 ]
*likely range
cut=2033Missing or empty runids_rmse_pass.csv; rerunning 01_constrain-gmst-rmse-only.py for cutoff 2033
Doing RMSE constraint...
Passing RMSE constraint: 74980
[44159 14760 31679 32652 32223 72092 19187 18576 31941 38111]
[0.16999847 0.16999869 0.16999876 0.16999909 0.16999924 0.1699994
 0.16999951 0.16999972 0.16999981 0.16999991]
[0.11869331 0.11918545 0.11999957 0.12008103 0.12027215 0.12071292
 0.1209076  0.12113599 0.12113637 0.12123399]
Missing or empty runids_rmse_reweighted_pass.csv; rerunning 03_reweight-rmse-posterior-multiple-constraints.py for cutoff 2033
Doing reweighting...
Number of effective samples: 758
Constrained, reweighted parameters:
ECS: [1.80559187 2.65079991 4.60231072]
TCR: [1.27808118 1.69236973 2.15952718]
CO2 concentration current: [459.99869162 461.04008621 462.08400725]
Temperature l20yrs rel. 1850-1900: [1.0770053  1.22197311 1.38013722]
Aerosol ERFari 2005-2014 rel. 1750: [-0.63160024 -0.28329778  0.07239532]
Aerosol ERFaci 2005-2014 rel. 1750: [-1.67292956 -0.95996939 -0.1855443 ]
Aerosol ERF 2005-2014 rel. 1750: [-1.93119887 -1.26079047 -0.47568922]
OHC change l50yrs: [412.37955835 572.02239427 738.80571898]
*likely range
cut=2034Missing or empty runids_rmse_pass.csv; rerunning 01_constrain-gmst-rmse-only.py for cutoff 2034
Doing RMSE constraint...
Passing RMSE constraint: 74247
[42079 11191 25618 24698 63708 66614 32343 28086 43205 48870]
[0.16999725 0.16999772 0.16999813 0.16999814 0.16999837 0.1699986
 0.1699989  0.16999903 0.16999911 0.16999999]
[0.11844527 0.11891237 0.11967868 0.11978624 0.11995429 0.12043987
 0.1206079  0.12081324 0.12092978 0.12104077]
Missing or empty runids_rmse_reweighted_pass.csv; rerunning 03_reweight-rmse-posterior-multiple-constraints.py for cutoff 2034
Doing reweighting...
Number of effective samples: 711
Constrained, reweighted parameters:
ECS: [1.73693465 2.63206528 4.76491949]
TCR: [1.24461425 1.67803737 2.20156572]
CO2 concentration current: [463.9137632  465.16953985 466.29136783]
Temperature l20yrs rel. 1850-1900: [1.09830746 1.23033984 1.41222161]
Aerosol ERFari 2005-2014 rel. 1750: [-0.62918065 -0.28862577  0.03088858]
Aerosol ERFaci 2005-2014 rel. 1750: [-1.67289922 -0.97865114 -0.19170502]
Aerosol ERF 2005-2014 rel. 1750: [-1.92524682 -1.29720615 -0.50924803]
OHC change l50yrs: [412.02462984 580.92298375 740.44501879]
*likely range
cut=2035Missing or empty runids_rmse_pass.csv; rerunning 01_constrain-gmst-rmse-only.py for cutoff 2035
Doing RMSE constraint...
Passing RMSE constraint: 71740
[60488 38906   774 50325 26379 47499  3183  1223 30245 16906]
[0.16999747 0.16999784 0.16999821 0.1699986  0.16999875 0.16999879
 0.16999883 0.16999892 0.16999938 0.16999944]
[0.11815579 0.11859802 0.11959853 0.11976808 0.11978008 0.12013729
 0.12053698 0.12077135 0.12095363 0.12099317]
Missing or empty runids_rmse_reweighted_pass.csv; rerunning 03_reweight-rmse-posterior-multiple-constraints.py for cutoff 2035
Doing reweighting...
Number of effective samples: 638
Constrained, reweighted parameters:
ECS: [1.71969605 2.60211198 4.56822999]
TCR: [1.23774421 1.65879151 2.15779565]
CO2 concentration current: [468.05814278 469.23470495 470.44882391]
Temperature l20yrs rel. 1850-1900: [1.11723759 1.25241444 1.41572914]
Aerosol ERFari 2005-2014 rel. 1750: [-0.60559103 -0.29196937  0.04422304]
Aerosol ERFaci 2005-2014 rel. 1750: [-1.74577427 -0.94788522 -0.16902008]
Aerosol ERF 2005-2014 rel. 1750: [-1.96580326 -1.25588328 -0.45319392]
OHC change l50yrs: [425.70030931 602.21162989 788.98884872]
*likely range
cut=2036Missing or empty runids_rmse_pass.csv; rerunning 01_constrain-gmst-rmse-only.py for cutoff 2036
Doing RMSE constraint...
Passing RMSE constraint: 69828
[58860 36698 59694 68796 68326 69548 44473 29774 37157 44564]
[0.16999712 0.16999722 0.16999736 0.1699977  0.16999816 0.16999832
 0.16999886 0.16999933 0.16999963 0.16999997]
[0.11784467 0.1184604  0.11933465 0.11946004 0.11957942 0.1198348
 0.12040834 0.12049095 0.12075106 0.12076267]
Missing or empty runids_rmse_reweighted_pass.csv; rerunning 03_reweight-rmse-posterior-multiple-constraints.py for cutoff 2036
Doing reweighting...
Number of effective samples: 607
Constrained, reweighted parameters:
ECS: [1.65515975 2.58036256 4.43540358]
TCR: [1.19434808 1.63757005 2.124489  ]
CO2 concentration current: [472.27076709 473.45216981 474.77678283]
Temperature l20yrs rel. 1850-1900: [1.13802528 1.26890775 1.4339714 ]
Aerosol ERFari 2005-2014 rel. 1750: [-0.64829941 -0.29058066  0.05107421]
Aerosol ERFaci 2005-2014 rel. 1750: [-1.70455773 -0.94488622 -0.22281401]
Aerosol ERF 2005-2014 rel. 1750: [-1.95992828 -1.260448   -0.4685804 ]
OHC change l50yrs: [423.9877643  614.06394167 805.67997874]
*likely range
cut=2037Missing or empty runids_rmse_pass.csv; rerunning 01_constrain-gmst-rmse-only.py for cutoff 2037
Doing RMSE constraint...
Passing RMSE constraint: 69680
[23193 37031 14511  2375 45408 10869 55500 58225  8742 61031]
[0.16999682 0.16999716 0.16999815 0.16999821 0.16999875 0.16999896
 0.16999903 0.16999953 0.16999971 0.16999975]
[0.11857519 0.11888421 0.11945674 0.11948982 0.11959532 0.12047935
 0.12073936 0.12075503 0.12081814 0.12087559]
Missing or empty runids_rmse_reweighted_pass.csv; rerunning 03_reweight-rmse-posterior-multiple-constraints.py for cutoff 2037
Doing reweighting...
Number of effective samples: 593
Constrained, reweighted parameters:
ECS: [1.64800099 2.52678791 4.48413359]
TCR: [1.21318366 1.63544901 2.12287884]
CO2 concentration current: [476.52155144 477.73827758 478.99404347]
Temperature l20yrs rel. 1850-1900: [1.15445175 1.28396161 1.47930215]
Aerosol ERFari 2005-2014 rel. 1750: [-0.65273995 -0.27927584  0.0706074 ]
Aerosol ERFaci 2005-2014 rel. 1750: [-1.74172116 -0.95200422 -0.19400731]
Aerosol ERF 2005-2014 rel. 1750: [-1.95524195 -1.2313898  -0.47900766]
OHC change l50yrs: [430.6568882  634.29246227 818.94140148]
*likely range
cut=2038Missing or empty runids_rmse_pass.csv; rerunning 01_constrain-gmst-rmse-only.py for cutoff 2038
Doing RMSE constraint...
Passing RMSE constraint: 69609
[47592 25261 14812 62355 23132 19036  1472  6659 53489 10696]
[0.16999699 0.16999703 0.16999724 0.16999747 0.16999772 0.16999836
 0.1699984  0.16999841 0.16999851 0.16999981]
[0.118677   0.11880966 0.11918582 0.11937111 0.11970883 0.12043988
 0.12049846 0.12062071 0.12080218 0.12099812]
Missing or empty runids_rmse_reweighted_pass.csv; rerunning 03_reweight-rmse-posterior-multiple-constraints.py for cutoff 2038
Doing reweighting...
Number of effective samples: 501
Constrained, reweighted parameters:
ECS: [1.58811128 2.57826657 4.44052713]
TCR: [1.17721986 1.62608995 2.12225174]
CO2 concentration current: [480.72528786 482.07123157 483.39448364]
Temperature l20yrs rel. 1850-1900: [1.16538377 1.30564015 1.4914049 ]
Aerosol ERFari 2005-2014 rel. 1750: [-0.62311912 -0.28619435  0.05755871]
Aerosol ERFaci 2005-2014 rel. 1750: [-1.71981407 -0.97714237 -0.1911979 ]
Aerosol ERF 2005-2014 rel. 1750: [-2.00851698 -1.26203593 -0.47925602]
OHC change l50yrs: [434.197037   632.1187965  818.21230538]
*likely range
cut=2039Missing or empty runids_rmse_pass.csv; rerunning 01_constrain-gmst-rmse-only.py for cutoff 2039
Doing RMSE constraint...
Passing RMSE constraint: 69349
[36058 20143 51863 27509 41803 64247 60139 30936 50292 61194]
[0.16999547 0.16999551 0.16999596 0.1699976  0.16999795 0.16999804
 0.16999859 0.16999898 0.1699991  0.16999988]
[0.1190886  0.11914969 0.11954888 0.1196774  0.12024468 0.12026078
 0.12027498 0.12101946 0.12102145 0.12122265]
Missing or empty runids_rmse_reweighted_pass.csv; rerunning 03_reweight-rmse-posterior-multiple-constraints.py for cutoff 2039
Doing reweighting...
Number of effective samples: 500
Constrained, reweighted parameters:
ECS: [1.59005292 2.50878035 4.23419995]
TCR: [1.18942451 1.63996595 2.10386495]
CO2 concentration current: [485.15137684 486.46678097 487.67829855]
Temperature l20yrs rel. 1850-1900: [1.19920853 1.32116225 1.49424606]
Aerosol ERFari 2005-2014 rel. 1750: [-0.60783159 -0.28972678  0.05231147]
Aerosol ERFaci 2005-2014 rel. 1750: [-1.77053362 -1.02862921 -0.19777384]
Aerosol ERF 2005-2014 rel. 1750: [-2.02912939 -1.3138304  -0.50215497]
OHC change l50yrs: [431.54110781 630.10315706 829.1093285 ]
*likely range
cut=2040Missing or empty runids_rmse_pass.csv; rerunning 01_constrain-gmst-rmse-only.py for cutoff 2040
Doing RMSE constraint...
Passing RMSE constraint: 63345
[13392  1335 25292  7332 33666 33817 53492 24623 52734 22677]
[0.16999855 0.16999866 0.16999899 0.1699991  0.16999955 0.16999961
 0.16999968 0.16999969 0.16999977 0.16999983]
[0.11990066 0.12003914 0.12056822 0.12100508 0.12126079 0.12146507
 0.1215039  0.12168903 0.12187302 0.12196377]
Missing or empty runids_rmse_reweighted_pass.csv; rerunning 03_reweight-rmse-posterior-multiple-constraints.py for cutoff 2040
Doing reweighting...
Number of effective samples: 465
Constrained, reweighted parameters:
ECS: [1.5929476  2.46466341 4.21113463]
TCR: [1.18777594 1.60250393 2.05553658]
CO2 concentration current: [489.47709485 490.8993363  492.25996851]
Temperature l20yrs rel. 1850-1900: [1.20619114 1.34471317 1.52823169]
Aerosol ERFari 2005-2014 rel. 1750: [-0.66031747 -0.27810948  0.05115487]
Aerosol ERFaci 2005-2014 rel. 1750: [-1.77513578 -0.96813599 -0.16600386]
Aerosol ERF 2005-2014 rel. 1750: [-2.0045045  -1.26689195 -0.47986587]
OHC change l50yrs: [444.6359748  638.54832    844.71121158]
*likely range
cut=2041Missing or empty runids_rmse_pass.csv; rerunning 01_constrain-gmst-rmse-only.py for cutoff 2041
Doing RMSE constraint...
Passing RMSE constraint: 60223
[57498 51437 21967 15880 22273  8528 31650 44830 13861 38332]
[0.16999599 0.16999605 0.1699963  0.16999665 0.16999702 0.16999707
 0.16999707 0.16999753 0.16999916 0.16999947]
[0.11995597 0.12044001 0.12056411 0.12110554 0.12146298 0.12161563
 0.1216419  0.12182552 0.12204588 0.12207296]
Missing or empty runids_rmse_reweighted_pass.csv; rerunning 03_reweight-rmse-posterior-multiple-constraints.py for cutoff 2041
Doing reweighting...
Number of effective samples: 449
Constrained, reweighted parameters:
ECS: [1.56674297 2.41997266 4.1661625 ]
TCR: [1.16509242 1.59808795 2.0232513 ]
CO2 concentration current: [494.06334848 495.31656213 496.66510566]
Temperature l20yrs rel. 1850-1900: [1.22973219 1.36241969 1.54788671]
Aerosol ERFari 2005-2014 rel. 1750: [-0.6272351  -0.2760951   0.06363052]
Aerosol ERFaci 2005-2014 rel. 1750: [-1.78267776 -0.9230997  -0.17423619]
Aerosol ERF 2005-2014 rel. 1750: [-1.99272657 -1.25205649 -0.48169633]
OHC change l50yrs: [458.43304903 656.06867042 848.4766855 ]
*likely range
cut=2042Missing or empty runids_rmse_pass.csv; rerunning 01_constrain-gmst-rmse-only.py for cutoff 2042
Doing RMSE constraint...
Passing RMSE constraint: 59021
[ 5662 54510 23899  5732 20298 26462  3549 34628  5770  6678]
[0.1699983  0.16999858 0.16999878 0.16999892 0.16999912 0.16999916
 0.16999917 0.16999972 0.16999975 0.16999992]
[0.11965183 0.12062472 0.12063628 0.12079694 0.12124063 0.12130036
 0.12150975 0.12177041 0.12181873 0.12184835]
Missing or empty runids_rmse_reweighted_pass.csv; rerunning 03_reweight-rmse-posterior-multiple-constraints.py for cutoff 2042
Doing reweighting...
Number of effective samples: 461
Constrained, reweighted parameters:
ECS: [1.6315345  2.35917197 4.16772807]
TCR: [1.18729595 1.56795989 1.98520323]
CO2 concentration current: [498.48311908 499.82150845 501.15757503]
Temperature l20yrs rel. 1850-1900: [1.25242475 1.38636514 1.58001584]
Aerosol ERFari 2005-2014 rel. 1750: [-0.6415248  -0.27384066  0.05269149]
Aerosol ERFaci 2005-2014 rel. 1750: [-1.733185   -0.93521432 -0.17370662]
Aerosol ERF 2005-2014 rel. 1750: [-1.97130766 -1.23148955 -0.50633315]
OHC change l50yrs: [471.2935766  681.60188751 869.97363646]
*likely range
cut=2043Missing or empty runids_rmse_pass.csv; rerunning 01_constrain-gmst-rmse-only.py for cutoff 2043
Doing RMSE constraint...
Passing RMSE constraint: 58729
[ 6172 11117 47024 50777  7321 32238 24931 47320 10291 24315]
[0.16999775 0.16999807 0.16999829 0.16999835 0.16999842 0.16999853
 0.1699989  0.16999932 0.1699996  0.16999999]
[0.11944898 0.12034796 0.12040512 0.12059064 0.12093241 0.12114258
 0.1213336  0.12145819 0.1215054  0.12156051]
Missing or empty runids_rmse_reweighted_pass.csv; rerunning 03_reweight-rmse-posterior-multiple-constraints.py for cutoff 2043
Doing reweighting...
Number of effective samples: 454
Constrained, reweighted parameters:
ECS: [1.57809898 2.37411733 4.06934989]
TCR: [1.17969098 1.56647698 1.98268187]
CO2 concentration current: [503.06425255 504.45072877 505.89535369]
Temperature l20yrs rel. 1850-1900: [1.26917555 1.40466275 1.58943268]
Aerosol ERFari 2005-2014 rel. 1750: [-0.63040822 -0.28642846  0.04563112]
Aerosol ERFaci 2005-2014 rel. 1750: [-1.73253293 -0.95122312 -0.17317358]
Aerosol ERF 2005-2014 rel. 1750: [-1.99748189 -1.25864701 -0.50316123]
OHC change l50yrs: [460.94460308 693.37104594 891.02995461]
*likely range
cut=2044Missing or empty runids_rmse_pass.csv; rerunning 01_constrain-gmst-rmse-only.py for cutoff 2044
Doing RMSE constraint...
Passing RMSE constraint: 58591
[35133 28331 58060 32708 51935 37370 15573 26135 52932 12934]
[0.1699981  0.16999813 0.16999841 0.16999846 0.16999866 0.16999879
 0.16999937 0.1699994  0.16999943 0.16999995]
[0.11974442 0.12017612 0.12051539 0.1207427  0.12083376 0.12149355
 0.12152686 0.12166041 0.12191564 0.12202941]
Missing or empty runids_rmse_reweighted_pass.csv; rerunning 03_reweight-rmse-posterior-multiple-constraints.py for cutoff 2044
Doing reweighting...
Number of effective samples: 443
Constrained, reweighted parameters:
ECS: [1.60301195 2.37476986 3.96496494]
TCR: [1.1722383  1.58845714 1.95995377]
CO2 concentration current: [507.73483161 509.09156783 510.50474041]
Temperature l20yrs rel. 1850-1900: [1.29591338 1.42652144 1.60617455]
Aerosol ERFari 2005-2014 rel. 1750: [-0.63721382 -0.29118326  0.05799014]
Aerosol ERFaci 2005-2014 rel. 1750: [-1.76649933 -0.99496056 -0.20306475]
Aerosol ERF 2005-2014 rel. 1750: [-1.96784742 -1.29246159 -0.50743662]
OHC change l50yrs: [478.45586474 701.67989549 904.58704593]
*likely range
cut=2045Missing or empty runids_rmse_pass.csv; rerunning 01_constrain-gmst-rmse-only.py for cutoff 2045
Doing RMSE constraint...
Passing RMSE constraint: 57291
[23208 49998  8316 13906 21208  1448 24532 46081 15995 11918]
[0.16999737 0.16999776 0.16999805 0.16999828 0.16999889 0.16999895
 0.16999931 0.16999987 0.16999989 0.16999989]
[0.12106611 0.12124274 0.12136227 0.12165644 0.12198914 0.12210478
 0.12227723 0.12270465 0.12299933 0.1231674 ]
Missing or empty runids_rmse_reweighted_pass.csv; rerunning 03_reweight-rmse-posterior-multiple-constraints.py for cutoff 2045
Doing reweighting...
Number of effective samples: 405
Constrained, reweighted parameters:
ECS: [1.56396897 2.37270646 3.84387674]
TCR: [1.18165732 1.5714495  1.96834488]
CO2 concentration current: [512.40768675 513.77924106 515.19681675]
Temperature l20yrs rel. 1850-1900: [1.31520151 1.44294867 1.61449539]
Aerosol ERFari 2005-2014 rel. 1750: [-0.63814386 -0.27713256  0.05781252]
Aerosol ERFaci 2005-2014 rel. 1750: [-1.74992959 -0.98014894 -0.21049174]
Aerosol ERF 2005-2014 rel. 1750: [-1.9692239  -1.27459703 -0.45240481]
OHC change l50yrs: [491.45283456 715.1324501  927.06902344]
*likely range
cut=2046Missing or empty runids_rmse_pass.csv; rerunning 01_constrain-gmst-rmse-only.py for cutoff 2046
Doing RMSE constraint...
Passing RMSE constraint: 56208
[ 8799 52748 15726  9418 26639 28348 50391   639 14802 38165]
[0.16999745 0.16999776 0.16999789 0.16999836 0.16999836 0.16999868
 0.16999885 0.16999896 0.16999904 0.16999916]
[0.12140871 0.12152426 0.12237071 0.12242423 0.12271015 0.1236642
 0.1236739  0.12373252 0.12382191 0.12383272]
Missing or empty runids_rmse_reweighted_pass.csv; rerunning 03_reweight-rmse-posterior-multiple-constraints.py for cutoff 2046
Doing reweighting...
Number of effective samples: 358
Constrained, reweighted parameters:
ECS: [1.57098464 2.32367246 3.8528001 ]
TCR: [1.16937947 1.56575545 1.94603138]
CO2 concentration current: [517.09290983 518.53852769 520.07613768]
Temperature l20yrs rel. 1850-1900: [1.34484293 1.46602512 1.62661807]
Aerosol ERFari 2005-2014 rel. 1750: [-0.65419334 -0.28528787  0.07467938]
Aerosol ERFaci 2005-2014 rel. 1750: [-1.76573368 -0.94573142 -0.0800696 ]
Aerosol ERF 2005-2014 rel. 1750: [-1.95115771 -1.25783611 -0.41311167]
OHC change l50yrs: [500.60026052 721.22376531 947.15500487]
*likely range
cut=2047Missing or empty runids_rmse_pass.csv; rerunning 01_constrain-gmst-rmse-only.py for cutoff 2047
Doing RMSE constraint...
Passing RMSE constraint: 55800
[  548 24612  4760 33521 39326 33771 31011 40011 12034  1181]
[0.16999745 0.16999813 0.16999826 0.16999883 0.1699992  0.16999922
 0.16999924 0.16999978 0.16999987 0.1699999 ]
[0.12110209 0.12123084 0.12208374 0.1221738  0.1224271  0.12335212
 0.12347083 0.12356369 0.12365651 0.12365856]
Missing or empty runids_rmse_reweighted_pass.csv; rerunning 03_reweight-rmse-posterior-multiple-constraints.py for cutoff 2047
Doing reweighting...
Number of effective samples: 364
Constrained, reweighted parameters:
ECS: [1.57276816 2.32588456 3.59242463]
TCR: [1.16032135 1.56616114 1.95441448]
CO2 concentration current: [521.82932742 523.29734423 524.71047758]
Temperature l20yrs rel. 1850-1900: [1.35956809 1.4792283  1.64643196]
Aerosol ERFari 2005-2014 rel. 1750: [-0.68343206 -0.28787531  0.06517569]
Aerosol ERFaci 2005-2014 rel. 1750: [-1.74884394 -0.9527555  -0.08540366]
Aerosol ERF 2005-2014 rel. 1750: [-2.01132462 -1.25039669 -0.41573198]
OHC change l50yrs: [494.69258823 733.8395013  945.93290729]
*likely range
cut=2048Missing or empty runids_rmse_pass.csv; rerunning 01_constrain-gmst-rmse-only.py for cutoff 2048
Doing RMSE constraint...
Passing RMSE constraint: 55664
[46530 48280 24116 27742 17693  2837 51604   824 24358 32711]
[0.16999575 0.16999576 0.16999638 0.16999655 0.16999698 0.16999746
 0.16999816 0.16999819 0.16999875 0.16999964]
[0.12089845 0.12093929 0.12177698 0.12198197 0.12212863 0.12317858
 0.12327227 0.1233456  0.12334858 0.12346112]
Missing or empty runids_rmse_reweighted_pass.csv; rerunning 03_reweight-rmse-posterior-multiple-constraints.py for cutoff 2048
Doing reweighting...
Number of effective samples: 359
Constrained, reweighted parameters:
ECS: [1.57247313 2.32255216 3.69604779]
TCR: [1.16696665 1.55947458 1.94566746]
CO2 concentration current: [526.72050105 528.09645991 529.53995428]
Temperature l20yrs rel. 1850-1900: [1.38498737 1.51219937 1.67076583]
Aerosol ERFari 2005-2014 rel. 1750: [-0.65306783 -0.29157069  0.10081068]
Aerosol ERFaci 2005-2014 rel. 1750: [-1.73476092 -0.98674182 -0.13105458]
Aerosol ERF 2005-2014 rel. 1750: [-1.98690975 -1.26672084 -0.4392433 ]
OHC change l50yrs: [475.21592319 730.21303711 974.52861604]
*likely range
cut=2049Missing or empty runids_rmse_pass.csv; rerunning 01_constrain-gmst-rmse-only.py for cutoff 2049
Doing RMSE constraint...
Passing RMSE constraint: 55378
[43894 24166 53355 30244 15456 34001  3726 46534 12197 30852]
[0.16999727 0.16999731 0.16999745 0.16999749 0.1699976  0.16999769
 0.16999852 0.169999   0.16999949 0.16999952]
[0.12095568 0.12133619 0.12196752 0.12197164 0.12211934 0.12290794
 0.12305945 0.12317465 0.12326019 0.12328536]
Missing or empty runids_rmse_reweighted_pass.csv; rerunning 03_reweight-rmse-posterior-multiple-constraints.py for cutoff 2049
Doing reweighting...
Number of effective samples: 343
Constrained, reweighted parameters:
ECS: [1.55724714 2.29620284 3.69925473]
TCR: [1.16340485 1.53951213 1.91444217]
CO2 concentration current: [531.58493884 532.94745032 534.54903724]
Temperature l20yrs rel. 1850-1900: [1.40451688 1.52967475 1.69103865]
Aerosol ERFari 2005-2014 rel. 1750: [-0.63758746 -0.28861698  0.07527337]
Aerosol ERFaci 2005-2014 rel. 1750: [-1.76018197 -0.96627178 -0.11151467]
Aerosol ERF 2005-2014 rel. 1750: [-1.92451354 -1.26125907 -0.4406286 ]
OHC change l50yrs: [490.90231167 745.63417808 989.46906051]
*likely range
cut=2050Missing or empty runids_rmse_pass.csv; rerunning 01_constrain-gmst-rmse-only.py for cutoff 2050
Doing RMSE constraint...
Passing RMSE constraint: 55277
[45555 42179 32909 30569 27323 40990 13951 40199 35560 13946]
[0.16999749 0.16999789 0.16999819 0.16999854 0.16999865 0.16999875
 0.16999881 0.1699993  0.16999974 0.16999992]
[0.12065442 0.12121674 0.12166569 0.12176109 0.12182908 0.12260188
 0.12286844 0.12288273 0.12295721 0.12319947]
Missing or empty runids_rmse_reweighted_pass.csv; rerunning 03_reweight-rmse-posterior-multiple-constraints.py for cutoff 2050
Doing reweighting...
Number of effective samples: 318
Constrained, reweighted parameters:
ECS: [1.55512262 2.30119654 3.77801514]
TCR: [1.17922484 1.54914968 1.93224235]
CO2 concentration current: [536.49873719 538.04566704 539.48263998]
Temperature l20yrs rel. 1850-1900: [1.4332614  1.55592196 1.72357826]
Aerosol ERFari 2005-2014 rel. 1750: [-0.64754627 -0.28395774  0.07679326]
Aerosol ERFaci 2005-2014 rel. 1750: [-1.81033539 -0.99531218 -0.14991268]
Aerosol ERF 2005-2014 rel. 1750: [-1.94562127 -1.26335896 -0.44535435]
OHC change l50yrs: [ 474.61484783  739.82453895 1012.81744236]
*likely range
cut=2051Missing or empty runids_rmse_pass.csv; rerunning 01_constrain-gmst-rmse-only.py for cutoff 2051
Doing RMSE constraint...
Passing RMSE constraint: 55131
[11576 34301 22795 15723 39663  7444 48782  4335 52079 28071]
[0.16999641 0.16999661 0.16999685 0.16999712 0.16999717 0.16999801
 0.16999811 0.16999869 0.16999879 0.16999969]
[0.12044165 0.12093336 0.12136521 0.12152905 0.12175558 0.12235867
 0.12256638 0.12262655 0.12266759 0.12304333]
Missing or empty runids_rmse_reweighted_pass.csv; rerunning 03_reweight-rmse-posterior-multiple-constraints.py for cutoff 2051
Doing reweighting...
Number of effective samples: 316
Constrained, reweighted parameters:
ECS: [1.50253991 2.25910148 3.80119427]
TCR: [1.1390325  1.53244622 1.9023822 ]
CO2 concentration current: [541.49984892 542.95163854 544.52512724]
Temperature l20yrs rel. 1850-1900: [1.46249358 1.5821046  1.74934783]
Aerosol ERFari 2005-2014 rel. 1750: [-0.61568382 -0.27572485  0.07412766]
Aerosol ERFaci 2005-2014 rel. 1750: [-1.76351791 -0.9636488  -0.15555815]
Aerosol ERF 2005-2014 rel. 1750: [-1.94838007 -1.21373253 -0.43368722]
OHC change l50yrs: [ 483.81771089  754.10169637 1017.86969565]
*likely range
cut=2052Missing or empty runids_rmse_pass.csv; rerunning 01_constrain-gmst-rmse-only.py for cutoff 2052
Doing RMSE constraint...
Passing RMSE constraint: 54864
[12666 17431 39457  1150 22279 38760  5261 40570 15284 35181]
[0.16999491 0.16999671 0.16999726 0.16999744 0.16999748 0.16999755
 0.16999769 0.16999779 0.16999813 0.16999883]
[0.12085183 0.1211363  0.12118345 0.12151333 0.12207132 0.12232492
 0.12233458 0.12256301 0.12258658 0.12301566]
Missing or empty runids_rmse_reweighted_pass.csv; rerunning 03_reweight-rmse-posterior-multiple-constraints.py for cutoff 2052
Doing reweighting...
Number of effective samples: 319
Constrained, reweighted parameters:
ECS: [1.54988384 2.32264665 3.79927443]
TCR: [1.16604488 1.54574146 1.90211565]
CO2 concentration current: [546.52129169 547.96449635 549.54264963]
Temperature l20yrs rel. 1850-1900: [1.48096641 1.61370721 1.78023767]
Aerosol ERFari 2005-2014 rel. 1750: [-0.62075361 -0.2728373   0.10653184]
Aerosol ERFaci 2005-2014 rel. 1750: [-1.77144372 -1.01049836 -0.19085308]
Aerosol ERF 2005-2014 rel. 1750: [-1.92610332 -1.23339718 -0.47902151]
OHC change l50yrs: [ 533.90500774  770.55324187 1013.41089258]
*likely range
cut=2053Missing or empty runids_rmse_pass.csv; rerunning 01_constrain-gmst-rmse-only.py for cutoff 2053
Doing RMSE constraint...
Passing RMSE constraint: 54443
[36561 29656 23385 10200 43151 43638  5184 41879 37058  5244]
[0.1699965  0.16999676 0.16999705 0.16999712 0.16999726 0.16999834
 0.16999872 0.16999885 0.16999925 0.16999964]
[0.12101412 0.12108018 0.12169434 0.12169899 0.12210406 0.12247912
 0.12264484 0.12275673 0.12281354 0.12305163]
Missing or empty runids_rmse_reweighted_pass.csv; rerunning 03_reweight-rmse-posterior-multiple-constraints.py for cutoff 2053
Doing reweighting...
Number of effective samples: 298
Constrained, reweighted parameters:
ECS: [1.59563982 2.28343644 3.71608468]
TCR: [1.19438265 1.55467171 1.8922094 ]
CO2 concentration current: [551.62623581 553.15725225 554.74097017]
Temperature l20yrs rel. 1850-1900: [1.50943432 1.6370801  1.80772314]
Aerosol ERFari 2005-2014 rel. 1750: [-0.65552819 -0.2771742   0.08436813]
Aerosol ERFaci 2005-2014 rel. 1750: [-1.80585055 -0.92135769 -0.12505429]
Aerosol ERF 2005-2014 rel. 1750: [-1.94739511 -1.21479741 -0.43971813]
OHC change l50yrs: [ 553.53204127  777.46215291 1020.03453413]
*likely range
cut=2054Missing or empty runids_rmse_pass.csv; rerunning 01_constrain-gmst-rmse-only.py for cutoff 2054
Doing RMSE constraint...
Passing RMSE constraint: 54216
[ 5667  2339 21346 36436  6144 46428 24403 24111 18976 29927]
[0.16999686 0.16999736 0.16999807 0.16999816 0.16999819 0.1699984
 0.16999871 0.16999913 0.1699994  0.16999952]
[0.12071876 0.12082975 0.12139868 0.1214694  0.12204759 0.12218686
 0.12235049 0.12251369 0.12275924 0.12287101]
Missing or empty runids_rmse_reweighted_pass.csv; rerunning 03_reweight-rmse-posterior-multiple-constraints.py for cutoff 2054
Doing reweighting...
Number of effective samples: 304
Constrained, reweighted parameters:
ECS: [1.66372776 2.31109424 3.70741006]
TCR: [1.22169258 1.56598064 1.92010472]
CO2 concentration current: [556.778617   558.34474648 559.89150793]
Temperature l20yrs rel. 1850-1900: [1.53144485 1.67093629 1.83576996]
Aerosol ERFari 2005-2014 rel. 1750: [-0.61882697 -0.26821005  0.06196898]
Aerosol ERFaci 2005-2014 rel. 1750: [-1.80330115 -0.94995933 -0.2090429 ]
Aerosol ERF 2005-2014 rel. 1750: [-1.94442278 -1.20005097 -0.54068102]
OHC change l50yrs: [ 583.23283314  819.0788849  1023.89825454]
*likely range
cut=2055Missing or empty runids_rmse_pass.csv; rerunning 01_constrain-gmst-rmse-only.py for cutoff 2055
Doing RMSE constraint...
Passing RMSE constraint: 53614
[22867 11794  8926 44611 21550 39224 11546 32217 13309 36330]
[0.16999611 0.16999671 0.16999686 0.16999776 0.16999794 0.16999822
 0.16999829 0.16999884 0.16999933 0.16999948]
[0.12095108 0.12101305 0.12178779 0.1219926  0.12209357 0.12228108
 0.12253251 0.12269045 0.12275861 0.12284332]
Missing or empty runids_rmse_reweighted_pass.csv; rerunning 03_reweight-rmse-posterior-multiple-constraints.py for cutoff 2055
Doing reweighting...
Number of effective samples: 289
Constrained, reweighted parameters:
ECS: [1.63173581 2.31236559 3.82661662]
TCR: [1.23367132 1.56544581 1.94304254]
CO2 concentration current: [561.97208374 563.49149428 565.13096726]
Temperature l20yrs rel. 1850-1900: [1.56006289 1.69614595 1.87216044]
Aerosol ERFari 2005-2014 rel. 1750: [-0.62908577 -0.27212175  0.08480829]
Aerosol ERFaci 2005-2014 rel. 1750: [-1.81522718 -0.99307357 -0.15970034]
Aerosol ERF 2005-2014 rel. 1750: [-1.98777778 -1.25676109 -0.44536146]
OHC change l50yrs: [ 594.7756037   801.77279082 1032.67582953]
*likely range
cut=2056Missing or empty runids_rmse_pass.csv; rerunning 01_constrain-gmst-rmse-only.py for cutoff 2056
Doing RMSE constraint...
Passing RMSE constraint: 52257
[ 4835 13546  4094 49608 46445 10952 37010 30798   632 22923]
[0.16999657 0.16999721 0.16999734 0.16999753 0.16999831 0.16999842
 0.16999877 0.16999924 0.16999936 0.16999982]
[0.12156206 0.12185955 0.12205371 0.12258843 0.12270939 0.12293615
 0.12304019 0.12320912 0.1234291  0.12361699]
Missing or empty runids_rmse_reweighted_pass.csv; rerunning 03_reweight-rmse-posterior-multiple-constraints.py for cutoff 2056
Doing reweighting...
Number of effective samples: 309
Constrained, reweighted parameters:
ECS: [1.63818542 2.31578087 3.61198294]
TCR: [1.19721284 1.57319678 1.89493976]
CO2 concentration current: [567.24550974 568.72602164 570.40081931]
Temperature l20yrs rel. 1850-1900: [1.60286119 1.73281152 1.91320409]
Aerosol ERFari 2005-2014 rel. 1750: [-0.65881405 -0.26602713  0.0812434 ]
Aerosol ERFaci 2005-2014 rel. 1750: [-1.85700708 -0.94782014 -0.15222557]
Aerosol ERF 2005-2014 rel. 1750: [-2.02657928 -1.22081557 -0.44871369]
OHC change l50yrs: [ 590.02835519  811.48050648 1034.26045085]
*likely range
cut=2057Missing or empty runids_rmse_pass.csv; rerunning 01_constrain-gmst-rmse-only.py for cutoff 2057
Doing RMSE constraint...
Passing RMSE constraint: 51963
[43114 27084 49409 26617 43301 43792 37261 15506 37027 32677]
[0.16999749 0.16999754 0.16999754 0.16999764 0.16999855 0.16999862
 0.16999926 0.16999937 0.1699994  0.16999976]
[0.1215362  0.12165982 0.12176213 0.12247786 0.12264149 0.12271291
 0.122789   0.12327351 0.12343786 0.12347463]
Missing or empty runids_rmse_reweighted_pass.csv; rerunning 03_reweight-rmse-posterior-multiple-constraints.py for cutoff 2057
Doing reweighting...
Number of effective samples: 292
Constrained, reweighted parameters:
ECS: [1.67143569 2.3210501  3.63236849]
TCR: [1.2420211  1.57699517 1.97459672]
CO2 concentration current: [572.51833817 574.03005202 575.7148651 ]
Temperature l20yrs rel. 1850-1900: [1.62203594 1.75724406 1.93782304]
Aerosol ERFari 2005-2014 rel. 1750: [-0.67707064 -0.27860324  0.06216421]
Aerosol ERFaci 2005-2014 rel. 1750: [-1.85442364 -1.01336093 -0.1106259 ]
Aerosol ERF 2005-2014 rel. 1750: [-2.05788948 -1.26198402 -0.4659597 ]
OHC change l50yrs: [ 584.73610071  824.48056207 1042.94081795]
*likely range
cut=2058Missing or empty runids_rmse_pass.csv; rerunning 01_constrain-gmst-rmse-only.py for cutoff 2058
Doing RMSE constraint...
Passing RMSE constraint: 51139
[28630  8914 30411 34768 11024  4588 11786 35398 15392 13983]
[0.16999762 0.16999771 0.16999905 0.16999917 0.16999933 0.16999942
 0.16999951 0.16999951 0.16999957 0.16999969]
[0.12156608 0.12166919 0.12208809 0.12233434 0.12268309 0.12272055
 0.12289703 0.12317926 0.12320367 0.12329302]
Missing or empty runids_rmse_reweighted_pass.csv; rerunning 03_reweight-rmse-posterior-multiple-constraints.py for cutoff 2058
Doing reweighting...
Number of effective samples: 284
Constrained, reweighted parameters:
ECS: [1.66922988 2.28294823 3.4904937 ]
TCR: [1.24168444 1.56063459 1.89001041]
CO2 concentration current: [577.94326878 579.46299296 581.01656481]
Temperature l20yrs rel. 1850-1900: [1.64090037 1.77046896 1.94162903]
Aerosol ERFari 2005-2014 rel. 1750: [-0.64060722 -0.24447058  0.08197586]
Aerosol ERFaci 2005-2014 rel. 1750: [-1.82437894 -0.95702673 -0.13440181]
Aerosol ERF 2005-2014 rel. 1750: [-1.96733781 -1.25251234 -0.49502231]
OHC change l50yrs: [ 603.48195688  833.79542365 1042.0264556 ]
*likely range
cut=2059Missing or empty runids_rmse_pass.csv; rerunning 01_constrain-gmst-rmse-only.py for cutoff 2059
Doing RMSE constraint...
Passing RMSE constraint: 50831
[33976 28699 27994  4336 13208  2344 48799 22953 20586 37940]
[0.16999412 0.16999449 0.16999518 0.16999584 0.16999624 0.16999654
 0.1699978  0.16999874 0.16999876 0.16999929]
[0.12145829 0.12162826 0.1218021  0.12240339 0.12252083 0.12265518
 0.12271255 0.12318417 0.12318699 0.12332381]
Missing or empty runids_rmse_reweighted_pass.csv; rerunning 03_reweight-rmse-posterior-multiple-constraints.py for cutoff 2059
Doing reweighting...
Number of effective samples: 271
Constrained, reweighted parameters:
ECS: [1.70473287 2.27772499 3.29755032]
TCR: [1.24234813 1.57402712 1.852084  ]
CO2 concentration current: [583.28512356 584.92091488 586.46855568]
Temperature l20yrs rel. 1850-1900: [1.66162627 1.78677439 1.95501788]
Aerosol ERFari 2005-2014 rel. 1750: [-0.63675026 -0.26158389  0.06322733]
Aerosol ERFaci 2005-2014 rel. 1750: [-1.7626528  -0.94689244 -0.15190119]
Aerosol ERF 2005-2014 rel. 1750: [-1.95998968 -1.23320896 -0.42667967]
OHC change l50yrs: [ 615.08327605  850.46510752 1069.94414628]
*likely range
cut=2060Missing or empty runids_rmse_pass.csv; rerunning 01_constrain-gmst-rmse-only.py for cutoff 2060
Doing RMSE constraint...
Passing RMSE constraint: 49286
[45493 22933 43482 20174 23403 22522 26368 44871 39605 36248]
[0.16999611 0.16999647 0.16999659 0.16999672 0.16999697 0.16999802
 0.16999827 0.16999832 0.16999843 0.16999905]
[0.12226489 0.12233707 0.12237292 0.12269609 0.1227623  0.12299927
 0.12344602 0.12380318 0.12384024 0.12385536]
Missing or empty runids_rmse_reweighted_pass.csv; rerunning 03_reweight-rmse-posterior-multiple-constraints.py for cutoff 2060
Doing reweighting...
Number of effective samples: 276
Constrained, reweighted parameters:
ECS: [1.6189346  2.22219979 3.26186446]
TCR: [1.20683213 1.54025103 1.85277583]
CO2 concentration current: [588.8820082  590.40177297 591.89398994]
Temperature l20yrs rel. 1850-1900: [1.68167605 1.82222546 1.96767745]
Aerosol ERFari 2005-2014 rel. 1750: [-0.63749473 -0.25881874  0.06841744]
Aerosol ERFaci 2005-2014 rel. 1750: [-1.73383728 -0.89125462 -0.18239885]
Aerosol ERF 2005-2014 rel. 1750: [-1.93996344 -1.18141532 -0.44168306]
OHC change l50yrs: [ 616.2345667   864.77937301 1101.74745027]
*likely range
cut=2061Missing or empty runids_rmse_pass.csv; rerunning 01_constrain-gmst-rmse-only.py for cutoff 2061
Doing RMSE constraint...
Passing RMSE constraint: 45868
[35425 40512 27573    59 33440 45548 31454 31971 27705 45076]
[0.16999586 0.16999658 0.16999665 0.16999703 0.16999719 0.16999774
 0.16999779 0.16999784 0.16999864 0.16999893]
[0.12304836 0.12311452 0.12389701 0.12418363 0.12443319 0.12497395
 0.12498459 0.12541009 0.12544901 0.12556682]
Missing or empty runids_rmse_reweighted_pass.csv; rerunning 03_reweight-rmse-posterior-multiple-constraints.py for cutoff 2061
Doing reweighting...
Number of effective samples: 276
Constrained, reweighted parameters:
ECS: [1.6735531  2.25076082 3.31152229]
TCR: [1.20032106 1.55305987 1.85383587]
CO2 concentration current: [594.34573189 595.92591886 597.54429899]
Temperature l20yrs rel. 1850-1900: [1.73035364 1.85012235 2.0179961 ]
Aerosol ERFari 2005-2014 rel. 1750: [-0.63719095 -0.28013224  0.06289091]
Aerosol ERFaci 2005-2014 rel. 1750: [-1.81879279 -0.87974054 -0.08073062]
Aerosol ERF 2005-2014 rel. 1750: [-1.95077137 -1.14119979 -0.36944886]
OHC change l50yrs: [ 623.87962754  871.3311149  1100.52038595]
*likely range
cut=2062Missing or empty runids_rmse_pass.csv; rerunning 01_constrain-gmst-rmse-only.py for cutoff 2062
Doing RMSE constraint...
Passing RMSE constraint: 43921
[25024  2806 24401 27316 21407 15130 39382  2086 34832 28873]
[0.1699967  0.1699968  0.16999732 0.16999736 0.16999744 0.16999805
 0.1699985  0.16999922 0.16999952 0.16999969]
[0.12379915 0.12395498 0.12424457 0.12478984 0.12540832 0.12588672
 0.1261261  0.12616139 0.1264465  0.12658892]
Missing or empty runids_rmse_reweighted_pass.csv; rerunning 03_reweight-rmse-posterior-multiple-constraints.py for cutoff 2062
Doing reweighting...
Number of effective samples: 244
Constrained, reweighted parameters:
ECS: [1.71665416 2.287262   3.22231872]
TCR: [1.2352947  1.57711107 1.85807991]
CO2 concentration current: [599.96454429 601.44567938 603.14074152]
Temperature l20yrs rel. 1850-1900: [1.76125701 1.8920369  2.03375158]
Aerosol ERFari 2005-2014 rel. 1750: [-0.63852445 -0.25813361  0.10355875]
Aerosol ERFaci 2005-2014 rel. 1750: [-1.82076284 -0.95917554 -0.13053647]
Aerosol ERF 2005-2014 rel. 1750: [-1.94746586 -1.18568859 -0.44485861]
OHC change l50yrs: [ 642.05001005  885.52288328 1114.96881821]
*likely range
cut=2063Missing or empty runids_rmse_pass.csv; rerunning 01_constrain-gmst-rmse-only.py for cutoff 2063
Doing RMSE constraint...
Passing RMSE constraint: 43657
[  350 24010 18794 12750 26361  9882  3360  1958 12719 38699]
[0.16999543 0.1699965  0.16999724 0.16999763 0.16999788 0.16999793
 0.16999856 0.1699986  0.16999862 0.16999962]
[0.12363458 0.12391262 0.12397264 0.12451749 0.12533014 0.12586273
 0.12590883 0.12611344 0.12631087 0.12632041]
Missing or empty runids_rmse_reweighted_pass.csv; rerunning 03_reweight-rmse-posterior-multiple-constraints.py for cutoff 2063
Doing reweighting...
Number of effective samples: 240
Constrained, reweighted parameters:
ECS: [1.70149598 2.24778384 3.31214105]
TCR: [1.23386601 1.55178158 1.83740941]
CO2 concentration current: [605.56392737 607.12605326 608.90578687]
Temperature l20yrs rel. 1850-1900: [1.79722702 1.90842012 2.05212374]
Aerosol ERFari 2005-2014 rel. 1750: [-0.6076626  -0.27410198  0.08500551]
Aerosol ERFaci 2005-2014 rel. 1750: [-1.73011098 -0.9405078  -0.15060731]
Aerosol ERF 2005-2014 rel. 1750: [-1.91328686 -1.21557133 -0.43516227]
OHC change l50yrs: [ 662.89470508  892.64618381 1129.53533527]
*likely range
cut=2064Missing or empty runids_rmse_pass.csv; rerunning 01_constrain-gmst-rmse-only.py for cutoff 2064
Doing RMSE constraint...
Passing RMSE constraint: 43548
[21722 23531  8449  5000 19340  9975  5290 35268 16430 23423]
[0.16999573 0.16999626 0.16999662 0.16999689 0.1699973  0.16999836
 0.16999893 0.169999   0.16999903 0.16999911]
[0.12348639 0.1236412  0.12392913 0.12423391 0.12515714 0.1256514
 0.12571018 0.1260318  0.12609151 0.12622484]
Missing or empty runids_rmse_reweighted_pass.csv; rerunning 03_reweight-rmse-posterior-multiple-constraints.py for cutoff 2064
Doing reweighting...
Number of effective samples: 233
Constrained, reweighted parameters:
ECS: [1.69933504 2.25509424 3.09733862]
TCR: [1.23137476 1.54620303 1.8175803 ]
CO2 concentration current: [611.28793263 612.85957203 614.58425489]
Temperature l20yrs rel. 1850-1900: [1.82601007 1.93234757 2.05521272]
Aerosol ERFari 2005-2014 rel. 1750: [-0.6311697  -0.26423142  0.08837742]
Aerosol ERFaci 2005-2014 rel. 1750: [-1.75024184 -0.91142625 -0.10555429]
Aerosol ERF 2005-2014 rel. 1750: [-1.89799067 -1.18069262 -0.47477416]
OHC change l50yrs: [ 668.43668455  893.29240407 1133.20633338]
*likely range
cut=2065Missing or empty runids_rmse_pass.csv; rerunning 01_constrain-gmst-rmse-only.py for cutoff 2065
Doing RMSE constraint...
Passing RMSE constraint: 43386
[27480 17874 40511  9581  4139 21613 40503   351 21007  4691]
[0.1699975  0.16999767 0.16999774 0.16999808 0.16999833 0.16999846
 0.16999853 0.16999857 0.16999961 0.17      ]
[0.12321202 0.12336091 0.12378865 0.12397327 0.12501303 0.12538375
 0.12549975 0.12578336 0.12586013 0.12608204]
Missing or empty runids_rmse_reweighted_pass.csv; rerunning 03_reweight-rmse-posterior-multiple-constraints.py for cutoff 2065
Doing reweighting...
Number of effective samples: 228
Constrained, reweighted parameters:
ECS: [1.69932485 2.26219828 3.10481561]
TCR: [1.24258992 1.54547099 1.79993235]
CO2 concentration current: [617.06355417 618.6882196  620.28046078]
Temperature l20yrs rel. 1850-1900: [1.84215152 1.96574967 2.10303361]
Aerosol ERFari 2005-2014 rel. 1750: [-0.63904502 -0.26763001  0.06795311]
Aerosol ERFaci 2005-2014 rel. 1750: [-1.72732647 -0.93517888 -0.13715521]
Aerosol ERF 2005-2014 rel. 1750: [-1.88846177 -1.20712491 -0.49715104]
OHC change l50yrs: [ 676.39243793  908.51272756 1145.66346919]
*likely range
cut=2066Missing or empty runids_rmse_pass.csv; rerunning 01_constrain-gmst-rmse-only.py for cutoff 2066
Doing RMSE constraint...
Passing RMSE constraint: 42940
[ 8065 24337 28489  2778 11188 12443 32555 40956 16728  8785]
[0.1699961  0.16999631 0.16999693 0.1699971  0.16999742 0.16999748
 0.16999858 0.1699989  0.16999979 0.16999983]
[0.12331105 0.12334743 0.12354763 0.12380477 0.12520801 0.12537971
 0.12551202 0.12554704 0.12582289 0.12598866]
Missing or empty runids_rmse_reweighted_pass.csv; rerunning 03_reweight-rmse-posterior-multiple-constraints.py for cutoff 2066
Doing reweighting...
Number of effective samples: 220
Constrained, reweighted parameters:
ECS: [1.69778222 2.26409003 3.18365629]
TCR: [1.24672928 1.53681612 1.78613091]
CO2 concentration current: [622.81200121 624.36738637 626.15200684]
Temperature l20yrs rel. 1850-1900: [1.8722502  1.98869102 2.12314423]
Aerosol ERFari 2005-2014 rel. 1750: [-0.62213813 -0.26675193  0.0894096 ]
Aerosol ERFaci 2005-2014 rel. 1750: [-1.64341778 -0.91710635 -0.0843506 ]
Aerosol ERF 2005-2014 rel. 1750: [-1.86603508 -1.18545021 -0.47820052]
OHC change l50yrs: [ 681.71423718  919.19037141 1157.97047768]
*likely range
cut=2067Missing or empty runids_rmse_pass.csv; rerunning 01_constrain-gmst-rmse-only.py for cutoff 2067
Doing RMSE constraint...
Passing RMSE constraint: 42651
[28115  2467 37997  5440 22361 36934  6211  4001  3623  3663]
[0.16999338 0.16999571 0.16999687 0.16999723 0.16999732 0.16999793
 0.1699984  0.16999858 0.16999963 0.16999979]
[0.12318157 0.12323842 0.12327411 0.12382894 0.12499158 0.12531445
 0.12543129 0.12555513 0.12576873 0.12598908]
Missing or empty runids_rmse_reweighted_pass.csv; rerunning 03_reweight-rmse-posterior-multiple-constraints.py for cutoff 2067
Doing reweighting...
Number of effective samples: 206
Constrained, reweighted parameters:
ECS: [1.71883451 2.26409003 3.1048932 ]
TCR: [1.25722075 1.54481243 1.79585793]
CO2 concentration current: [628.71644932 630.26076537 632.04157337]
Temperature l20yrs rel. 1850-1900: [1.89753209 2.01413376 2.1288455 ]
Aerosol ERFari 2005-2014 rel. 1750: [-0.62053242 -0.27493313  0.08677089]
Aerosol ERFaci 2005-2014 rel. 1750: [-1.73317917 -0.9289041  -0.12397537]
Aerosol ERF 2005-2014 rel. 1750: [-1.88522062 -1.19726448 -0.4713478 ]
OHC change l50yrs: [ 703.00228559  942.23924867 1166.70067873]
*likely range
cut=2068Missing or empty runids_rmse_pass.csv; rerunning 01_constrain-gmst-rmse-only.py for cutoff 2068
Doing RMSE constraint...
Passing RMSE constraint: 42313
[30597 35529 34802  5160 28894 23616 11934 10368 42230 30947]
[0.16999117 0.16999145 0.16999435 0.16999524 0.16999527 0.16999588
 0.16999654 0.16999743 0.16999744 0.1699995 ]
[0.12300898 0.12314015 0.12332292 0.12406729 0.12503068 0.12528667
 0.12534906 0.12543981 0.12596666 0.12600085]
Missing or empty runids_rmse_reweighted_pass.csv; rerunning 03_reweight-rmse-posterior-multiple-constraints.py for cutoff 2068
Doing reweighting...
Number of effective samples: 206
Constrained, reweighted parameters:
ECS: [1.72734219 2.2595268  2.99897832]
TCR: [1.25712222 1.54434309 1.78359821]
CO2 concentration current: [634.58328676 636.27984061 637.99583816]
Temperature l20yrs rel. 1850-1900: [1.93138182 2.04010475 2.13853117]
Aerosol ERFari 2005-2014 rel. 1750: [-0.61009262 -0.27668573  0.03359448]
Aerosol ERFaci 2005-2014 rel. 1750: [-1.62380791 -0.84632912 -0.12679406]
Aerosol ERF 2005-2014 rel. 1750: [-1.87816603 -1.16754662 -0.49185375]
OHC change l50yrs: [ 721.53328241  958.90805052 1190.72256561]
*likely range
cut=2069Missing or empty runids_rmse_pass.csv; rerunning 01_constrain-gmst-rmse-only.py for cutoff 2069
Doing RMSE constraint...
Passing RMSE constraint: 38846
[27062 36619  2435 12113  9086 32825 33670 24931  3663  4530]
[0.16999448 0.16999474 0.1699953  0.16999532 0.16999561 0.16999674
 0.16999744 0.1699988  0.16999946 0.16999974]
[0.1240046  0.12404359 0.1249423  0.12511874 0.12625632 0.12664553
 0.12670485 0.12719547 0.1274901  0.12766524]
Missing or empty runids_rmse_reweighted_pass.csv; rerunning 03_reweight-rmse-posterior-multiple-constraints.py for cutoff 2069
Doing reweighting...
Number of effective samples: 202
Constrained, reweighted parameters:
ECS: [1.73041057 2.28080255 2.98489121]
TCR: [1.25643348 1.56726911 1.7861277 ]
CO2 concentration current: [640.67187694 642.38885152 644.07790298]
Temperature l20yrs rel. 1850-1900: [1.9823998  2.08368581 2.18310129]
Aerosol ERFari 2005-2014 rel. 1750: [-0.59554274 -0.27404313  0.03677559]
Aerosol ERFaci 2005-2014 rel. 1750: [-1.62573376 -0.90357423 -0.15965823]
Aerosol ERF 2005-2014 rel. 1750: [-1.87972733 -1.19375686 -0.49986202]
OHC change l50yrs: [ 731.68272113  961.26670631 1193.09834905]
*likely range
cut=2070Missing or empty runids_rmse_pass.csv; rerunning 01_constrain-gmst-rmse-only.py for cutoff 2070
Doing RMSE constraint...
Passing RMSE constraint: 36388
[21498 16342 31346 33655 17012 12386 10309 17648 25282 12260]
[0.1699957  0.16999638 0.16999656 0.16999771 0.16999833 0.16999842
 0.16999912 0.16999916 0.16999969 0.16999975]
[0.12438138 0.1251276  0.12541936 0.12628522 0.12667499 0.12738987
 0.12748544 0.12794279 0.12795181 0.12795819]
Missing or empty runids_rmse_reweighted_pass.csv; rerunning 03_reweight-rmse-posterior-multiple-constraints.py for cutoff 2070
Doing reweighting...
Number of effective samples: 174
Constrained, reweighted parameters:
ECS: [1.7605358  2.2767818  2.98382592]
TCR: [1.30272812 1.56317197 1.77355166]
CO2 concentration current: [646.67449604 648.39514352 650.17976222]
Temperature l20yrs rel. 1850-1900: [2.01422018 2.10807999 2.19598298]
Aerosol ERFari 2005-2014 rel. 1750: [-0.60113718 -0.26680699  0.02661198]
Aerosol ERFaci 2005-2014 rel. 1750: [-1.60075068 -0.85921146 -0.18309816]
Aerosol ERF 2005-2014 rel. 1750: [-1.82001093 -1.14920307 -0.51341961]
OHC change l50yrs: [ 725.75951947  979.64370551 1227.48132868]
*likely range
cut=2071Missing or empty runids_rmse_pass.csv; rerunning 01_constrain-gmst-rmse-only.py for cutoff 2071
Doing RMSE constraint...
Passing RMSE constraint: 36054
[25827 12194 14783 17536  8847 33820 13299  4495 11464 21881]
[0.16999561 0.16999584 0.16999705 0.16999709 0.16999762 0.16999794
 0.1699984  0.16999936 0.16999943 0.16999962]
[0.12411522 0.12486812 0.12537901 0.12616051 0.12644869 0.12724565
 0.12754332 0.12766846 0.12767997 0.12768167]
Missing or empty runids_rmse_reweighted_pass.csv; rerunning 03_reweight-rmse-posterior-multiple-constraints.py for cutoff 2071
Doing reweighting...
Number of effective samples: 153
Constrained, reweighted parameters:
ECS: [1.74873082 2.25743423 2.96345   ]
TCR: [1.26328185 1.55353658 1.75964403]
CO2 concentration current: [652.77401893 654.46581536 656.27049273]
Temperature l20yrs rel. 1850-1900: [2.039402   2.12848335 2.20783713]
Aerosol ERFari 2005-2014 rel. 1750: [-0.57238311 -0.26736294  0.03546013]
Aerosol ERFaci 2005-2014 rel. 1750: [-1.57125539 -0.8958395  -0.17903825]
Aerosol ERF 2005-2014 rel. 1750: [-1.75112171 -1.16909944 -0.56145318]
OHC change l50yrs: [ 709.76344158  960.48875425 1239.84913813]
*likely range
cut=2072Missing or empty runids_rmse_pass.csv; rerunning 01_constrain-gmst-rmse-only.py for cutoff 2072
Doing RMSE constraint...
Passing RMSE constraint: 35872
[15127 34710 20691  7170  2712  7773 29888 23380 31847 13594]
[0.16999615 0.16999683 0.16999811 0.16999823 0.16999839 0.1699984
 0.1699992  0.16999953 0.16999961 0.16999977]
[0.12403192 0.12458812 0.12512255 0.12594212 0.12617397 0.12696085
 0.12726915 0.12742342 0.12768512 0.12769662]
Missing or empty runids_rmse_reweighted_pass.csv; rerunning 03_reweight-rmse-posterior-multiple-constraints.py for cutoff 2072
Doing reweighting...
Number of effective samples: 142
Constrained, reweighted parameters:
ECS: [1.7407032  2.23356494 2.85853724]
TCR: [1.29694701 1.53588922 1.74367144]
CO2 concentration current: [659.04552224 660.85068529 662.64588599]
Temperature l20yrs rel. 1850-1900: [2.05759085 2.15117143 2.21759583]
Aerosol ERFari 2005-2014 rel. 1750: [-0.57339437 -0.28512605  0.06798169]
Aerosol ERFaci 2005-2014 rel. 1750: [-1.5139587  -0.79699107 -0.19739144]
Aerosol ERF 2005-2014 rel. 1750: [-1.71566667 -1.14063764 -0.58637518]
OHC change l50yrs: [ 709.66884681  952.47384329 1229.33627575]
*likely range
cut=2073Missing or empty runids_rmse_pass.csv; rerunning 01_constrain-gmst-rmse-only.py for cutoff 2073
Doing RMSE constraint...
Passing RMSE constraint: 35225
[17897 27867 10549 17637 14218 18712  2072  5917 11990 11850]
[0.16999479 0.16999571 0.16999631 0.16999647 0.16999727 0.16999824
 0.16999851 0.16999932 0.16999951 0.16999984]
[0.12376482 0.12432431 0.12558175 0.12635286 0.12688219 0.1272245
 0.12722774 0.12748576 0.12760789 0.12765893]
Missing or empty runids_rmse_reweighted_pass.csv; rerunning 03_reweight-rmse-posterior-multiple-constraints.py for cutoff 2073
Doing reweighting...
Number of effective samples: 110
Constrained, reweighted parameters:
ECS: [1.76450856 2.1971291  2.73712295]
TCR: [1.28402921 1.52042862 1.72084894]
CO2 concentration current: [665.23743311 666.66156833 668.79682682]
Temperature l20yrs rel. 1850-1900: [2.08939945 2.17395489 2.23150222]
Aerosol ERFari 2005-2014 rel. 1750: [-0.56757072 -0.26862926  0.04478361]
Aerosol ERFaci 2005-2014 rel. 1750: [-1.42082209 -0.82969492 -0.2899009 ]
Aerosol ERF 2005-2014 rel. 1750: [-1.65271673 -1.15317184 -0.60993872]
OHC change l50yrs: [ 697.46009881  942.56305658 1232.15535289]
*likely range
cut=2074Missing or empty runids_rmse_pass.csv; rerunning 01_constrain-gmst-rmse-only.py for cutoff 2074
Doing RMSE constraint...
Passing RMSE constraint: 33167
[13160 24245 29349 13414 18620 28615  1501 11718  6333 26195]
[0.16999758 0.16999818 0.1699983  0.16999834 0.16999855 0.16999862
 0.16999865 0.16999914 0.16999928 0.16999964]
[0.12405298 0.12461586 0.12735283 0.12768223 0.12786915 0.12795602
 0.12803403 0.12804307 0.12847441 0.12857395]
Missing or empty runids_rmse_reweighted_pass.csv; rerunning 03_reweight-rmse-posterior-multiple-constraints.py for cutoff 2074
Doing reweighting...
Number of effective samples: 78
Constrained, reweighted parameters:
ECS: [1.76863164 2.18045564 2.64547808]
TCR: [1.30565813 1.53907364 1.71993956]
CO2 concentration current: [671.4153147  672.97534324 674.82817254]
Temperature l20yrs rel. 1850-1900: [2.11392916 2.19603233 2.24136751]
Aerosol ERFari 2005-2014 rel. 1750: [-0.58873701 -0.27865405  0.06646894]
Aerosol ERFaci 2005-2014 rel. 1750: [-1.38429432 -0.81178889 -0.29479057]
Aerosol ERF 2005-2014 rel. 1750: [-1.59065459 -1.12091556 -0.57486945]
OHC change l50yrs: [ 727.52076731  958.81877973 1233.57271648]
*likely range
cut=2075Missing or empty runids_rmse_pass.csv; rerunning 01_constrain-gmst-rmse-only.py for cutoff 2075
Doing RMSE constraint...
Passing RMSE constraint: 31175
[16247 12774  2530 29838  3251  6660 12982 28527 29788 28571]
[0.16999576 0.16999592 0.16999674 0.16999715 0.1699973  0.16999771
 0.16999777 0.1699983  0.16999926 0.16999955]
[0.12440292 0.12471595 0.12767835 0.12824039 0.12839273 0.12849758
 0.12862156 0.12898375 0.12924284 0.12938774]
Missing or empty runids_rmse_reweighted_pass.csv; rerunning 03_reweight-rmse-posterior-multiple-constraints.py for cutoff 2075
Doing reweighting...
Number of effective samples: 53
Constrained, reweighted parameters:
ECS: [1.72208953 2.12070748 2.46033978]
TCR: [1.2607909  1.4680126  1.68940667]
CO2 concentration current: [678.04527008 679.60460678 681.46275106]
Temperature l20yrs rel. 1850-1900: [2.13939256 2.22103158 2.2606227 ]
Aerosol ERFari 2005-2014 rel. 1750: [-0.59221234 -0.33118759  0.03735121]
Aerosol ERFaci 2005-2014 rel. 1750: [-1.38992752 -0.82378546 -0.28896713]
Aerosol ERF 2005-2014 rel. 1750: [-1.5750956  -1.12280166 -0.6047551 ]
OHC change l50yrs: [ 716.92577373  927.99860552 1187.22373524]
*likely range
cut=2076Missing or empty runids_rmse_pass.csv; rerunning 01_constrain-gmst-rmse-only.py for cutoff 2076
Doing RMSE constraint...
Passing RMSE constraint: 30334
[ 3705 30178 16207 23096  9548 28175 26230 24282 19670  6356]
[0.16999382 0.16999417 0.16999425 0.1699961  0.16999698 0.16999698
 0.1699985  0.1699985  0.16999891 0.1699994 ]
[0.12432547 0.12448817 0.12740385 0.12803409 0.1283714  0.12839463
 0.12878029 0.12891798 0.12957496 0.12958461]
Missing or empty runids_rmse_reweighted_pass.csv; rerunning 03_reweight-rmse-posterior-multiple-constraints.py for cutoff 2076
Doing reweighting...
Number of effective samples: 31
Constrained, reweighted parameters:
ECS: [1.76900067 2.15129496 2.45534781]
TCR: [1.30769066 1.53586725 1.69383322]
CO2 concentration current: [684.86989551 686.51173873 687.80575675]
Temperature l20yrs rel. 1850-1900: [2.19596181 2.24795786 2.27263468]
Aerosol ERFari 2005-2014 rel. 1750: [-0.53036248 -0.26261857  0.0739506 ]
Aerosol ERFaci 2005-2014 rel. 1750: [-1.40426906 -0.91917813 -0.33024579]
Aerosol ERF 2005-2014 rel. 1750: [-1.57548563 -1.25222325 -0.74874659]
OHC change l50yrs: [ 735.67520798  933.44895984 1208.70139098]
*likely range
cut=2077Missing or empty runids_rmse_pass.csv; rerunning 01_constrain-gmst-rmse-only.py for cutoff 2077
Doing RMSE constraint...
Passing RMSE constraint: 30241
[ 4511 16618 28151    79 15713  1795  1870  6038  2736 14766]
[0.16999533 0.16999687 0.16999717 0.16999724 0.1699973  0.16999798
 0.16999861 0.16999937 0.16999978 0.16999993]
[0.12429345 0.12434165 0.12775487 0.12812989 0.12834967 0.12835465
 0.12849763 0.12863561 0.12933159 0.12934719]
Missing or empty runids_rmse_reweighted_pass.csv; rerunning 03_reweight-rmse-posterior-multiple-constraints.py for cutoff 2077
Doing reweighting...
Number of effective samples: 22
Constrained, reweighted parameters:
ECS: [1.88516536 2.16523287 2.64675023]
TCR: [1.27693209 1.49822236 1.63076375]
CO2 concentration current: [691.23099034 692.63142544 694.36111905]
Temperature l20yrs rel. 1850-1900: [2.23678915 2.27673375 2.28593844]
Aerosol ERFari 2005-2014 rel. 1750: [-0.50311014 -0.37906822  0.06389115]
Aerosol ERFaci 2005-2014 rel. 1750: [-1.43222831 -0.89120073 -0.38193158]
Aerosol ERF 2005-2014 rel. 1750: [-1.57003527 -1.28076595 -0.60292005]
OHC change l50yrs: [ 809.26343903  951.02281773 1297.33350059]
*likely range
cut=2078Missing or empty runids_rmse_pass.csv; rerunning 01_constrain-gmst-rmse-only.py for cutoff 2078
Doing RMSE constraint...
Passing RMSE constraint: 29979
[19922  3067  6413 18472 16794  5230  9819  8443 13077 17967]
[0.16999584 0.16999589 0.16999592 0.16999704 0.16999887 0.16999904
 0.16999934 0.16999934 0.16999935 0.16999948]
[0.12408612 0.12410693 0.1275701  0.12786015 0.12807584 0.12811342
 0.12840564 0.12847624 0.12906407 0.12914762]
Missing or empty runids_rmse_reweighted_pass.csv; rerunning 03_reweight-rmse-posterior-multiple-constraints.py for cutoff 2078
Doing reweighting...
Number of effective samples: 21
Constrained, reweighted parameters:
ECS: [1.65683943 2.16006217 2.65831419]
TCR: [1.27430724 1.5117961  1.58578521]
CO2 concentration current: [697.46456369 699.25522002 701.05623679]
Temperature l20yrs rel. 1850-1900: [2.24379805 2.29453597 2.30652263]
Aerosol ERFari 2005-2014 rel. 1750: [-0.51626579 -0.26261857  0.07971684]
Aerosol ERFaci 2005-2014 rel. 1750: [-1.43447503 -0.74882281 -0.22913397]
Aerosol ERF 2005-2014 rel. 1750: [-1.53659423 -1.04144848 -0.69357958]
OHC change l50yrs: [ 741.13245862  996.4997181  1221.75678349]
*likely range
cut=2079Missing or empty runids_rmse_pass.csv; rerunning 01_constrain-gmst-rmse-only.py for cutoff 2079
Doing RMSE constraint...
Passing RMSE constraint: 28856
[ 2568 28346   639 23851  9934 23840  4610 27357   483 12805]
[0.16999468 0.16999505 0.1699951  0.1699957  0.16999665 0.1699972
 0.16999746 0.16999846 0.16999982 0.16999992]
[0.12398151 0.12426498 0.12748265 0.12772347 0.12793742 0.12835906
 0.12877543 0.12896775 0.12917409 0.12937844]
Missing or empty runids_rmse_reweighted_pass.csv; rerunning 03_reweight-rmse-posterior-multiple-constraints.py for cutoff 2079
Doing reweighting...
Number of effective samples: 12
Constrained, reweighted parameters:
ECS: [1.65629097 1.9942316  2.69942223]
TCR: [1.25703841 1.45132698 1.58558502]
CO2 concentration current: [704.66344624 706.08385731 707.61776067]
Temperature l20yrs rel. 1850-1900: [2.26482619 2.31589491 2.33139227]
Aerosol ERFari 2005-2014 rel. 1750: [-0.55146368 -0.27276731  0.09587345]
Aerosol ERFaci 2005-2014 rel. 1750: [-1.39661196 -0.68799123 -0.16684447]
Aerosol ERF 2005-2014 rel. 1750: [-1.3888279  -0.9432293  -0.64874466]
OHC change l50yrs: [ 729.33170106  966.46833545 1275.68804172]
*likely range
cut=2080Missing or empty runids_rmse_pass.csv; rerunning 01_constrain-gmst-rmse-only.py for cutoff 2080
Doing RMSE constraint...
Passing RMSE constraint: 26473
[  457  6770  7432   858 21267 15463  8676 24768 10180 13182]
[0.16999503 0.16999552 0.16999605 0.16999613 0.16999623 0.16999694
 0.16999912 0.16999914 0.16999926 0.16999936]
[0.12459395 0.12519327 0.12747065 0.12820347 0.12821638 0.1293301
 0.13007148 0.13027113 0.13029555 0.13036933]
Missing or empty runids_rmse_reweighted_pass.csv; rerunning 03_reweight-rmse-posterior-multiple-constraints.py for cutoff 2080
Doing reweighting...
Number of effective samples: 2
Traceback (most recent call last):
  File "/oscar/data/deeps/private/bfoxkemp/jnickla1/fair-calibrate/input/fair-2.1.3/v1.4/all_current_MPIESM370/constraining/03_reweight-rmse-posterior-multiple-constraints.py", line 397, in <module>
    raise ValueError("Too few effective samples - need to increase the original number of samples.")
ValueError: Too few effective samples - need to increase the original number of samples.
