## SLURM PROLOG ###############################################################
##    Job ID : 11679092
##  Job Name : FAIR_M1
##  Nodelist : node[2301-2304,2306-2307]
##      CPUs : 86
##   Mem/CPU : 5120 MB
## Directory : /oscar/data/deeps/private/bfoxkemp/jnickla1/fair-calibrate
##   Job Started : Sun Jun  8 02:53:12 AM EDT 2025
###############################################################################
Starting job 32 on node2301
environment: line 1: 3199746 Killed                  ./"$file" >> ${script_dir}/logs_M1/log_ens${ENSEMBLE_RUN}_cut${CUTOFF_YEAR}.log 2>&1
environment: line 1: 3196812 Killed                  ./"$file" >> ${script_dir}/logs_M1/log_ens${ENSEMBLE_RUN}_cut${CUTOFF_YEAR}.log 2>&1
environment: line 1: 3196833 Killed                  ./"$file" >> ${script_dir}/logs_M1/log_ens${ENSEMBLE_RUN}_cut${CUTOFF_YEAR}.log 2>&1
environment: line 1: 3196646 Killed                  ./"$file" >> ${script_dir}/logs_M1/log_ens${ENSEMBLE_RUN}_cut${CUTOFF_YEAR}.log 2>&1
environment: line 1: 3197692 Killed                  ./"$file" >> ${script_dir}/logs_M1/log_ens${ENSEMBLE_RUN}_cut${CUTOFF_YEAR}.log 2>&1
environment: line 1: 3198719 Killed                  ./"$file" >> ${script_dir}/logs_M1/log_ens${ENSEMBLE_RUN}_cut${CUTOFF_YEAR}.log 2>&1
environment: line 1: 3196704 Killed                  ./"$file" >> ${script_dir}/logs_M1/log_ens${ENSEMBLE_RUN}_cut${CUTOFF_YEAR}.log 2>&1
environment: line 1: 3196790 Killed                  ./"$file" >> ${script_dir}/logs_M1/log_ens${ENSEMBLE_RUN}_cut${CUTOFF_YEAR}.log 2>&1
environment: line 1: 3197616 Killed                  ./"$file" >> ${script_dir}/logs_M1/log_ens${ENSEMBLE_RUN}_cut${CUTOFF_YEAR}.log 2>&1
environment: line 1: 3197463 Killed                  ./"$file" >> ${script_dir}/logs_M1/log_ens${ENSEMBLE_RUN}_cut${CUTOFF_YEAR}.log 2>&1
environment: line 1: 3199067 Killed                  ./"$file" >> ${script_dir}/logs_M1/log_ens${ENSEMBLE_RUN}_cut${CUTOFF_YEAR}.log 2>&1
environment: line 1: 3196691 Killed                  ./"$file" >> ${script_dir}/logs_M1/log_ens${ENSEMBLE_RUN}_cut${CUTOFF_YEAR}.log 2>&1
environment: line 1: 3200172 Killed                  ./"$file" >> ${script_dir}/logs_M1/log_ens${ENSEMBLE_RUN}_cut${CUTOFF_YEAR}.log 2>&1
environment: line 1: 3200828 Killed                  ./"$file" >> ${script_dir}/logs_M1/log_ens${ENSEMBLE_RUN}_cut${CUTOFF_YEAR}.log 2>&1
environment: line 1: 3201841 Killed                  ./"$file" >> ${script_dir}/logs_M1/log_ens${ENSEMBLE_RUN}_cut${CUTOFF_YEAR}.log 2>&1
environment: line 1: 3197664 Killed                  ./"$file" >> ${script_dir}/logs_M1/log_ens${ENSEMBLE_RUN}_cut${CUTOFF_YEAR}.log 2>&1
environment: line 1: 3197093 Killed                  ./"$file" >> ${script_dir}/logs_M1/log_ens${ENSEMBLE_RUN}_cut${CUTOFF_YEAR}.log 2>&1
environment: line 1: 3202069 Killed                  ./"$file" >> ${script_dir}/logs_M1/log_ens${ENSEMBLE_RUN}_cut${CUTOFF_YEAR}.log 2>&1
environment: line 1: 3201470 Killed                  ./"$file" >> ${script_dir}/logs_M1/log_ens${ENSEMBLE_RUN}_cut${CUTOFF_YEAR}.log 2>&1
environment: line 1: 3197260 Killed                  ./"$file" >> ${script_dir}/logs_M1/log_ens${ENSEMBLE_RUN}_cut${CUTOFF_YEAR}.log 2>&1
environment: line 1: 3196709 Killed                  ./"$file" >> ${script_dir}/logs_M1/log_ens${ENSEMBLE_RUN}_cut${CUTOFF_YEAR}.log 2>&1
environment: line 1: 3197667 Killed                  ./"$file" >> ${script_dir}/logs_M1/log_ens${ENSEMBLE_RUN}_cut${CUTOFF_YEAR}.log 2>&1
environment: line 1: 3197622 Killed                  ./"$file" >> ${script_dir}/logs_M1/log_ens${ENSEMBLE_RUN}_cut${CUTOFF_YEAR}.log 2>&1
environment: line 1: 3197076 Killed                  ./"$file" >> ${script_dir}/logs_M1/log_ens${ENSEMBLE_RUN}_cut${CUTOFF_YEAR}.log 2>&1
environment: line 1: 3196640 Killed                  ./"$file" >> ${script_dir}/logs_M1/log_ens${ENSEMBLE_RUN}_cut${CUTOFF_YEAR}.log 2>&1
environment: line 1: 3200339 Killed                  ./"$file" >> ${script_dir}/logs_M1/log_ens${ENSEMBLE_RUN}_cut${CUTOFF_YEAR}.log 2>&1
environment: line 1: 3197953 Killed                  ./"$file" >> ${script_dir}/logs_M1/log_ens${ENSEMBLE_RUN}_cut${CUTOFF_YEAR}.log 2>&1
environment: line 1: 3196695 Killed                  ./"$file" >> ${script_dir}/logs_M1/log_ens${ENSEMBLE_RUN}_cut${CUTOFF_YEAR}.log 2>&1
environment: line 1: 3196908 Killed                  ./"$file" >> ${script_dir}/logs_M1/log_ens${ENSEMBLE_RUN}_cut${CUTOFF_YEAR}.log 2>&1
environment: line 1: 3197422 Killed                  ./"$file" >> ${script_dir}/logs_M1/log_ens${ENSEMBLE_RUN}_cut${CUTOFF_YEAR}.log 2>&1
environment: line 1: 3199108 Killed                  ./"$file" >> ${script_dir}/logs_M1/log_ens${ENSEMBLE_RUN}_cut${CUTOFF_YEAR}.log 2>&1
environment: line 1: 3196810 Killed                  ./"$file" >> ${script_dir}/logs_M1/log_ens${ENSEMBLE_RUN}_cut${CUTOFF_YEAR}.log 2>&1
environment: line 1: 3203886 Killed                  ./"$file" >> ${script_dir}/logs_M1/log_ens${ENSEMBLE_RUN}_cut${CUTOFF_YEAR}.log 2>&1
environment: line 1: 3197016 Killed                  ./"$file" >> ${script_dir}/logs_M1/log_ens${ENSEMBLE_RUN}_cut${CUTOFF_YEAR}.log 2>&1
environment: line 1: 3203641 Killed                  ./"$file" >> ${script_dir}/logs_M1/log_ens${ENSEMBLE_RUN}_cut${CUTOFF_YEAR}.log 2>&1
environment: line 1: 3200426 Killed                  ./"$file" >> ${script_dir}/logs_M1/log_ens${ENSEMBLE_RUN}_cut${CUTOFF_YEAR}.log 2>&1
environment: line 1: 3196823 Killed                  ./"$file" >> ${script_dir}/logs_M1/log_ens${ENSEMBLE_RUN}_cut${CUTOFF_YEAR}.log 2>&1
environment: line 1: 3197237 Killed                  ./"$file" >> ${script_dir}/logs_M1/log_ens${ENSEMBLE_RUN}_cut${CUTOFF_YEAR}.log 2>&1
environment: line 1: 3201141 Killed                  ./"$file" >> ${script_dir}/logs_M1/log_ens${ENSEMBLE_RUN}_cut${CUTOFF_YEAR}.log 2>&1
environment: line 1: 3199303 Killed                  ./"$file" >> ${script_dir}/logs_M1/log_ens${ENSEMBLE_RUN}_cut${CUTOFF_YEAR}.log 2>&1
environment: line 1: 3199706 Killed                  ./"$file" >> ${script_dir}/logs_M1/log_ens${ENSEMBLE_RUN}_cut${CUTOFF_YEAR}.log 2>&1
environment: line 1: 3199309 Killed                  ./"$file" >> ${script_dir}/logs_M1/log_ens${ENSEMBLE_RUN}_cut${CUTOFF_YEAR}.log 2>&1
environment: line 1: 3196827 Killed                  ./"$file" >> ${script_dir}/logs_M1/log_ens${ENSEMBLE_RUN}_cut${CUTOFF_YEAR}.log 2>&1
environment: line 1: 3199898 Killed                  ./"$file" >> ${script_dir}/logs_M1/log_ens${ENSEMBLE_RUN}_cut${CUTOFF_YEAR}.log 2>&1
environment: line 1: 3196869 Killed                  ./"$file" >> ${script_dir}/logs_M1/log_ens${ENSEMBLE_RUN}_cut${CUTOFF_YEAR}.log 2>&1
environment: line 1: 3198066 Killed                  ./"$file" >> ${script_dir}/logs_M1/log_ens${ENSEMBLE_RUN}_cut${CUTOFF_YEAR}.log 2>&1
environment: line 1: 3198054 Killed                  ./"$file" >> ${script_dir}/logs_M1/log_ens${ENSEMBLE_RUN}_cut${CUTOFF_YEAR}.log 2>&1
environment: line 1: 3198477 Killed                  ./"$file" >> ${script_dir}/logs_M1/log_ens${ENSEMBLE_RUN}_cut${CUTOFF_YEAR}.log 2>&1
environment: line 1: 3199438 Killed                  ./"$file" >> ${script_dir}/logs_M1/log_ens${ENSEMBLE_RUN}_cut${CUTOFF_YEAR}.log 2>&1
environment: line 1: 3197103 Killed                  ./"$file" >> ${script_dir}/logs_M1/log_ens${ENSEMBLE_RUN}_cut${CUTOFF_YEAR}.log 2>&1
environment: line 1: 3197510 Killed                  ./"$file" >> ${script_dir}/logs_M1/log_ens${ENSEMBLE_RUN}_cut${CUTOFF_YEAR}.log 2>&1
environment: line 1: 3202511 Killed                  ./"$file" >> ${script_dir}/logs_M1/log_ens${ENSEMBLE_RUN}_cut${CUTOFF_YEAR}.log 2>&1
environment: line 1: 3199922 Killed                  ./"$file" >> ${script_dir}/logs_M1/log_ens${ENSEMBLE_RUN}_cut${CUTOFF_YEAR}.log 2>&1
environment: line 1: 3198909 Killed                  ./"$file" >> ${script_dir}/logs_M1/log_ens${ENSEMBLE_RUN}_cut${CUTOFF_YEAR}.log 2>&1
environment: line 1: 3201275 Killed                  ./"$file" >> ${script_dir}/logs_M1/log_ens${ENSEMBLE_RUN}_cut${CUTOFF_YEAR}.log 2>&1
environment: line 1: 3201671 Killed                  ./"$file" >> ${script_dir}/logs_M1/log_ens${ENSEMBLE_RUN}_cut${CUTOFF_YEAR}.log 2>&1
environment: line 1: 3197087 Killed                  ./"$file" >> ${script_dir}/logs_M1/log_ens${ENSEMBLE_RUN}_cut${CUTOFF_YEAR}.log 2>&1
environment: line 1: 3202420 Killed                  ./"$file" >> ${script_dir}/logs_M1/log_ens${ENSEMBLE_RUN}_cut${CUTOFF_YEAR}.log 2>&1
environment: line 1: 3197790 Killed                  ./"$file" >> ${script_dir}/logs_M1/log_ens${ENSEMBLE_RUN}_cut${CUTOFF_YEAR}.log 2>&1
environment: line 1: 3196952 Killed                  ./"$file" >> ${script_dir}/logs_M1/log_ens${ENSEMBLE_RUN}_cut${CUTOFF_YEAR}.log 2>&1
environment: line 1: 3198355 Killed                  ./"$file" >> ${script_dir}/logs_M1/log_ens${ENSEMBLE_RUN}_cut${CUTOFF_YEAR}.log 2>&1
environment: line 1: 3196985 Killed                  ./"$file" >> ${script_dir}/logs_M1/log_ens${ENSEMBLE_RUN}_cut${CUTOFF_YEAR}.log 2>&1
environment: line 1: 3196957 Killed                  ./"$file" >> ${script_dir}/logs_M1/log_ens${ENSEMBLE_RUN}_cut${CUTOFF_YEAR}.log 2>&1
environment: line 1: 3196672 Killed                  ./"$file" >> ${script_dir}/logs_M1/log_ens${ENSEMBLE_RUN}_cut${CUTOFF_YEAR}.log 2>&1
environment: line 1: 3198247 Killed                  ./"$file" >> ${script_dir}/logs_M1/log_ens${ENSEMBLE_RUN}_cut${CUTOFF_YEAR}.log 2>&1
environment: line 1: 3200445 Killed                  ./"$file" >> ${script_dir}/logs_M1/log_ens${ENSEMBLE_RUN}_cut${CUTOFF_YEAR}.log 2>&1
environment: line 1: 3202693 Killed                  ./"$file" >> ${script_dir}/logs_M1/log_ens${ENSEMBLE_RUN}_cut${CUTOFF_YEAR}.log 2>&1
environment: line 1: 3202875 Killed                  ./"$file" >> ${script_dir}/logs_M1/log_ens${ENSEMBLE_RUN}_cut${CUTOFF_YEAR}.log 2>&1
environment: line 1: 3196796 Killed                  ./"$file" >> ${script_dir}/logs_M1/log_ens${ENSEMBLE_RUN}_cut${CUTOFF_YEAR}.log 2>&1
environment: line 1: 3200620 Killed                  ./"$file" >> ${script_dir}/logs_M1/log_ens${ENSEMBLE_RUN}_cut${CUTOFF_YEAR}.log 2>&1
environment: line 1: 3203387 Killed                  ./"$file" >> ${script_dir}/logs_M1/log_ens${ENSEMBLE_RUN}_cut${CUTOFF_YEAR}.log 2>&1
environment: line 1: 3198570 Killed                  ./"$file" >> ${script_dir}/logs_M1/log_ens${ENSEMBLE_RUN}_cut${CUTOFF_YEAR}.log 2>&1
environment: line 1: 3197121 Killed                  ./"$file" >> ${script_dir}/logs_M1/log_ens${ENSEMBLE_RUN}_cut${CUTOFF_YEAR}.log 2>&1
environment: line 1: 3197450 Killed                  ./"$file" >> ${script_dir}/logs_M1/log_ens${ENSEMBLE_RUN}_cut${CUTOFF_YEAR}.log 2>&1
environment: line 1: 3199718 Killed                  ./"$file" >> ${script_dir}/logs_M1/log_ens${ENSEMBLE_RUN}_cut${CUTOFF_YEAR}.log 2>&1
environment: line 1: 3197435 Killed                  ./"$file" >> ${script_dir}/logs_M1/log_ens${ENSEMBLE_RUN}_cut${CUTOFF_YEAR}.log 2>&1
environment: line 1: 3197483 Killed                  ./"$file" >> ${script_dir}/logs_M1/log_ens${ENSEMBLE_RUN}_cut${CUTOFF_YEAR}.log 2>&1
environment: line 1: 3197642 Killed                  ./"$file" >> ${script_dir}/logs_M1/log_ens${ENSEMBLE_RUN}_cut${CUTOFF_YEAR}.log 2>&1
environment: line 1: 3196809 Killed                  ./"$file" >> ${script_dir}/logs_M1/log_ens${ENSEMBLE_RUN}_cut${CUTOFF_YEAR}.log 2>&1
environment: line 1: 3201420 Killed                  ./"$file" >> ${script_dir}/logs_M1/log_ens${ENSEMBLE_RUN}_cut${CUTOFF_YEAR}.log 2>&1
environment: line 1: 3197726 Killed                  ./"$file" >> ${script_dir}/logs_M1/log_ens${ENSEMBLE_RUN}_cut${CUTOFF_YEAR}.log 2>&1
environment: line 1: 3198214 Killed                  ./"$file" >> ${script_dir}/logs_M1/log_ens${ENSEMBLE_RUN}_cut${CUTOFF_YEAR}.log 2>&1
environment: line 1: 3203066 Killed                  ./"$file" >> ${script_dir}/logs_M1/log_ens${ENSEMBLE_RUN}_cut${CUTOFF_YEAR}.log 2>&1
environment: line 1: 3196652 Killed                  ./"$file" >> ${script_dir}/logs_M1/log_ens${ENSEMBLE_RUN}_cut${CUTOFF_YEAR}.log 2>&1
environment: line 1: 3747465 Killed                  ./"$file" >> ${script_dir}/logs_M1/log_ens${ENSEMBLE_RUN}_cut${CUTOFF_YEAR}.log 2>&1
environment: line 1: 3203960 Killed                  ./"$file" >> ${script_dir}/logs_M1/log_ens${ENSEMBLE_RUN}_cut${CUTOFF_YEAR}.log 2>&1
environment: line 1: 3729132 Killed                  ./"$file" >> ${script_dir}/logs_M1/log_ens${ENSEMBLE_RUN}_cut${CUTOFF_YEAR}.log 2>&1
environment: line 1: 3754153 Killed                  ./"$file" >> ${script_dir}/logs_M1/log_ens${ENSEMBLE_RUN}_cut${CUTOFF_YEAR}.log 2>&1
environment: line 1: 3773330 Killed                  ./"$file" >> ${script_dir}/logs_M1/log_ens${ENSEMBLE_RUN}_cut${CUTOFF_YEAR}.log 2>&1
environment: line 1: 3802302 Killed                  ./"$file" >> ${script_dir}/logs_M1/log_ens${ENSEMBLE_RUN}_cut${CUTOFF_YEAR}.log 2>&1
environment: line 1: 3785035 Killed                  ./"$file" >> ${script_dir}/logs_M1/log_ens${ENSEMBLE_RUN}_cut${CUTOFF_YEAR}.log 2>&1
environment: line 1: 3722218 Killed                  ./"$file" >> ${script_dir}/logs_M1/log_ens${ENSEMBLE_RUN}_cut${CUTOFF_YEAR}.log 2>&1
environment: line 1: 3737711 Killed                  ./"$file" >> ${script_dir}/logs_M1/log_ens${ENSEMBLE_RUN}_cut${CUTOFF_YEAR}.log 2>&1
environment: line 1: 3809571 Killed                  ./"$file" >> ${script_dir}/logs_M1/log_ens${ENSEMBLE_RUN}_cut${CUTOFF_YEAR}.log 2>&1
environment: line 1: 3788795 Killed                  ./"$file" >> ${script_dir}/logs_M1/log_ens${ENSEMBLE_RUN}_cut${CUTOFF_YEAR}.log 2>&1
environment: line 1: 3805997 Killed                  ./"$file" >> ${script_dir}/logs_M1/log_ens${ENSEMBLE_RUN}_cut${CUTOFF_YEAR}.log 2>&1
environment: line 1: 3798367 Killed                  ./"$file" >> ${script_dir}/logs_M1/log_ens${ENSEMBLE_RUN}_cut${CUTOFF_YEAR}.log 2>&1
environment: line 1: 3777405 Killed                  ./"$file" >> ${script_dir}/logs_M1/log_ens${ENSEMBLE_RUN}_cut${CUTOFF_YEAR}.log 2>&1
environment: line 1: 3782423 Killed                  ./"$file" >> ${script_dir}/logs_M1/log_ens${ENSEMBLE_RUN}_cut${CUTOFF_YEAR}.log 2>&1
environment: line 1: 3765458 Killed                  ./"$file" >> ${script_dir}/logs_M1/log_ens${ENSEMBLE_RUN}_cut${CUTOFF_YEAR}.log 2>&1
environment: line 1: 3869742 Killed                  ./"$file" >> ${script_dir}/logs_M1/log_ens${ENSEMBLE_RUN}_cut${CUTOFF_YEAR}.log 2>&1
environment: line 1: 3863519 Killed                  ./"$file" >> ${script_dir}/logs_M1/log_ens${ENSEMBLE_RUN}_cut${CUTOFF_YEAR}.log 2>&1
environment: line 1: 3892957 Killed                  ./"$file" >> ${script_dir}/logs_M1/log_ens${ENSEMBLE_RUN}_cut${CUTOFF_YEAR}.log 2>&1
environment: line 1: 3854249 Killed                  ./"$file" >> ${script_dir}/logs_M1/log_ens${ENSEMBLE_RUN}_cut${CUTOFF_YEAR}.log 2>&1
environment: line 1: 3896728 Killed                  ./"$file" >> ${script_dir}/logs_M1/log_ens${ENSEMBLE_RUN}_cut${CUTOFF_YEAR}.log 2>&1
environment: line 1: 3906583 Killed                  ./"$file" >> ${script_dir}/logs_M1/log_ens${ENSEMBLE_RUN}_cut${CUTOFF_YEAR}.log 2>&1
environment: line 1: 3882579 Killed                  ./"$file" >> ${script_dir}/logs_M1/log_ens${ENSEMBLE_RUN}_cut${CUTOFF_YEAR}.log 2>&1
environment: line 1: 3880921 Killed                  ./"$file" >> ${script_dir}/logs_M1/log_ens${ENSEMBLE_RUN}_cut${CUTOFF_YEAR}.log 2>&1
environment: line 1: 3908941 Killed                  ./"$file" >> ${script_dir}/logs_M1/log_ens${ENSEMBLE_RUN}_cut${CUTOFF_YEAR}.log 2>&1
environment: line 1: 3886716 Killed                  ./"$file" >> ${script_dir}/logs_M1/log_ens${ENSEMBLE_RUN}_cut${CUTOFF_YEAR}.log 2>&1
environment: line 1: 3915050 Killed                  ./"$file" >> ${script_dir}/logs_M1/log_ens${ENSEMBLE_RUN}_cut${CUTOFF_YEAR}.log 2>&1
environment: line 1: 3901631 Killed                  ./"$file" >> ${script_dir}/logs_M1/log_ens${ENSEMBLE_RUN}_cut${CUTOFF_YEAR}.log 2>&1
environment: line 1: 3919165 Killed                  ./"$file" >> ${script_dir}/logs_M1/log_ens${ENSEMBLE_RUN}_cut${CUTOFF_YEAR}.log 2>&1
environment: line 1: 3915238 Killed                  ./"$file" >> ${script_dir}/logs_M1/log_ens${ENSEMBLE_RUN}_cut${CUTOFF_YEAR}.log 2>&1
environment: line 1: 3923512 Killed                  ./"$file" >> ${script_dir}/logs_M1/log_ens${ENSEMBLE_RUN}_cut${CUTOFF_YEAR}.log 2>&1
environment: line 1: 3919709 Killed                  ./"$file" >> ${script_dir}/logs_M1/log_ens${ENSEMBLE_RUN}_cut${CUTOFF_YEAR}.log 2>&1
environment: line 1: 3938564 Killed                  ./"$file" >> ${script_dir}/logs_M1/log_ens${ENSEMBLE_RUN}_cut${CUTOFF_YEAR}.log 2>&1
environment: line 1: 3929807 Killed                  ./"$file" >> ${script_dir}/logs_M1/log_ens${ENSEMBLE_RUN}_cut${CUTOFF_YEAR}.log 2>&1
environment: line 1: 3935136 Killed                  ./"$file" >> ${script_dir}/logs_M1/log_ens${ENSEMBLE_RUN}_cut${CUTOFF_YEAR}.log 2>&1
environment: line 1: 3926701 Killed                  ./"$file" >> ${script_dir}/logs_M1/log_ens${ENSEMBLE_RUN}_cut${CUTOFF_YEAR}.log 2>&1
environment: line 1: 3976211 Killed                  ./"$file" >> ${script_dir}/logs_M1/log_ens${ENSEMBLE_RUN}_cut${CUTOFF_YEAR}.log 2>&1
Total time: 7936 seconds
All done!
slurmstepd: error: Detected 121 oom_kill events in StepId=11679092.batch. Some of the step tasks have been OOM Killed.
