## SLURM PROLOG ###############################################################
##    Job ID : 11679305
##  Job Name : FAIR_M1
##  Nodelist : node[2307,2314-2315,2317-2319]
##      CPUs : 86
##   Mem/CPU : 5120 MB
## Directory : /oscar/data/deeps/private/bfoxkemp/jnickla1/fair-calibrate
##   Job Started : Sun Jun  8 08:20:17 AM EDT 2025
###############################################################################
Starting job 47 on node2307
environment: line 5: 292953 Killed                  ./"$file" >> ${script_dir}/logs_M1/log_ens${ENSEMBLE_RUN}_cut${CUTOFF_YEAR}.log 2>&1
environment: line 5: 293038 Killed                  ./"$file" >> ${script_dir}/logs_M1/log_ens${ENSEMBLE_RUN}_cut${CUTOFF_YEAR}.log 2>&1
environment: line 5: 292636 Killed                  ./"$file" >> ${script_dir}/logs_M1/log_ens${ENSEMBLE_RUN}_cut${CUTOFF_YEAR}.log 2>&1
environment: line 5: 293233 Killed                  ./"$file" >> ${script_dir}/logs_M1/log_ens${ENSEMBLE_RUN}_cut${CUTOFF_YEAR}.log 2>&1
environment: line 5: 292969 Killed                  ./"$file" >> ${script_dir}/logs_M1/log_ens${ENSEMBLE_RUN}_cut${CUTOFF_YEAR}.log 2>&1
environment: line 5: 292958 Killed                  ./"$file" >> ${script_dir}/logs_M1/log_ens${ENSEMBLE_RUN}_cut${CUTOFF_YEAR}.log 2>&1
environment: line 5: 292964 Killed                  ./"$file" >> ${script_dir}/logs_M1/log_ens${ENSEMBLE_RUN}_cut${CUTOFF_YEAR}.log 2>&1
environment: line 5: 292974 Killed                  ./"$file" >> ${script_dir}/logs_M1/log_ens${ENSEMBLE_RUN}_cut${CUTOFF_YEAR}.log 2>&1
environment: line 5: 292934 Killed                  ./"$file" >> ${script_dir}/logs_M1/log_ens${ENSEMBLE_RUN}_cut${CUTOFF_YEAR}.log 2>&1
environment: line 5: 292940 Killed                  ./"$file" >> ${script_dir}/logs_M1/log_ens${ENSEMBLE_RUN}_cut${CUTOFF_YEAR}.log 2>&1
environment: line 5: 292620 Killed                  ./"$file" >> ${script_dir}/logs_M1/log_ens${ENSEMBLE_RUN}_cut${CUTOFF_YEAR}.log 2>&1
environment: line 5: 292615 Killed                  ./"$file" >> ${script_dir}/logs_M1/log_ens${ENSEMBLE_RUN}_cut${CUTOFF_YEAR}.log 2>&1
environment: line 5: 292601 Killed                  ./"$file" >> ${script_dir}/logs_M1/log_ens${ENSEMBLE_RUN}_cut${CUTOFF_YEAR}.log 2>&1
environment: line 5: 292632 Killed                  ./"$file" >> ${script_dir}/logs_M1/log_ens${ENSEMBLE_RUN}_cut${CUTOFF_YEAR}.log 2>&1
environment: line 5: 292623 Killed                  ./"$file" >> ${script_dir}/logs_M1/log_ens${ENSEMBLE_RUN}_cut${CUTOFF_YEAR}.log 2>&1
environment: line 5: 291552 Killed                  ./"$file" >> ${script_dir}/logs_M1/log_ens${ENSEMBLE_RUN}_cut${CUTOFF_YEAR}.log 2>&1
environment: line 5: 292609 Killed                  ./"$file" >> ${script_dir}/logs_M1/log_ens${ENSEMBLE_RUN}_cut${CUTOFF_YEAR}.log 2>&1
environment: line 5: 292889 Killed                  ./"$file" >> ${script_dir}/logs_M1/log_ens${ENSEMBLE_RUN}_cut${CUTOFF_YEAR}.log 2>&1
environment: line 5: 292913 Killed                  ./"$file" >> ${script_dir}/logs_M1/log_ens${ENSEMBLE_RUN}_cut${CUTOFF_YEAR}.log 2>&1
environment: line 5: 292605 Killed                  ./"$file" >> ${script_dir}/logs_M1/log_ens${ENSEMBLE_RUN}_cut${CUTOFF_YEAR}.log 2>&1
environment: line 5: 292871 Killed                  ./"$file" >> ${script_dir}/logs_M1/log_ens${ENSEMBLE_RUN}_cut${CUTOFF_YEAR}.log 2>&1
environment: line 5: 292923 Killed                  ./"$file" >> ${script_dir}/logs_M1/log_ens${ENSEMBLE_RUN}_cut${CUTOFF_YEAR}.log 2>&1
environment: line 5: 292903 Killed                  ./"$file" >> ${script_dir}/logs_M1/log_ens${ENSEMBLE_RUN}_cut${CUTOFF_YEAR}.log 2>&1
environment: line 5: 292876 Killed                  ./"$file" >> ${script_dir}/logs_M1/log_ens${ENSEMBLE_RUN}_cut${CUTOFF_YEAR}.log 2>&1
environment: line 5: 292884 Killed                  ./"$file" >> ${script_dir}/logs_M1/log_ens${ENSEMBLE_RUN}_cut${CUTOFF_YEAR}.log 2>&1
environment: line 5: 292926 Killed                  ./"$file" >> ${script_dir}/logs_M1/log_ens${ENSEMBLE_RUN}_cut${CUTOFF_YEAR}.log 2>&1
environment: line 5: 292591 Killed                  ./"$file" >> ${script_dir}/logs_M1/log_ens${ENSEMBLE_RUN}_cut${CUTOFF_YEAR}.log 2>&1
environment: line 5: 292567 Killed                  ./"$file" >> ${script_dir}/logs_M1/log_ens${ENSEMBLE_RUN}_cut${CUTOFF_YEAR}.log 2>&1
environment: line 5: 292584 Killed                  ./"$file" >> ${script_dir}/logs_M1/log_ens${ENSEMBLE_RUN}_cut${CUTOFF_YEAR}.log 2>&1
slurmstepd: error: *** JOB 11679305 ON node2307 CANCELLED AT 2025-06-08T11:20:19 DUE TO TIME LIMIT ***
slurmstepd: error: Detected 29 oom_kill events in StepId=11679305.batch. Some of the step tasks have been OOM Killed.
