## SLURM PROLOG ###############################################################
##    Job ID : 11678272
##  Job Name : FAIR_M1
##  Nodelist : node[1904-1909]
##      CPUs : 86
##   Mem/CPU : 5120 MB
## Directory : /oscar/data/deeps/private/bfoxkemp/jnickla1/fair-calibrate
##   Job Started : Sat Jun  7 07:08:38 PM EDT 2025
###############################################################################
Starting job 14 on node1904
environment: line 1: 800905 Killed                  ./"$file" >> ${script_dir}/logs_M1/log_ens${ENSEMBLE_RUN}_cut${CUTOFF_YEAR}.log 2>&1
environment: line 1: 801240 Killed                  ./"$file" >> ${script_dir}/logs_M1/log_ens${ENSEMBLE_RUN}_cut${CUTOFF_YEAR}.log 2>&1
environment: line 1: 801238 Killed                  ./"$file" >> ${script_dir}/logs_M1/log_ens${ENSEMBLE_RUN}_cut${CUTOFF_YEAR}.log 2>&1
environment: line 1: 801097 Killed                  ./"$file" >> ${script_dir}/logs_M1/log_ens${ENSEMBLE_RUN}_cut${CUTOFF_YEAR}.log 2>&1
environment: line 1: 801054 Killed                  ./"$file" >> ${script_dir}/logs_M1/log_ens${ENSEMBLE_RUN}_cut${CUTOFF_YEAR}.log 2>&1
environment: line 1: 801189 Killed                  ./"$file" >> ${script_dir}/logs_M1/log_ens${ENSEMBLE_RUN}_cut${CUTOFF_YEAR}.log 2>&1
environment: line 1: 801202 Killed                  ./"$file" >> ${script_dir}/logs_M1/log_ens${ENSEMBLE_RUN}_cut${CUTOFF_YEAR}.log 2>&1
environment: line 1: 801156 Killed                  ./"$file" >> ${script_dir}/logs_M1/log_ens${ENSEMBLE_RUN}_cut${CUTOFF_YEAR}.log 2>&1
environment: line 1: 800873 Killed                  ./"$file" >> ${script_dir}/logs_M1/log_ens${ENSEMBLE_RUN}_cut${CUTOFF_YEAR}.log 2>&1
environment: line 1: 800804 Killed                  ./"$file" >> ${script_dir}/logs_M1/log_ens${ENSEMBLE_RUN}_cut${CUTOFF_YEAR}.log 2>&1
environment: line 1: 801436 Killed                  ./"$file" >> ${script_dir}/logs_M1/log_ens${ENSEMBLE_RUN}_cut${CUTOFF_YEAR}.log 2>&1
environment: line 1: 800976 Killed                  ./"$file" >> ${script_dir}/logs_M1/log_ens${ENSEMBLE_RUN}_cut${CUTOFF_YEAR}.log 2>&1
environment: line 1: 800896 Killed                  ./"$file" >> ${script_dir}/logs_M1/log_ens${ENSEMBLE_RUN}_cut${CUTOFF_YEAR}.log 2>&1
environment: line 1: 800996 Killed                  ./"$file" >> ${script_dir}/logs_M1/log_ens${ENSEMBLE_RUN}_cut${CUTOFF_YEAR}.log 2>&1
environment: line 1: 801133 Killed                  ./"$file" >> ${script_dir}/logs_M1/log_ens${ENSEMBLE_RUN}_cut${CUTOFF_YEAR}.log 2>&1
environment: line 1: 800810 Killed                  ./"$file" >> ${script_dir}/logs_M1/log_ens${ENSEMBLE_RUN}_cut${CUTOFF_YEAR}.log 2>&1
environment: line 1: 800911 Killed                  ./"$file" >> ${script_dir}/logs_M1/log_ens${ENSEMBLE_RUN}_cut${CUTOFF_YEAR}.log 2>&1
environment: line 1: 800815 Killed                  ./"$file" >> ${script_dir}/logs_M1/log_ens${ENSEMBLE_RUN}_cut${CUTOFF_YEAR}.log 2>&1
environment: line 1: 800849 Killed                  ./"$file" >> ${script_dir}/logs_M1/log_ens${ENSEMBLE_RUN}_cut${CUTOFF_YEAR}.log 2>&1
environment: line 1: 800844 Killed                  ./"$file" >> ${script_dir}/logs_M1/log_ens${ENSEMBLE_RUN}_cut${CUTOFF_YEAR}.log 2>&1
environment: line 1: 801297 Killed                  ./"$file" >> ${script_dir}/logs_M1/log_ens${ENSEMBLE_RUN}_cut${CUTOFF_YEAR}.log 2>&1
environment: line 1: 801294 Killed                  ./"$file" >> ${script_dir}/logs_M1/log_ens${ENSEMBLE_RUN}_cut${CUTOFF_YEAR}.log 2>&1
environment: line 1: 801277 Killed                  ./"$file" >> ${script_dir}/logs_M1/log_ens${ENSEMBLE_RUN}_cut${CUTOFF_YEAR}.log 2>&1
environment: line 1: 800859 Killed                  ./"$file" >> ${script_dir}/logs_M1/log_ens${ENSEMBLE_RUN}_cut${CUTOFF_YEAR}.log 2>&1
environment: line 1: 801402 Killed                  ./"$file" >> ${script_dir}/logs_M1/log_ens${ENSEMBLE_RUN}_cut${CUTOFF_YEAR}.log 2>&1
environment: line 1: 801175 Killed                  ./"$file" >> ${script_dir}/logs_M1/log_ens${ENSEMBLE_RUN}_cut${CUTOFF_YEAR}.log 2>&1
environment: line 1: 801124 Killed                  ./"$file" >> ${script_dir}/logs_M1/log_ens${ENSEMBLE_RUN}_cut${CUTOFF_YEAR}.log 2>&1
environment: line 1: 801343 Killed                  ./"$file" >> ${script_dir}/logs_M1/log_ens${ENSEMBLE_RUN}_cut${CUTOFF_YEAR}.log 2>&1
environment: line 1: 801089 Killed                  ./"$file" >> ${script_dir}/logs_M1/log_ens${ENSEMBLE_RUN}_cut${CUTOFF_YEAR}.log 2>&1
environment: line 1: 801281 Killed                  ./"$file" >> ${script_dir}/logs_M1/log_ens${ENSEMBLE_RUN}_cut${CUTOFF_YEAR}.log 2>&1
environment: line 1: 801233 Killed                  ./"$file" >> ${script_dir}/logs_M1/log_ens${ENSEMBLE_RUN}_cut${CUTOFF_YEAR}.log 2>&1
environment: line 1: 801695 Killed                  ./"$file" >> ${script_dir}/logs_M1/log_ens${ENSEMBLE_RUN}_cut${CUTOFF_YEAR}.log 2>&1
environment: line 1: 801126 Killed                  ./"$file" >> ${script_dir}/logs_M1/log_ens${ENSEMBLE_RUN}_cut${CUTOFF_YEAR}.log 2>&1
environment: line 1: 801484 Killed                  ./"$file" >> ${script_dir}/logs_M1/log_ens${ENSEMBLE_RUN}_cut${CUTOFF_YEAR}.log 2>&1
environment: line 1: 801528 Killed                  ./"$file" >> ${script_dir}/logs_M1/log_ens${ENSEMBLE_RUN}_cut${CUTOFF_YEAR}.log 2>&1
environment: line 1: 800865 Killed                  ./"$file" >> ${script_dir}/logs_M1/log_ens${ENSEMBLE_RUN}_cut${CUTOFF_YEAR}.log 2>&1
environment: line 1: 801025 Killed                  ./"$file" >> ${script_dir}/logs_M1/log_ens${ENSEMBLE_RUN}_cut${CUTOFF_YEAR}.log 2>&1
environment: line 1: 801113 Killed                  ./"$file" >> ${script_dir}/logs_M1/log_ens${ENSEMBLE_RUN}_cut${CUTOFF_YEAR}.log 2>&1
environment: line 1: 800966 Killed                  ./"$file" >> ${script_dir}/logs_M1/log_ens${ENSEMBLE_RUN}_cut${CUTOFF_YEAR}.log 2>&1
environment: line 1: 801404 Killed                  ./"$file" >> ${script_dir}/logs_M1/log_ens${ENSEMBLE_RUN}_cut${CUTOFF_YEAR}.log 2>&1
environment: line 1: 801000 Killed                  ./"$file" >> ${script_dir}/logs_M1/log_ens${ENSEMBLE_RUN}_cut${CUTOFF_YEAR}.log 2>&1
environment: line 1: 801151 Killed                  ./"$file" >> ${script_dir}/logs_M1/log_ens${ENSEMBLE_RUN}_cut${CUTOFF_YEAR}.log 2>&1
environment: line 1: 801399 Killed                  ./"$file" >> ${script_dir}/logs_M1/log_ens${ENSEMBLE_RUN}_cut${CUTOFF_YEAR}.log 2>&1
environment: line 1: 800831 Killed                  ./"$file" >> ${script_dir}/logs_M1/log_ens${ENSEMBLE_RUN}_cut${CUTOFF_YEAR}.log 2>&1
environment: line 1: 801396 Killed                  ./"$file" >> ${script_dir}/logs_M1/log_ens${ENSEMBLE_RUN}_cut${CUTOFF_YEAR}.log 2>&1
environment: line 1: 801101 Killed                  ./"$file" >> ${script_dir}/logs_M1/log_ens${ENSEMBLE_RUN}_cut${CUTOFF_YEAR}.log 2>&1
Total time: 5886 seconds
All done!
slurmstepd: error: Detected 46 oom_kill events in StepId=11678272.batch. Some of the step tasks have been OOM Killed.
