## SLURM PROLOG ###############################################################
##    Job ID : 11679079
##  Job Name : FAIR_M1
##  Nodelist : node[2314-2315,2317,2319-2321]
##      CPUs : 86
##   Mem/CPU : 5120 MB
## Directory : /oscar/data/deeps/private/bfoxkemp/jnickla1/fair-calibrate
##   Job Started : Sun Jun  8 02:45:49 AM EDT 2025
###############################################################################
Starting job 31 on node2314
environment: line 1: 1679952 Killed                  ./"$file" >> ${script_dir}/logs_M1/log_ens${ENSEMBLE_RUN}_cut${CUTOFF_YEAR}.log 2>&1
environment: line 1: 1679655 Killed                  ./"$file" >> ${script_dir}/logs_M1/log_ens${ENSEMBLE_RUN}_cut${CUTOFF_YEAR}.log 2>&1
environment: line 1: 1679782 Killed                  ./"$file" >> ${script_dir}/logs_M1/log_ens${ENSEMBLE_RUN}_cut${CUTOFF_YEAR}.log 2>&1
environment: line 1: 1682329 Killed                  ./"$file" >> ${script_dir}/logs_M1/log_ens${ENSEMBLE_RUN}_cut${CUTOFF_YEAR}.log 2>&1
environment: line 1: 1680215 Killed                  ./"$file" >> ${script_dir}/logs_M1/log_ens${ENSEMBLE_RUN}_cut${CUTOFF_YEAR}.log 2>&1
environment: line 1: 1680235 Killed                  ./"$file" >> ${script_dir}/logs_M1/log_ens${ENSEMBLE_RUN}_cut${CUTOFF_YEAR}.log 2>&1
environment: line 1: 1680111 Killed                  ./"$file" >> ${script_dir}/logs_M1/log_ens${ENSEMBLE_RUN}_cut${CUTOFF_YEAR}.log 2>&1
environment: line 1: 1679796 Killed                  ./"$file" >> ${script_dir}/logs_M1/log_ens${ENSEMBLE_RUN}_cut${CUTOFF_YEAR}.log 2>&1
environment: line 1: 1679703 Killed                  ./"$file" >> ${script_dir}/logs_M1/log_ens${ENSEMBLE_RUN}_cut${CUTOFF_YEAR}.log 2>&1
environment: line 1: 1682871 Killed                  ./"$file" >> ${script_dir}/logs_M1/log_ens${ENSEMBLE_RUN}_cut${CUTOFF_YEAR}.log 2>&1
environment: line 1: 1680017 Killed                  ./"$file" >> ${script_dir}/logs_M1/log_ens${ENSEMBLE_RUN}_cut${CUTOFF_YEAR}.log 2>&1
environment: line 1: 1680760 Killed                  ./"$file" >> ${script_dir}/logs_M1/log_ens${ENSEMBLE_RUN}_cut${CUTOFF_YEAR}.log 2>&1
environment: line 1: 1679848 Killed                  ./"$file" >> ${script_dir}/logs_M1/log_ens${ENSEMBLE_RUN}_cut${CUTOFF_YEAR}.log 2>&1
environment: line 1: 1680099 Killed                  ./"$file" >> ${script_dir}/logs_M1/log_ens${ENSEMBLE_RUN}_cut${CUTOFF_YEAR}.log 2>&1
environment: line 1: 1679842 Killed                  ./"$file" >> ${script_dir}/logs_M1/log_ens${ENSEMBLE_RUN}_cut${CUTOFF_YEAR}.log 2>&1
environment: line 1: 1679931 Killed                  ./"$file" >> ${script_dir}/logs_M1/log_ens${ENSEMBLE_RUN}_cut${CUTOFF_YEAR}.log 2>&1
environment: line 1: 1679728 Killed                  ./"$file" >> ${script_dir}/logs_M1/log_ens${ENSEMBLE_RUN}_cut${CUTOFF_YEAR}.log 2>&1
environment: line 1: 1681222 Killed                  ./"$file" >> ${script_dir}/logs_M1/log_ens${ENSEMBLE_RUN}_cut${CUTOFF_YEAR}.log 2>&1
environment: line 1: 1680040 Killed                  ./"$file" >> ${script_dir}/logs_M1/log_ens${ENSEMBLE_RUN}_cut${CUTOFF_YEAR}.log 2>&1
environment: line 1: 1679714 Killed                  ./"$file" >> ${script_dir}/logs_M1/log_ens${ENSEMBLE_RUN}_cut${CUTOFF_YEAR}.log 2>&1
environment: line 1: 1682670 Killed                  ./"$file" >> ${script_dir}/logs_M1/log_ens${ENSEMBLE_RUN}_cut${CUTOFF_YEAR}.log 2>&1
environment: line 1: 1680704 Killed                  ./"$file" >> ${script_dir}/logs_M1/log_ens${ENSEMBLE_RUN}_cut${CUTOFF_YEAR}.log 2>&1
environment: line 1: 1682298 Killed                  ./"$file" >> ${script_dir}/logs_M1/log_ens${ENSEMBLE_RUN}_cut${CUTOFF_YEAR}.log 2>&1
environment: line 1: 1679852 Killed                  ./"$file" >> ${script_dir}/logs_M1/log_ens${ENSEMBLE_RUN}_cut${CUTOFF_YEAR}.log 2>&1
environment: line 1: 1681316 Killed                  ./"$file" >> ${script_dir}/logs_M1/log_ens${ENSEMBLE_RUN}_cut${CUTOFF_YEAR}.log 2>&1
environment: line 1: 1681304 Killed                  ./"$file" >> ${script_dir}/logs_M1/log_ens${ENSEMBLE_RUN}_cut${CUTOFF_YEAR}.log 2>&1
environment: line 1: 1682717 Killed                  ./"$file" >> ${script_dir}/logs_M1/log_ens${ENSEMBLE_RUN}_cut${CUTOFF_YEAR}.log 2>&1
environment: line 1: 1681231 Killed                  ./"$file" >> ${script_dir}/logs_M1/log_ens${ENSEMBLE_RUN}_cut${CUTOFF_YEAR}.log 2>&1
environment: line 1: 1681649 Killed                  ./"$file" >> ${script_dir}/logs_M1/log_ens${ENSEMBLE_RUN}_cut${CUTOFF_YEAR}.log 2>&1
environment: line 1: 1679741 Killed                  ./"$file" >> ${script_dir}/logs_M1/log_ens${ENSEMBLE_RUN}_cut${CUTOFF_YEAR}.log 2>&1
environment: line 1: 1679665 Killed                  ./"$file" >> ${script_dir}/logs_M1/log_ens${ENSEMBLE_RUN}_cut${CUTOFF_YEAR}.log 2>&1
environment: line 1: 1679979 Killed                  ./"$file" >> ${script_dir}/logs_M1/log_ens${ENSEMBLE_RUN}_cut${CUTOFF_YEAR}.log 2>&1
environment: line 1: 1680895 Killed                  ./"$file" >> ${script_dir}/logs_M1/log_ens${ENSEMBLE_RUN}_cut${CUTOFF_YEAR}.log 2>&1
environment: line 1: 1679745 Killed                  ./"$file" >> ${script_dir}/logs_M1/log_ens${ENSEMBLE_RUN}_cut${CUTOFF_YEAR}.log 2>&1
environment: line 1: 1679845 Killed                  ./"$file" >> ${script_dir}/logs_M1/log_ens${ENSEMBLE_RUN}_cut${CUTOFF_YEAR}.log 2>&1
environment: line 1: 1680954 Killed                  ./"$file" >> ${script_dir}/logs_M1/log_ens${ENSEMBLE_RUN}_cut${CUTOFF_YEAR}.log 2>&1
environment: line 1: 1680046 Killed                  ./"$file" >> ${script_dir}/logs_M1/log_ens${ENSEMBLE_RUN}_cut${CUTOFF_YEAR}.log 2>&1
environment: line 1: 1679698 Killed                  ./"$file" >> ${script_dir}/logs_M1/log_ens${ENSEMBLE_RUN}_cut${CUTOFF_YEAR}.log 2>&1
environment: line 1: 1679773 Killed                  ./"$file" >> ${script_dir}/logs_M1/log_ens${ENSEMBLE_RUN}_cut${CUTOFF_YEAR}.log 2>&1
environment: line 1: 1682000 Killed                  ./"$file" >> ${script_dir}/logs_M1/log_ens${ENSEMBLE_RUN}_cut${CUTOFF_YEAR}.log 2>&1
environment: line 1: 1681566 Killed                  ./"$file" >> ${script_dir}/logs_M1/log_ens${ENSEMBLE_RUN}_cut${CUTOFF_YEAR}.log 2>&1
environment: line 1: 1680797 Killed                  ./"$file" >> ${script_dir}/logs_M1/log_ens${ENSEMBLE_RUN}_cut${CUTOFF_YEAR}.log 2>&1
environment: line 1: 1681689 Killed                  ./"$file" >> ${script_dir}/logs_M1/log_ens${ENSEMBLE_RUN}_cut${CUTOFF_YEAR}.log 2>&1
environment: line 1: 1680844 Killed                  ./"$file" >> ${script_dir}/logs_M1/log_ens${ENSEMBLE_RUN}_cut${CUTOFF_YEAR}.log 2>&1
environment: line 1: 1682562 Killed                  ./"$file" >> ${script_dir}/logs_M1/log_ens${ENSEMBLE_RUN}_cut${CUTOFF_YEAR}.log 2>&1
environment: line 1: 1682179 Killed                  ./"$file" >> ${script_dir}/logs_M1/log_ens${ENSEMBLE_RUN}_cut${CUTOFF_YEAR}.log 2>&1
environment: line 1: 1679689 Killed                  ./"$file" >> ${script_dir}/logs_M1/log_ens${ENSEMBLE_RUN}_cut${CUTOFF_YEAR}.log 2>&1
environment: line 1: 1680136 Killed                  ./"$file" >> ${script_dir}/logs_M1/log_ens${ENSEMBLE_RUN}_cut${CUTOFF_YEAR}.log 2>&1
environment: line 1: 1680244 Killed                  ./"$file" >> ${script_dir}/logs_M1/log_ens${ENSEMBLE_RUN}_cut${CUTOFF_YEAR}.log 2>&1
environment: line 1: 1679936 Killed                  ./"$file" >> ${script_dir}/logs_M1/log_ens${ENSEMBLE_RUN}_cut${CUTOFF_YEAR}.log 2>&1
environment: line 1: 1680318 Killed                  ./"$file" >> ${script_dir}/logs_M1/log_ens${ENSEMBLE_RUN}_cut${CUTOFF_YEAR}.log 2>&1
environment: line 1: 1680854 Killed                  ./"$file" >> ${script_dir}/logs_M1/log_ens${ENSEMBLE_RUN}_cut${CUTOFF_YEAR}.log 2>&1
environment: line 1: 1681280 Killed                  ./"$file" >> ${script_dir}/logs_M1/log_ens${ENSEMBLE_RUN}_cut${CUTOFF_YEAR}.log 2>&1
environment: line 1: 1682027 Killed                  ./"$file" >> ${script_dir}/logs_M1/log_ens${ENSEMBLE_RUN}_cut${CUTOFF_YEAR}.log 2>&1
environment: line 1: 1680022 Killed                  ./"$file" >> ${script_dir}/logs_M1/log_ens${ENSEMBLE_RUN}_cut${CUTOFF_YEAR}.log 2>&1
environment: line 1: 1681106 Killed                  ./"$file" >> ${script_dir}/logs_M1/log_ens${ENSEMBLE_RUN}_cut${CUTOFF_YEAR}.log 2>&1
environment: line 1: 1680260 Killed                  ./"$file" >> ${script_dir}/logs_M1/log_ens${ENSEMBLE_RUN}_cut${CUTOFF_YEAR}.log 2>&1
environment: line 1: 1680458 Killed                  ./"$file" >> ${script_dir}/logs_M1/log_ens${ENSEMBLE_RUN}_cut${CUTOFF_YEAR}.log 2>&1
environment: line 1: 1681598 Killed                  ./"$file" >> ${script_dir}/logs_M1/log_ens${ENSEMBLE_RUN}_cut${CUTOFF_YEAR}.log 2>&1
environment: line 1: 1681528 Killed                  ./"$file" >> ${script_dir}/logs_M1/log_ens${ENSEMBLE_RUN}_cut${CUTOFF_YEAR}.log 2>&1
environment: line 1: 1680585 Killed                  ./"$file" >> ${script_dir}/logs_M1/log_ens${ENSEMBLE_RUN}_cut${CUTOFF_YEAR}.log 2>&1
environment: line 1: 1682576 Killed                  ./"$file" >> ${script_dir}/logs_M1/log_ens${ENSEMBLE_RUN}_cut${CUTOFF_YEAR}.log 2>&1
environment: line 1: 1679933 Killed                  ./"$file" >> ${script_dir}/logs_M1/log_ens${ENSEMBLE_RUN}_cut${CUTOFF_YEAR}.log 2>&1
environment: line 1: 1679737 Killed                  ./"$file" >> ${script_dir}/logs_M1/log_ens${ENSEMBLE_RUN}_cut${CUTOFF_YEAR}.log 2>&1
environment: line 1: 1680342 Killed                  ./"$file" >> ${script_dir}/logs_M1/log_ens${ENSEMBLE_RUN}_cut${CUTOFF_YEAR}.log 2>&1
environment: line 1: 1682880 Killed                  ./"$file" >> ${script_dir}/logs_M1/log_ens${ENSEMBLE_RUN}_cut${CUTOFF_YEAR}.log 2>&1
environment: line 1: 1680578 Killed                  ./"$file" >> ${script_dir}/logs_M1/log_ens${ENSEMBLE_RUN}_cut${CUTOFF_YEAR}.log 2>&1
environment: line 1: 1683340 Killed                  ./"$file" >> ${script_dir}/logs_M1/log_ens${ENSEMBLE_RUN}_cut${CUTOFF_YEAR}.log 2>&1
environment: line 1: 1683367 Killed                  ./"$file" >> ${script_dir}/logs_M1/log_ens${ENSEMBLE_RUN}_cut${CUTOFF_YEAR}.log 2>&1
environment: line 1: 1683052 Killed                  ./"$file" >> ${script_dir}/logs_M1/log_ens${ENSEMBLE_RUN}_cut${CUTOFF_YEAR}.log 2>&1
environment: line 1: 1683045 Killed                  ./"$file" >> ${script_dir}/logs_M1/log_ens${ENSEMBLE_RUN}_cut${CUTOFF_YEAR}.log 2>&1
Total time: 4882 seconds
All done!
slurmstepd: error: Detected 71 oom_kill events in StepId=11679079.batch. Some of the step tasks have been OOM Killed.
