## SLURM PROLOG ###############################################################
##    Job ID : 11678041
##  Job Name : FAIR_M1
##  Nodelist : node[1904-1909]
##      CPUs : 86
##   Mem/CPU : 5120 MB
## Directory : /oscar/data/deeps/private/bfoxkemp/jnickla1/fair-calibrate
##   Job Started : Sat Jun  7 05:24:26 PM EDT 2025
###############################################################################
Starting job 12 on node1904
environment: line 1: 2992650 Killed                  ./"$file" >> ${script_dir}/logs_M1/log_ens${ENSEMBLE_RUN}_cut${CUTOFF_YEAR}.log 2>&1
environment: line 1: 2992578 Killed                  ./"$file" >> ${script_dir}/logs_M1/log_ens${ENSEMBLE_RUN}_cut${CUTOFF_YEAR}.log 2>&1
environment: line 1: 2993201 Killed                  ./"$file" >> ${script_dir}/logs_M1/log_ens${ENSEMBLE_RUN}_cut${CUTOFF_YEAR}.log 2>&1
environment: line 1: 2992407 Killed                  ./"$file" >> ${script_dir}/logs_M1/log_ens${ENSEMBLE_RUN}_cut${CUTOFF_YEAR}.log 2>&1
environment: line 1: 2992600 Killed                  ./"$file" >> ${script_dir}/logs_M1/log_ens${ENSEMBLE_RUN}_cut${CUTOFF_YEAR}.log 2>&1
environment: line 1: 2993167 Killed                  ./"$file" >> ${script_dir}/logs_M1/log_ens${ENSEMBLE_RUN}_cut${CUTOFF_YEAR}.log 2>&1
environment: line 1: 2992676 Killed                  ./"$file" >> ${script_dir}/logs_M1/log_ens${ENSEMBLE_RUN}_cut${CUTOFF_YEAR}.log 2>&1
environment: line 1: 2992914 Killed                  ./"$file" >> ${script_dir}/logs_M1/log_ens${ENSEMBLE_RUN}_cut${CUTOFF_YEAR}.log 2>&1
environment: line 1: 2993127 Killed                  ./"$file" >> ${script_dir}/logs_M1/log_ens${ENSEMBLE_RUN}_cut${CUTOFF_YEAR}.log 2>&1
environment: line 1: 2993136 Killed                  ./"$file" >> ${script_dir}/logs_M1/log_ens${ENSEMBLE_RUN}_cut${CUTOFF_YEAR}.log 2>&1
environment: line 1: 2992612 Killed                  ./"$file" >> ${script_dir}/logs_M1/log_ens${ENSEMBLE_RUN}_cut${CUTOFF_YEAR}.log 2>&1
environment: line 1: 2992915 Killed                  ./"$file" >> ${script_dir}/logs_M1/log_ens${ENSEMBLE_RUN}_cut${CUTOFF_YEAR}.log 2>&1
environment: line 1: 2992458 Killed                  ./"$file" >> ${script_dir}/logs_M1/log_ens${ENSEMBLE_RUN}_cut${CUTOFF_YEAR}.log 2>&1
environment: line 1: 2992809 Killed                  ./"$file" >> ${script_dir}/logs_M1/log_ens${ENSEMBLE_RUN}_cut${CUTOFF_YEAR}.log 2>&1
environment: line 1: 2993156 Killed                  ./"$file" >> ${script_dir}/logs_M1/log_ens${ENSEMBLE_RUN}_cut${CUTOFF_YEAR}.log 2>&1
environment: line 1: 2992422 Killed                  ./"$file" >> ${script_dir}/logs_M1/log_ens${ENSEMBLE_RUN}_cut${CUTOFF_YEAR}.log 2>&1
environment: line 1: 2993245 Killed                  ./"$file" >> ${script_dir}/logs_M1/log_ens${ENSEMBLE_RUN}_cut${CUTOFF_YEAR}.log 2>&1
environment: line 1: 2992500 Killed                  ./"$file" >> ${script_dir}/logs_M1/log_ens${ENSEMBLE_RUN}_cut${CUTOFF_YEAR}.log 2>&1
environment: line 1: 2993223 Killed                  ./"$file" >> ${script_dir}/logs_M1/log_ens${ENSEMBLE_RUN}_cut${CUTOFF_YEAR}.log 2>&1
environment: line 1: 2993298 Killed                  ./"$file" >> ${script_dir}/logs_M1/log_ens${ENSEMBLE_RUN}_cut${CUTOFF_YEAR}.log 2>&1
environment: line 1: 2992897 Killed                  ./"$file" >> ${script_dir}/logs_M1/log_ens${ENSEMBLE_RUN}_cut${CUTOFF_YEAR}.log 2>&1
environment: line 1: 2993042 Killed                  ./"$file" >> ${script_dir}/logs_M1/log_ens${ENSEMBLE_RUN}_cut${CUTOFF_YEAR}.log 2>&1
environment: line 1: 2992975 Killed                  ./"$file" >> ${script_dir}/logs_M1/log_ens${ENSEMBLE_RUN}_cut${CUTOFF_YEAR}.log 2>&1
environment: line 1: 2992857 Killed                  ./"$file" >> ${script_dir}/logs_M1/log_ens${ENSEMBLE_RUN}_cut${CUTOFF_YEAR}.log 2>&1
environment: line 1: 2992478 Killed                  ./"$file" >> ${script_dir}/logs_M1/log_ens${ENSEMBLE_RUN}_cut${CUTOFF_YEAR}.log 2>&1
environment: line 1: 2993092 Killed                  ./"$file" >> ${script_dir}/logs_M1/log_ens${ENSEMBLE_RUN}_cut${CUTOFF_YEAR}.log 2>&1
environment: line 1: 2992757 Killed                  ./"$file" >> ${script_dir}/logs_M1/log_ens${ENSEMBLE_RUN}_cut${CUTOFF_YEAR}.log 2>&1
environment: line 1: 2992849 Killed                  ./"$file" >> ${script_dir}/logs_M1/log_ens${ENSEMBLE_RUN}_cut${CUTOFF_YEAR}.log 2>&1
environment: line 1: 2993033 Killed                  ./"$file" >> ${script_dir}/logs_M1/log_ens${ENSEMBLE_RUN}_cut${CUTOFF_YEAR}.log 2>&1
environment: line 1: 2992797 Killed                  ./"$file" >> ${script_dir}/logs_M1/log_ens${ENSEMBLE_RUN}_cut${CUTOFF_YEAR}.log 2>&1
environment: line 1: 2992428 Killed                  ./"$file" >> ${script_dir}/logs_M1/log_ens${ENSEMBLE_RUN}_cut${CUTOFF_YEAR}.log 2>&1
environment: line 1: 2992663 Killed                  ./"$file" >> ${script_dir}/logs_M1/log_ens${ENSEMBLE_RUN}_cut${CUTOFF_YEAR}.log 2>&1
environment: line 1: 2992754 Killed                  ./"$file" >> ${script_dir}/logs_M1/log_ens${ENSEMBLE_RUN}_cut${CUTOFF_YEAR}.log 2>&1
environment: line 1: 2992443 Killed                  ./"$file" >> ${script_dir}/logs_M1/log_ens${ENSEMBLE_RUN}_cut${CUTOFF_YEAR}.log 2>&1
environment: line 1: 2992412 Killed                  ./"$file" >> ${script_dir}/logs_M1/log_ens${ENSEMBLE_RUN}_cut${CUTOFF_YEAR}.log 2>&1
environment: line 1: 2992840 Killed                  ./"$file" >> ${script_dir}/logs_M1/log_ens${ENSEMBLE_RUN}_cut${CUTOFF_YEAR}.log 2>&1
environment: line 1: 2992493 Killed                  ./"$file" >> ${script_dir}/logs_M1/log_ens${ENSEMBLE_RUN}_cut${CUTOFF_YEAR}.log 2>&1
environment: line 1: 2993242 Killed                  ./"$file" >> ${script_dir}/logs_M1/log_ens${ENSEMBLE_RUN}_cut${CUTOFF_YEAR}.log 2>&1
environment: line 1: 2993101 Killed                  ./"$file" >> ${script_dir}/logs_M1/log_ens${ENSEMBLE_RUN}_cut${CUTOFF_YEAR}.log 2>&1
environment: line 1: 2992865 Killed                  ./"$file" >> ${script_dir}/logs_M1/log_ens${ENSEMBLE_RUN}_cut${CUTOFF_YEAR}.log 2>&1
environment: line 1: 2992931 Killed                  ./"$file" >> ${script_dir}/logs_M1/log_ens${ENSEMBLE_RUN}_cut${CUTOFF_YEAR}.log 2>&1
environment: line 1: 2993126 Killed                  ./"$file" >> ${script_dir}/logs_M1/log_ens${ENSEMBLE_RUN}_cut${CUTOFF_YEAR}.log 2>&1
environment: line 1: 2992637 Killed                  ./"$file" >> ${script_dir}/logs_M1/log_ens${ENSEMBLE_RUN}_cut${CUTOFF_YEAR}.log 2>&1
environment: line 1: 2993159 Killed                  ./"$file" >> ${script_dir}/logs_M1/log_ens${ENSEMBLE_RUN}_cut${CUTOFF_YEAR}.log 2>&1
environment: line 1: 2992505 Killed                  ./"$file" >> ${script_dir}/logs_M1/log_ens${ENSEMBLE_RUN}_cut${CUTOFF_YEAR}.log 2>&1
environment: line 1: 2993130 Killed                  ./"$file" >> ${script_dir}/logs_M1/log_ens${ENSEMBLE_RUN}_cut${CUTOFF_YEAR}.log 2>&1
environment: line 1: 2992437 Killed                  ./"$file" >> ${script_dir}/logs_M1/log_ens${ENSEMBLE_RUN}_cut${CUTOFF_YEAR}.log 2>&1
environment: line 1: 2992765 Killed                  ./"$file" >> ${script_dir}/logs_M1/log_ens${ENSEMBLE_RUN}_cut${CUTOFF_YEAR}.log 2>&1
environment: line 1: 2992669 Killed                  ./"$file" >> ${script_dir}/logs_M1/log_ens${ENSEMBLE_RUN}_cut${CUTOFF_YEAR}.log 2>&1
environment: line 1: 2993249 Killed                  ./"$file" >> ${script_dir}/logs_M1/log_ens${ENSEMBLE_RUN}_cut${CUTOFF_YEAR}.log 2>&1
environment: line 1: 2993256 Killed                  ./"$file" >> ${script_dir}/logs_M1/log_ens${ENSEMBLE_RUN}_cut${CUTOFF_YEAR}.log 2>&1
environment: line 1: 2992554 Killed                  ./"$file" >> ${script_dir}/logs_M1/log_ens${ENSEMBLE_RUN}_cut${CUTOFF_YEAR}.log 2>&1
environment: line 1: 2992993 Killed                  ./"$file" >> ${script_dir}/logs_M1/log_ens${ENSEMBLE_RUN}_cut${CUTOFF_YEAR}.log 2>&1
environment: line 1: 2992632 Killed                  ./"$file" >> ${script_dir}/logs_M1/log_ens${ENSEMBLE_RUN}_cut${CUTOFF_YEAR}.log 2>&1
environment: line 1: 2993017 Killed                  ./"$file" >> ${script_dir}/logs_M1/log_ens${ENSEMBLE_RUN}_cut${CUTOFF_YEAR}.log 2>&1
environment: line 1: 2992726 Killed                  ./"$file" >> ${script_dir}/logs_M1/log_ens${ENSEMBLE_RUN}_cut${CUTOFF_YEAR}.log 2>&1
environment: line 1: 2992843 Killed                  ./"$file" >> ${script_dir}/logs_M1/log_ens${ENSEMBLE_RUN}_cut${CUTOFF_YEAR}.log 2>&1
environment: line 1: 2993066 Killed                  ./"$file" >> ${script_dir}/logs_M1/log_ens${ENSEMBLE_RUN}_cut${CUTOFF_YEAR}.log 2>&1
environment: line 1: 2992937 Killed                  ./"$file" >> ${script_dir}/logs_M1/log_ens${ENSEMBLE_RUN}_cut${CUTOFF_YEAR}.log 2>&1
environment: line 1: 2992946 Killed                  ./"$file" >> ${script_dir}/logs_M1/log_ens${ENSEMBLE_RUN}_cut${CUTOFF_YEAR}.log 2>&1
environment: line 1: 2992749 Killed                  ./"$file" >> ${script_dir}/logs_M1/log_ens${ENSEMBLE_RUN}_cut${CUTOFF_YEAR}.log 2>&1
environment: line 1: 2992523 Killed                  ./"$file" >> ${script_dir}/logs_M1/log_ens${ENSEMBLE_RUN}_cut${CUTOFF_YEAR}.log 2>&1
environment: line 1: 2992836 Killed                  ./"$file" >> ${script_dir}/logs_M1/log_ens${ENSEMBLE_RUN}_cut${CUTOFF_YEAR}.log 2>&1
environment: line 1: 2992863 Killed                  ./"$file" >> ${script_dir}/logs_M1/log_ens${ENSEMBLE_RUN}_cut${CUTOFF_YEAR}.log 2>&1
environment: line 1: 2992433 Killed                  ./"$file" >> ${script_dir}/logs_M1/log_ens${ENSEMBLE_RUN}_cut${CUTOFF_YEAR}.log 2>&1
environment: line 1: 2992712 Killed                  ./"$file" >> ${script_dir}/logs_M1/log_ens${ENSEMBLE_RUN}_cut${CUTOFF_YEAR}.log 2>&1
environment: line 1: 2992959 Killed                  ./"$file" >> ${script_dir}/logs_M1/log_ens${ENSEMBLE_RUN}_cut${CUTOFF_YEAR}.log 2>&1
environment: line 1: 2993162 Killed                  ./"$file" >> ${script_dir}/logs_M1/log_ens${ENSEMBLE_RUN}_cut${CUTOFF_YEAR}.log 2>&1
environment: line 1: 3135318 Killed                  ./"$file" >> ${script_dir}/logs_M1/log_ens${ENSEMBLE_RUN}_cut${CUTOFF_YEAR}.log 2>&1
environment: line 1: 2993253 Killed                  ./"$file" >> ${script_dir}/logs_M1/log_ens${ENSEMBLE_RUN}_cut${CUTOFF_YEAR}.log 2>&1
environment: line 1: 2992559 Killed                  ./"$file" >> ${script_dir}/logs_M1/log_ens${ENSEMBLE_RUN}_cut${CUTOFF_YEAR}.log 2>&1
environment: line 1: 2992404 Killed                  ./"$file" >> ${script_dir}/logs_M1/log_ens${ENSEMBLE_RUN}_cut${CUTOFF_YEAR}.log 2>&1
environment: line 1: 2992401 Killed                  ./"$file" >> ${script_dir}/logs_M1/log_ens${ENSEMBLE_RUN}_cut${CUTOFF_YEAR}.log 2>&1
environment: line 1: 2992557 Killed                  ./"$file" >> ${script_dir}/logs_M1/log_ens${ENSEMBLE_RUN}_cut${CUTOFF_YEAR}.log 2>&1
environment: line 1: 3148394 Killed                  ./"$file" >> ${script_dir}/logs_M1/log_ens${ENSEMBLE_RUN}_cut${CUTOFF_YEAR}.log 2>&1
environment: line 1: 3189928 Killed                  ./"$file" >> ${script_dir}/logs_M1/log_ens${ENSEMBLE_RUN}_cut${CUTOFF_YEAR}.log 2>&1
environment: line 1: 2992731 Killed                  ./"$file" >> ${script_dir}/logs_M1/log_ens${ENSEMBLE_RUN}_cut${CUTOFF_YEAR}.log 2>&1
environment: line 1: 3137020 Killed                  ./"$file" >> ${script_dir}/logs_M1/log_ens${ENSEMBLE_RUN}_cut${CUTOFF_YEAR}.log 2>&1
environment: line 1: 3164258 Killed                  ./"$file" >> ${script_dir}/logs_M1/log_ens${ENSEMBLE_RUN}_cut${CUTOFF_YEAR}.log 2>&1
environment: line 1: 3176476 Killed                  ./"$file" >> ${script_dir}/logs_M1/log_ens${ENSEMBLE_RUN}_cut${CUTOFF_YEAR}.log 2>&1
environment: line 1: 3210562 Killed                  ./"$file" >> ${script_dir}/logs_M1/log_ens${ENSEMBLE_RUN}_cut${CUTOFF_YEAR}.log 2>&1
environment: line 1: 2992951 Killed                  ./"$file" >> ${script_dir}/logs_M1/log_ens${ENSEMBLE_RUN}_cut${CUTOFF_YEAR}.log 2>&1
environment: line 1: 2993251 Killed                  ./"$file" >> ${script_dir}/logs_M1/log_ens${ENSEMBLE_RUN}_cut${CUTOFF_YEAR}.log 2>&1
environment: line 1: 2992620 Killed                  ./"$file" >> ${script_dir}/logs_M1/log_ens${ENSEMBLE_RUN}_cut${CUTOFF_YEAR}.log 2>&1
environment: line 1: 2992440 Killed                  ./"$file" >> ${script_dir}/logs_M1/log_ens${ENSEMBLE_RUN}_cut${CUTOFF_YEAR}.log 2>&1
environment: line 1: 2993134 Killed                  ./"$file" >> ${script_dir}/logs_M1/log_ens${ENSEMBLE_RUN}_cut${CUTOFF_YEAR}.log 2>&1
environment: line 1: 3183818 Killed                  ./"$file" >> ${script_dir}/logs_M1/log_ens${ENSEMBLE_RUN}_cut${CUTOFF_YEAR}.log 2>&1
environment: line 1: 2993213 Killed                  ./"$file" >> ${script_dir}/logs_M1/log_ens${ENSEMBLE_RUN}_cut${CUTOFF_YEAR}.log 2>&1
environment: line 1: 3217209 Killed                  ./"$file" >> ${script_dir}/logs_M1/log_ens${ENSEMBLE_RUN}_cut${CUTOFF_YEAR}.log 2>&1
environment: line 1: 3140148 Killed                  ./"$file" >> ${script_dir}/logs_M1/log_ens${ENSEMBLE_RUN}_cut${CUTOFF_YEAR}.log 2>&1
environment: line 1: 3151890 Killed                  ./"$file" >> ${script_dir}/logs_M1/log_ens${ENSEMBLE_RUN}_cut${CUTOFF_YEAR}.log 2>&1
environment: line 1: 2993073 Killed                  ./"$file" >> ${script_dir}/logs_M1/log_ens${ENSEMBLE_RUN}_cut${CUTOFF_YEAR}.log 2>&1
environment: line 1: 3130828 Killed                  ./"$file" >> ${script_dir}/logs_M1/log_ens${ENSEMBLE_RUN}_cut${CUTOFF_YEAR}.log 2>&1
environment: line 1: 3157593 Killed                  ./"$file" >> ${script_dir}/logs_M1/log_ens${ENSEMBLE_RUN}_cut${CUTOFF_YEAR}.log 2>&1
environment: line 1: 2993004 Killed                  ./"$file" >> ${script_dir}/logs_M1/log_ens${ENSEMBLE_RUN}_cut${CUTOFF_YEAR}.log 2>&1
environment: line 1: 3161828 Killed                  ./"$file" >> ${script_dir}/logs_M1/log_ens${ENSEMBLE_RUN}_cut${CUTOFF_YEAR}.log 2>&1
environment: line 1: 3154561 Killed                  ./"$file" >> ${script_dir}/logs_M1/log_ens${ENSEMBLE_RUN}_cut${CUTOFF_YEAR}.log 2>&1
environment: line 1: 2993258 Killed                  ./"$file" >> ${script_dir}/logs_M1/log_ens${ENSEMBLE_RUN}_cut${CUTOFF_YEAR}.log 2>&1
environment: line 1: 3167429 Killed                  ./"$file" >> ${script_dir}/logs_M1/log_ens${ENSEMBLE_RUN}_cut${CUTOFF_YEAR}.log 2>&1
Total time: 6239 seconds
All done!
slurmstepd: error: Detected 99 oom_kill events in StepId=11678041.batch. Some of the step tasks have been OOM Killed.
