## SLURM PROLOG ###############################################################
##    Job ID : 11701912
##  Job Name : FAIR_M1
##  Nodelist : node2345
##      CPUs : 1
##   Mem/CPU : 5120 MB
## Directory : /oscar/data/deeps/private/bfoxkemp/jnickla1/fair-calibrate
##   Job Started : Tue Jun 10 11:01:28 AM EDT 2025
###############################################################################
Starting job 13 on node2345
===== STARTING: rerun 01 + 03 for any missing outputs =====
cut=1930✓✓cut=1931✓✓cut=1932✓✓cut=1933✓✓cut=1934✓✓cut=1935✓✓cut=1936✓✓cut=1937✓✓cut=1938✓✓cut=1939✓✓cut=1940✓✓cut=1941✓✓cut=1942✓✓cut=1943✓✓cut=1944✓✓cut=1945✓✓cut=1946✓✓cut=1947✓✓cut=1948✓✓cut=1949✓✓cut=1950✓✓cut=1951✓✓cut=1952✓✓cut=1953✓✓cut=1954✓✓cut=1955✓✓cut=1956✓✓cut=1957✓✓cut=1958✓✓cut=1959✓✓cut=1960✓✓cut=1961✓✓cut=1962✓✓cut=1963✓✓cut=1964✓✓cut=1965✓✓cut=1966✓✓cut=1967✓✓cut=1968✓✓cut=1969✓✓cut=1970✓✓cut=1971✓✓cut=1972✓✓cut=1973✓✓cut=1974✓✓cut=1975✓✓cut=1976✓✓cut=1977✓✓cut=1978✓✓cut=1979✓✓cut=1980✓✓cut=1981✓✓cut=1982✓✓cut=1983✓✓cut=1984✓✓cut=1985✓✓cut=1986✓✓cut=1987✓✓cut=1988✓✓cut=1989✓✓cut=1990✓✓cut=1991✓✓cut=1992✓✓cut=1993✓✓cut=1994✓✓cut=1995✓✓cut=1996✓✓cut=1997✓✓cut=1998✓✓cut=1999✓✓cut=2000✓✓cut=2001✓✓cut=2002✓✓cut=2003✓✓cut=2004✓✓cut=2005✓✓cut=2006✓✓cut=2007✓✓cut=2008✓✓cut=2009✓✓cut=2010✓✓cut=2011✓✓cut=2012✓✓cut=2013✓✓cut=2014✓✓cut=2015✓✓cut=2016Missing or empty runids_rmse_pass.csv; rerunning 01_constrain-gmst-rmse-only.py for cutoff 2016
Doing RMSE constraint...
Passing RMSE constraint: 85926
[79206 38185 80749 58716  2207 54866 72953 45633  2691 69195]
[0.16999791 0.16999824 0.1699983  0.16999852 0.16999857 0.16999898
 0.16999911 0.16999915 0.16999925 0.16999982]
[0.12066041 0.12149378 0.122005   0.12208257 0.12241162 0.12252594
 0.1228855  0.12293454 0.1229795  0.12315011]
Missing or empty runids_rmse_reweighted_pass.csv; rerunning 03_reweight-rmse-posterior-multiple-constraints.py for cutoff 2016
Doing reweighting...
Number of effective samples: 416
Constrained, reweighted parameters:
ECS: [1.68863748 2.98639731 6.16894788]
TCR: [1.224775   1.78853437 2.61167236]
CO2 concentration current: [399.80653345 401.09713865 402.55669417]
Temperature l20yrs rel. 1850-1900: [0.82966684 0.93837831 1.07278465]
Aerosol ERFari 2005-2014 rel. 1750: [-0.61553721 -0.26844489  0.08919973]
Aerosol ERFaci 2005-2014 rel. 1750: [-1.50641687 -0.83552041 -0.04081906]
Aerosol ERF 2005-2014 rel. 1750: [-1.78202102 -1.11854651 -0.31848745]
OHC change l50yrs: [289.69032394 411.18107314 533.41763725]
*likely range
cut=2017Missing or empty runids_rmse_pass.csv; rerunning 01_constrain-gmst-rmse-only.py for cutoff 2017
Doing RMSE constraint...
Passing RMSE constraint: 84632
[44613  9673 77938 75663 29637 75986 25387 48562 12637 24300]
[0.16999802 0.1699983  0.16999832 0.16999833 0.16999867 0.16999887
 0.16999939 0.16999962 0.16999968 0.16999999]
[0.12030478 0.12113841 0.12164839 0.12178708 0.12204682 0.12252418
 0.12254801 0.12256992 0.1231301  0.12314558]
Missing or empty runids_rmse_reweighted_pass.csv; rerunning 03_reweight-rmse-posterior-multiple-constraints.py for cutoff 2017
Doing reweighting...
Number of effective samples: 377
Constrained, reweighted parameters:
ECS: [1.71594176 2.91112927 6.18517545]
TCR: [1.26526482 1.76724938 2.71115246]
CO2 concentration current: [402.33451127 403.81470661 405.35223737]
Temperature l20yrs rel. 1850-1900: [0.84646992 0.94923519 1.10590634]
Aerosol ERFari 2005-2014 rel. 1750: [-0.64025043 -0.26688494  0.0775553 ]
Aerosol ERFaci 2005-2014 rel. 1750: [-1.58928537 -0.82618487 -0.00943274]
Aerosol ERF 2005-2014 rel. 1750: [-1.81227752 -1.10634892 -0.26385088]
OHC change l50yrs: [300.18037381 410.87639234 526.95044147]
*likely range
cut=2018Missing or empty runids_rmse_pass.csv; rerunning 01_constrain-gmst-rmse-only.py for cutoff 2018
Doing RMSE constraint...
Passing RMSE constraint: 83042
[56190 56194  1570 45200  7389 37321  6726 66196 81979 74729]
[0.16999733 0.16999747 0.16999796 0.16999829 0.16999838 0.16999845
 0.16999874 0.16999885 0.16999911 0.16999956]
[0.11994893 0.1211204  0.12128795 0.1216368  0.12191143 0.12222701
 0.12233443 0.12278323 0.12298359 0.12309417]
Missing or empty runids_rmse_reweighted_pass.csv; rerunning 03_reweight-rmse-posterior-multiple-constraints.py for cutoff 2018
Doing reweighting...
Number of effective samples: 383
Constrained, reweighted parameters:
ECS: [1.69207688 2.90453886 5.98751476]
TCR: [1.2471782  1.75543221 2.57194933]
CO2 concentration current: [405.11776315 406.69703297 408.15285853]
Temperature l20yrs rel. 1850-1900: [0.86100277 0.97355333 1.11776674]
Aerosol ERFari 2005-2014 rel. 1750: [-0.61992567 -0.25608407  0.07849049]
Aerosol ERFaci 2005-2014 rel. 1750: [-1.57023365 -0.87869341 -0.01331123]
Aerosol ERF 2005-2014 rel. 1750: [-1.80809082 -1.12640436 -0.30384972]
OHC change l50yrs: [293.5174035  421.24655376 563.26013112]
*likely range
cut=2019Missing or empty runids_rmse_pass.csv; rerunning 01_constrain-gmst-rmse-only.py for cutoff 2019
Doing RMSE constraint...
Passing RMSE constraint: 82994
[57307 26264 16196 43056 30314  5633 80371   397 36450 72813]
[0.16999776 0.16999801 0.16999835 0.16999859 0.16999924 0.16999937
 0.16999957 0.16999964 0.1699998  0.16999985]
[0.12011602 0.12077765 0.12127876 0.12151407 0.12177447 0.12189695
 0.12217753 0.1227062  0.12273657 0.12281979]
Missing or empty runids_rmse_reweighted_pass.csv; rerunning 03_reweight-rmse-posterior-multiple-constraints.py for cutoff 2019
Doing reweighting...
Number of effective samples: 387
Constrained, reweighted parameters:
ECS: [1.70878576 2.98862283 6.2572094 ]
TCR: [1.26720535 1.79387307 2.55486474]
CO2 concentration current: [408.01059878 409.42086539 410.96469515]
Temperature l20yrs rel. 1850-1900: [0.88350523 0.99666999 1.13884794]
Aerosol ERFari 2005-2014 rel. 1750: [-0.6340507  -0.26792871  0.08720042]
Aerosol ERFaci 2005-2014 rel. 1750: [-1.60359164 -0.86230471 -0.04540956]
Aerosol ERF 2005-2014 rel. 1750: [-1.8102334  -1.15124553 -0.34021669]
OHC change l50yrs: [309.1436601  439.10675808 570.91956852]
*likely range
cut=2020Missing or empty runids_rmse_pass.csv; rerunning 01_constrain-gmst-rmse-only.py for cutoff 2020
Doing RMSE constraint...
Passing RMSE constraint: 79379
[78168 64041  2439 20654 74133 64462 68976 55510 44790 11400]
[0.16999725 0.16999747 0.16999854 0.16999909 0.16999914 0.16999949
 0.16999963 0.16999977 0.16999983 0.16999989]
[0.11981676 0.12089409 0.12118913 0.1217129  0.12208338 0.12246449
 0.12246669 0.12279773 0.12286909 0.12291762]
Missing or empty runids_rmse_reweighted_pass.csv; rerunning 03_reweight-rmse-posterior-multiple-constraints.py for cutoff 2020
Doing reweighting...
Number of effective samples: 390
Constrained, reweighted parameters:
ECS: [1.66524639 2.94641086 6.03971689]
TCR: [1.23206474 1.79285854 2.52016158]
CO2 concentration current: [410.7503606  412.34412033 413.81583747]
Temperature l20yrs rel. 1850-1900: [0.89486492 1.01202014 1.15679841]
Aerosol ERFari 2005-2014 rel. 1750: [-0.60563211 -0.25155047  0.10678144]
Aerosol ERFaci 2005-2014 rel. 1750: [-1.62144991 -0.90431062 -0.03325526]
Aerosol ERF 2005-2014 rel. 1750: [-1.81755407 -1.15755232 -0.29709738]
OHC change l50yrs: [293.15065194 446.29191219 598.75884666]
*likely range
cut=2021Missing or empty runids_rmse_pass.csv; rerunning 01_constrain-gmst-rmse-only.py for cutoff 2021
Doing RMSE constraint...
Passing RMSE constraint: 79172
[70721 69023 51027 72910 75436 39846 76174 26840 29850 56576]
[0.16999783 0.16999816 0.16999833 0.16999869 0.16999921 0.16999921
 0.16999953 0.16999959 0.16999989 0.16999995]
[0.11996963 0.12073392 0.12107272 0.12148931 0.12183121 0.12214569
 0.12238631 0.12264359 0.12272536 0.12279578]
Missing or empty runids_rmse_reweighted_pass.csv; rerunning 03_reweight-rmse-posterior-multiple-constraints.py for cutoff 2021
Doing reweighting...
Number of effective samples: 392
Constrained, reweighted parameters:
ECS: [1.72968336 3.00612183 6.12527278]
TCR: [1.29818688 1.77532443 2.54197393]
CO2 concentration current: [413.60525504 415.01507482 416.4746298 ]
Temperature l20yrs rel. 1850-1900: [0.9139426  1.02985299 1.17425731]
Aerosol ERFari 2005-2014 rel. 1750: [-0.61645181 -0.25920849  0.07202405]
Aerosol ERFaci 2005-2014 rel. 1750: [-1.61660595 -0.88847908 -0.05885399]
Aerosol ERF 2005-2014 rel. 1750: [-1.81310342 -1.13569061 -0.385993  ]
OHC change l50yrs: [305.05410648 460.48148915 615.92785567]
*likely range
cut=2022Missing or empty runids_rmse_pass.csv; rerunning 01_constrain-gmst-rmse-only.py for cutoff 2022
Doing RMSE constraint...
Passing RMSE constraint: 77972
[52764 74785 73221 24476 34081 61030 22855   943 64799 58800]
[0.16999839 0.16999848 0.16999869 0.16999869 0.16999877 0.16999894
 0.16999898 0.16999908 0.16999961 0.16999998]
[0.11975792 0.12054425 0.12075078 0.12155251 0.12203539 0.12236319
 0.12237151 0.12255175 0.12256203 0.12256441]
Missing or empty runids_rmse_reweighted_pass.csv; rerunning 03_reweight-rmse-posterior-multiple-constraints.py for cutoff 2022
Doing reweighting...
Number of effective samples: 392
Constrained, reweighted parameters:
ECS: [1.69454642 2.94772508 5.69759431]
TCR: [1.26541043 1.76314758 2.51207327]
CO2 concentration current: [416.39158217 417.82222658 419.23435388]
Temperature l20yrs rel. 1850-1900: [0.92743627 1.04515607 1.19565254]
Aerosol ERFari 2005-2014 rel. 1750: [-0.65300213 -0.25910835  0.06690579]
Aerosol ERFaci 2005-2014 rel. 1750: [-1.65722657 -0.8806623  -0.03598633]
Aerosol ERF 2005-2014 rel. 1750: [-1.84567708 -1.16331573 -0.34682756]
OHC change l50yrs: [314.4334388  471.01865356 634.79140129]
*likely range
cut=2023Missing or empty runids_rmse_pass.csv; rerunning 01_constrain-gmst-rmse-only.py for cutoff 2023
Doing RMSE constraint...
Passing RMSE constraint: 75719
[22651 56476 55210 38629 60605 19884 54620  9436 55846 53109]
[0.16999814 0.16999836 0.1699986  0.16999878 0.16999895 0.16999909
 0.16999955 0.16999956 0.16999981 0.1699999 ]
[0.11979163 0.12031324 0.12049442 0.12168971 0.12171899 0.12205241
 0.12207928 0.12223364 0.12247932 0.12268595]
Missing or empty runids_rmse_reweighted_pass.csv; rerunning 03_reweight-rmse-posterior-multiple-constraints.py for cutoff 2023
Doing reweighting...
Number of effective samples: 396
Constrained, reweighted parameters:
ECS: [1.69665713 2.84329244 5.54465353]
TCR: [1.24927213 1.71144474 2.46032775]
CO2 concentration current: [419.13722128 420.56499334 421.9088915 ]
Temperature l20yrs rel. 1850-1900: [0.94480201 1.05387088 1.21260964]
Aerosol ERFari 2005-2014 rel. 1750: [-0.64119977 -0.25158073  0.10471257]
Aerosol ERFaci 2005-2014 rel. 1750: [-1.63340493 -0.83919748 -0.11174421]
Aerosol ERF 2005-2014 rel. 1750: [-1.8115533  -1.12077401 -0.39040384]
OHC change l50yrs: [311.46958846 481.11811801 659.40755853]
*likely range
cut=2024Missing or empty runids_rmse_pass.csv; rerunning 01_constrain-gmst-rmse-only.py for cutoff 2024
Doing RMSE constraint...
Passing RMSE constraint: 69548
[20906 15939 35462 12210 42368  1595 68605 44082 34440 28045]
[0.16999774 0.16999778 0.16999779 0.16999781 0.16999847 0.16999876
 0.16999895 0.16999906 0.1699991  0.16999947]
[0.11966467 0.12032434 0.12071224 0.12184052 0.12211013 0.12213689
 0.12251154 0.12292545 0.12297794 0.12310801]
Missing or empty runids_rmse_reweighted_pass.csv; rerunning 03_reweight-rmse-posterior-multiple-constraints.py for cutoff 2024
Doing reweighting...
Number of effective samples: 382
Constrained, reweighted parameters:
ECS: [1.6977753  2.78909638 5.81660655]
TCR: [1.25286116 1.71487109 2.45025877]
CO2 concentration current: [421.62394621 423.11939515 424.56197686]
Temperature l20yrs rel. 1850-1900: [0.96559912 1.07773269 1.23707829]
Aerosol ERFari 2005-2014 rel. 1750: [-0.63745342 -0.25650263  0.08471594]
Aerosol ERFaci 2005-2014 rel. 1750: [-1.64300292 -0.86877977 -0.06994689]
Aerosol ERF 2005-2014 rel. 1750: [-1.80696279 -1.15755232 -0.33089451]
OHC change l50yrs: [302.40351645 479.56249251 658.82177614]
*likely range
cut=2025Missing or empty runids_rmse_pass.csv; rerunning 01_constrain-gmst-rmse-only.py for cutoff 2025
Doing RMSE constraint...
Passing RMSE constraint: 58007
[37440 54907 12263 35275 42585 44919 46451 14666 14392 15260]
[0.1699978  0.16999805 0.1699981  0.16999812 0.16999822 0.16999825
 0.16999851 0.16999855 0.16999873 0.1699996 ]
[0.12163241 0.12292676 0.12314218 0.1231459  0.12348333 0.12348347
 0.12377457 0.1241372  0.12434143 0.12461025]
Missing or empty runids_rmse_reweighted_pass.csv; rerunning 03_reweight-rmse-posterior-multiple-constraints.py for cutoff 2025
Doing reweighting...
Number of effective samples: 357
Constrained, reweighted parameters:
ECS: [1.6275319  2.77188655 5.0713462 ]
TCR: [1.20860347 1.71197549 2.36380823]
CO2 concentration current: [423.79465777 425.60143374 427.55475993]
Temperature l20yrs rel. 1850-1900: [0.98390781 1.08612706 1.24304344]
Aerosol ERFari 2005-2014 rel. 1750: [-0.63857627 -0.2536671   0.11403749]
Aerosol ERFaci 2005-2014 rel. 1750: [-1.64457724 -0.85924459 -0.08137492]
Aerosol ERF 2005-2014 rel. 1750: [-1.78799156 -1.12424383 -0.35492142]
OHC change l50yrs: [310.34778999 485.22378766 662.29653123]
*likely range
cut=2026Missing or empty runids_rmse_pass.csv; rerunning 01_constrain-gmst-rmse-only.py for cutoff 2026
slurmstepd: error: *** JOB 11701912 ON node2345 CANCELLED AT 2025-06-10T11:59:02 ***
