## SLURM PROLOG ###############################################################
##    Job ID : 11614605
##  Job Name : FAIRc_cur
##  Nodelist : node2352
##      CPUs : 1
##  Mem/Node : 16384 MB
## Directory : /oscar/home/jnickla1/fair-calibrate
##   Job Started : Wed May 28 10:41:41 PM EDT 2025
###############################################################################
Starting job 97 on node2352
0
>>> Constraining with cutoff year = 2026
0
####  • constraining/01_constrain-gsat-rmse-only.py####
0
Doing RMSE constraint...
Passing RMSE constraint: 142912
[129783  36323 140559  20781 121487  20721   7148  28814  23511 142503]
[0.16999914 0.16999928 0.16999933 0.16999941 0.16999941 0.16999947
 0.16999959 0.16999965 0.16999996 0.16999996]
[0.10757214 0.10789132 0.10850313 0.10858913 0.10904151 0.10930207
 0.10940847 0.10941302 0.10953593 0.10963547]
1
####  • constraining/02_run-1pct.py####
270
Running 1pctCO2 scenarios...
2
####  • constraining/03_reweight-rmse-posterior-multiple-constraints.py####
271
Doing reweighting...
Traceback (most recent call last):
  File "/oscar/home/jnickla1/fair-calibrate/input/fair-2.1.3/v1.4/all_current_NorESMVolc/constraining/./03_reweight-rmse-posterior-multiple-constraints.py", line 156, in <module>
    scale=np.sqrt(ohc_sd[cutoff_int]**2+ohc_sd[cutoff_int-50]**2), size=10**5, random_state=43178)
                  ~~~~~~^^^^^^^^^^^^
IndexError: index 176 is out of bounds for axis 0 with size 174
ERROR in constraining/03_reweight-rmse-posterior-multiple-constraints.py for cutoff 2026
