## SLURM PROLOG ###############################################################
##    Job ID : 11614649
##  Job Name : FAIRc_cur
##  Nodelist : node2308
##      CPUs : 1
##  Mem/Node : 16384 MB
## Directory : /oscar/home/jnickla1/fair-calibrate
##   Job Started : Wed May 28 10:46:40 PM EDT 2025
###############################################################################
Starting job 131 on node2308
0
>>> Constraining with cutoff year = 2060
0
####  • constraining/01_constrain-gsat-rmse-only.py####
0
Doing RMSE constraint...
Passing RMSE constraint: 75539
[39840  5931  7356 21126 16659 73195 16379  7960 39008 75198]
[0.16999829 0.16999843 0.16999854 0.16999866 0.16999871 0.16999902
 0.16999953 0.16999965 0.16999982 0.16999991]
[0.10601261 0.10665382 0.10694961 0.10745986 0.1074925  0.10781464
 0.1079276  0.10808597 0.10864475 0.10879809]
1
####  • constraining/02_run-1pct.py####
310
Running 1pctCO2 scenarios...
2
####  • constraining/03_reweight-rmse-posterior-multiple-constraints.py####
314
Doing reweighting...
Traceback (most recent call last):
  File "/oscar/home/jnickla1/fair-calibrate/input/fair-2.1.3/v1.4/all_current_NorESMVolc/constraining/./03_reweight-rmse-posterior-multiple-constraints.py", line 156, in <module>
    scale=np.sqrt(ohc_sd[cutoff_int]**2+ohc_sd[cutoff_int-50]**2), size=10**5, random_state=43178)
                  ~~~~~~^^^^^^^^^^^^
IndexError: index 210 is out of bounds for axis 0 with size 174
ERROR in constraining/03_reweight-rmse-posterior-multiple-constraints.py for cutoff 2060
