## SLURM PROLOG ###############################################################
##    Job ID : 11614654
##  Job Name : FAIRc_cur
##  Nodelist : node2310
##      CPUs : 1
##  Mem/Node : 16384 MB
## Directory : /oscar/home/jnickla1/fair-calibrate
##   Job Started : Wed May 28 10:46:50 PM EDT 2025
###############################################################################
Starting job 136 on node2310
0
>>> Constraining with cutoff year = 2065
0
####  • constraining/01_constrain-gsat-rmse-only.py####
0
Doing RMSE constraint...
Passing RMSE constraint: 70194
[28279 18583 34765 30922  6245 27621 49016 64436 67580 53408]
[0.16999636 0.16999651 0.16999721 0.16999763 0.16999785 0.16999818
 0.16999894 0.16999947 0.16999986 0.16999993]
[0.10629213 0.10680708 0.10706868 0.10757803 0.10800068 0.1082323
 0.10864403 0.10891919 0.10909022 0.10921007]
1
####  • constraining/02_run-1pct.py####
263
Running 1pctCO2 scenarios...
2
####  • constraining/03_reweight-rmse-posterior-multiple-constraints.py####
266
Doing reweighting...
Traceback (most recent call last):
  File "/oscar/home/jnickla1/fair-calibrate/input/fair-2.1.3/v1.4/all_current_NorESMVolc/constraining/./03_reweight-rmse-posterior-multiple-constraints.py", line 156, in <module>
    scale=np.sqrt(ohc_sd[cutoff_int]**2+ohc_sd[cutoff_int-50]**2), size=10**5, random_state=43178)
                  ~~~~~~^^^^^^^^^^^^
IndexError: index 215 is out of bounds for axis 0 with size 174
ERROR in constraining/03_reweight-rmse-posterior-multiple-constraints.py for cutoff 2065
