## SLURM PROLOG ###############################################################
##    Job ID : 11614664
##  Job Name : FAIRc_cur
##  Nodelist : node2334
##      CPUs : 1
##  Mem/Node : 16384 MB
## Directory : /oscar/home/jnickla1/fair-calibrate
##   Job Started : Wed May 28 10:48:04 PM EDT 2025
###############################################################################
Starting job 145 on node2334
0
>>> Constraining with cutoff year = 2074
0
####  • constraining/01_constrain-gsat-rmse-only.py####
0
Doing RMSE constraint...
Passing RMSE constraint: 65163
[ 8893 46953  9674 41840 39694 25388 30924 64974  8868 45168]
[0.16999842 0.16999873 0.16999895 0.16999905 0.16999911 0.16999921
 0.16999926 0.16999943 0.1699996  0.16999989]
[0.1058439  0.10629645 0.1069569  0.10768692 0.10798089 0.10801444
 0.10884093 0.10884526 0.10908378 0.10921762]
1
####  • constraining/02_run-1pct.py####
270
Running 1pctCO2 scenarios...
2
####  • constraining/03_reweight-rmse-posterior-multiple-constraints.py####
272
Doing reweighting...
Traceback (most recent call last):
  File "/oscar/home/jnickla1/fair-calibrate/input/fair-2.1.3/v1.4/all_current_NorESMVolc/constraining/./03_reweight-rmse-posterior-multiple-constraints.py", line 156, in <module>
    scale=np.sqrt(ohc_sd[cutoff_int]**2+ohc_sd[cutoff_int-50]**2), size=10**5, random_state=43178)
                  ~~~~~~^^^^^^^^^^^^
IndexError: index 224 is out of bounds for axis 0 with size 174
ERROR in constraining/03_reweight-rmse-posterior-multiple-constraints.py for cutoff 2074
