## SLURM PROLOG ###############################################################
##    Job ID : 11614697
##  Job Name : FAIRc_cur
##  Nodelist : node2340
##      CPUs : 1
##  Mem/Node : 16384 MB
## Directory : /oscar/home/jnickla1/fair-calibrate
##   Job Started : Wed May 28 10:52:09 PM EDT 2025
###############################################################################
Starting job 167 on node2340
0
>>> Constraining with cutoff year = 2096
0
####  • constraining/01_constrain-gsat-rmse-only.py####
0
Doing RMSE constraint...
Passing RMSE constraint: 43763
[ 9285 11838 24530  2653 39525 22578 42390  4926 33704 40241]
[0.16999719 0.16999733 0.16999769 0.169998   0.16999821 0.16999869
 0.16999889 0.16999918 0.1699993  0.16999949]
[0.10706652 0.10772345 0.10867889 0.10940086 0.10998586 0.11003631
 0.11025768 0.11068466 0.11073625 0.11083054]
1
####  • constraining/02_run-1pct.py####
277
Running 1pctCO2 scenarios...
2
####  • constraining/03_reweight-rmse-posterior-multiple-constraints.py####
280
Doing reweighting...
Traceback (most recent call last):
  File "/oscar/home/jnickla1/fair-calibrate/input/fair-2.1.3/v1.4/all_current_NorESMVolc/constraining/./03_reweight-rmse-posterior-multiple-constraints.py", line 156, in <module>
    scale=np.sqrt(ohc_sd[cutoff_int]**2+ohc_sd[cutoff_int-50]**2), size=10**5, random_state=43178)
                  ~~~~~~^^^^^^^^^^^^
IndexError: index 246 is out of bounds for axis 0 with size 174
ERROR in constraining/03_reweight-rmse-posterior-multiple-constraints.py for cutoff 2096
