## SLURM PROLOG ###############################################################
##    Job ID : 11614611
##  Job Name : FAIRc_cur
##  Nodelist : node2309
##      CPUs : 1
##  Mem/Node : 16384 MB
## Directory : /oscar/home/jnickla1/fair-calibrate
##   Job Started : Wed May 28 10:41:51 PM EDT 2025
###############################################################################
Starting job 103 on node2309
0
>>> Constraining with cutoff year = 2032
0
####  • constraining/01_constrain-gsat-rmse-only.py####
0
Doing RMSE constraint...
Passing RMSE constraint: 118549
[ 54446  95560 114740  63086 117016   8759  45105  93499  73039   5674]
[0.16999756 0.16999816 0.16999854 0.16999868 0.16999899 0.16999907
 0.16999917 0.16999931 0.16999948 0.1699999 ]
[0.10777987 0.10806533 0.10869945 0.10906593 0.10912059 0.10923318
 0.1093508  0.10951272 0.10961132 0.10969869]
1
####  • constraining/02_run-1pct.py####
266
Running 1pctCO2 scenarios...
2
####  • constraining/03_reweight-rmse-posterior-multiple-constraints.py####
269
Doing reweighting...
Traceback (most recent call last):
  File "/oscar/home/jnickla1/fair-calibrate/input/fair-2.1.3/v1.4/all_current_NorESMVolc/constraining/./03_reweight-rmse-posterior-multiple-constraints.py", line 156, in <module>
    scale=np.sqrt(ohc_sd[cutoff_int]**2+ohc_sd[cutoff_int-50]**2), size=10**5, random_state=43178)
                  ~~~~~~^^^^^^^^^^^^
IndexError: index 182 is out of bounds for axis 0 with size 174
ERROR in constraining/03_reweight-rmse-posterior-multiple-constraints.py for cutoff 2032
