## SLURM PROLOG ###############################################################
##    Job ID : 11614637
##  Job Name : FAIRc_cur
##  Nodelist : node2352
##      CPUs : 1
##  Mem/Node : 16384 MB
## Directory : /oscar/home/jnickla1/fair-calibrate
##   Job Started : Wed May 28 10:46:18 PM EDT 2025
###############################################################################
Starting job 119 on node2352
0
>>> Constraining with cutoff year = 2048
0
####  • constraining/01_constrain-gsat-rmse-only.py####
0
Doing RMSE constraint...
Passing RMSE constraint: 82181
[81440 52273 28752 22488 71875 19590 77846 72333 14046  1588]
[0.16999601 0.16999674 0.16999677 0.16999681 0.16999754 0.16999786
 0.16999811 0.16999827 0.16999836 0.1699987 ]
[0.10584245 0.10748272 0.10807841 0.10825536 0.10842549 0.10855598
 0.10862186 0.10867215 0.10917071 0.10928327]
1
####  • constraining/02_run-1pct.py####
266
Running 1pctCO2 scenarios...
2
####  • constraining/03_reweight-rmse-posterior-multiple-constraints.py####
268
Doing reweighting...
Traceback (most recent call last):
  File "/oscar/home/jnickla1/fair-calibrate/input/fair-2.1.3/v1.4/all_current_NorESMVolc/constraining/./03_reweight-rmse-posterior-multiple-constraints.py", line 156, in <module>
    scale=np.sqrt(ohc_sd[cutoff_int]**2+ohc_sd[cutoff_int-50]**2), size=10**5, random_state=43178)
                  ~~~~~~^^^^^^^^^^^^
IndexError: index 198 is out of bounds for axis 0 with size 174
ERROR in constraining/03_reweight-rmse-posterior-multiple-constraints.py for cutoff 2048
