## SLURM PROLOG ###############################################################
##    Job ID : 11614629
##  Job Name : FAIRc_cur
##  Nodelist : node2333
##      CPUs : 1
##  Mem/Node : 16384 MB
## Directory : /oscar/home/jnickla1/fair-calibrate
##   Job Started : Wed May 28 10:44:59 PM EDT 2025
###############################################################################
Starting job 116 on node2333
0
>>> Constraining with cutoff year = 2045
0
####  • constraining/01_constrain-gsat-rmse-only.py####
0
Doing RMSE constraint...
Passing RMSE constraint: 85423
[41135 50910 48044  6847 19592  1369 82558  1694 81635 77787]
[0.16999617 0.1699968  0.16999709 0.1699971  0.16999738 0.16999797
 0.16999829 0.16999846 0.16999848 0.16999916]
[0.1061749  0.10764419 0.10814499 0.10814586 0.10847387 0.10867674
 0.10891154 0.10924145 0.1093354  0.10955275]
1
####  • constraining/02_run-1pct.py####
271
Running 1pctCO2 scenarios...
2
####  • constraining/03_reweight-rmse-posterior-multiple-constraints.py####
274
Doing reweighting...
Traceback (most recent call last):
  File "/oscar/home/jnickla1/fair-calibrate/input/fair-2.1.3/v1.4/all_current_NorESMVolc/constraining/./03_reweight-rmse-posterior-multiple-constraints.py", line 156, in <module>
    scale=np.sqrt(ohc_sd[cutoff_int]**2+ohc_sd[cutoff_int-50]**2), size=10**5, random_state=43178)
                  ~~~~~~^^^^^^^^^^^^
IndexError: index 195 is out of bounds for axis 0 with size 174
ERROR in constraining/03_reweight-rmse-posterior-multiple-constraints.py for cutoff 2045
