## SLURM PROLOG ###############################################################
##    Job ID : 11614505
##  Job Name : FAIRc_cur
##  Nodelist : node2310
##      CPUs : 1
##  Mem/Node : 16384 MB
## Directory : /oscar/home/jnickla1/fair-calibrate
##   Job Started : Wed May 28 10:28:27 PM EDT 2025
###############################################################################
Starting job 34 on node2310
0
>>> Constraining with cutoff year = 1963
0
####  • constraining/01_constrain-gsat-rmse-only.py####
0
Doing RMSE constraint...
Passing RMSE constraint: 541939
[ 59224 265168 527225 284551  20244 266163 101748 162653 217123  18221]
[0.16999968 0.1699997  0.16999971 0.16999972 0.16999973 0.16999983
 0.16999984 0.16999988 0.16999989 0.16999998]
[0.09622605 0.09975458 0.09978632 0.10022657 0.1002415  0.10049027
 0.10053731 0.10060534 0.10066415 0.10069135]
1
####  • constraining/02_run-1pct.py####
264
Running 1pctCO2 scenarios...
2
####  • constraining/03_reweight-rmse-posterior-multiple-constraints.py####
266
Doing reweighting...
breakpoint here?
Number of effective samples: 1257
Constrained, reweighted parameters:
ECS: [1.60669312 2.76306745 5.31669306]
TCR: [1.17278541 1.66596034 2.27177448]
CO2 concentration current: [317.94061835 318.94250699 319.87051903]
Temperature l20yrs rel. 1850-1900: [0.0100788  0.14506206 0.32443974]
Aerosol ERFari 2005-2014 rel. 1750: [-0.6327238  -0.2955095   0.04993626]
Aerosol ERFaci 2005-2014 rel. 1750: [-1.85390722 -1.08892349 -0.25864902]
Aerosol ERF 2005-2014 rel. 1750: [-2.1678555  -1.38484728 -0.61773523]
OHC change l50yrs: [161.88688158 191.95440908 221.45706272]
*likely range
3
####  • constraining/04_dump-calibration.py####
426
Dumping output...
4
5
6
7
438
All done!
