## SLURM PROLOG ###############################################################
##    Job ID : 11614616
##  Job Name : FAIRc_cur
##  Nodelist : node2309
##      CPUs : 1
##  Mem/Node : 16384 MB
## Directory : /oscar/home/jnickla1/fair-calibrate
##   Job Started : Wed May 28 10:42:02 PM EDT 2025
###############################################################################
Starting job 108 on node2309
0
>>> Constraining with cutoff year = 2037
0
####  • constraining/01_constrain-gsat-rmse-only.py####
0
Doing RMSE constraint...
Passing RMSE constraint: 99883
[73388 52568 97390 50582 18870 74752  1861 18255 28169 44768]
[0.1699974  0.16999774 0.16999797 0.16999826 0.16999833 0.16999841
 0.16999885 0.16999953 0.16999973 0.16999981]
[0.10741678 0.10850539 0.1087816  0.10895462 0.10915454 0.10925771
 0.10938853 0.10939172 0.10963887 0.10967693]
1
####  • constraining/02_run-1pct.py####
271
Running 1pctCO2 scenarios...
2
####  • constraining/03_reweight-rmse-posterior-multiple-constraints.py####
272
Doing reweighting...
Traceback (most recent call last):
  File "/oscar/home/jnickla1/fair-calibrate/input/fair-2.1.3/v1.4/all_current_NorESMVolc/constraining/./03_reweight-rmse-posterior-multiple-constraints.py", line 156, in <module>
    scale=np.sqrt(ohc_sd[cutoff_int]**2+ohc_sd[cutoff_int-50]**2), size=10**5, random_state=43178)
                  ~~~~~~^^^^^^^^^^^^
IndexError: index 187 is out of bounds for axis 0 with size 174
ERROR in constraining/03_reweight-rmse-posterior-multiple-constraints.py for cutoff 2037
