## SLURM PROLOG ###############################################################
##    Job ID : 11614610
##  Job Name : FAIRc_cur
##  Nodelist : node2303
##      CPUs : 1
##  Mem/Node : 16384 MB
## Directory : /oscar/home/jnickla1/fair-calibrate
##   Job Started : Wed May 28 10:41:51 PM EDT 2025
###############################################################################
Starting job 102 on node2303
0
>>> Constraining with cutoff year = 2031
0
####  • constraining/01_constrain-gsat-rmse-only.py####
0
Doing RMSE constraint...
Passing RMSE constraint: 123662
[104128  81633   3305  40814  66750  70883  15517   8035  77103 120258]
[0.16999755 0.16999806 0.16999824 0.16999849 0.16999861 0.169999
 0.16999904 0.16999946 0.16999953 0.16999977]
[0.10788477 0.10834864 0.10876875 0.10903908 0.10913134 0.10917764
 0.10954004 0.10955001 0.10967714 0.10974384]
1
####  • constraining/02_run-1pct.py####
266
Running 1pctCO2 scenarios...
2
####  • constraining/03_reweight-rmse-posterior-multiple-constraints.py####
268
Doing reweighting...
Traceback (most recent call last):
  File "/oscar/home/jnickla1/fair-calibrate/input/fair-2.1.3/v1.4/all_current_NorESMVolc/constraining/./03_reweight-rmse-posterior-multiple-constraints.py", line 156, in <module>
    scale=np.sqrt(ohc_sd[cutoff_int]**2+ohc_sd[cutoff_int-50]**2), size=10**5, random_state=43178)
                  ~~~~~~^^^^^^^^^^^^
IndexError: index 181 is out of bounds for axis 0 with size 174
ERROR in constraining/03_reweight-rmse-posterior-multiple-constraints.py for cutoff 2031
