## SLURM PROLOG ###############################################################
##    Job ID : 11614618
##  Job Name : FAIRc_cur
##  Nodelist : node2310
##      CPUs : 1
##  Mem/Node : 16384 MB
## Directory : /oscar/home/jnickla1/fair-calibrate
##   Job Started : Wed May 28 10:42:02 PM EDT 2025
###############################################################################
Starting job 110 on node2310
0
>>> Constraining with cutoff year = 2039
0
####  • constraining/01_constrain-gsat-rmse-only.py####
0
Doing RMSE constraint...
Passing RMSE constraint: 95057
[81834 44160 13346 12620 71214 40396 12792 76972  7416 13011]
[0.16999532 0.16999561 0.1699963  0.16999636 0.16999693 0.16999881
 0.16999888 0.16999969 0.16999981 0.16999988]
[0.10705032 0.10835304 0.10884895 0.10886233 0.10909117 0.10936811
 0.10941594 0.10946329 0.10965535 0.10998487]
1
####  • constraining/02_run-1pct.py####
269
Running 1pctCO2 scenarios...
2
####  • constraining/03_reweight-rmse-posterior-multiple-constraints.py####
273
Doing reweighting...
Traceback (most recent call last):
  File "/oscar/home/jnickla1/fair-calibrate/input/fair-2.1.3/v1.4/all_current_NorESMVolc/constraining/./03_reweight-rmse-posterior-multiple-constraints.py", line 156, in <module>
    scale=np.sqrt(ohc_sd[cutoff_int]**2+ohc_sd[cutoff_int-50]**2), size=10**5, random_state=43178)
                  ~~~~~~^^^^^^^^^^^^
IndexError: index 189 is out of bounds for axis 0 with size 174
ERROR in constraining/03_reweight-rmse-posterior-multiple-constraints.py for cutoff 2039
