## SLURM PROLOG ###############################################################
##    Job ID : 11614647
##  Job Name : FAIRc_cur
##  Nodelist : node2351
##      CPUs : 1
##  Mem/Node : 16384 MB
## Directory : /oscar/home/jnickla1/fair-calibrate
##   Job Started : Wed May 28 10:46:40 PM EDT 2025
###############################################################################
Starting job 129 on node2351
0
>>> Constraining with cutoff year = 2058
0
####  • constraining/01_constrain-gsat-rmse-only.py####
0
Doing RMSE constraint...
Passing RMSE constraint: 76564
[63342 26756 75794 35305 75786 73332  2305  3762 36321 35997]
[0.1699956  0.16999573 0.16999596 0.1699966  0.16999679 0.16999698
 0.16999712 0.16999732 0.16999734 0.16999841]
[0.10618026 0.1070366  0.1071226  0.1072671  0.10746496 0.10771337
 0.1077491  0.10790853 0.10838194 0.1087017 ]
1
####  • constraining/02_run-1pct.py####
269
Running 1pctCO2 scenarios...
2
####  • constraining/03_reweight-rmse-posterior-multiple-constraints.py####
271
Doing reweighting...
Traceback (most recent call last):
  File "/oscar/home/jnickla1/fair-calibrate/input/fair-2.1.3/v1.4/all_current_NorESMVolc/constraining/./03_reweight-rmse-posterior-multiple-constraints.py", line 156, in <module>
    scale=np.sqrt(ohc_sd[cutoff_int]**2+ohc_sd[cutoff_int-50]**2), size=10**5, random_state=43178)
                  ~~~~~~^^^^^^^^^^^^
IndexError: index 208 is out of bounds for axis 0 with size 174
ERROR in constraining/03_reweight-rmse-posterior-multiple-constraints.py for cutoff 2058
