## SLURM PROLOG ###############################################################
##    Job ID : 11614698
##  Job Name : FAIRc_cur
##  Nodelist : node2344
##      CPUs : 1
##  Mem/Node : 16384 MB
## Directory : /oscar/home/jnickla1/fair-calibrate
##   Job Started : Wed May 28 10:52:18 PM EDT 2025
###############################################################################
Starting job 168 on node2344
0
>>> Constraining with cutoff year = 2097
0
####  • constraining/01_constrain-gsat-rmse-only.py####
0
Doing RMSE constraint...
Passing RMSE constraint: 43586
[17302  9522 11118 13444 38466  1883 33189 42682 11252 23832]
[0.16999335 0.16999396 0.16999447 0.16999458 0.16999532 0.16999652
 0.16999725 0.16999786 0.16999788 0.16999902]
[0.10685337 0.10751976 0.10865426 0.10918071 0.10981274 0.10995389
 0.11004909 0.11048617 0.11051503 0.11063744]
1
####  • constraining/02_run-1pct.py####
268
Running 1pctCO2 scenarios...
2
####  • constraining/03_reweight-rmse-posterior-multiple-constraints.py####
270
Doing reweighting...
Traceback (most recent call last):
  File "/oscar/home/jnickla1/fair-calibrate/input/fair-2.1.3/v1.4/all_current_NorESMVolc/constraining/./03_reweight-rmse-posterior-multiple-constraints.py", line 156, in <module>
    scale=np.sqrt(ohc_sd[cutoff_int]**2+ohc_sd[cutoff_int-50]**2), size=10**5, random_state=43178)
                  ~~~~~~^^^^^^^^^^^^
IndexError: index 247 is out of bounds for axis 0 with size 174
ERROR in constraining/03_reweight-rmse-posterior-multiple-constraints.py for cutoff 2097
