## SLURM PROLOG ###############################################################
##    Job ID : 11614653
##  Job Name : FAIRc_cur
##  Nodelist : node2309
##      CPUs : 1
##  Mem/Node : 16384 MB
## Directory : /oscar/home/jnickla1/fair-calibrate
##   Job Started : Wed May 28 10:46:50 PM EDT 2025
###############################################################################
Starting job 135 on node2309
0
>>> Constraining with cutoff year = 2064
0
####  • constraining/01_constrain-gsat-rmse-only.py####
0
Doing RMSE constraint...
Passing RMSE constraint: 70671
[67883 59318  8473 46682 15913 63978 23999 47496 16471 40197]
[0.16999667 0.16999685 0.169997   0.16999707 0.1699972  0.16999733
 0.16999811 0.1699982  0.16999847 0.16999899]
[0.10652108 0.10705367 0.10731294 0.10769785 0.10793421 0.108186
 0.10889494 0.1090399  0.10927903 0.10934732]
1
####  • constraining/02_run-1pct.py####
270
Running 1pctCO2 scenarios...
2
####  • constraining/03_reweight-rmse-posterior-multiple-constraints.py####
272
Doing reweighting...
Traceback (most recent call last):
  File "/oscar/home/jnickla1/fair-calibrate/input/fair-2.1.3/v1.4/all_current_NorESMVolc/constraining/./03_reweight-rmse-posterior-multiple-constraints.py", line 156, in <module>
    scale=np.sqrt(ohc_sd[cutoff_int]**2+ohc_sd[cutoff_int-50]**2), size=10**5, random_state=43178)
                  ~~~~~~^^^^^^^^^^^^
IndexError: index 214 is out of bounds for axis 0 with size 174
ERROR in constraining/03_reweight-rmse-posterior-multiple-constraints.py for cutoff 2064
