## SLURM PROLOG ###############################################################
##    Job ID : 11614682
##  Job Name : FAIRc_cur
##  Nodelist : node2352
##      CPUs : 1
##  Mem/Node : 16384 MB
## Directory : /oscar/home/jnickla1/fair-calibrate
##   Job Started : Wed May 28 10:51:09 PM EDT 2025
###############################################################################
Starting job 152 on node2352
0
>>> Constraining with cutoff year = 2081
0
####  • constraining/01_constrain-gsat-rmse-only.py####
0
Doing RMSE constraint...
Passing RMSE constraint: 60371
[24342  7993 56138 34772 57531 30029 26051 55335  9225 21067]
[0.16999731 0.16999732 0.16999743 0.16999788 0.16999814 0.16999879
 0.16999907 0.1699991  0.1699993  0.16999995]
[0.10524416 0.10682752 0.10714205 0.10783175 0.10803504 0.10839305
 0.10840086 0.10853078 0.10887867 0.10902   ]
1
####  • constraining/02_run-1pct.py####
271
Running 1pctCO2 scenarios...
2
####  • constraining/03_reweight-rmse-posterior-multiple-constraints.py####
272
Doing reweighting...
Traceback (most recent call last):
  File "/oscar/home/jnickla1/fair-calibrate/input/fair-2.1.3/v1.4/all_current_NorESMVolc/constraining/./03_reweight-rmse-posterior-multiple-constraints.py", line 156, in <module>
    scale=np.sqrt(ohc_sd[cutoff_int]**2+ohc_sd[cutoff_int-50]**2), size=10**5, random_state=43178)
                  ~~~~~~^^^^^^^^^^^^
IndexError: index 231 is out of bounds for axis 0 with size 174
ERROR in constraining/03_reweight-rmse-posterior-multiple-constraints.py for cutoff 2081
