## SLURM PROLOG ###############################################################
##    Job ID : 11614615
##  Job Name : FAIRc_cur
##  Nodelist : node2351
##      CPUs : 1
##  Mem/Node : 16384 MB
## Directory : /oscar/home/jnickla1/fair-calibrate
##   Job Started : Wed May 28 10:42:02 PM EDT 2025
###############################################################################
Starting job 107 on node2351
0
>>> Constraining with cutoff year = 2036
0
####  • constraining/01_constrain-gsat-rmse-only.py####
0
Doing RMSE constraint...
Passing RMSE constraint: 104659
[19886 83009 21736 87902 27990 44188 71441 37600 48335 55611]
[0.16999741 0.16999814 0.16999831 0.16999839 0.16999942 0.16999943
 0.16999965 0.16999969 0.16999972 0.16999978]
[0.10740173 0.10843544 0.10888236 0.10894136 0.10903101 0.10906724
 0.10911727 0.10934322 0.10965767 0.10990184]
1
####  • constraining/02_run-1pct.py####
268
Running 1pctCO2 scenarios...
2
####  • constraining/03_reweight-rmse-posterior-multiple-constraints.py####
269
Doing reweighting...
Traceback (most recent call last):
  File "/oscar/home/jnickla1/fair-calibrate/input/fair-2.1.3/v1.4/all_current_NorESMVolc/constraining/./03_reweight-rmse-posterior-multiple-constraints.py", line 156, in <module>
    scale=np.sqrt(ohc_sd[cutoff_int]**2+ohc_sd[cutoff_int-50]**2), size=10**5, random_state=43178)
                  ~~~~~~^^^^^^^^^^^^
IndexError: index 186 is out of bounds for axis 0 with size 174
ERROR in constraining/03_reweight-rmse-posterior-multiple-constraints.py for cutoff 2036
