## SLURM PROLOG ###############################################################
##    Job ID : 11614660
##  Job Name : FAIRc_cur
##  Nodelist : node2352
##      CPUs : 1
##  Mem/Node : 16384 MB
## Directory : /oscar/home/jnickla1/fair-calibrate
##   Job Started : Wed May 28 10:47:31 PM EDT 2025
###############################################################################
Starting job 142 on node2352
0
>>> Constraining with cutoff year = 2071
0
####  • constraining/01_constrain-gsat-rmse-only.py####
0
Doing RMSE constraint...
Passing RMSE constraint: 66594
[19382 60592 25158 60626  2896 45770 64552 54950 17812 31409]
[0.16999406 0.16999497 0.16999506 0.16999546 0.16999551 0.16999575
 0.16999623 0.16999783 0.16999805 0.17      ]
[0.10616976 0.1069098  0.10697005 0.10737983 0.10846609 0.10852455
 0.10883846 0.10886664 0.10917823 0.1094102 ]
1
####  • constraining/02_run-1pct.py####
272
Running 1pctCO2 scenarios...
2
####  • constraining/03_reweight-rmse-posterior-multiple-constraints.py####
276
Doing reweighting...
Traceback (most recent call last):
  File "/oscar/home/jnickla1/fair-calibrate/input/fair-2.1.3/v1.4/all_current_NorESMVolc/constraining/./03_reweight-rmse-posterior-multiple-constraints.py", line 156, in <module>
    scale=np.sqrt(ohc_sd[cutoff_int]**2+ohc_sd[cutoff_int-50]**2), size=10**5, random_state=43178)
                  ~~~~~~^^^^^^^^^^^^
IndexError: index 221 is out of bounds for axis 0 with size 174
ERROR in constraining/03_reweight-rmse-posterior-multiple-constraints.py for cutoff 2071
