## SLURM PROLOG ###############################################################
##    Job ID : 11614688
##  Job Name : FAIRc_cur
##  Nodelist : node2344
##      CPUs : 1
##  Mem/Node : 16384 MB
## Directory : /oscar/home/jnickla1/fair-calibrate
##   Job Started : Wed May 28 10:51:19 PM EDT 2025
###############################################################################
Starting job 158 on node2344
0
>>> Constraining with cutoff year = 2087
0
####  • constraining/01_constrain-gsat-rmse-only.py####
0
Doing RMSE constraint...
Passing RMSE constraint: 50631
[14754 16584 39701 10332 31727 10548 44008 45450 27152 23391]
[0.16999556 0.16999595 0.16999634 0.169997   0.16999787 0.16999788
 0.16999802 0.16999837 0.16999952 0.16999958]
[0.10720704 0.10833877 0.10916245 0.10933311 0.10937614 0.11002769
 0.11056781 0.11093045 0.11110077 0.11119968]
1
####  • constraining/02_run-1pct.py####
270
Running 1pctCO2 scenarios...
2
####  • constraining/03_reweight-rmse-posterior-multiple-constraints.py####
272
Doing reweighting...
Traceback (most recent call last):
  File "/oscar/home/jnickla1/fair-calibrate/input/fair-2.1.3/v1.4/all_current_NorESMVolc/constraining/./03_reweight-rmse-posterior-multiple-constraints.py", line 156, in <module>
    scale=np.sqrt(ohc_sd[cutoff_int]**2+ohc_sd[cutoff_int-50]**2), size=10**5, random_state=43178)
                  ~~~~~~^^^^^^^^^^^^
IndexError: index 237 is out of bounds for axis 0 with size 174
ERROR in constraining/03_reweight-rmse-posterior-multiple-constraints.py for cutoff 2087
