## SLURM PROLOG ###############################################################
##    Job ID : 11614692
##  Job Name : FAIRc_cur
##  Nodelist : node2309
##      CPUs : 1
##  Mem/Node : 16384 MB
## Directory : /oscar/home/jnickla1/fair-calibrate
##   Job Started : Wed May 28 10:51:29 PM EDT 2025
###############################################################################
Starting job 162 on node2309
0
>>> Constraining with cutoff year = 2091
0
####  • constraining/01_constrain-gsat-rmse-only.py####
0
Doing RMSE constraint...
Passing RMSE constraint: 46171
[ 5236 43336  3691 20622 19831 45973 24111 21050 26237  3921]
[0.16999645 0.1699967  0.1699969  0.16999712 0.16999719 0.16999846
 0.16999926 0.16999938 0.1699994  0.16999945]
[0.10738088 0.10815783 0.1086743  0.11008818 0.110138   0.11050196
 0.11063474 0.11071842 0.11114189 0.111163  ]
1
####  • constraining/02_run-1pct.py####
275
Running 1pctCO2 scenarios...
2
####  • constraining/03_reweight-rmse-posterior-multiple-constraints.py####
276
Doing reweighting...
Traceback (most recent call last):
  File "/oscar/home/jnickla1/fair-calibrate/input/fair-2.1.3/v1.4/all_current_NorESMVolc/constraining/./03_reweight-rmse-posterior-multiple-constraints.py", line 156, in <module>
    scale=np.sqrt(ohc_sd[cutoff_int]**2+ohc_sd[cutoff_int-50]**2), size=10**5, random_state=43178)
                  ~~~~~~^^^^^^^^^^^^
IndexError: index 241 is out of bounds for axis 0 with size 174
ERROR in constraining/03_reweight-rmse-posterior-multiple-constraints.py for cutoff 2091
