## SLURM PROLOG ###############################################################
##    Job ID : 11614622
##  Job Name : FAIRc_cur
##  Nodelist : node2344
##      CPUs : 1
##  Mem/Node : 16384 MB
## Directory : /oscar/home/jnickla1/fair-calibrate
##   Job Started : Wed May 28 10:42:42 PM EDT 2025
###############################################################################
Starting job 114 on node2344
0
>>> Constraining with cutoff year = 2043
0
####  • constraining/01_constrain-gsat-rmse-only.py####
0
Doing RMSE constraint...
Passing RMSE constraint: 87650
[65115 22590 51776 44124 86477 77813 21514 31988 48478 79683]
[0.169999   0.16999904 0.16999905 0.16999929 0.16999931 0.1699994
 0.16999941 0.16999949 0.16999961 0.16999961]
[0.10669954 0.10810664 0.10839194 0.10841292 0.10896878 0.10917918
 0.10943026 0.10958539 0.10980734 0.10991122]
1
####  • constraining/02_run-1pct.py####
274
Running 1pctCO2 scenarios...
2
####  • constraining/03_reweight-rmse-posterior-multiple-constraints.py####
276
Doing reweighting...
Traceback (most recent call last):
  File "/oscar/home/jnickla1/fair-calibrate/input/fair-2.1.3/v1.4/all_current_NorESMVolc/constraining/./03_reweight-rmse-posterior-multiple-constraints.py", line 156, in <module>
    scale=np.sqrt(ohc_sd[cutoff_int]**2+ohc_sd[cutoff_int-50]**2), size=10**5, random_state=43178)
                  ~~~~~~^^^^^^^^^^^^
IndexError: index 193 is out of bounds for axis 0 with size 174
ERROR in constraining/03_reweight-rmse-posterior-multiple-constraints.py for cutoff 2043
