## SLURM PROLOG ###############################################################
##    Job ID : 11614639
##  Job Name : FAIRc_cur
##  Nodelist : node2352
##      CPUs : 1
##  Mem/Node : 16384 MB
## Directory : /oscar/home/jnickla1/fair-calibrate
##   Job Started : Wed May 28 10:46:20 PM EDT 2025
###############################################################################
Starting job 121 on node2352
0
>>> Constraining with cutoff year = 2050
0
####  • constraining/01_constrain-gsat-rmse-only.py####
0
Doing RMSE constraint...
Passing RMSE constraint: 80951
[28336 50432 73764 52779 45035 63769 79568 31182 18431 27045]
[0.16999635 0.1699965  0.16999743 0.16999753 0.16999784 0.16999831
 0.1699985  0.16999915 0.16999957 0.16999978]
[0.10565572 0.10736571 0.10776615 0.1081546  0.10825522 0.1082581
 0.10874061 0.10882981 0.10891104 0.10892312]
1
####  • constraining/02_run-1pct.py####
281
Running 1pctCO2 scenarios...
2
####  • constraining/03_reweight-rmse-posterior-multiple-constraints.py####
282
Doing reweighting...
Traceback (most recent call last):
  File "/oscar/home/jnickla1/fair-calibrate/input/fair-2.1.3/v1.4/all_current_NorESMVolc/constraining/./03_reweight-rmse-posterior-multiple-constraints.py", line 156, in <module>
    scale=np.sqrt(ohc_sd[cutoff_int]**2+ohc_sd[cutoff_int-50]**2), size=10**5, random_state=43178)
                  ~~~~~~^^^^^^^^^^^^
IndexError: index 200 is out of bounds for axis 0 with size 174
ERROR in constraining/03_reweight-rmse-posterior-multiple-constraints.py for cutoff 2050
