## SLURM PROLOG ###############################################################
##    Job ID : 11614699
##  Job Name : FAIRc_cur
##  Nodelist : node2352
##      CPUs : 1
##  Mem/Node : 16384 MB
## Directory : /oscar/home/jnickla1/fair-calibrate
##   Job Started : Wed May 28 10:52:18 PM EDT 2025
###############################################################################
Starting job 169 on node2352
0
>>> Constraining with cutoff year = 2098
0
####  • constraining/01_constrain-gsat-rmse-only.py####
0
Doing RMSE constraint...
Passing RMSE constraint: 43401
[27585 36727  7371  6122 21930 12778  6459 22741  2361  4622]
[0.16999435 0.16999654 0.1699966  0.16999662 0.16999812 0.1699985
 0.16999903 0.16999924 0.16999991 0.16999994]
[0.10668084 0.10732699 0.10897139 0.10906569 0.10959321 0.10991712
 0.11022246 0.11035207 0.11041684 0.11042165]
1
####  • constraining/02_run-1pct.py####
274
Running 1pctCO2 scenarios...
2
####  • constraining/03_reweight-rmse-posterior-multiple-constraints.py####
276
Doing reweighting...
Traceback (most recent call last):
  File "/oscar/home/jnickla1/fair-calibrate/input/fair-2.1.3/v1.4/all_current_NorESMVolc/constraining/./03_reweight-rmse-posterior-multiple-constraints.py", line 156, in <module>
    scale=np.sqrt(ohc_sd[cutoff_int]**2+ohc_sd[cutoff_int-50]**2), size=10**5, random_state=43178)
                  ~~~~~~^^^^^^^^^^^^
IndexError: index 248 is out of bounds for axis 0 with size 174
ERROR in constraining/03_reweight-rmse-posterior-multiple-constraints.py for cutoff 2098
