## SLURM PROLOG ###############################################################
##    Job ID : 11614681
##  Job Name : FAIRc_cur
##  Nodelist : node2350
##      CPUs : 1
##  Mem/Node : 16384 MB
## Directory : /oscar/home/jnickla1/fair-calibrate
##   Job Started : Wed May 28 10:51:09 PM EDT 2025
###############################################################################
Starting job 151 on node2350
0
>>> Constraining with cutoff year = 2080
0
####  • constraining/01_constrain-gsat-rmse-only.py####
0
Doing RMSE constraint...
Passing RMSE constraint: 62087
[59821 34424 25425 12445 47056 33300 17909 45979 24865  4158]
[0.16999703 0.16999715 0.16999718 0.16999736 0.16999743 0.16999803
 0.16999809 0.16999815 0.16999878 0.16999932]
[0.10508575 0.10581939 0.1070659  0.1071828  0.10794211 0.10804698
 0.1081943  0.10824405 0.10836831 0.10874543]
1
####  • constraining/02_run-1pct.py####
276
Running 1pctCO2 scenarios...
2
####  • constraining/03_reweight-rmse-posterior-multiple-constraints.py####
277
Doing reweighting...
Traceback (most recent call last):
  File "/oscar/home/jnickla1/fair-calibrate/input/fair-2.1.3/v1.4/all_current_NorESMVolc/constraining/./03_reweight-rmse-posterior-multiple-constraints.py", line 156, in <module>
    scale=np.sqrt(ohc_sd[cutoff_int]**2+ohc_sd[cutoff_int-50]**2), size=10**5, random_state=43178)
                  ~~~~~~^^^^^^^^^^^^
IndexError: index 230 is out of bounds for axis 0 with size 174
ERROR in constraining/03_reweight-rmse-posterior-multiple-constraints.py for cutoff 2080
