## SLURM PROLOG ###############################################################
##    Job ID : 11614655
##  Job Name : FAIRc_cur
##  Nodelist : node2350
##      CPUs : 1
##  Mem/Node : 16384 MB
## Directory : /oscar/home/jnickla1/fair-calibrate
##   Job Started : Wed May 28 10:47:00 PM EDT 2025
###############################################################################
Starting job 137 on node2350
0
>>> Constraining with cutoff year = 2066
0
####  • constraining/01_constrain-gsat-rmse-only.py####
0
Doing RMSE constraint...
Passing RMSE constraint: 69801
[50989  8524 47088 38623 18744  8855 10904 68869 66487  3858]
[0.16999708 0.16999726 0.16999767 0.16999774 0.16999798 0.16999861
 0.16999878 0.16999882 0.16999907 0.16999959]
[0.10620624 0.10672091 0.10684574 0.10735957 0.10809278 0.10847393
 0.10881445 0.10905777 0.1090691  0.10908704]
1
####  • constraining/02_run-1pct.py####
266
Running 1pctCO2 scenarios...
2
####  • constraining/03_reweight-rmse-posterior-multiple-constraints.py####
268
Doing reweighting...
Traceback (most recent call last):
  File "/oscar/home/jnickla1/fair-calibrate/input/fair-2.1.3/v1.4/all_current_NorESMVolc/constraining/./03_reweight-rmse-posterior-multiple-constraints.py", line 156, in <module>
    scale=np.sqrt(ohc_sd[cutoff_int]**2+ohc_sd[cutoff_int-50]**2), size=10**5, random_state=43178)
                  ~~~~~~^^^^^^^^^^^^
IndexError: index 216 is out of bounds for axis 0 with size 174
ERROR in constraining/03_reweight-rmse-posterior-multiple-constraints.py for cutoff 2066
