## SLURM PROLOG ###############################################################
##    Job ID : 11614582
##  Job Name : FAIRc_cur
##  Nodelist : node2309
##      CPUs : 1
##  Mem/Node : 16384 MB
## Directory : /oscar/home/jnickla1/fair-calibrate
##   Job Started : Wed May 28 10:36:09 PM EDT 2025
###############################################################################
Starting job 86 on node2309
0
>>> Constraining with cutoff year = 2015
0
####  • constraining/01_constrain-gsat-rmse-only.py####
0
Doing RMSE constraint...
Passing RMSE constraint: 204592
[ 90703 165268 110485  98243  55971 105949 141119  92269 193921  48451]
[0.16999866 0.16999869 0.16999878 0.16999887 0.1699992  0.16999926
 0.1699993  0.16999945 0.16999969 0.16999973]
[0.10375432 0.10534582 0.1060625  0.10641636 0.10649314 0.10649562
 0.10650655 0.10676297 0.10698079 0.1071776 ]
1
####  • constraining/02_run-1pct.py####
270
Running 1pctCO2 scenarios...
2
####  • constraining/03_reweight-rmse-posterior-multiple-constraints.py####
272
Doing reweighting...
breakpoint here?
Number of effective samples: 979
Constrained, reweighted parameters:
ECS: [1.709478   2.81006558 5.57139454]
TCR: [1.26256205 1.6791911  2.3173022 ]
CO2 concentration current: [399.83723331 400.87409651 402.00591932]
Temperature l20yrs rel. 1850-1900: [0.59432578 0.75526425 0.90024142]
Aerosol ERFari 2005-2014 rel. 1750: [-0.59979801 -0.29002087  0.04297122]
Aerosol ERFaci 2005-2014 rel. 1750: [-1.71322304 -0.99279742 -0.22579793]
Aerosol ERF 2005-2014 rel. 1750: [-1.99471599 -1.27844789 -0.5790084 ]
OHC change l50yrs: [351.0882595  434.0981104  508.36773645]
*likely range
3
####  • constraining/04_dump-calibration.py####
337
Dumping output...
4
5
6
7
350
All done!
