## SLURM PROLOG ###############################################################
##    Job ID : 11614648
##  Job Name : FAIRc_cur
##  Nodelist : node2308
##      CPUs : 1
##  Mem/Node : 16384 MB
## Directory : /oscar/home/jnickla1/fair-calibrate
##   Job Started : Wed May 28 10:46:40 PM EDT 2025
###############################################################################
Starting job 130 on node2308
0
>>> Constraining with cutoff year = 2059
0
####  • constraining/01_constrain-gsat-rmse-only.py####
0
Doing RMSE constraint...
Passing RMSE constraint: 76042
[ 9921 59212 72847 16130 50406 71503 71719 70167  9312 31960]
[0.16999721 0.16999739 0.16999758 0.16999764 0.16999785 0.16999787
 0.16999835 0.16999915 0.16999915 0.16999956]
[0.10595314 0.10689015 0.10704839 0.10721608 0.1075071  0.10756667
 0.1076514  0.1077137  0.10813855 0.10851162]
1
####  • constraining/02_run-1pct.py####
311
Running 1pctCO2 scenarios...
2
####  • constraining/03_reweight-rmse-posterior-multiple-constraints.py####
314
Doing reweighting...
Traceback (most recent call last):
  File "/oscar/home/jnickla1/fair-calibrate/input/fair-2.1.3/v1.4/all_current_NorESMVolc/constraining/./03_reweight-rmse-posterior-multiple-constraints.py", line 156, in <module>
    scale=np.sqrt(ohc_sd[cutoff_int]**2+ohc_sd[cutoff_int-50]**2), size=10**5, random_state=43178)
                  ~~~~~~^^^^^^^^^^^^
IndexError: index 209 is out of bounds for axis 0 with size 174
ERROR in constraining/03_reweight-rmse-posterior-multiple-constraints.py for cutoff 2059
