## SLURM PROLOG ###############################################################
##    Job ID : 11614645
##  Job Name : FAIRc_cur
##  Nodelist : node2344
##      CPUs : 1
##  Mem/Node : 16384 MB
## Directory : /oscar/home/jnickla1/fair-calibrate
##   Job Started : Wed May 28 10:46:40 PM EDT 2025
###############################################################################
Starting job 127 on node2344
0
>>> Constraining with cutoff year = 2056
0
####  • constraining/01_constrain-gsat-rmse-only.py####
0
Doing RMSE constraint...
Passing RMSE constraint: 77416
[11803 32296 66726 60784 33739 21701 74918 22081 66442 39849]
[0.1699969  0.16999733 0.16999748 0.16999795 0.16999836 0.16999846
 0.1699989  0.16999915 0.16999962 0.16999972]
[0.10605115 0.10650573 0.10687529 0.10750638 0.10754983 0.10758284
 0.10813804 0.10816287 0.10828277 0.10871986]
1
####  • constraining/02_run-1pct.py####
270
Running 1pctCO2 scenarios...
2
####  • constraining/03_reweight-rmse-posterior-multiple-constraints.py####
272
Doing reweighting...
Traceback (most recent call last):
  File "/oscar/home/jnickla1/fair-calibrate/input/fair-2.1.3/v1.4/all_current_NorESMVolc/constraining/./03_reweight-rmse-posterior-multiple-constraints.py", line 156, in <module>
    scale=np.sqrt(ohc_sd[cutoff_int]**2+ohc_sd[cutoff_int-50]**2), size=10**5, random_state=43178)
                  ~~~~~~^^^^^^^^^^^^
IndexError: index 206 is out of bounds for axis 0 with size 174
ERROR in constraining/03_reweight-rmse-posterior-multiple-constraints.py for cutoff 2056
