## SLURM PROLOG ###############################################################
##    Job ID : 11614685
##  Job Name : FAIRc_cur
##  Nodelist : node2309
##      CPUs : 1
##  Mem/Node : 16384 MB
## Directory : /oscar/home/jnickla1/fair-calibrate
##   Job Started : Wed May 28 10:51:09 PM EDT 2025
###############################################################################
Starting job 155 on node2309
0
>>> Constraining with cutoff year = 2084
0
####  • constraining/01_constrain-gsat-rmse-only.py####
0
Doing RMSE constraint...
Passing RMSE constraint: 53724
[49942 38681 15820  4095  3645 29171   749  1977  9156 52191]
[0.16999541 0.16999598 0.16999599 0.16999601 0.16999612 0.16999683
 0.16999701 0.16999714 0.16999794 0.16999998]
[0.10657553 0.10837743 0.10844136 0.10856744 0.10870143 0.10906166
 0.1095482  0.11000067 0.11042151 0.110541  ]
1
####  • constraining/02_run-1pct.py####
269
Running 1pctCO2 scenarios...
2
####  • constraining/03_reweight-rmse-posterior-multiple-constraints.py####
272
Doing reweighting...
Traceback (most recent call last):
  File "/oscar/home/jnickla1/fair-calibrate/input/fair-2.1.3/v1.4/all_current_NorESMVolc/constraining/./03_reweight-rmse-posterior-multiple-constraints.py", line 156, in <module>
    scale=np.sqrt(ohc_sd[cutoff_int]**2+ohc_sd[cutoff_int-50]**2), size=10**5, random_state=43178)
                  ~~~~~~^^^^^^^^^^^^
IndexError: index 234 is out of bounds for axis 0 with size 174
ERROR in constraining/03_reweight-rmse-posterior-multiple-constraints.py for cutoff 2084
