## SLURM PROLOG ###############################################################
##    Job ID : 11614695
##  Job Name : FAIRc_cur
##  Nodelist : node2351
##      CPUs : 1
##  Mem/Node : 16384 MB
## Directory : /oscar/home/jnickla1/fair-calibrate
##   Job Started : Wed May 28 10:51:39 PM EDT 2025
###############################################################################
Starting job 165 on node2351
0
>>> Constraining with cutoff year = 2094
0
####  • constraining/01_constrain-gsat-rmse-only.py####
0
Doing RMSE constraint...
Passing RMSE constraint: 44592
[41518 19168 26892 32210 31561 10565 16397 33006 22173 29608]
[0.16999584 0.16999607 0.16999609 0.1699962  0.16999648 0.16999651
 0.16999676 0.16999677 0.16999849 0.16999998]
[0.10718042 0.10776982 0.10888701 0.10965357 0.11021121 0.11046823
 0.11070269 0.11072764 0.11088078 0.11109708]
1
####  • constraining/02_run-1pct.py####
269
Running 1pctCO2 scenarios...
2
####  • constraining/03_reweight-rmse-posterior-multiple-constraints.py####
271
Doing reweighting...
Traceback (most recent call last):
  File "/oscar/home/jnickla1/fair-calibrate/input/fair-2.1.3/v1.4/all_current_NorESMVolc/constraining/./03_reweight-rmse-posterior-multiple-constraints.py", line 156, in <module>
    scale=np.sqrt(ohc_sd[cutoff_int]**2+ohc_sd[cutoff_int-50]**2), size=10**5, random_state=43178)
                  ~~~~~~^^^^^^^^^^^^
IndexError: index 244 is out of bounds for axis 0 with size 174
ERROR in constraining/03_reweight-rmse-posterior-multiple-constraints.py for cutoff 2094
