## SLURM PROLOG ###############################################################
##    Job ID : 11614661
##  Job Name : FAIRc_cur
##  Nodelist : node2311
##      CPUs : 1
##  Mem/Node : 16384 MB
## Directory : /oscar/home/jnickla1/fair-calibrate
##   Job Started : Wed May 28 10:47:31 PM EDT 2025
###############################################################################
Starting job 143 on node2311
0
>>> Constraining with cutoff year = 2072
0
####  • constraining/01_constrain-gsat-rmse-only.py####
0
Doing RMSE constraint...
Passing RMSE constraint: 66123
[38657 13448 47491 58009 48005 65804 62957  6141 65220 18059]
[0.16999639 0.16999666 0.16999676 0.16999778 0.16999784 0.16999799
 0.16999856 0.16999935 0.16999952 0.1699998 ]
[0.10596137 0.10667289 0.10676296 0.10733863 0.10833869 0.10836136
 0.10869141 0.10891608 0.10901979 0.10923653]
1
####  • constraining/02_run-1pct.py####
267
Running 1pctCO2 scenarios...
2
####  • constraining/03_reweight-rmse-posterior-multiple-constraints.py####
269
Doing reweighting...
Traceback (most recent call last):
  File "/oscar/home/jnickla1/fair-calibrate/input/fair-2.1.3/v1.4/all_current_NorESMVolc/constraining/./03_reweight-rmse-posterior-multiple-constraints.py", line 156, in <module>
    scale=np.sqrt(ohc_sd[cutoff_int]**2+ohc_sd[cutoff_int-50]**2), size=10**5, random_state=43178)
                  ~~~~~~^^^^^^^^^^^^
IndexError: index 222 is out of bounds for axis 0 with size 174
ERROR in constraining/03_reweight-rmse-posterior-multiple-constraints.py for cutoff 2072
