## SLURM PROLOG ###############################################################
##    Job ID : 11614646
##  Job Name : FAIRc_cur
##  Nodelist : node2350
##      CPUs : 1
##  Mem/Node : 16384 MB
## Directory : /oscar/home/jnickla1/fair-calibrate
##   Job Started : Wed May 28 10:46:40 PM EDT 2025
###############################################################################
Starting job 128 on node2350
0
>>> Constraining with cutoff year = 2057
0
####  • constraining/01_constrain-gsat-rmse-only.py####
0
Doing RMSE constraint...
Passing RMSE constraint: 77021
[17816 40123 49353  2603 71741 58749 25908  1927  2204 64519]
[0.1699971  0.16999731 0.16999762 0.16999776 0.1699978  0.16999798
 0.16999823 0.16999848 0.16999929 0.16999993]
[0.10640235 0.10691283 0.10721343 0.10729356 0.10750576 0.10791043
 0.10794792 0.10813082 0.10844668 0.10881759]
1
####  • constraining/02_run-1pct.py####
268
Running 1pctCO2 scenarios...
2
####  • constraining/03_reweight-rmse-posterior-multiple-constraints.py####
269
Doing reweighting...
Traceback (most recent call last):
  File "/oscar/home/jnickla1/fair-calibrate/input/fair-2.1.3/v1.4/all_current_NorESMVolc/constraining/./03_reweight-rmse-posterior-multiple-constraints.py", line 156, in <module>
    scale=np.sqrt(ohc_sd[cutoff_int]**2+ohc_sd[cutoff_int-50]**2), size=10**5, random_state=43178)
                  ~~~~~~^^^^^^^^^^^^
IndexError: index 207 is out of bounds for axis 0 with size 174
ERROR in constraining/03_reweight-rmse-posterior-multiple-constraints.py for cutoff 2057
