## SLURM PROLOG ###############################################################
##    Job ID : 11614620
##  Job Name : FAIRc_cur
##  Nodelist : node2350
##      CPUs : 1
##  Mem/Node : 16384 MB
## Directory : /oscar/home/jnickla1/fair-calibrate
##   Job Started : Wed May 28 10:42:22 PM EDT 2025
###############################################################################
Starting job 112 on node2350
0
>>> Constraining with cutoff year = 2041
0
####  • constraining/01_constrain-gsat-rmse-only.py####
0
Doing RMSE constraint...
Passing RMSE constraint: 93712
[10421 79003 65808  4769 45708  6622 67233 83558 35281 18950]
[0.16999769 0.16999771 0.16999779 0.16999814 0.16999822 0.1699986
 0.16999923 0.16999943 0.16999947 0.16999982]
[0.10716978 0.10819333 0.1086829  0.10891804 0.10894841 0.10925366
 0.10943135 0.10985819 0.10992082 0.10997856]
1
####  • constraining/02_run-1pct.py####
272
Running 1pctCO2 scenarios...
2
####  • constraining/03_reweight-rmse-posterior-multiple-constraints.py####
274
Doing reweighting...
Traceback (most recent call last):
  File "/oscar/home/jnickla1/fair-calibrate/input/fair-2.1.3/v1.4/all_current_NorESMVolc/constraining/./03_reweight-rmse-posterior-multiple-constraints.py", line 156, in <module>
    scale=np.sqrt(ohc_sd[cutoff_int]**2+ohc_sd[cutoff_int-50]**2), size=10**5, random_state=43178)
                  ~~~~~~^^^^^^^^^^^^
IndexError: index 191 is out of bounds for axis 0 with size 174
ERROR in constraining/03_reweight-rmse-posterior-multiple-constraints.py for cutoff 2041
