## SLURM PROLOG ###############################################################
##    Job ID : 11614641
##  Job Name : FAIRc_cur
##  Nodelist : node2352
##      CPUs : 1
##  Mem/Node : 16384 MB
## Directory : /oscar/home/jnickla1/fair-calibrate
##   Job Started : Wed May 28 10:46:30 PM EDT 2025
###############################################################################
Starting job 123 on node2352
0
>>> Constraining with cutoff year = 2052
0
####  • constraining/01_constrain-gsat-rmse-only.py####
0
Doing RMSE constraint...
Passing RMSE constraint: 80078
[44877 79486 62151 20660 48440 32258 15622 44914 20279 75044]
[0.16999752 0.16999773 0.16999788 0.16999788 0.16999839 0.16999861
 0.16999879 0.16999895 0.16999906 0.16999984]
[0.10589519 0.10728077 0.10745758 0.10798697 0.10844856 0.10854015
 0.10859846 0.10882328 0.10887322 0.10902121]
1
####  • constraining/02_run-1pct.py####
265
Running 1pctCO2 scenarios...
2
####  • constraining/03_reweight-rmse-posterior-multiple-constraints.py####
267
Doing reweighting...
Traceback (most recent call last):
  File "/oscar/home/jnickla1/fair-calibrate/input/fair-2.1.3/v1.4/all_current_NorESMVolc/constraining/./03_reweight-rmse-posterior-multiple-constraints.py", line 156, in <module>
    scale=np.sqrt(ohc_sd[cutoff_int]**2+ohc_sd[cutoff_int-50]**2), size=10**5, random_state=43178)
                  ~~~~~~^^^^^^^^^^^^
IndexError: index 202 is out of bounds for axis 0 with size 174
ERROR in constraining/03_reweight-rmse-posterior-multiple-constraints.py for cutoff 2052
