## SLURM PROLOG ###############################################################
##    Job ID : 11614659
##  Job Name : FAIRc_cur
##  Nodelist : node2344
##      CPUs : 1
##  Mem/Node : 16384 MB
## Directory : /oscar/home/jnickla1/fair-calibrate
##   Job Started : Wed May 28 10:47:31 PM EDT 2025
###############################################################################
Starting job 141 on node2344
0
>>> Constraining with cutoff year = 2070
0
####  • constraining/01_constrain-gsat-rmse-only.py####
0
Doing RMSE constraint...
Passing RMSE constraint: 67343
[40387 16782 52451 22568 40637  8575 27151 30531 54416 32522]
[0.1699957  0.16999587 0.1699963  0.16999672 0.1699976  0.1699979
 0.1699979  0.16999829 0.16999965 0.16999969]
[0.10601587 0.10652494 0.10666548 0.10692832 0.10814147 0.10817737
 0.10850324 0.10852871 0.10881626 0.10903907]
1
####  • constraining/02_run-1pct.py####
271
Running 1pctCO2 scenarios...
2
####  • constraining/03_reweight-rmse-posterior-multiple-constraints.py####
273
Doing reweighting...
Traceback (most recent call last):
  File "/oscar/home/jnickla1/fair-calibrate/input/fair-2.1.3/v1.4/all_current_NorESMVolc/constraining/./03_reweight-rmse-posterior-multiple-constraints.py", line 156, in <module>
    scale=np.sqrt(ohc_sd[cutoff_int]**2+ohc_sd[cutoff_int-50]**2), size=10**5, random_state=43178)
                  ~~~~~~^^^^^^^^^^^^
IndexError: index 220 is out of bounds for axis 0 with size 174
ERROR in constraining/03_reweight-rmse-posterior-multiple-constraints.py for cutoff 2070
