## SLURM PROLOG ###############################################################
##    Job ID : 11614476
##  Job Name : FAIRc_cur
##  Nodelist : node2311
##      CPUs : 1
##  Mem/Node : 16384 MB
## Directory : /oscar/home/jnickla1/fair-calibrate
##   Job Started : Wed May 28 10:19:47 PM EDT 2025
###############################################################################
Starting job 28 on node2311
0
>>> Constraining with cutoff year = 1957
0
####  • constraining/01_constrain-gsat-rmse-only.py####
1
Doing RMSE constraint...
Passing RMSE constraint: 579017
[ 77533 326150 380235 101573  11141 229518 270064 521522  18909 148725]
[0.16999945 0.1699995  0.16999952 0.16999963 0.16999973 0.16999983
 0.16999989 0.16999992 0.16999992 0.16999993]
[0.0980554  0.09875897 0.09997482 0.10032477 0.10032707 0.10051173
 0.10073985 0.10079029 0.10086843 0.10105159]
1
####  • constraining/02_run-1pct.py####
271
Running 1pctCO2 scenarios...
2
####  • constraining/03_reweight-rmse-posterior-multiple-constraints.py####
273
Doing reweighting...
breakpoint here?
Number of effective samples: 3120
Constrained, reweighted parameters:
ECS: [1.62139906 2.84243383 5.09105509]
TCR: [1.12790219 1.61384217 2.17951878]
CO2 concentration current: [310.4661119  314.82639023 319.19981101]
Temperature l20yrs rel. 1850-1900: [0.0123411  0.18879095 0.34171966]
Aerosol ERFari 2005-2014 rel. 1750: [-0.61187159 -0.30486352  0.02737932]
Aerosol ERFaci 2005-2014 rel. 1750: [-1.76698075 -1.01169443 -0.23390941]
Aerosol ERF 2005-2014 rel. 1750: [-2.1083081  -1.29594057 -0.48531293]
OHC change l50yrs: [175.96087664 197.94005309 219.93742499]
*likely range
3
####  • constraining/04_dump-calibration.py####
482
Dumping output...
4
5
6
7
508
All done!
