## SLURM PROLOG ###############################################################
##    Job ID : 11614606
##  Job Name : FAIRc_cur
##  Nodelist : node2352
##      CPUs : 1
##  Mem/Node : 16384 MB
## Directory : /oscar/home/jnickla1/fair-calibrate
##   Job Started : Wed May 28 10:41:41 PM EDT 2025
###############################################################################
Starting job 98 on node2352
0
>>> Constraining with cutoff year = 2027
0
####  • constraining/01_constrain-gsat-rmse-only.py####
0
Doing RMSE constraint...
Passing RMSE constraint: 141634
[ 66119  16181 139194  54198  14051  29568 139711  45324  95434  98588]
[0.16999837 0.16999856 0.169999   0.16999915 0.16999928 0.16999937
 0.16999938 0.16999966 0.16999973 0.16999995]
[0.10730389 0.10782497 0.10847954 0.10870355 0.10892827 0.10904481
 0.10910981 0.10941059 0.10942758 0.10951647]
1
####  • constraining/02_run-1pct.py####
269
Running 1pctCO2 scenarios...
2
####  • constraining/03_reweight-rmse-posterior-multiple-constraints.py####
270
Doing reweighting...
Traceback (most recent call last):
  File "/oscar/home/jnickla1/fair-calibrate/input/fair-2.1.3/v1.4/all_current_NorESMVolc/constraining/./03_reweight-rmse-posterior-multiple-constraints.py", line 156, in <module>
    scale=np.sqrt(ohc_sd[cutoff_int]**2+ohc_sd[cutoff_int-50]**2), size=10**5, random_state=43178)
                  ~~~~~~^^^^^^^^^^^^
IndexError: index 177 is out of bounds for axis 0 with size 174
ERROR in constraining/03_reweight-rmse-posterior-multiple-constraints.py for cutoff 2027
