## SLURM PROLOG ###############################################################
##    Job ID : 11614690
##  Job Name : FAIRc_cur
##  Nodelist : node2309
##      CPUs : 1
##  Mem/Node : 16384 MB
## Directory : /oscar/home/jnickla1/fair-calibrate
##   Job Started : Wed May 28 10:51:29 PM EDT 2025
###############################################################################
Starting job 160 on node2309
0
>>> Constraining with cutoff year = 2089
0
####  • constraining/01_constrain-gsat-rmse-only.py####
0
Doing RMSE constraint...
Passing RMSE constraint: 48306
[ 4597 23380 24708 34428 42067 34290 34849 11279 35436 35621]
[0.16999605 0.16999733 0.16999758 0.16999794 0.16999805 0.16999809
 0.16999881 0.16999961 0.16999983 0.16999984]
[0.10717535 0.10823398 0.10900883 0.10978856 0.11014038 0.11042189
 0.11066388 0.11069989 0.11107851 0.111101  ]
1
####  • constraining/02_run-1pct.py####
278
Running 1pctCO2 scenarios...
2
####  • constraining/03_reweight-rmse-posterior-multiple-constraints.py####
280
Doing reweighting...
Traceback (most recent call last):
  File "/oscar/home/jnickla1/fair-calibrate/input/fair-2.1.3/v1.4/all_current_NorESMVolc/constraining/./03_reweight-rmse-posterior-multiple-constraints.py", line 156, in <module>
    scale=np.sqrt(ohc_sd[cutoff_int]**2+ohc_sd[cutoff_int-50]**2), size=10**5, random_state=43178)
                  ~~~~~~^^^^^^^^^^^^
IndexError: index 239 is out of bounds for axis 0 with size 174
ERROR in constraining/03_reweight-rmse-posterior-multiple-constraints.py for cutoff 2089
