## SLURM PROLOG ###############################################################
##    Job ID : 11614459
##  Job Name : FAIRc_cur
##  Nodelist : node2352
##      CPUs : 1
##  Mem/Node : 16384 MB
## Directory : /oscar/home/jnickla1/fair-calibrate
##   Job Started : Wed May 28 10:19:47 PM EDT 2025
###############################################################################
Starting job 11 on node2352
0
>>> Constraining with cutoff year = 1940
0
####  • constraining/01_constrain-gsat-rmse-only.py####
0
Doing RMSE constraint...
Passing RMSE constraint: 684789
[506664 311808 106246 129543 488492 554080 162689 235682 226477 382974]
[0.1699994  0.16999949 0.16999951 0.16999959 0.16999969 0.16999973
 0.16999974 0.16999976 0.16999988 0.16999989]
[0.09575062 0.09703117 0.09736211 0.0975645  0.09765669 0.09804644
 0.09852435 0.09856419 0.09875948 0.09877419]
1
####  • constraining/02_run-1pct.py####
275
Running 1pctCO2 scenarios...
2
####  • constraining/03_reweight-rmse-posterior-multiple-constraints.py####
277
Doing reweighting...
breakpoint here?
Number of effective samples: 4125
Constrained, reweighted parameters:
ECS: [1.71678447 2.86646703 4.94521964]
TCR: [1.12630103 1.56997473 2.14162161]
CO2 concentration current: [306.36411655 310.39755859 314.79142879]
Temperature l20yrs rel. 1850-1900: [0.00662073 0.17899413 0.32263602]
Aerosol ERFari 2005-2014 rel. 1750: [-0.6093218  -0.31057754  0.03681391]
Aerosol ERFaci 2005-2014 rel. 1750: [-1.80484348 -1.01338924 -0.24760137]
Aerosol ERF 2005-2014 rel. 1750: [-2.22017181 -1.3100912  -0.503684  ]
OHC change l50yrs: [ 35.13537002 130.94296431 226.35096108]
*likely range
3
####  • constraining/04_dump-calibration.py####
521
Dumping output...
4
5
6
7
539
All done!
