## SLURM PROLOG ###############################################################
##    Job ID : 11614687
##  Job Name : FAIRc_cur
##  Nodelist : node2352
##      CPUs : 1
##  Mem/Node : 16384 MB
## Directory : /oscar/home/jnickla1/fair-calibrate
##   Job Started : Wed May 28 10:51:18 PM EDT 2025
###############################################################################
Starting job 157 on node2352
0
>>> Constraining with cutoff year = 2086
0
####  • constraining/01_constrain-gsat-rmse-only.py####
0
Doing RMSE constraint...
Passing RMSE constraint: 52024
[51374 49352 26619 43972 38897 15818 50466 24832 28996 28264]
[0.16999411 0.16999417 0.1699947  0.1699947  0.16999503 0.16999632
 0.16999648 0.16999919 0.16999956 0.16999969]
[0.10648729 0.1082477  0.10832995 0.10853357 0.10873997 0.10898686
 0.10936523 0.10992846 0.11041835 0.11044857]
1
####  • constraining/02_run-1pct.py####
273
Running 1pctCO2 scenarios...
2
####  • constraining/03_reweight-rmse-posterior-multiple-constraints.py####
274
Doing reweighting...
Traceback (most recent call last):
  File "/oscar/home/jnickla1/fair-calibrate/input/fair-2.1.3/v1.4/all_current_NorESMVolc/constraining/./03_reweight-rmse-posterior-multiple-constraints.py", line 156, in <module>
    scale=np.sqrt(ohc_sd[cutoff_int]**2+ohc_sd[cutoff_int-50]**2), size=10**5, random_state=43178)
                  ~~~~~~^^^^^^^^^^^^
IndexError: index 236 is out of bounds for axis 0 with size 174
ERROR in constraining/03_reweight-rmse-posterior-multiple-constraints.py for cutoff 2086
