## SLURM PROLOG ###############################################################
##    Job ID : 11614694
##  Job Name : FAIRc_cur
##  Nodelist : node2350
##      CPUs : 1
##  Mem/Node : 16384 MB
## Directory : /oscar/home/jnickla1/fair-calibrate
##   Job Started : Wed May 28 10:51:39 PM EDT 2025
###############################################################################
Starting job 164 on node2350
0
>>> Constraining with cutoff year = 2093
0
####  • constraining/01_constrain-gsat-rmse-only.py####
0
Doing RMSE constraint...
Passing RMSE constraint: 45315
[ 8314 21979 43020 29700  5546 36117 17182  5173 30240 11936]
[0.16999395 0.16999447 0.16999452 0.16999568 0.16999583 0.16999612
 0.16999642 0.16999661 0.16999717 0.16999762]
[0.10710799 0.10795672 0.10910985 0.10983692 0.11010446 0.11056281
 0.1107233  0.11090533 0.1109588  0.11124194]
1
####  • constraining/02_run-1pct.py####
274
Running 1pctCO2 scenarios...
2
####  • constraining/03_reweight-rmse-posterior-multiple-constraints.py####
276
Doing reweighting...
Traceback (most recent call last):
  File "/oscar/home/jnickla1/fair-calibrate/input/fair-2.1.3/v1.4/all_current_NorESMVolc/constraining/./03_reweight-rmse-posterior-multiple-constraints.py", line 156, in <module>
    scale=np.sqrt(ohc_sd[cutoff_int]**2+ohc_sd[cutoff_int-50]**2), size=10**5, random_state=43178)
                  ~~~~~~^^^^^^^^^^^^
IndexError: index 243 is out of bounds for axis 0 with size 174
ERROR in constraining/03_reweight-rmse-posterior-multiple-constraints.py for cutoff 2093
