## SLURM PROLOG ###############################################################
##    Job ID : 11614658
##  Job Name : FAIRc_cur
##  Nodelist : node2351
##      CPUs : 1
##  Mem/Node : 16384 MB
## Directory : /oscar/home/jnickla1/fair-calibrate
##   Job Started : Wed May 28 10:47:20 PM EDT 2025
###############################################################################
Starting job 140 on node2351
0
>>> Constraining with cutoff year = 2069
0
####  • constraining/01_constrain-gsat-rmse-only.py####
0
Doing RMSE constraint...
Passing RMSE constraint: 67830
[18792 13241 37131 25556 11953 33444 65386 46317  4638 13061]
[0.16999586 0.16999661 0.16999686 0.16999709 0.16999724 0.16999766
 0.16999799 0.16999805 0.16999869 0.1699992 ]
[0.10589678 0.10657228 0.10659853 0.10703413 0.10782852 0.1082245
 0.10858929 0.10874523 0.10883646 0.10887213]
1
####  • constraining/02_run-1pct.py####
305
Running 1pctCO2 scenarios...
2
####  • constraining/03_reweight-rmse-posterior-multiple-constraints.py####
306
Doing reweighting...
Traceback (most recent call last):
  File "/oscar/home/jnickla1/fair-calibrate/input/fair-2.1.3/v1.4/all_current_NorESMVolc/constraining/./03_reweight-rmse-posterior-multiple-constraints.py", line 156, in <module>
    scale=np.sqrt(ohc_sd[cutoff_int]**2+ohc_sd[cutoff_int-50]**2), size=10**5, random_state=43178)
                  ~~~~~~^^^^^^^^^^^^
IndexError: index 219 is out of bounds for axis 0 with size 174
ERROR in constraining/03_reweight-rmse-posterior-multiple-constraints.py for cutoff 2069
