## SLURM PROLOG ###############################################################
##    Job ID : 11614544
##  Job Name : FAIRc_cur
##  Nodelist : node2333
##      CPUs : 1
##  Mem/Node : 16384 MB
## Directory : /oscar/home/jnickla1/fair-calibrate
##   Job Started : Wed May 28 10:32:36 PM EDT 2025
###############################################################################
Starting job 59 on node2333
0
>>> Constraining with cutoff year = 1988
0
####  • constraining/01_constrain-gsat-rmse-only.py####
0
Doing RMSE constraint...
Passing RMSE constraint: 302123
[156104 124881   4455 137274 255072 155582 150012 119513  35256 184056]
[0.16999889 0.16999897 0.16999911 0.16999922 0.16999947 0.16999963
 0.16999964 0.16999965 0.16999968 0.16999968]
[0.10256006 0.10261757 0.10488143 0.10554487 0.10558362 0.10560695
 0.10595227 0.10632671 0.10639985 0.10674836]
1
####  • constraining/02_run-1pct.py####
281
Running 1pctCO2 scenarios...
2
####  • constraining/03_reweight-rmse-posterior-multiple-constraints.py####
283
Doing reweighting...
breakpoint here?
Number of effective samples: 2649
Constrained, reweighted parameters:
ECS: [1.66041612 2.87520395 5.21058133]
TCR: [1.16902974 1.6176922  2.13652978]
CO2 concentration current: [350.72858008 351.68134564 352.58149838]
Temperature l20yrs rel. 1850-1900: [0.11919204 0.27875042 0.4233112 ]
Aerosol ERFari 2005-2014 rel. 1750: [-0.59774973 -0.32405735  0.0315168 ]
Aerosol ERFaci 2005-2014 rel. 1750: [-1.78082357 -1.06763465 -0.25167977]
Aerosol ERF 2005-2014 rel. 1750: [-2.10575859 -1.36200475 -0.56608319]
OHC change l50yrs: [147.96736631 233.84183162 318.59802289]
*likely range
3
####  • constraining/04_dump-calibration.py####
402
Dumping output...
4
5
6
7
416
All done!
