## SLURM PROLOG ###############################################################
##    Job ID : 11614679
##  Job Name : FAIRc_cur
##  Nodelist : node2352
##      CPUs : 1
##  Mem/Node : 16384 MB
## Directory : /oscar/home/jnickla1/fair-calibrate
##   Job Started : Wed May 28 10:50:59 PM EDT 2025
###############################################################################
Starting job 149 on node2352
0
>>> Constraining with cutoff year = 2078
0
####  • constraining/01_constrain-gsat-rmse-only.py####
0
Doing RMSE constraint...
Passing RMSE constraint: 63188
[ 6001 47790 28684 27703 28955 51910 31953 33411 59022 57931]
[0.1699962  0.16999648 0.16999678 0.16999712 0.16999818 0.16999889
 0.16999897 0.16999898 0.16999912 0.16999945]
[0.10509862 0.10593955 0.1070407  0.1072773  0.10782626 0.10806586
 0.10835364 0.108369   0.10841546 0.10881853]
1
####  • constraining/02_run-1pct.py####
267
Running 1pctCO2 scenarios...
2
####  • constraining/03_reweight-rmse-posterior-multiple-constraints.py####
269
Doing reweighting...
Traceback (most recent call last):
  File "/oscar/home/jnickla1/fair-calibrate/input/fair-2.1.3/v1.4/all_current_NorESMVolc/constraining/./03_reweight-rmse-posterior-multiple-constraints.py", line 156, in <module>
    scale=np.sqrt(ohc_sd[cutoff_int]**2+ohc_sd[cutoff_int-50]**2), size=10**5, random_state=43178)
                  ~~~~~~^^^^^^^^^^^^
IndexError: index 228 is out of bounds for axis 0 with size 174
ERROR in constraining/03_reweight-rmse-posterior-multiple-constraints.py for cutoff 2078
