## SLURM PROLOG ###############################################################
##    Job ID : 11614609
##  Job Name : FAIRc_cur
##  Nodelist : node2350
##      CPUs : 1
##  Mem/Node : 16384 MB
## Directory : /oscar/home/jnickla1/fair-calibrate
##   Job Started : Wed May 28 10:41:51 PM EDT 2025
###############################################################################
Starting job 101 on node2350
0
>>> Constraining with cutoff year = 2030
0
####  • constraining/01_constrain-gsat-rmse-only.py####
0
Doing RMSE constraint...
Passing RMSE constraint: 132503
[ 80011  68645  54885  63909  54776 110309  24005  12680 114141  97114]
[0.16999721 0.16999736 0.16999754 0.16999809 0.16999818 0.16999922
 0.16999944 0.16999946 0.16999951 0.16999988]
[0.10745671 0.10794436 0.10830908 0.1083705  0.10847867 0.10858004
 0.10882285 0.10891843 0.10912621 0.10912622]
1
####  • constraining/02_run-1pct.py####
271
Running 1pctCO2 scenarios...
2
####  • constraining/03_reweight-rmse-posterior-multiple-constraints.py####
272
Doing reweighting...
Traceback (most recent call last):
  File "/oscar/home/jnickla1/fair-calibrate/input/fair-2.1.3/v1.4/all_current_NorESMVolc/constraining/./03_reweight-rmse-posterior-multiple-constraints.py", line 156, in <module>
    scale=np.sqrt(ohc_sd[cutoff_int]**2+ohc_sd[cutoff_int-50]**2), size=10**5, random_state=43178)
                  ~~~~~~^^^^^^^^^^^^
IndexError: index 180 is out of bounds for axis 0 with size 174
ERROR in constraining/03_reweight-rmse-posterior-multiple-constraints.py for cutoff 2030
