## SLURM PROLOG ###############################################################
##    Job ID : 11614458
##  Job Name : FAIRc_cur
##  Nodelist : node2352
##      CPUs : 1
##  Mem/Node : 16384 MB
## Directory : /oscar/home/jnickla1/fair-calibrate
##   Job Started : Wed May 28 10:19:46 PM EDT 2025
###############################################################################
Starting job 10 on node2352
0
>>> Constraining with cutoff year = 1939
0
####  • constraining/01_constrain-gsat-rmse-only.py####
0
Doing RMSE constraint...
Passing RMSE constraint: 695087
[578768 404787 166517 571325 351348 684237 506546 652865  25442 279998]
[0.16999932 0.16999934 0.1699994  0.16999944 0.16999949 0.16999955
 0.16999958 0.16999961 0.16999967 0.16999974]
[0.09626591 0.09688494 0.0972198  0.09788541 0.09789487 0.09796512
 0.09810336 0.09829301 0.09880451 0.09897322]
1
####  • constraining/02_run-1pct.py####
273
Running 1pctCO2 scenarios...
2
####  • constraining/03_reweight-rmse-posterior-multiple-constraints.py####
274
Doing reweighting...
breakpoint here?
Number of effective samples: 3385
Constrained, reweighted parameters:
ECS: [1.71184477 2.80805706 4.9550938 ]
TCR: [1.1246781  1.56564865 2.14266702]
CO2 concentration current: [306.21469313 310.55310884 314.45731475]
Temperature l20yrs rel. 1850-1900: [-0.00102883  0.16642754  0.30053517]
Aerosol ERFari 2005-2014 rel. 1750: [-0.61860861 -0.31998197  0.01350585]
Aerosol ERFaci 2005-2014 rel. 1750: [-1.81707295 -1.06195344 -0.24760137]
Aerosol ERF 2005-2014 rel. 1750: [-2.20503805 -1.35749676 -0.49047349]
OHC change l50yrs: [ 28.4071657  117.39352643 205.76822434]
*likely range
3
####  • constraining/04_dump-calibration.py####
525
Dumping output...
4
5
6
7
540
All done!
