## SLURM PROLOG ###############################################################
##    Job ID : 11614581
##  Job Name : FAIRc_cur
##  Nodelist : node2351
##      CPUs : 1
##  Mem/Node : 16384 MB
## Directory : /oscar/home/jnickla1/fair-calibrate
##   Job Started : Wed May 28 10:36:09 PM EDT 2025
###############################################################################
Starting job 85 on node2351
0
>>> Constraining with cutoff year = 2014
0
####  • constraining/01_constrain-gsat-rmse-only.py####
0
Doing RMSE constraint...
Passing RMSE constraint: 215117
[  2559 180563  20214 195434  15144 106762  56046 140576 163989 134740]
[0.16999852 0.16999856 0.16999926 0.16999944 0.16999946 0.16999956
 0.16999956 0.16999956 0.16999973 0.16999974]
[0.10354504 0.10525155 0.10566494 0.10573009 0.1059982  0.10630083
 0.10640013 0.10649158 0.10652318 0.10654992]
1
####  • constraining/02_run-1pct.py####
265
Running 1pctCO2 scenarios...
2
####  • constraining/03_reweight-rmse-posterior-multiple-constraints.py####
267
Doing reweighting...
breakpoint here?
Number of effective samples: 1033
Constrained, reweighted parameters:
ECS: [1.7175106  2.83663414 5.57139454]
TCR: [1.24659974 1.66909732 2.28929405]
CO2 concentration current: [397.57294805 398.6436321  399.71321317]
Temperature l20yrs rel. 1850-1900: [0.55450765 0.74022505 0.89950536]
Aerosol ERFari 2005-2014 rel. 1750: [-0.60497702 -0.2955567   0.02172819]
Aerosol ERFaci 2005-2014 rel. 1750: [-1.77285614 -0.97744851 -0.20091005]
Aerosol ERF 2005-2014 rel. 1750: [-2.02221575 -1.27628606 -0.57522458]
OHC change l50yrs: [336.27179172 422.9076987  498.74982208]
*likely range
3
####  • constraining/04_dump-calibration.py####
334
Dumping output...
4
5
6
7
346
All done!
