## SLURM PROLOG ###############################################################
##    Job ID : 11614608
##  Job Name : FAIRc_cur
##  Nodelist : node2350
##      CPUs : 1
##  Mem/Node : 16384 MB
## Directory : /oscar/home/jnickla1/fair-calibrate
##   Job Started : Wed May 28 10:41:51 PM EDT 2025
###############################################################################
Starting job 100 on node2350
0
>>> Constraining with cutoff year = 2029
0
####  • constraining/01_constrain-gsat-rmse-only.py####
0
Doing RMSE constraint...
Passing RMSE constraint: 137339
[ 94945   1568 101541 118637 106231  93908  43443 105374  18873  32845]
[0.16999902 0.1699991  0.16999925 0.16999927 0.16999929 0.16999932
 0.16999939 0.16999952 0.16999975 0.16999993]
[0.10722648 0.10771129 0.1084188  0.10847476 0.10863157 0.10873994
 0.10877871 0.10901738 0.10932204 0.10937773]
1
####  • constraining/02_run-1pct.py####
264
Running 1pctCO2 scenarios...
2
####  • constraining/03_reweight-rmse-posterior-multiple-constraints.py####
265
Doing reweighting...
Traceback (most recent call last):
  File "/oscar/home/jnickla1/fair-calibrate/input/fair-2.1.3/v1.4/all_current_NorESMVolc/constraining/./03_reweight-rmse-posterior-multiple-constraints.py", line 156, in <module>
    scale=np.sqrt(ohc_sd[cutoff_int]**2+ohc_sd[cutoff_int-50]**2), size=10**5, random_state=43178)
                  ~~~~~~^^^^^^^^^^^^
IndexError: index 179 is out of bounds for axis 0 with size 174
ERROR in constraining/03_reweight-rmse-posterior-multiple-constraints.py for cutoff 2029
