## SLURM PROLOG ###############################################################
##    Job ID : 11614614
##  Job Name : FAIRc_cur
##  Nodelist : node2351
##      CPUs : 1
##  Mem/Node : 16384 MB
## Directory : /oscar/home/jnickla1/fair-calibrate
##   Job Started : Wed May 28 10:42:02 PM EDT 2025
###############################################################################
Starting job 106 on node2351
0
>>> Constraining with cutoff year = 2035
0
####  • constraining/01_constrain-gsat-rmse-only.py####
0
Doing RMSE constraint...
Passing RMSE constraint: 110538
[73187 40949 80379 47936 80508 36476 22478 36035 67346 97856]
[0.16999833 0.16999835 0.16999851 0.16999854 0.16999876 0.16999909
 0.16999935 0.16999951 0.1699997  0.16999984]
[0.1073379  0.10837073 0.10874749 0.10876187 0.10881666 0.10891078
 0.10892416 0.10909861 0.10922838 0.10946525]
1
####  • constraining/02_run-1pct.py####
264
Running 1pctCO2 scenarios...
2
####  • constraining/03_reweight-rmse-posterior-multiple-constraints.py####
266
Doing reweighting...
Traceback (most recent call last):
  File "/oscar/home/jnickla1/fair-calibrate/input/fair-2.1.3/v1.4/all_current_NorESMVolc/constraining/./03_reweight-rmse-posterior-multiple-constraints.py", line 156, in <module>
    scale=np.sqrt(ohc_sd[cutoff_int]**2+ohc_sd[cutoff_int-50]**2), size=10**5, random_state=43178)
                  ~~~~~~^^^^^^^^^^^^
IndexError: index 185 is out of bounds for axis 0 with size 174
ERROR in constraining/03_reweight-rmse-posterior-multiple-constraints.py for cutoff 2035
