## SLURM PROLOG ###############################################################
##    Job ID : 11614465
##  Job Name : FAIRc_cur
##  Nodelist : node2308
##      CPUs : 1
##  Mem/Node : 16384 MB
## Directory : /oscar/home/jnickla1/fair-calibrate
##   Job Started : Wed May 28 10:19:47 PM EDT 2025
###############################################################################
Starting job 17 on node2308
0
>>> Constraining with cutoff year = 1946
0
####  • constraining/01_constrain-gsat-rmse-only.py####
0
Doing RMSE constraint...
Passing RMSE constraint: 658321
[537754 213817 114734 466578  16926 190624 291876 158623 232712 494222]
[0.16999931 0.16999942 0.16999953 0.16999955 0.16999956 0.16999973
 0.16999976 0.16999976 0.16999988 0.16999991]
[0.09556241 0.09597376 0.09642329 0.09669954 0.09752396 0.09778025
 0.09795164 0.09810333 0.09818822 0.09821276]
1
####  • constraining/02_run-1pct.py####
318
Running 1pctCO2 scenarios...
2
####  • constraining/03_reweight-rmse-posterior-multiple-constraints.py####
322
Doing reweighting...
breakpoint here?
Number of effective samples: 3600
Constrained, reweighted parameters:
ECS: [1.65713359 2.85226206 5.03830651]
TCR: [1.12208189 1.59586784 2.19544682]
CO2 concentration current: [306.23777347 310.61153425 314.92319486]
Temperature l20yrs rel. 1850-1900: [0.03811386 0.19503507 0.35029611]
Aerosol ERFari 2005-2014 rel. 1750: [-0.63182429 -0.3065468   0.03106328]
Aerosol ERFaci 2005-2014 rel. 1750: [-1.80470689 -1.03276586 -0.20851643]
Aerosol ERF 2005-2014 rel. 1750: [-2.1950043  -1.31048289 -0.503684  ]
OHC change l50yrs: [ 54.46179214 140.30491067 229.74583638]
*likely range
3
####  • constraining/04_dump-calibration.py####
715
Dumping output...
4
5
6
7
755
All done!
