## SLURM PROLOG ###############################################################
##    Job ID : 11614473
##  Job Name : FAIRc_cur
##  Nodelist : node2310
##      CPUs : 1
##  Mem/Node : 16384 MB
## Directory : /oscar/home/jnickla1/fair-calibrate
##   Job Started : Wed May 28 10:19:47 PM EDT 2025
###############################################################################
Starting job 25 on node2310
0
>>> Constraining with cutoff year = 1954
0
####  • constraining/01_constrain-gsat-rmse-only.py####
0
Doing RMSE constraint...
Passing RMSE constraint: 592755
[416972 108515  72008 101246  21047  60395   9088 367589 403246 158148]
[0.16999929 0.16999945 0.16999949 0.16999966 0.16999971 0.16999973
 0.16999989 0.16999997 0.16999999 0.17      ]
[0.09603891 0.09752167 0.09860431 0.09869034 0.09941955 0.100454
 0.10061622 0.10074671 0.10080294 0.10092211]
1
####  • constraining/02_run-1pct.py####
279
Running 1pctCO2 scenarios...
2
####  • constraining/03_reweight-rmse-posterior-multiple-constraints.py####
281
Doing reweighting...
breakpoint here?
Number of effective samples: 5289
Constrained, reweighted parameters:
ECS: [1.72458938 2.94542884 5.13256635]
TCR: [1.1460903  1.60917578 2.155776  ]
CO2 concentration current: [308.81988834 312.96268473 317.3754189 ]
Temperature l20yrs rel. 1850-1900: [0.0112468  0.19084822 0.34634985]
Aerosol ERFari 2005-2014 rel. 1750: [-0.61113829 -0.31711514  0.02429763]
Aerosol ERFaci 2005-2014 rel. 1750: [-1.74950391 -0.98040702 -0.23149095]
Aerosol ERF 2005-2014 rel. 1750: [-2.12634994 -1.28583128 -0.47910015]
OHC change l50yrs: [168.83693716 201.63261471 236.22286918]
*likely range
3
####  • constraining/04_dump-calibration.py####
472
Dumping output...
4
5
6
7
510
All done!
