## SLURM PROLOG ###############################################################
##    Job ID : 11614693
##  Job Name : FAIRc_cur
##  Nodelist : node2310
##      CPUs : 1
##  Mem/Node : 16384 MB
## Directory : /oscar/home/jnickla1/fair-calibrate
##   Job Started : Wed May 28 10:51:29 PM EDT 2025
###############################################################################
Starting job 163 on node2310
0
>>> Constraining with cutoff year = 2092
0
####  • constraining/01_constrain-gsat-rmse-only.py####
0
Doing RMSE constraint...
Passing RMSE constraint: 45994
[ 2423 16118 44328 16059  3579 20436 23544  6937 36657 35824]
[0.16999507 0.16999518 0.16999549 0.16999647 0.16999654 0.16999685
 0.16999718 0.16999761 0.16999794 0.16999939]
[0.10718748 0.10816898 0.10932901 0.11000761 0.11004165 0.11049079
 0.11071973 0.11107618 0.11108203 0.11133121]
1
####  • constraining/02_run-1pct.py####
268
Running 1pctCO2 scenarios...
2
####  • constraining/03_reweight-rmse-posterior-multiple-constraints.py####
271
Doing reweighting...
Traceback (most recent call last):
  File "/oscar/home/jnickla1/fair-calibrate/input/fair-2.1.3/v1.4/all_current_NorESMVolc/constraining/./03_reweight-rmse-posterior-multiple-constraints.py", line 156, in <module>
    scale=np.sqrt(ohc_sd[cutoff_int]**2+ohc_sd[cutoff_int-50]**2), size=10**5, random_state=43178)
                  ~~~~~~^^^^^^^^^^^^
IndexError: index 242 is out of bounds for axis 0 with size 174
ERROR in constraining/03_reweight-rmse-posterior-multiple-constraints.py for cutoff 2092
