## SLURM PROLOG ###############################################################
##    Job ID : 11614657
##  Job Name : FAIRc_cur
##  Nodelist : node2350
##      CPUs : 1
##  Mem/Node : 16384 MB
## Directory : /oscar/home/jnickla1/fair-calibrate
##   Job Started : Wed May 28 10:47:10 PM EDT 2025
###############################################################################
Starting job 139 on node2350
0
>>> Constraining with cutoff year = 2068
0
####  • constraining/01_constrain-gsat-rmse-only.py####
0
Doing RMSE constraint...
Passing RMSE constraint: 68350
[46307 62430 45959 53559 51640 50021 47294 22884 16120 66886]
[0.16999469 0.1699948  0.16999548 0.16999572 0.16999652 0.16999666
 0.16999704 0.16999729 0.16999785 0.16999845]
[0.10573529 0.10635366 0.10661932 0.10716272 0.10762617 0.10802532
 0.10835215 0.10860141 0.10861818 0.10864597]
1
####  • constraining/02_run-1pct.py####
274
Running 1pctCO2 scenarios...
2
####  • constraining/03_reweight-rmse-posterior-multiple-constraints.py####
275
Doing reweighting...
Traceback (most recent call last):
  File "/oscar/home/jnickla1/fair-calibrate/input/fair-2.1.3/v1.4/all_current_NorESMVolc/constraining/./03_reweight-rmse-posterior-multiple-constraints.py", line 156, in <module>
    scale=np.sqrt(ohc_sd[cutoff_int]**2+ohc_sd[cutoff_int-50]**2), size=10**5, random_state=43178)
                  ~~~~~~^^^^^^^^^^^^
IndexError: index 218 is out of bounds for axis 0 with size 174
ERROR in constraining/03_reweight-rmse-posterior-multiple-constraints.py for cutoff 2068
