## SLURM PROLOG ###############################################################
##    Job ID : 11614630
##  Job Name : FAIRc_cur
##  Nodelist : node2351
##      CPUs : 1
##  Mem/Node : 16384 MB
## Directory : /oscar/home/jnickla1/fair-calibrate
##   Job Started : Wed May 28 10:45:29 PM EDT 2025
###############################################################################
Starting job 117 on node2351
0
>>> Constraining with cutoff year = 2046
0
####  • constraining/01_constrain-gsat-rmse-only.py####
0
Doing RMSE constraint...
Passing RMSE constraint: 85102
[18901 22220 29092 64249 83259  2292 83175 67753 27498 47974]
[0.16999726 0.16999727 0.16999742 0.16999756 0.16999858 0.16999859
 0.1699987  0.16999935 0.16999965 0.16999997]
[0.10614033 0.1077505  0.10822494 0.10836082 0.10859234 0.10869026
 0.10908519 0.10908594 0.1091854  0.1092819 ]
1
####  • constraining/02_run-1pct.py####
287
Running 1pctCO2 scenarios...
2
####  • constraining/03_reweight-rmse-posterior-multiple-constraints.py####
289
Doing reweighting...
Traceback (most recent call last):
  File "/oscar/home/jnickla1/fair-calibrate/input/fair-2.1.3/v1.4/all_current_NorESMVolc/constraining/./03_reweight-rmse-posterior-multiple-constraints.py", line 156, in <module>
    scale=np.sqrt(ohc_sd[cutoff_int]**2+ohc_sd[cutoff_int-50]**2), size=10**5, random_state=43178)
                  ~~~~~~^^^^^^^^^^^^
IndexError: index 196 is out of bounds for axis 0 with size 174
ERROR in constraining/03_reweight-rmse-posterior-multiple-constraints.py for cutoff 2046
