## SLURM PROLOG ###############################################################
##    Job ID : 11614447
##  Job Name : FAIRc_cur
##  Nodelist : node2311
##      CPUs : 1
##  Mem/Node : 16384 MB
## Directory : /oscar/home/jnickla1/fair-calibrate
##   Job Started : Wed May 28 10:52:18 PM EDT 2025
###############################################################################
Starting job 170 on node2311
0
>>> Constraining with cutoff year = 2099
0
####  • constraining/01_constrain-gsat-rmse-only.py####
0
Doing RMSE constraint...
Passing RMSE constraint: 41382
[ 3802 18247 35449  3718  7817  3723 31483 20342 23972 18695]
[0.16999658 0.16999771 0.16999772 0.16999808 0.16999819 0.16999848
 0.16999905 0.16999921 0.16999958 0.16999973]
[0.10823656 0.10933045 0.1109011  0.11134209 0.11160248 0.11162065
 0.11199242 0.11213555 0.11219272 0.11228736]
1
####  • constraining/02_run-1pct.py####
271
Running 1pctCO2 scenarios...
2
####  • constraining/03_reweight-rmse-posterior-multiple-constraints.py####
273
Doing reweighting...
Traceback (most recent call last):
  File "/oscar/home/jnickla1/fair-calibrate/input/fair-2.1.3/v1.4/all_current_NorESMVolc/constraining/./03_reweight-rmse-posterior-multiple-constraints.py", line 156, in <module>
    scale=np.sqrt(ohc_sd[cutoff_int]**2+ohc_sd[cutoff_int-50]**2), size=10**5, random_state=43178)
                  ~~~~~~^^^^^^^^^^^^
IndexError: index 249 is out of bounds for axis 0 with size 174
ERROR in constraining/03_reweight-rmse-posterior-multiple-constraints.py for cutoff 2099
