## SLURM PROLOG ###############################################################
##    Job ID : 11614640
##  Job Name : FAIRc_cur
##  Nodelist : node2350
##      CPUs : 1
##  Mem/Node : 16384 MB
## Directory : /oscar/home/jnickla1/fair-calibrate
##   Job Started : Wed May 28 10:46:30 PM EDT 2025
###############################################################################
Starting job 122 on node2350
0
>>> Constraining with cutoff year = 2051
0
####  • constraining/01_constrain-gsat-rmse-only.py####
0
Doing RMSE constraint...
Passing RMSE constraint: 80549
[61310 72912 35041  3624 21798 40605 64150 29270 45134 65843]
[0.16999672 0.16999688 0.16999733 0.16999754 0.16999778 0.16999838
 0.16999865 0.16999944 0.16999945 0.16999994]
[0.10583883 0.10739429 0.10761128 0.10812411 0.10844745 0.1084762
 0.10853031 0.10878615 0.10894691 0.10905167]
1
####  • constraining/02_run-1pct.py####
269
Running 1pctCO2 scenarios...
2
####  • constraining/03_reweight-rmse-posterior-multiple-constraints.py####
270
Doing reweighting...
Traceback (most recent call last):
  File "/oscar/home/jnickla1/fair-calibrate/input/fair-2.1.3/v1.4/all_current_NorESMVolc/constraining/./03_reweight-rmse-posterior-multiple-constraints.py", line 156, in <module>
    scale=np.sqrt(ohc_sd[cutoff_int]**2+ohc_sd[cutoff_int-50]**2), size=10**5, random_state=43178)
                  ~~~~~~^^^^^^^^^^^^
IndexError: index 201 is out of bounds for axis 0 with size 174
ERROR in constraining/03_reweight-rmse-posterior-multiple-constraints.py for cutoff 2051
