## SLURM PROLOG ###############################################################
##    Job ID : 11614514
##  Job Name : FAIRc_cur
##  Nodelist : node2309
##      CPUs : 1
##  Mem/Node : 16384 MB
## Directory : /oscar/home/jnickla1/fair-calibrate
##   Job Started : Wed May 28 10:28:47 PM EDT 2025
###############################################################################
Starting job 42 on node2309
0
>>> Constraining with cutoff year = 1971
0
####  • constraining/01_constrain-gsat-rmse-only.py####
0
Doing RMSE constraint...
Passing RMSE constraint: 429791
[149682 255781 366611 393283 226337  53288 167073 307273 128198 395807]
[0.16999912 0.16999926 0.16999927 0.16999945 0.16999946 0.16999969
 0.16999973 0.16999977 0.16999981 0.16999993]
[0.09997735 0.09999891 0.10133297 0.10213591 0.10240911 0.10249706
 0.10303164 0.10339732 0.10410821 0.10429683]
1
####  • constraining/02_run-1pct.py####
268
Running 1pctCO2 scenarios...
2
####  • constraining/03_reweight-rmse-posterior-multiple-constraints.py####
270
Doing reweighting...
breakpoint here?
Number of effective samples: 1087
Constrained, reweighted parameters:
ECS: [1.58379843 2.70961379 5.35311053]
TCR: [1.17278541 1.67220871 2.30062224]
CO2 concentration current: [325.65976482 326.69672848 327.71038527]
Temperature l20yrs rel. 1850-1900: [-0.00362506  0.1415448   0.31978242]
Aerosol ERFari 2005-2014 rel. 1750: [-0.64727478 -0.31133379 -0.01468719]
Aerosol ERFaci 2005-2014 rel. 1750: [-1.88256143 -1.15789337 -0.24141236]
Aerosol ERF 2005-2014 rel. 1750: [-2.1678555  -1.47530881 -0.56772124]
OHC change l50yrs: [147.47999335 181.31130396 216.85380172]
*likely range
3
####  • constraining/04_dump-calibration.py####
404
Dumping output...
4
5
6
7
417
All done!
