## SLURM PROLOG ###############################################################
##    Job ID : 11614613
##  Job Name : FAIRc_cur
##  Nodelist : node2309
##      CPUs : 1
##  Mem/Node : 16384 MB
## Directory : /oscar/home/jnickla1/fair-calibrate
##   Job Started : Wed May 28 10:41:51 PM EDT 2025
###############################################################################
Starting job 105 on node2309
0
>>> Constraining with cutoff year = 2034
0
####  • constraining/01_constrain-gsat-rmse-only.py####
0
Doing RMSE constraint...
Passing RMSE constraint: 112067
[ 77189  72763  42913  99558  50373  33530  69564  92249 107421  88167]
[0.16999798 0.16999831 0.16999838 0.16999871 0.16999888 0.1699992
 0.16999935 0.16999952 0.16999998 0.16999998]
[0.10760751 0.10866033 0.10873806 0.10903428 0.10904997 0.10910977
 0.10917036 0.10921594 0.1093836  0.10975083]
1
####  • constraining/02_run-1pct.py####
269
Running 1pctCO2 scenarios...
2
####  • constraining/03_reweight-rmse-posterior-multiple-constraints.py####
270
Doing reweighting...
Traceback (most recent call last):
  File "/oscar/home/jnickla1/fair-calibrate/input/fair-2.1.3/v1.4/all_current_NorESMVolc/constraining/./03_reweight-rmse-posterior-multiple-constraints.py", line 156, in <module>
    scale=np.sqrt(ohc_sd[cutoff_int]**2+ohc_sd[cutoff_int-50]**2), size=10**5, random_state=43178)
                  ~~~~~~^^^^^^^^^^^^
IndexError: index 184 is out of bounds for axis 0 with size 174
ERROR in constraining/03_reweight-rmse-posterior-multiple-constraints.py for cutoff 2034
