## SLURM PROLOG ###############################################################
##    Job ID : 11614642
##  Job Name : FAIRc_cur
##  Nodelist : node2303
##      CPUs : 1
##  Mem/Node : 16384 MB
## Directory : /oscar/home/jnickla1/fair-calibrate
##   Job Started : Wed May 28 10:46:30 PM EDT 2025
###############################################################################
Starting job 124 on node2303
0
>>> Constraining with cutoff year = 2053
0
####  • constraining/01_constrain-gsat-rmse-only.py####
0
Doing RMSE constraint...
Passing RMSE constraint: 79165
[79161 72466 69934 40091  6710 11320  3546 23290 62264 44226]
[0.16999771 0.16999781 0.1699981  0.1699982  0.16999848 0.16999852
 0.16999874 0.16999904 0.16999955 0.16999967]
[0.10566847 0.10701826 0.10720066 0.10777352 0.10819272 0.10835212
 0.10835443 0.10856088 0.10864078 0.10885219]
1
####  • constraining/02_run-1pct.py####
268
Running 1pctCO2 scenarios...
2
####  • constraining/03_reweight-rmse-posterior-multiple-constraints.py####
270
Doing reweighting...
Traceback (most recent call last):
  File "/oscar/home/jnickla1/fair-calibrate/input/fair-2.1.3/v1.4/all_current_NorESMVolc/constraining/./03_reweight-rmse-posterior-multiple-constraints.py", line 156, in <module>
    scale=np.sqrt(ohc_sd[cutoff_int]**2+ohc_sd[cutoff_int-50]**2), size=10**5, random_state=43178)
                  ~~~~~~^^^^^^^^^^^^
IndexError: index 203 is out of bounds for axis 0 with size 174
ERROR in constraining/03_reweight-rmse-posterior-multiple-constraints.py for cutoff 2053
