## SLURM PROLOG ###############################################################
##    Job ID : 11614678
##  Job Name : FAIRc_cur
##  Nodelist : node2333
##      CPUs : 1
##  Mem/Node : 16384 MB
## Directory : /oscar/home/jnickla1/fair-calibrate
##   Job Started : Wed May 28 10:50:59 PM EDT 2025
###############################################################################
Starting job 148 on node2333
0
>>> Constraining with cutoff year = 2077
0
####  • constraining/01_constrain-gsat-rmse-only.py####
0
Doing RMSE constraint...
Passing RMSE constraint: 63777
[56140 38395 16442 18077 51512 22696 11755 32572 61027 35674]
[0.16999719 0.16999763 0.16999778 0.16999879 0.16999902 0.16999922
 0.16999936 0.16999981 0.16999982 0.16999999]
[0.10530769 0.10588423 0.10726598 0.10746441 0.1078967  0.10802863
 0.10820408 0.10828151 0.10858126 0.10899221]
1
####  • constraining/02_run-1pct.py####
274
Running 1pctCO2 scenarios...
2
####  • constraining/03_reweight-rmse-posterior-multiple-constraints.py####
276
Doing reweighting...
Traceback (most recent call last):
  File "/oscar/home/jnickla1/fair-calibrate/input/fair-2.1.3/v1.4/all_current_NorESMVolc/constraining/./03_reweight-rmse-posterior-multiple-constraints.py", line 156, in <module>
    scale=np.sqrt(ohc_sd[cutoff_int]**2+ohc_sd[cutoff_int-50]**2), size=10**5, random_state=43178)
                  ~~~~~~^^^^^^^^^^^^
IndexError: index 227 is out of bounds for axis 0 with size 174
ERROR in constraining/03_reweight-rmse-posterior-multiple-constraints.py for cutoff 2077
