## SLURM PROLOG ###############################################################
##    Job ID : 11614599
##  Job Name : FAIRc_cur
##  Nodelist : node2334
##      CPUs : 1
##  Mem/Node : 16384 MB
## Directory : /oscar/home/jnickla1/fair-calibrate
##   Job Started : Wed May 28 10:41:31 PM EDT 2025
###############################################################################
Starting job 91 on node2334
0
>>> Constraining with cutoff year = 2020
0
####  • constraining/01_constrain-gsat-rmse-only.py####
0
Doing RMSE constraint...
Passing RMSE constraint: 178880
[101057  84973   8841  29423 136699  17076 122310 142322    343 138539]
[0.16999833 0.16999855 0.16999863 0.16999882 0.16999896 0.16999898
 0.16999945 0.16999986 0.16999988 0.16999999]
[0.10532015 0.10820386 0.10827583 0.10851998 0.10867547 0.10899689
 0.10900828 0.10904066 0.1092275  0.1094258 ]
1
####  • constraining/02_run-1pct.py####
278
Running 1pctCO2 scenarios...
2
####  • constraining/03_reweight-rmse-posterior-multiple-constraints.py####
280
Doing reweighting...
breakpoint here?
Number of effective samples: 894
Constrained, reweighted parameters:
ECS: [1.73819389 2.95324851 5.78590281]
TCR: [1.27023391 1.70918751 2.36548572]
CO2 concentration current: [410.90740885 411.95344431 413.10501698]
Temperature l20yrs rel. 1850-1900: [0.69519208 0.86142894 1.02808916]
Aerosol ERFari 2005-2014 rel. 1750: [-0.61891769 -0.28528215  0.01896209]
Aerosol ERFaci 2005-2014 rel. 1750: [-1.75051891 -0.99112635 -0.27100144]
Aerosol ERF 2005-2014 rel. 1750: [-2.03863348 -1.27981281 -0.58280693]
OHC change l50yrs: [345.0966009  468.70471654 589.07249085]
*likely range
3
####  • constraining/04_dump-calibration.py####
374
Dumping output...
4
5
6
7
388
All done!
