## SLURM PROLOG ###############################################################
##    Job ID : 11502133
##  Job Name : run_mult2
##  Nodelist : node2412
##      CPUs : 40
##   Mem/CPU : 2800 MB
## Directory : /oscar/home/jnickla1/fair-calibrate
##   Job Started : Fri May 16 07:58:05 PM EDT 2025
###############################################################################
>>> Constraining with cutoff year = 1930
####  • constraining/01_constrain-gsat-rmse-only.py####
0
Doing RMSE constraint...
Passing RMSE constraint: 801437
[714503 435687 111712  99079 512133 716712 617009 735234 647423 166120]
[0.16999943 0.16999965 0.16999972 0.16999974 0.1699998  0.16999981
 0.16999988 0.16999989 0.1699999  0.16999998]
[0.08715941 0.08797517 0.08815895 0.08849115 0.08933279 0.08980789
 0.09003873 0.0900814  0.09013654 0.09029503]
####  • constraining/02_run-1pct.py####
27
Running 1pctCO2 scenarios...
Traceback (most recent call last):
  File "/oscar/home/jnickla1/fair-calibrate/input/fair-2.1.3/v1.4/all-2022_hadcrut5_current/constraining/./02_run-1pct.py", line 33, in <module>
    df_cc = pd.read_csv(
            ^^^^^^^^^^^^
  File "/users/jnickla1/.conda/envs/fair-calibrate/lib/python3.11/site-packages/pandas/io/parsers/readers.py", line 1026, in read_csv
    return _read(filepath_or_buffer, kwds)
           ^^^^^^^^^^^^^^^^^^^^^^^^^^^^^^^
  File "/users/jnickla1/.conda/envs/fair-calibrate/lib/python3.11/site-packages/pandas/io/parsers/readers.py", line 620, in _read
    parser = TextFileReader(filepath_or_buffer, **kwds)
             ^^^^^^^^^^^^^^^^^^^^^^^^^^^^^^^^^^^^^^^^^^
  File "/users/jnickla1/.conda/envs/fair-calibrate/lib/python3.11/site-packages/pandas/io/parsers/readers.py", line 1620, in __init__
    self._engine = self._make_engine(f, self.engine)
                   ^^^^^^^^^^^^^^^^^^^^^^^^^^^^^^^^^
  File "/users/jnickla1/.conda/envs/fair-calibrate/lib/python3.11/site-packages/pandas/io/parsers/readers.py", line 1880, in _make_engine
    self.handles = get_handle(
                   ^^^^^^^^^^^
  File "/users/jnickla1/.conda/envs/fair-calibrate/lib/python3.11/site-packages/pandas/io/common.py", line 873, in get_handle
    handle = open(
             ^^^^^
FileNotFoundError: [Errno 2] No such file or directory: '../../../../../output/fair-2.1.3/v1.4/all-2022_hadcrut5_currentcut1930/priors/carbon_cycle.csv'
ERROR in constraining/02_run-1pct.py for cutoff 1930
