## SLURM PROLOG ###############################################################
##    Job ID : 11502155
##  Job Name : run_mult2
##  Nodelist : node1834
##      CPUs : 40
##   Mem/CPU : 2800 MB
## Directory : /oscar/home/jnickla1/fair-calibrate
##   Job Started : Fri May 16 08:44:48 PM EDT 2025
###############################################################################
>>> Constraining with cutoff year = 1930
0
1
2
####  • constraining/03_reweight-rmse-posterior-multiple-constraints.py####
0
Doing reweighting...
Number of effective samples: 6803
Constrained, reweighted parameters:
ECS: [2.07043185 3.03153107 5.16735998]
TCR: [1.37385212 1.84151354 2.43748766]
CO2 concentration 2022: [416.16022851 416.98197562 417.79166   ]
Temperature 2003-2022 rel. 1850-1900: [0.94689707 1.0722079  1.19799567]
Aerosol ERFari 2005-2014 rel. 1750: [-0.60325629 -0.31183597 -0.01775504]
Aerosol ERFaci 2005-2014 rel. 1750: [-1.71015231 -1.01217045 -0.33858599]
Aerosol ERF 2005-2014 rel. 1750: [-2.04376809 -1.3219612  -0.60145578]
OHC change 2020 rel. 1971: [356.11421781 467.71181634 574.9842481 ]
*likely range
3
####  • constraining/04_dump-calibration.py####
211
Dumping output...
Traceback (most recent call last):
  File "/oscar/home/jnickla1/fair-calibrate/input/fair-2.1.3/v1.4/all-2022_hadcrut5_current/constraining/./04_dump-calibration.py", line 25, in <module>
    df_cc = pd.read_csv(
            ^^^^^^^^^^^^
  File "/users/jnickla1/.conda/envs/fair-calibrate/lib/python3.11/site-packages/pandas/io/parsers/readers.py", line 1026, in read_csv
    return _read(filepath_or_buffer, kwds)
           ^^^^^^^^^^^^^^^^^^^^^^^^^^^^^^^
  File "/users/jnickla1/.conda/envs/fair-calibrate/lib/python3.11/site-packages/pandas/io/parsers/readers.py", line 620, in _read
    parser = TextFileReader(filepath_or_buffer, **kwds)
             ^^^^^^^^^^^^^^^^^^^^^^^^^^^^^^^^^^^^^^^^^^
  File "/users/jnickla1/.conda/envs/fair-calibrate/lib/python3.11/site-packages/pandas/io/parsers/readers.py", line 1620, in __init__
    self._engine = self._make_engine(f, self.engine)
                   ^^^^^^^^^^^^^^^^^^^^^^^^^^^^^^^^^
  File "/users/jnickla1/.conda/envs/fair-calibrate/lib/python3.11/site-packages/pandas/io/parsers/readers.py", line 1880, in _make_engine
    self.handles = get_handle(
                   ^^^^^^^^^^^
  File "/users/jnickla1/.conda/envs/fair-calibrate/lib/python3.11/site-packages/pandas/io/common.py", line 873, in get_handle
    handle = open(
             ^^^^^
FileNotFoundError: [Errno 2] No such file or directory: '../../../../../output/fair-2.1.3/v1.4/all-2022_hadcrut5_currentcut1930/priors/carbon_cycle.csv'
ERROR in constraining/04_dump-calibration.py for cutoff 1930
