## SLURM PROLOG ###############################################################
##    Job ID : 11472626
##  Job Name : run
##  Nodelist : node2407
##      CPUs : 40
##   Mem/CPU : 2800 MB
## Directory : /oscar/home/jnickla1/fair-calibrate
##   Job Started : Wed May 14 01:00:38 PM EDT 2025
###############################################################################
/var/spool/slurmd/job11472626/slurm_script: line 10: export: `#': not a valid identifier
/var/spool/slurmd/job11472626/slurm_script: line 10: export: `.env': not a valid identifier
/var/spool/slurmd/job11472626/slurm_script: line 10: export: `#': not a valid identifier
/var/spool/slurmd/job11472626/slurm_script: line 10: export: `#': not a valid identifier
/var/spool/slurmd/job11472626/slurm_script: line 10: export: `#': not a valid identifier
/var/spool/slurmd/job11472626/slurm_script: line 10: export: `#': not a valid identifier
/var/spool/slurmd/job11472626/slurm_script: line 10: export: `#': not a valid identifier
/var/spool/slurmd/job11472626/slurm_script: line 10: export: `debugging,': not a valid identifier
/var/spool/slurmd/job11472626/slurm_script: line 10: export: `#': not a valid identifier
/var/spool/slurmd/job11472626/slurm_script: line 10: export: `runs,': not a valid identifier
/var/spool/slurmd/job11472626/slurm_script: line 10: export: `#': not a valid identifier
/var/spool/slurmd/job11472626/slurm_script: line 10: export: `plots?': not a valid identifier
/var/spool/slurmd/job11472626/slurm_script: line 10: export: `#': not a valid identifier
/var/spool/slurmd/job11472626/slurm_script: line 10: export: `bar?': not a valid identifier
/var/spool/slurmd/job11472626/slurm_script: line 10: export: `(good': not a valid identifier
/var/spool/slurmd/job11472626/slurm_script: line 10: export: `interactive,': not a valid identifier
/var/spool/slurmd/job11472626/slurm_script: line 10: export: `#': not a valid identifier
/var/spool/slurmd/job11472626/slurm_script: line 10: export: `jobs)': not a valid identifier
/var/spool/slurmd/job11472626/slurm_script: line 10: export: `#': not a valid identifier
/var/spool/slurmd/job11472626/slurm_script: line 10: export: `#': not a valid identifier
/var/spool/slurmd/job11472626/slurm_script: line 10: export: `(a': not a valid identifier
/var/spool/slurmd/job11472626/slurm_script: line 10: export: `directory)': not a valid identifier
Making nice 4xCO2 data...
Running R script for 3 layer model calibrations...
[1] "Success! Convergence achieved in 5170 iterations."
[1] "Success! Convergence achieved in 5364 iterations."
[1] "Success! Convergence achieved in 5397 iterations."
[1] "Success! Convergence achieved in 4228 iterations."
[1] "Success! Convergence achieved in 4814 iterations."
[1] "Success! Convergence achieved in 5232 iterations."
[1] "Success! Convergence achieved in 4380 iterations."
[1] "Success! Convergence achieved in 5851 iterations."
[1] "Success! Convergence achieved in 4660 iterations."
[1] "Success! Convergence achieved in 6811 iterations."
[1] "Success! Convergence achieved in 4118 iterations."
[1] "Success! Convergence achieved in 4455 iterations."
[1] "Success! Convergence achieved in 4548 iterations."
CNRM-CM6-1 did not converge or ran out of iterations
Here's the original error message from FitKalman:
Iterations exhausted.Trying again with more liberal quadratic penalty (alpha) =  1e-05
[1] "Success! Convergence achieved in 9184 iterations."
[1] "Success! Convergence achieved in 11434 iterations."
[1] "Success! Convergence achieved in 4720 iterations."
[1] "Success! Convergence achieved in 4623 iterations."
[1] "Success! Convergence achieved in 6120 iterations."
[1] "Success! Convergence achieved in 3563 iterations."
[1] "Success! Convergence achieved in 4321 iterations."
[1] "Success! Convergence achieved in 4808 iterations."
[1] "Success! Convergence achieved in 6024 iterations."
[1] "Success! Convergence achieved in 7519 iterations."
[1] "Success! Convergence achieved in 4464 iterations."
 [1] "Success! Convergence achieved in 6289 iterations."                       
 [2] "Warning: Cholesky factorization 'dpotrf' exited with status: 1"          
 [3] "Variance of the prediction error can not be computed."                   
 [4] "Warning: Cholesky factorization 'dpotrf' exited with status: 1"          
 [5] "Determinant of the variance of the prediction error can not be computed."
 [6] "Warning: Cholesky factorization 'dpotrf' exited with status: 1"          
 [7] "Variance of the prediction error can not be computed."                   
 [8] "Warning: Cholesky factorization 'dpotrf' exited with status: 1"          
 [9] "Determinant of the variance of the prediction error can not be computed."
[10] "Warning: Cholesky factorization 'dpotrf' exited with status: 2"          
[11] "Variance of the prediction error can not be computed."                   
[12] "Warning: Cholesky factorization 'dpotrf' exited with status: 2"          
[13] "Determinant of the variance of the prediction error can not be computed."
[1] "Success! Convergence achieved in 8048 iterations."
[1] "Success! Convergence achieved in 7805 iterations."                       
[2] "Warning: Cholesky factorization 'dpotrf' exited with status: 1"          
[3] "Variance of the prediction error can not be computed."                   
[4] "Warning: Cholesky factorization 'dpotrf' exited with status: 1"          
[5] "Determinant of the variance of the prediction error can not be computed."
[1] "Success! Convergence achieved in 5302 iterations."
[1] "Success! Convergence achieved in 14603 iterations."
FIO-ESM-2-0 did not converge or ran out of iterations
Here's the original error message from FitKalman:
Iterations exhausted.Trying again with more liberal quadratic penalty (alpha) =  1e-05
FIO-ESM-2-0 did not converge or ran out of iterations
Here's the original error message from FitKalman:
Iterations exhausted.Trying again with more liberal quadratic penalty (alpha) =  1e-04
FIO-ESM-2-0 did not converge or ran out of iterations
Here's the original error message from FitKalman:
Iterations exhausted.Trying again with more liberal quadratic penalty (alpha) =  0.001
 [1] "Success! Convergence achieved in 9746 iterations."                       
 [2] "Warning: Cholesky factorization 'dpotrf' exited with status: 1"          
 [3] "Variance of the prediction error can not be computed."                   
 [4] "Warning: Cholesky factorization 'dpotrf' exited with status: 1"          
 [5] "Determinant of the variance of the prediction error can not be computed."
 [6] "Warning: Cholesky factorization 'dpotrf' exited with status: 1"          
 [7] "Variance of the prediction error can not be computed."                   
 [8] "Warning: Cholesky factorization 'dpotrf' exited with status: 1"          
 [9] "Determinant of the variance of the prediction error can not be computed."
[10] "Warning: Cholesky factorization 'dpotrf' exited with status: 2"          
[11] "Variance of the prediction error can not be computed."                   
[12] "Warning: Cholesky factorization 'dpotrf' exited with status: 2"          
[13] "Determinant of the variance of the prediction error can not be computed."
[14] "Warning: Cholesky factorization 'dpotrf' exited with status: 1"          
[15] "Variance of the prediction error can not be computed."                   
[16] "Warning: Cholesky factorization 'dpotrf' exited with status: 1"          
[17] "Determinant of the variance of the prediction error can not be computed."
[18] "Warning: Cholesky factorization 'dpotrf' exited with status: 1"          
[19] "Variance of the prediction error can not be computed."                   
[20] "Warning: Cholesky factorization 'dpotrf' exited with status: 1"          
[21] "Determinant of the variance of the prediction error can not be computed."
[22] "Warning: Cholesky factorization 'dpotrf' exited with status: 1"          
[23] "Variance of the prediction error can not be computed."                   
[24] "Warning: Cholesky factorization 'dpotrf' exited with status: 1"          
[25] "Determinant of the variance of the prediction error can not be computed."
[26] "Warning: Cholesky factorization 'dpotrf' exited with status: 1"          
[27] "Variance of the prediction error can not be computed."                   
[28] "Warning: Cholesky factorization 'dpotrf' exited with status: 1"          
[29] "Determinant of the variance of the prediction error can not be computed."
[30] "Warning: Cholesky factorization 'dpotrf' exited with status: 1"          
[31] "Variance of the prediction error can not be computed."                   
[32] "Warning: Cholesky factorization 'dpotrf' exited with status: 1"          
[33] "Determinant of the variance of the prediction error can not be computed."
[34] "Warning: Cholesky factorization 'dpotrf' exited with status: 1"          
[35] "Variance of the prediction error can not be computed."                   
[36] "Warning: Cholesky factorization 'dpotrf' exited with status: 1"          
[37] "Determinant of the variance of the prediction error can not be computed."
[38] "Warning: Cholesky factorization 'dpotrf' exited with status: 2"          
[39] "Variance of the prediction error can not be computed."                   
[40] "Warning: Cholesky factorization 'dpotrf' exited with status: 2"          
[41] "Determinant of the variance of the prediction error can not be computed."
[42] "Warning: Cholesky factorization 'dpotrf' exited with status: 1"          
[43] "Variance of the prediction error can not be computed."                   
[44] "Warning: Cholesky factorization 'dpotrf' exited with status: 1"          
[45] "Determinant of the variance of the prediction error can not be computed."
[46] "Warning: Cholesky factorization 'dpotrf' exited with status: 2"          
[47] "Variance of the prediction error can not be computed."                   
[48] "Warning: Cholesky factorization 'dpotrf' exited with status: 2"          
[49] "Determinant of the variance of the prediction error can not be computed."
[50] "Warning: Cholesky factorization 'dpotrf' exited with status: 1"          
[51] "Variance of the prediction error can not be computed."                   
[52] "Warning: Cholesky factorization 'dpotrf' exited with status: 1"          
[53] "Determinant of the variance of the prediction error can not be computed."
[1] "Success! Convergence achieved in 13746 iterations."
[1] "Success! Convergence achieved in 6336 iterations."
[1] "Success! Convergence achieved in 4587 iterations."
[1] "Success! Convergence achieved in 6688 iterations."
[1] "Success! Convergence achieved in 5328 iterations."
[1] "Success! Convergence achieved in 8293 iterations."
[1] "Success! Convergence achieved in 4571 iterations."
[1] "Success! Convergence achieved in 6157 iterations."                       
[2] "Warning: Cholesky factorization 'dpotrf' exited with status: 1"          
[3] "Variance of the prediction error can not be computed."                   
[4] "Warning: Cholesky factorization 'dpotrf' exited with status: 1"          
[5] "Determinant of the variance of the prediction error can not be computed."
[6] "Warning: Cholesky factorization 'dpotrf' exited with status: 1"          
[7] "Variance of the prediction error can not be computed."                   
[8] "Warning: Cholesky factorization 'dpotrf' exited with status: 1"          
[9] "Determinant of the variance of the prediction error can not be computed."
[1] "Success! Convergence achieved in 7415 iterations."
[1] "Success! Convergence achieved in 15982 iterations."
[1] "Success! Convergence achieved in 6423 iterations."
[1] "Success! Convergence achieved in 4547 iterations."
[1] "Success! Convergence achieved in 4220 iterations."
[1] "Success! Convergence achieved in 7238 iterations."
[1] "Success! Convergence achieved in 6402 iterations."
[1] "Success! Convergence achieved in 4474 iterations."
[1] "Success! Convergence achieved in 6129 iterations."
[1] "Success! Convergence achieved in 5116 iterations."
MIROC-ES2L did not converge or ran out of iterations
Here's the original error message from FitKalman:
Iterations exhausted.Trying again with more liberal quadratic penalty (alpha) =  1e-05
[1] "Success! Convergence achieved in 13755 iterations."
[1] "Success! Convergence achieved in 14023 iterations."
[1] "Success! Convergence achieved in 5200 iterations."
[1] "Success! Convergence achieved in 7008 iterations."
[1] "Success! Convergence achieved in 4452 iterations."
[1] "Success! Convergence achieved in 5132 iterations."
[1] "Success! Convergence achieved in 4374 iterations."
[1] "Success! Convergence achieved in 4530 iterations."
[1] "Success! Convergence achieved in 4844 iterations."
[1] "Success! Convergence achieved in 3900 iterations."
[1] "Success! Convergence achieved in 4885 iterations."
[1] "Success! Convergence achieved in 12925 iterations."
[1] "Success! Convergence achieved in 4997 iterations."
 [1] "Success! Convergence achieved in 1671 iterations."                       
 [2] "Warning: Cholesky factorization 'dpotrf' exited with status: 1"          
 [3] "Variance of the prediction error can not be computed."                   
 [4] "Warning: Cholesky factorization 'dpotrf' exited with status: 1"          
 [5] "Determinant of the variance of the prediction error can not be computed."
 [6] "Warning: Cholesky factorization 'dpotrf' exited with status: 1"          
 [7] "Variance of the prediction error can not be computed."                   
 [8] "Warning: Cholesky factorization 'dpotrf' exited with status: 1"          
 [9] "Determinant of the variance of the prediction error can not be computed."
[10] "Warning: Cholesky factorization 'dpotrf' exited with status: 1"          
[11] "Variance of the prediction error can not be computed."                   
[12] "Warning: Cholesky factorization 'dpotrf' exited with status: 1"          
[13] "Determinant of the variance of the prediction error can not be computed."
[14] "Warning: Cholesky factorization 'dpotrf' exited with status: 1"          
[15] "Variance of the prediction error can not be computed."                   
[16] "Warning: Cholesky factorization 'dpotrf' exited with status: 1"          
[17] "Determinant of the variance of the prediction error can not be computed."
[18] "Warning: Cholesky factorization 'dpotrf' exited with status: 1"          
[19] "Variance of the prediction error can not be computed."                   
[20] "Warning: Cholesky factorization 'dpotrf' exited with status: 1"          
[21] "Determinant of the variance of the prediction error can not be computed."
NorESM2-MM did not converge or ran out of iterations
Here's the original error message from FitKalman:
Iterations exhausted.Trying again with more liberal quadratic penalty (alpha) =  1e-05
NorESM2-MM did not converge or ran out of iterations
Here's the original error message from FitKalman:
Iterations exhausted.Trying again with more liberal quadratic penalty (alpha) =  1e-04
NorESM2-MM did not converge or ran out of iterations
Here's the original error message from FitKalman:
Iterations exhausted.Trying again with more liberal quadratic penalty (alpha) =  0.001
NorESM2-MM did not converge or ran out of iterations
Here's the original error message from FitKalman:
Iterations exhausted.Trying again with more liberal quadratic penalty (alpha) =  0.01
NorESM2-MM did not converge or ran out of iterations
Here's the original error message from FitKalman:
Iterations exhausted.This isn't going to work, is it? I'm giving up for NorESM2-MM
I am excluding NorESM2-MM  from my table of results.
[1] "Success! Convergence achieved in 3983 iterations."
[1] "Success! Convergence achieved in 6142 iterations."
[1] "Success! Convergence achieved in 6190 iterations."
Warning messages:
1: In sqrt(diag(vcov)) : NaNs produced
2: In sqrt(diag(vcov)) : NaNs produced
3: In sqrt(diag(vcov)) : NaNs produced
4: In sqrt(diag(vcov)) : NaNs produced
5: In sqrt(diag(vcov)) : NaNs produced
6: In sqrt(diag(vcov)) : NaNs produced
Converting EBM parameters to IRM parameters...
ACCESS-CM2 & 0.67 & 2.81 & 0.68 & 3.73 & 11.6 & 86 & 1.35 & 1.62 & 0.53 & 0.45 & 7.19 & 5.36 & 2.48 \\
ACCESS-ESM1-5 & 0.70 & 3.58 & 0.84 & 3.77 & 8.9 & 87 & 1.56 & 2.74 & 0.60 & 0.64 & 6.56 & 4.69 & 2.00 \\
AWI-CM-1-1-MR & 1.22 & 1.79 & 0.66 & 4.14 & 11.0 & 47 & 1.32 & 3.97 & 0.65 & 0.94 & 8.02 & 3.28 & 2.17 \\
BCC-CSM2-MR & 1.06 & 2.13 & 0.85 & 4.16 & 11.8 & 63 & 1.25 & 2.30 & 0.34 & 0.54 & 6.71 & 3.15 & 1.87 \\
BCC-ESM1 & 0.88 & 1.48 & 0.91 & 5.35 & 15.8 & 77 & 1.29 & 1.88 & 0.31 & 0.39 & 6.25 & 3.53 & 1.91 \\
CAMS-CSM1-0 & 1.90 & 5.48 & 0.64 & 2.57 & 9.2 & 53 & 1.29 & 26.83 & 0.45 & 2.64 & 8.95 & 2.36 & 1.73 \\
CAS-ESM2-0 & 0.93 & 2.50 & 0.67 & 3.56 & 8.6 & 55 & 1.33 & 1.89 & 0.41 & 0.52 & 6.97 & 3.74 & 2.18 \\
CESM2 & 0.65 & 3.88 & 0.90 & 4.83 & 6.4 & 71 & 1.68 & 2.80 & 0.49 & 0.71 & 8.18 & 6.29 & 2.49 \\
CESM2-FV2 & 0.54 & 4.01 & 1.01 & 3.86 & 7.0 & 86 & 1.75 & 2.71 & 0.61 & 0.88 & 7.36 & 6.84 & 2.24 \\
CESM2-WACCM & 0.72 & 7.33 & 0.84 & 3.82 & 6.2 & 85 & 1.59 & 2.98 & 0.51 & 0.70 & 8.07 & 5.60 & 2.31 \\
CESM2-WACCM-FV2 & 0.56 & 3.52 & 0.94 & 3.39 & 9.5 & 107 & 1.50 & 2.89 & 0.53 & 0.94 & 6.73 & 5.98 & 2.16 \\
CIESM & 0.68 & 2.65 & 1.00 & 5.28 & 11.6 & 69 & 1.35 & 0.81 & 0.55 & 0.36 & 8.48 & 6.26 & 2.69 \\
CMCC-CM2-SR5 & 1.08 & 2.14 & 0.72 & 3.47 & 11.6 & 53 & 1.29 & 26.25 & 0.80 & 2.73 & 8.07 & 3.74 & 2.30 \\
CNRM-CM6-1 & 0.77 & 1.58 & 0.67 & 3.20 & 15.9 & 115 & 0.91 & 23.86 & 0.47 & 1.67 & 7.31 & 4.72 & 2.66 \\
CNRM-CM6-1-HR & 0.94 & 1.99 & 0.65 & 4.16 & 11.8 & 90 & 0.80 & 7.10 & 0.48 & 0.69 & 7.70 & 4.10 & 2.57 \\
CNRM-ESM2-1 & 0.68 & 2.62 & 0.69 & 3.53 & 7.6 & 104 & 0.83 & 4.67 & 0.50 & 0.89 & 5.90 & 4.35 & 2.39 \\
CanESM5 & 0.62 & 2.48 & 0.61 & 3.63 & 10.6 & 73 & 1.12 & 2.62 & 0.48 & 0.42 & 7.33 & 5.93 & 2.92 \\
E3SM-1-0 & 0.58 & 2.37 & 0.37 & 3.65 & 9.6 & 42 & 1.49 & 3.07 & 0.60 & 0.91 & 7.05 & 6.03 & 3.10 \\
EC-Earth3 & 0.82 & 2.67 & 0.57 & 3.18 & 10.4 & 34 & 1.24 & 26.93 & 0.73 & 2.33 & 7.11 & 4.33 & 2.53 \\
EC-Earth3-Veg & 0.84 & 2.27 & 0.61 & 3.23 & 10.4 & 31 & 1.26 & 26.49 & 0.68 & 2.69 & 7.49 & 4.46 & 2.65 \\
FGOALS-f3-L & 1.44 & 5.72 & 0.72 & 1.92 & 10.2 & 71 & 1.50 & 28.81 & 0.62 & 2.70 & 9.33 & 3.23 & 2.02 \\
FGOALS-g3 & 1.26 & 2.84 & 0.91 & 4.07 & 7.8 & 91 & 1.26 & 1.20 & 0.44 & 0.24 & 7.65 & 3.04 & 1.86 \\
FIO-ESM-2-0 & 0.87 & 4.91 & 0.86 & 2.90 & 8.4 & 91 & 1.31 & 26.44 & 0.60 & 1.64 & 8.13 & 4.66 & 2.31 \\
GFDL-CM4 & 1.00 & 2.42 & 1.42 & 5.32 & 0.2 & 81 & 1.81 & 2.73 & 0.71 & 0.96 & 9.02 & 4.49 & 2.19 \\
GFDL-ESM4 & 1.38 & 1.92 & 0.84 & 4.32 & 10.6 & 124 & 1.02 & 4.32 & 0.49 & 1.07 & 7.36 & 2.66 & 1.79 \\
GISS-E2-1-G & 1.44 & 2.09 & 1.20 & 3.59 & 10.6 & 163 & 1.09 & 2.89 & 0.66 & 0.53 & 8.02 & 2.78 & 1.76 \\
GISS-E2-1-H & 1.11 & 4.31 & 0.78 & 2.24 & 9.7 & 78 & 1.19 & 3.62 & 0.59 & 0.55 & 7.20 & 3.25 & 1.93 \\
GISS-E2-2-G & 1.97 & 1.92 & 0.63 & 3.60 & 11.3 & 314 & 0.44 & 2.39 & 0.54 & 0.54 & 8.04 & 2.04 & 1.68 \\
HadGEM3-GC31-LL & 0.61 & 2.85 & 0.64 & 3.87 & 9.3 & 66 & 1.17 & 3.13 & 0.61 & 0.46 & 7.22 & 5.91 & 2.83 \\
HadGEM3-GC31-MM & 0.65 & 2.01 & 0.69 & 3.40 & 14.1 & 65 & 1.04 & 3.13 & 0.43 & 0.50 & 7.16 & 5.54 & 2.77 \\
IITM-ESM & 1.99 & 2.80 & 1.00 & 3.76 & 12.0 & 150 & 1.06 & 2.95 & 0.54 & 1.15 & 9.43 & 2.37 & 1.67 \\
INM-CM4-8 & 1.58 & 1.90 & 0.55 & 4.35 & 9.8 & 22 & 1.45 & 2.51 & 0.26 & 0.44 & 5.94 & 1.88 & 1.41 \\
INM-CM5-0 & 1.54 & 1.90 & 0.58 & 4.58 & 11.4 & 49 & 1.45 & 1.92 & 0.32 & 0.44 & 6.23 & 2.02 & 1.42 \\
IPSL-CM6A-LR & 0.72 & 1.76 & 0.48 & 3.40 & 13.2 & 62 & 1.28 & 3.22 & 0.49 & 0.90 & 7.05 & 4.90 & 2.70 \\
KACE-1-0-G & 0.73 & 3.63 & 0.87 & 2.54 & 8.7 & 101 & 1.25 & 2.08 & 0.35 & 0.36 & 7.80 & 5.36 & 2.50 \\
KIOST-ESM & 0.93 & 3.05 & 0.95 & 2.15 & 9.6 & 95 & 1.41 & 2.35 & 0.32 & 0.61 & 7.22 & 3.87 & 1.99 \\
MIROC-ES2L & 1.95 & 1.71 & 0.70 & 4.56 & 16.6 & 204 & 0.45 & 1.95 & 0.95 & 0.71 & 8.81 & 2.25 & 1.78 \\
MIROC6 & 2.00 & 1.20 & 0.60 & 4.27 & 22.9 & 350 & 0.38 & 1.86 & 0.89 & 0.71 & 8.57 & 2.15 & 1.71 \\
MPI-ESM-1-2-HAM & 1.30 & 2.14 & 0.97 & 4.93 & 14.6 & 105 & 1.38 & 2.54 & 0.49 & 0.55 & 8.48 & 3.27 & 1.94 \\
MPI-ESM1-2-HR & 1.17 & 1.59 & 1.11 & 5.12 & 23.6 & 73 & 1.56 & 3.49 & 0.44 & 0.57 & 7.82 & 3.34 & 1.89 \\
MPI-ESM1-2-LR & 1.40 & 1.95 & 1.07 & 5.15 & 10.7 & 95 & 1.26 & 2.40 & 0.71 & 0.47 & 8.93 & 3.19 & 2.01 \\
MRI-ESM2-0 & 1.11 & 2.85 & 1.25 & 4.24 & 10.5 & 94 & 1.33 & 2.99 & 0.52 & 0.98 & 7.56 & 3.41 & 1.80 \\
NESM3 & 0.96 & 1.05 & 0.48 & 2.49 & 19.2 & 126 & 0.72 & 2.80 & 0.27 & 0.55 & 8.15 & 4.23 & 2.85 \\
NorCPM1 & 1.03 & 2.07 & 1.33 & 5.72 & 17.6 & 92 & 1.51 & 1.81 & 0.50 & 0.49 & 7.26 & 3.52 & 1.75 \\
NorESM2-LM & 1.64 & 2.54 & 1.54 & 4.52 & 0.1 & 120 & 1.32 & 1.66 & 0.72 & 1.31 & 8.60 & 2.62 & 1.65 \\
SAM0-UNICON & 1.04 & 2.69 & 1.03 & 4.63 & 6.3 & 111 & 1.25 & 2.44 & 0.64 & 0.80 & 8.36 & 4.01 & 2.20 \\
TaiESM1 & 0.87 & 2.31 & 0.92 & 5.06 & 9.0 & 91 & 1.23 & 2.04 & 0.69 & 0.46 & 8.15 & 4.67 & 2.44 \\
UKESM1-0-LL & 0.66 & 2.60 & 0.61 & 2.92 & 11.3 & 73 & 1.13 & 3.55 & 0.44 & 0.50 & 7.38 & 5.63 & 2.84 \\
Getting PRIMAP data...
/oscar/home/jnickla1/fair-calibrate/input/fair-2.1.3/v1.4/all-2022_hadcrut5_current/calibration/./05_get-gfed-emissions.py:90: FutureWarning: The 'delim_whitespace' keyword in pd.read_csv is deprecated and will be removed in a future version. Use ``sep='\s+'`` instead
  efs = pd.read_csv(
slurmstepd: error: *** JOB 11472626 ON node2407 CANCELLED AT 2025-05-14T13:06:36 ***
