## SLURM PROLOG ###############################################################
##    Job ID : 11472551
##  Job Name : run_mult_cutoffs
##  Nodelist : node2407
##      CPUs : 40
##   Mem/CPU : 2800 MB
## Directory : /oscar/home/jnickla1/fair-calibrate
##   Job Started : Wed May 14 12:52:32 PM EDT 2025
###############################################################################
/var/spool/slurmd/job11472551/slurm_script: line 10: export: `#': not a valid identifier
/var/spool/slurmd/job11472551/slurm_script: line 10: export: `.env': not a valid identifier
/var/spool/slurmd/job11472551/slurm_script: line 10: export: `#': not a valid identifier
/var/spool/slurmd/job11472551/slurm_script: line 10: export: `#': not a valid identifier
/var/spool/slurmd/job11472551/slurm_script: line 10: export: `#': not a valid identifier
/var/spool/slurmd/job11472551/slurm_script: line 10: export: `#': not a valid identifier
/var/spool/slurmd/job11472551/slurm_script: line 10: export: `#': not a valid identifier
/var/spool/slurmd/job11472551/slurm_script: line 10: export: `debugging,': not a valid identifier
/var/spool/slurmd/job11472551/slurm_script: line 10: export: `#': not a valid identifier
/var/spool/slurmd/job11472551/slurm_script: line 10: export: `runs,': not a valid identifier
/var/spool/slurmd/job11472551/slurm_script: line 10: export: `#': not a valid identifier
/var/spool/slurmd/job11472551/slurm_script: line 10: export: `plots?': not a valid identifier
/var/spool/slurmd/job11472551/slurm_script: line 10: export: `#': not a valid identifier
/var/spool/slurmd/job11472551/slurm_script: line 10: export: `bar?': not a valid identifier
/var/spool/slurmd/job11472551/slurm_script: line 10: export: `(good': not a valid identifier
/var/spool/slurmd/job11472551/slurm_script: line 10: export: `interactive,': not a valid identifier
/var/spool/slurmd/job11472551/slurm_script: line 10: export: `#': not a valid identifier
/var/spool/slurmd/job11472551/slurm_script: line 10: export: `jobs)': not a valid identifier
/var/spool/slurmd/job11472551/slurm_script: line 10: export: `#': not a valid identifier
/var/spool/slurmd/job11472551/slurm_script: line 10: export: `#': not a valid identifier
/var/spool/slurmd/job11472551/slurm_script: line 10: export: `(a': not a valid identifier
/var/spool/slurmd/job11472551/slurm_script: line 10: export: `directory)': not a valid identifier
>>> Running calibration
/var/spool/slurmd/job11472551/slurm_script: line 27: cd: /var/spool/slurmd/job11472551/input/fair-2.1.3/v1.4/all-2022_hadcrut5_current/calibration: No such file or directory
  • calibration/[0-9][0-9]_*.*
chmod: cannot access '[0-9][0-9]_*.*': No such file or directory
/var/spool/slurmd/job11472551/slurm_script: line 31: ./[0-9][0-9]_*.*: No such file or directory
ERROR in [0-9][0-9]_*.*
