Starting job 46 on node2302
rm: cannot remove 'logs_Nv/arrayjob2-*_46.out': No such file or directory
environment: line 5: 3161270 Killed                  ./"$file" >> ${script_dir}/logs_Nvc/log_ens${ENSEMBLE_RUN}_cut${CUTOFF_YEAR}.log 2>&1
environment: line 5: 3090233 Killed                  ./"$file" >> ${script_dir}/logs_Nvc/log_ens${ENSEMBLE_RUN}_cut${CUTOFF_YEAR}.log 2>&1
environment: line 5: 3308146 Killed                  ./"$file" >> ${script_dir}/logs_Nvc/log_ens${ENSEMBLE_RUN}_cut${CUTOFF_YEAR}.log 2>&1
environment: line 5: 3059877 Killed                  ./"$file" >> ${script_dir}/logs_Nvc/log_ens${ENSEMBLE_RUN}_cut${CUTOFF_YEAR}.log 2>&1
environment: line 5: 1667559 Killed                  ./"$file" >> ${script_dir}/logs_Nvc/log_ens${ENSEMBLE_RUN}_cut${CUTOFF_YEAR}.log 2>&1
environment: line 5: 3675043 Killed                  ./"$file" >> ${script_dir}/logs_Nvc/log_ens${ENSEMBLE_RUN}_cut${CUTOFF_YEAR}.log 2>&1
environment: line 5: 3605186 Killed                  ./"$file" >> ${script_dir}/logs_Nvc/log_ens${ENSEMBLE_RUN}_cut${CUTOFF_YEAR}.log 2>&1
environment: line 5: 3774655 Killed                  ./"$file" >> ${script_dir}/logs_Nvc/log_ens${ENSEMBLE_RUN}_cut${CUTOFF_YEAR}.log 2>&1
environment: line 5: 3749414 Killed                  ./"$file" >> ${script_dir}/logs_Nvc/log_ens${ENSEMBLE_RUN}_cut${CUTOFF_YEAR}.log 2>&1
environment: line 5: 3799260 Killed                  ./"$file" >> ${script_dir}/logs_Nvc/log_ens${ENSEMBLE_RUN}_cut${CUTOFF_YEAR}.log 2>&1
environment: line 5: 2471632 Killed                  ./"$file" >> ${script_dir}/logs_Nvc/log_ens${ENSEMBLE_RUN}_cut${CUTOFF_YEAR}.log 2>&1
environment: line 5: 2201715 Killed                  ./"$file" >> ${script_dir}/logs_Nvc/log_ens${ENSEMBLE_RUN}_cut${CUTOFF_YEAR}.log 2>&1
environment: line 5: 3875796 Killed                  ./"$file" >> ${script_dir}/logs_Nvc/log_ens${ENSEMBLE_RUN}_cut${CUTOFF_YEAR}.log 2>&1
environment: line 5: 1399698 Killed                  ./"$file" >> ${script_dir}/logs_Nvc/log_ens${ENSEMBLE_RUN}_cut${CUTOFF_YEAR}.log 2>&1
environment: line 5: 3940491 Killed                  ./"$file" >> ${script_dir}/logs_Nvc/log_ens${ENSEMBLE_RUN}_cut${CUTOFF_YEAR}.log 2>&1
environment: line 5: 3900547 Killed                  ./"$file" >> ${script_dir}/logs_Nvc/log_ens${ENSEMBLE_RUN}_cut${CUTOFF_YEAR}.log 2>&1
environment: line 5: 4036269 Killed                  ./"$file" >> ${script_dir}/logs_Nvc/log_ens${ENSEMBLE_RUN}_cut${CUTOFF_YEAR}.log 2>&1
environment: line 5: 3580326 Killed                  ./"$file" >> ${script_dir}/logs_Nvc/log_ens${ENSEMBLE_RUN}_cut${CUTOFF_YEAR}.log 2>&1
environment: line 5: 2257413 Killed                  ./"$file" >> ${script_dir}/logs_Nvc/log_ens${ENSEMBLE_RUN}_cut${CUTOFF_YEAR}.log 2>&1
environment: line 5: 2681908 Killed                  ./"$file" >> ${script_dir}/logs_Nvc/log_ens${ENSEMBLE_RUN}_cut${CUTOFF_YEAR}.log 2>&1
environment: line 5: 4097215 Killed                  ./"$file" >> ${script_dir}/logs_Nvc/log_ens${ENSEMBLE_RUN}_cut${CUTOFF_YEAR}.log 2>&1
environment: line 5: 18622 Killed                  ./"$file" >> ${script_dir}/logs_Nvc/log_ens${ENSEMBLE_RUN}_cut${CUTOFF_YEAR}.log 2>&1
environment: line 5: 4163238 Killed                  ./"$file" >> ${script_dir}/logs_Nvc/log_ens${ENSEMBLE_RUN}_cut${CUTOFF_YEAR}.log 2>&1
environment: line 5: 2292550 Killed                  ./"$file" >> ${script_dir}/logs_Nvc/log_ens${ENSEMBLE_RUN}_cut${CUTOFF_YEAR}.log 2>&1
environment: line 5: 69113 Killed                  ./"$file" >> ${script_dir}/logs_Nvc/log_ens${ENSEMBLE_RUN}_cut${CUTOFF_YEAR}.log 2>&1
environment: line 5: 30916 Killed                  ./"$file" >> ${script_dir}/logs_Nvc/log_ens${ENSEMBLE_RUN}_cut${CUTOFF_YEAR}.log 2>&1
environment: line 5: 3371113 Killed                  ./"$file" >> ${script_dir}/logs_Nvc/log_ens${ENSEMBLE_RUN}_cut${CUTOFF_YEAR}.log 2>&1
environment: line 5: 214552 Killed                  ./"$file" >> ${script_dir}/logs_Nvc/log_ens${ENSEMBLE_RUN}_cut${CUTOFF_YEAR}.log 2>&1
environment: line 5: 3191428 Killed                  ./"$file" >> ${script_dir}/logs_Nvc/log_ens${ENSEMBLE_RUN}_cut${CUTOFF_YEAR}.log 2>&1
environment: line 5: 295231 Killed                  ./"$file" >> ${script_dir}/logs_Nvc/log_ens${ENSEMBLE_RUN}_cut${CUTOFF_YEAR}.log 2>&1
environment: line 5: 281424 Killed                  ./"$file" >> ${script_dir}/logs_Nvc/log_ens${ENSEMBLE_RUN}_cut${CUTOFF_YEAR}.log 2>&1
environment: line 5: 3967015 Killed                  ./"$file" >> ${script_dir}/logs_Nvc/log_ens${ENSEMBLE_RUN}_cut${CUTOFF_YEAR}.log 2>&1
environment: line 5: 450467 Killed                  ./"$file" >> ${script_dir}/logs_Nvc/log_ens${ENSEMBLE_RUN}_cut${CUTOFF_YEAR}.log 2>&1
environment: line 5: 387092 Killed                  ./"$file" >> ${script_dir}/logs_Nvc/log_ens${ENSEMBLE_RUN}_cut${CUTOFF_YEAR}.log 2>&1
environment: line 5: 3834049 Killed                  ./"$file" >> ${script_dir}/logs_Nvc/log_ens${ENSEMBLE_RUN}_cut${CUTOFF_YEAR}.log 2>&1
environment: line 5: 444972 Killed                  ./"$file" >> ${script_dir}/logs_Nvc/log_ens${ENSEMBLE_RUN}_cut${CUTOFF_YEAR}.log 2>&1
environment: line 5: 487009 Killed                  ./"$file" >> ${script_dir}/logs_Nvc/log_ens${ENSEMBLE_RUN}_cut${CUTOFF_YEAR}.log 2>&1
environment: line 5: 555328 Killed                  ./"$file" >> ${script_dir}/logs_Nvc/log_ens${ENSEMBLE_RUN}_cut${CUTOFF_YEAR}.log 2>&1
environment: line 5: 3218607 Killed                  ./"$file" >> ${script_dir}/logs_Nvc/log_ens${ENSEMBLE_RUN}_cut${CUTOFF_YEAR}.log 2>&1
environment: line 5: 572425 Killed                  ./"$file" >> ${script_dir}/logs_Nvc/log_ens${ENSEMBLE_RUN}_cut${CUTOFF_YEAR}.log 2>&1
environment: line 5: 4011233 Killed                  ./"$file" >> ${script_dir}/logs_Nvc/log_ens${ENSEMBLE_RUN}_cut${CUTOFF_YEAR}.log 2>&1
environment: line 5: 656169 Killed                  ./"$file" >> ${script_dir}/logs_Nvc/log_ens${ENSEMBLE_RUN}_cut${CUTOFF_YEAR}.log 2>&1
environment: line 5: 689048 Killed                  ./"$file" >> ${script_dir}/logs_Nvc/log_ens${ENSEMBLE_RUN}_cut${CUTOFF_YEAR}.log 2>&1
environment: line 5: 660270 Killed                  ./"$file" >> ${script_dir}/logs_Nvc/log_ens${ENSEMBLE_RUN}_cut${CUTOFF_YEAR}.log 2>&1
environment: line 5: 23734 Killed                  ./"$file" >> ${script_dir}/logs_Nvc/log_ens${ENSEMBLE_RUN}_cut${CUTOFF_YEAR}.log 2>&1
environment: line 5: 804657 Killed                  ./"$file" >> ${script_dir}/logs_Nvc/log_ens${ENSEMBLE_RUN}_cut${CUTOFF_YEAR}.log 2>&1
environment: line 5: 862803 Killed                  ./"$file" >> ${script_dir}/logs_Nvc/log_ens${ENSEMBLE_RUN}_cut${CUTOFF_YEAR}.log 2>&1
environment: line 5: 757198 Killed                  ./"$file" >> ${script_dir}/logs_Nvc/log_ens${ENSEMBLE_RUN}_cut${CUTOFF_YEAR}.log 2>&1
environment: line 5: 847073 Killed                  ./"$file" >> ${script_dir}/logs_Nvc/log_ens${ENSEMBLE_RUN}_cut${CUTOFF_YEAR}.log 2>&1
environment: line 5: 750071 Killed                  ./"$file" >> ${script_dir}/logs_Nvc/log_ens${ENSEMBLE_RUN}_cut${CUTOFF_YEAR}.log 2>&1
environment: line 5: 736301 Killed                  ./"$file" >> ${script_dir}/logs_Nvc/log_ens${ENSEMBLE_RUN}_cut${CUTOFF_YEAR}.log 2>&1
environment: line 5: 76626 Killed                  ./"$file" >> ${script_dir}/logs_Nvc/log_ens${ENSEMBLE_RUN}_cut${CUTOFF_YEAR}.log 2>&1
environment: line 5: 979616 Killed                  ./"$file" >> ${script_dir}/logs_Nvc/log_ens${ENSEMBLE_RUN}_cut${CUTOFF_YEAR}.log 2>&1
environment: line 5: 993369 Killed                  ./"$file" >> ${script_dir}/logs_Nvc/log_ens${ENSEMBLE_RUN}_cut${CUTOFF_YEAR}.log 2>&1
environment: line 5: 2500942 Killed                  ./"$file" >> ${script_dir}/logs_Nvc/log_ens${ENSEMBLE_RUN}_cut${CUTOFF_YEAR}.log 2>&1
environment: line 5: 3431476 Killed                  ./"$file" >> ${script_dir}/logs_Nvc/log_ens${ENSEMBLE_RUN}_cut${CUTOFF_YEAR}.log 2>&1
environment: line 5: 2696983 Killed                  ./"$file" >> ${script_dir}/logs_Nvc/log_ens${ENSEMBLE_RUN}_cut${CUTOFF_YEAR}.log 2>&1
environment: line 5: 1015786 Killed                  ./"$file" >> ${script_dir}/logs_Nvc/log_ens${ENSEMBLE_RUN}_cut${CUTOFF_YEAR}.log 2>&1
environment: line 5: 987732 Killed                  ./"$file" >> ${script_dir}/logs_Nvc/log_ens${ENSEMBLE_RUN}_cut${CUTOFF_YEAR}.log 2>&1
environment: line 5: 1579853 Killed                  ./"$file" >> ${script_dir}/logs_Nvc/log_ens${ENSEMBLE_RUN}_cut${CUTOFF_YEAR}.log 2>&1
environment: line 5: 137855 Killed                  ./"$file" >> ${script_dir}/logs_Nvc/log_ens${ENSEMBLE_RUN}_cut${CUTOFF_YEAR}.log 2>&1
environment: line 5: 347085 Killed                  ./"$file" >> ${script_dir}/logs_Nvc/log_ens${ENSEMBLE_RUN}_cut${CUTOFF_YEAR}.log 2>&1
environment: line 5: 545093 Killed                  ./"$file" >> ${script_dir}/logs_Nvc/log_ens${ENSEMBLE_RUN}_cut${CUTOFF_YEAR}.log 2>&1
environment: line 5: 944398 Killed                  ./"$file" >> ${script_dir}/logs_Nvc/log_ens${ENSEMBLE_RUN}_cut${CUTOFF_YEAR}.log 2>&1
environment: line 5: 805508 Killed                  ./"$file" >> ${script_dir}/logs_Nvc/log_ens${ENSEMBLE_RUN}_cut${CUTOFF_YEAR}.log 2>&1
environment: line 1: 2784278 Killed                  ./"$file" >> ${script_dir}/logs_Nvc/log_ens${ENSEMBLE_RUN}_cut${CUTOFF_YEAR}.log 2>&1
environment: line 1: 2782948 Killed                  ./"$file" >> ${script_dir}/logs_Nvc/log_ens${ENSEMBLE_RUN}_cut${CUTOFF_YEAR}.log 2>&1
environment: line 1: 2784157 Killed                  ./"$file" >> ${script_dir}/logs_Nvc/log_ens${ENSEMBLE_RUN}_cut${CUTOFF_YEAR}.log 2>&1
environment: line 1: 2782851 Killed                  ./"$file" >> ${script_dir}/logs_Nvc/log_ens${ENSEMBLE_RUN}_cut${CUTOFF_YEAR}.log 2>&1
environment: line 1: 2784527 Killed                  ./"$file" >> ${script_dir}/logs_Nvc/log_ens${ENSEMBLE_RUN}_cut${CUTOFF_YEAR}.log 2>&1
environment: line 1: 2784988 Killed                  ./"$file" >> ${script_dir}/logs_Nvc/log_ens${ENSEMBLE_RUN}_cut${CUTOFF_YEAR}.log 2>&1
environment: line 1: 2785471 Killed                  ./"$file" >> ${script_dir}/logs_Nvc/log_ens${ENSEMBLE_RUN}_cut${CUTOFF_YEAR}.log 2>&1
environment: line 1: 2783048 Killed                  ./"$file" >> ${script_dir}/logs_Nvc/log_ens${ENSEMBLE_RUN}_cut${CUTOFF_YEAR}.log 2>&1
environment: line 1: 2784182 Killed                  ./"$file" >> ${script_dir}/logs_Nvc/log_ens${ENSEMBLE_RUN}_cut${CUTOFF_YEAR}.log 2>&1
environment: line 1: 2784062 Killed                  ./"$file" >> ${script_dir}/logs_Nvc/log_ens${ENSEMBLE_RUN}_cut${CUTOFF_YEAR}.log 2>&1
environment: line 1: 2784975 Killed                  ./"$file" >> ${script_dir}/logs_Nvc/log_ens${ENSEMBLE_RUN}_cut${CUTOFF_YEAR}.log 2>&1
environment: line 1: 2783386 Killed                  ./"$file" >> ${script_dir}/logs_Nvc/log_ens${ENSEMBLE_RUN}_cut${CUTOFF_YEAR}.log 2>&1
environment: line 1: 2784739 Killed                  ./"$file" >> ${script_dir}/logs_Nvc/log_ens${ENSEMBLE_RUN}_cut${CUTOFF_YEAR}.log 2>&1
environment: line 1: 2784946 Killed                  ./"$file" >> ${script_dir}/logs_Nvc/log_ens${ENSEMBLE_RUN}_cut${CUTOFF_YEAR}.log 2>&1
environment: line 1: 2783885 Killed                  ./"$file" >> ${script_dir}/logs_Nvc/log_ens${ENSEMBLE_RUN}_cut${CUTOFF_YEAR}.log 2>&1
environment: line 1: 2783006 Killed                  ./"$file" >> ${script_dir}/logs_Nvc/log_ens${ENSEMBLE_RUN}_cut${CUTOFF_YEAR}.log 2>&1
environment: line 1: 2785873 Killed                  ./"$file" >> ${script_dir}/logs_Nvc/log_ens${ENSEMBLE_RUN}_cut${CUTOFF_YEAR}.log 2>&1
environment: line 1: 2783129 Killed                  ./"$file" >> ${script_dir}/logs_Nvc/log_ens${ENSEMBLE_RUN}_cut${CUTOFF_YEAR}.log 2>&1
environment: line 1: 2783043 Killed                  ./"$file" >> ${script_dir}/logs_Nvc/log_ens${ENSEMBLE_RUN}_cut${CUTOFF_YEAR}.log 2>&1
environment: line 1: 2783806 Killed                  ./"$file" >> ${script_dir}/logs_Nvc/log_ens${ENSEMBLE_RUN}_cut${CUTOFF_YEAR}.log 2>&1
environment: line 1: 2783994 Killed                  ./"$file" >> ${script_dir}/logs_Nvc/log_ens${ENSEMBLE_RUN}_cut${CUTOFF_YEAR}.log 2>&1
environment: line 1: 2784360 Killed                  ./"$file" >> ${script_dir}/logs_Nvc/log_ens${ENSEMBLE_RUN}_cut${CUTOFF_YEAR}.log 2>&1
environment: line 1: 2782996 Killed                  ./"$file" >> ${script_dir}/logs_Nvc/log_ens${ENSEMBLE_RUN}_cut${CUTOFF_YEAR}.log 2>&1
environment: line 1: 2783220 Killed                  ./"$file" >> ${script_dir}/logs_Nvc/log_ens${ENSEMBLE_RUN}_cut${CUTOFF_YEAR}.log 2>&1
environment: line 1: 2783207 Killed                  ./"$file" >> ${script_dir}/logs_Nvc/log_ens${ENSEMBLE_RUN}_cut${CUTOFF_YEAR}.log 2>&1
environment: line 1: 2783338 Killed                  ./"$file" >> ${script_dir}/logs_Nvc/log_ens${ENSEMBLE_RUN}_cut${CUTOFF_YEAR}.log 2>&1
environment: line 1: 2783622 Killed                  ./"$file" >> ${script_dir}/logs_Nvc/log_ens${ENSEMBLE_RUN}_cut${CUTOFF_YEAR}.log 2>&1
environment: line 1: 2784310 Killed                  ./"$file" >> ${script_dir}/logs_Nvc/log_ens${ENSEMBLE_RUN}_cut${CUTOFF_YEAR}.log 2>&1
environment: line 1: 2785836 Killed                  ./"$file" >> ${script_dir}/logs_Nvc/log_ens${ENSEMBLE_RUN}_cut${CUTOFF_YEAR}.log 2>&1
environment: line 1: 2784080 Killed                  ./"$file" >> ${script_dir}/logs_Nvc/log_ens${ENSEMBLE_RUN}_cut${CUTOFF_YEAR}.log 2>&1
environment: line 1: 2783755 Killed                  ./"$file" >> ${script_dir}/logs_Nvc/log_ens${ENSEMBLE_RUN}_cut${CUTOFF_YEAR}.log 2>&1
environment: line 1: 2785061 Killed                  ./"$file" >> ${script_dir}/logs_Nvc/log_ens${ENSEMBLE_RUN}_cut${CUTOFF_YEAR}.log 2>&1
environment: line 1: 2783436 Killed                  ./"$file" >> ${script_dir}/logs_Nvc/log_ens${ENSEMBLE_RUN}_cut${CUTOFF_YEAR}.log 2>&1
environment: line 1: 2782902 Killed                  ./"$file" >> ${script_dir}/logs_Nvc/log_ens${ENSEMBLE_RUN}_cut${CUTOFF_YEAR}.log 2>&1
environment: line 1: 2784174 Killed                  ./"$file" >> ${script_dir}/logs_Nvc/log_ens${ENSEMBLE_RUN}_cut${CUTOFF_YEAR}.log 2>&1
environment: line 1: 2785500 Killed                  ./"$file" >> ${script_dir}/logs_Nvc/log_ens${ENSEMBLE_RUN}_cut${CUTOFF_YEAR}.log 2>&1
environment: line 1: 2784745 Killed                  ./"$file" >> ${script_dir}/logs_Nvc/log_ens${ENSEMBLE_RUN}_cut${CUTOFF_YEAR}.log 2>&1
environment: line 1: 2784998 Killed                  ./"$file" >> ${script_dir}/logs_Nvc/log_ens${ENSEMBLE_RUN}_cut${CUTOFF_YEAR}.log 2>&1
environment: line 1: 2784001 Killed                  ./"$file" >> ${script_dir}/logs_Nvc/log_ens${ENSEMBLE_RUN}_cut${CUTOFF_YEAR}.log 2>&1
environment: line 1: 2784301 Killed                  ./"$file" >> ${script_dir}/logs_Nvc/log_ens${ENSEMBLE_RUN}_cut${CUTOFF_YEAR}.log 2>&1
environment: line 1: 2786187 Killed                  ./"$file" >> ${script_dir}/logs_Nvc/log_ens${ENSEMBLE_RUN}_cut${CUTOFF_YEAR}.log 2>&1
environment: line 1: 2784590 Killed                  ./"$file" >> ${script_dir}/logs_Nvc/log_ens${ENSEMBLE_RUN}_cut${CUTOFF_YEAR}.log 2>&1
environment: line 1: 2784205 Killed                  ./"$file" >> ${script_dir}/logs_Nvc/log_ens${ENSEMBLE_RUN}_cut${CUTOFF_YEAR}.log 2>&1
environment: line 1: 2782841 Killed                  ./"$file" >> ${script_dir}/logs_Nvc/log_ens${ENSEMBLE_RUN}_cut${CUTOFF_YEAR}.log 2>&1
environment: line 1: 2783474 Killed                  ./"$file" >> ${script_dir}/logs_Nvc/log_ens${ENSEMBLE_RUN}_cut${CUTOFF_YEAR}.log 2>&1
environment: line 1: 2783333 Killed                  ./"$file" >> ${script_dir}/logs_Nvc/log_ens${ENSEMBLE_RUN}_cut${CUTOFF_YEAR}.log 2>&1
environment: line 1: 2785440 Killed                  ./"$file" >> ${script_dir}/logs_Nvc/log_ens${ENSEMBLE_RUN}_cut${CUTOFF_YEAR}.log 2>&1
environment: line 1: 2785271 Killed                  ./"$file" >> ${script_dir}/logs_Nvc/log_ens${ENSEMBLE_RUN}_cut${CUTOFF_YEAR}.log 2>&1
environment: line 1: 2784700 Killed                  ./"$file" >> ${script_dir}/logs_Nvc/log_ens${ENSEMBLE_RUN}_cut${CUTOFF_YEAR}.log 2>&1
environment: line 1: 2783865 Killed                  ./"$file" >> ${script_dir}/logs_Nvc/log_ens${ENSEMBLE_RUN}_cut${CUTOFF_YEAR}.log 2>&1
environment: line 1: 2783107 Killed                  ./"$file" >> ${script_dir}/logs_Nvc/log_ens${ENSEMBLE_RUN}_cut${CUTOFF_YEAR}.log 2>&1
environment: line 1: 2783526 Killed                  ./"$file" >> ${script_dir}/logs_Nvc/log_ens${ENSEMBLE_RUN}_cut${CUTOFF_YEAR}.log 2>&1
environment: line 1: 2783964 Killed                  ./"$file" >> ${script_dir}/logs_Nvc/log_ens${ENSEMBLE_RUN}_cut${CUTOFF_YEAR}.log 2>&1
environment: line 1: 2784082 Killed                  ./"$file" >> ${script_dir}/logs_Nvc/log_ens${ENSEMBLE_RUN}_cut${CUTOFF_YEAR}.log 2>&1
environment: line 1: 2785927 Killed                  ./"$file" >> ${script_dir}/logs_Nvc/log_ens${ENSEMBLE_RUN}_cut${CUTOFF_YEAR}.log 2>&1
environment: line 1: 2783649 Killed                  ./"$file" >> ${script_dir}/logs_Nvc/log_ens${ENSEMBLE_RUN}_cut${CUTOFF_YEAR}.log 2>&1
environment: line 1: 2783410 Killed                  ./"$file" >> ${script_dir}/logs_Nvc/log_ens${ENSEMBLE_RUN}_cut${CUTOFF_YEAR}.log 2>&1
environment: line 1: 2784188 Killed                  ./"$file" >> ${script_dir}/logs_Nvc/log_ens${ENSEMBLE_RUN}_cut${CUTOFF_YEAR}.log 2>&1
environment: line 1: 2785478 Killed                  ./"$file" >> ${script_dir}/logs_Nvc/log_ens${ENSEMBLE_RUN}_cut${CUTOFF_YEAR}.log 2>&1
environment: line 1: 2783397 Killed                  ./"$file" >> ${script_dir}/logs_Nvc/log_ens${ENSEMBLE_RUN}_cut${CUTOFF_YEAR}.log 2>&1
environment: line 1: 2782873 Killed                  ./"$file" >> ${script_dir}/logs_Nvc/log_ens${ENSEMBLE_RUN}_cut${CUTOFF_YEAR}.log 2>&1
environment: line 1: 2786220 Killed                  ./"$file" >> ${script_dir}/logs_Nvc/log_ens${ENSEMBLE_RUN}_cut${CUTOFF_YEAR}.log 2>&1
environment: line 1: 2784857 Killed                  ./"$file" >> ${script_dir}/logs_Nvc/log_ens${ENSEMBLE_RUN}_cut${CUTOFF_YEAR}.log 2>&1
environment: line 1: 2785499 Killed                  ./"$file" >> ${script_dir}/logs_Nvc/log_ens${ENSEMBLE_RUN}_cut${CUTOFF_YEAR}.log 2>&1
Total time: 4680 seconds
All done!
slurmstepd: error: Detected 129 oom_kill events in StepId=11675729.batch. Some of the step tasks have been OOM Killed.
