Starting job 12 on node2302
environment: line 5: 3865247 Killed                  ./"$file" >> ${script_dir}/logs_Nvc/log_ens${ENSEMBLE_RUN}_cut${CUTOFF_YEAR}.log 2>&1
environment: line 5: 3373399 Killed                  ./"$file" >> ${script_dir}/logs_Nvc/log_ens${ENSEMBLE_RUN}_cut${CUTOFF_YEAR}.log 2>&1
environment: line 5: 4134979 Killed                  ./"$file" >> ${script_dir}/logs_Nvc/log_ens${ENSEMBLE_RUN}_cut${CUTOFF_YEAR}.log 2>&1
environment: line 5: 3804288 Killed                  ./"$file" >> ${script_dir}/logs_Nvc/log_ens${ENSEMBLE_RUN}_cut${CUTOFF_YEAR}.log 2>&1
environment: line 5: 51525 Killed                  ./"$file" >> ${script_dir}/logs_Nvc/log_ens${ENSEMBLE_RUN}_cut${CUTOFF_YEAR}.log 2>&1
environment: line 5: 665982 Killed                  ./"$file" >> ${script_dir}/logs_Nvc/log_ens${ENSEMBLE_RUN}_cut${CUTOFF_YEAR}.log 2>&1
environment: line 5: 777251 Killed                  ./"$file" >> ${script_dir}/logs_Nvc/log_ens${ENSEMBLE_RUN}_cut${CUTOFF_YEAR}.log 2>&1
environment: line 5: 625334 Killed                  ./"$file" >> ${script_dir}/logs_Nvc/log_ens${ENSEMBLE_RUN}_cut${CUTOFF_YEAR}.log 2>&1
environment: line 5: 845800 Killed                  ./"$file" >> ${script_dir}/logs_Nvc/log_ens${ENSEMBLE_RUN}_cut${CUTOFF_YEAR}.log 2>&1
environment: line 5: 16254 Killed                  ./"$file" >> ${script_dir}/logs_Nvc/log_ens${ENSEMBLE_RUN}_cut${CUTOFF_YEAR}.log 2>&1
environment: line 5: 661129 Killed                  ./"$file" >> ${script_dir}/logs_Nvc/log_ens${ENSEMBLE_RUN}_cut${CUTOFF_YEAR}.log 2>&1
environment: line 5: 1076436 Killed                  ./"$file" >> ${script_dir}/logs_Nvc/log_ens${ENSEMBLE_RUN}_cut${CUTOFF_YEAR}.log 2>&1
environment: line 5: 1102251 Killed                  ./"$file" >> ${script_dir}/logs_Nvc/log_ens${ENSEMBLE_RUN}_cut${CUTOFF_YEAR}.log 2>&1
environment: line 5: 514666 Killed                  ./"$file" >> ${script_dir}/logs_Nvc/log_ens${ENSEMBLE_RUN}_cut${CUTOFF_YEAR}.log 2>&1
environment: line 5: 1204303 Killed                  ./"$file" >> ${script_dir}/logs_Nvc/log_ens${ENSEMBLE_RUN}_cut${CUTOFF_YEAR}.log 2>&1
environment: line 5: 813611 Killed                  ./"$file" >> ${script_dir}/logs_Nvc/log_ens${ENSEMBLE_RUN}_cut${CUTOFF_YEAR}.log 2>&1
environment: line 5: 266739 Killed                  ./"$file" >> ${script_dir}/logs_Nvc/log_ens${ENSEMBLE_RUN}_cut${CUTOFF_YEAR}.log 2>&1
environment: line 5: 897760 Killed                  ./"$file" >> ${script_dir}/logs_Nvc/log_ens${ENSEMBLE_RUN}_cut${CUTOFF_YEAR}.log 2>&1
environment: line 5: 1371393 Killed                  ./"$file" >> ${script_dir}/logs_Nvc/log_ens${ENSEMBLE_RUN}_cut${CUTOFF_YEAR}.log 2>&1
environment: line 5: 4153875 Killed                  ./"$file" >> ${script_dir}/logs_Nvc/log_ens${ENSEMBLE_RUN}_cut${CUTOFF_YEAR}.log 2>&1
environment: line 5: 413158 Killed                  ./"$file" >> ${script_dir}/logs_Nvc/log_ens${ENSEMBLE_RUN}_cut${CUTOFF_YEAR}.log 2>&1
environment: line 5: 1499337 Killed                  ./"$file" >> ${script_dir}/logs_Nvc/log_ens${ENSEMBLE_RUN}_cut${CUTOFF_YEAR}.log 2>&1
environment: line 5: 3978738 Killed                  ./"$file" >> ${script_dir}/logs_Nvc/log_ens${ENSEMBLE_RUN}_cut${CUTOFF_YEAR}.log 2>&1
environment: line 5: 3837483 Killed                  ./"$file" >> ${script_dir}/logs_Nvc/log_ens${ENSEMBLE_RUN}_cut${CUTOFF_YEAR}.log 2>&1
environment: line 5: 3776964 Killed                  ./"$file" >> ${script_dir}/logs_Nvc/log_ens${ENSEMBLE_RUN}_cut${CUTOFF_YEAR}.log 2>&1
environment: line 5: 1626496 Killed                  ./"$file" >> ${script_dir}/logs_Nvc/log_ens${ENSEMBLE_RUN}_cut${CUTOFF_YEAR}.log 2>&1
environment: line 5: 1602773 Killed                  ./"$file" >> ${script_dir}/logs_Nvc/log_ens${ENSEMBLE_RUN}_cut${CUTOFF_YEAR}.log 2>&1
environment: line 5: 1647177 Killed                  ./"$file" >> ${script_dir}/logs_Nvc/log_ens${ENSEMBLE_RUN}_cut${CUTOFF_YEAR}.log 2>&1
environment: line 5: 1625960 Killed                  ./"$file" >> ${script_dir}/logs_Nvc/log_ens${ENSEMBLE_RUN}_cut${CUTOFF_YEAR}.log 2>&1
environment: line 5: 1201290 Killed                  ./"$file" >> ${script_dir}/logs_Nvc/log_ens${ENSEMBLE_RUN}_cut${CUTOFF_YEAR}.log 2>&1
environment: line 5: 1669561 Killed                  ./"$file" >> ${script_dir}/logs_Nvc/log_ens${ENSEMBLE_RUN}_cut${CUTOFF_YEAR}.log 2>&1
environment: line 5: 481173 Killed                  ./"$file" >> ${script_dir}/logs_Nvc/log_ens${ENSEMBLE_RUN}_cut${CUTOFF_YEAR}.log 2>&1
environment: line 5: 1775498 Killed                  ./"$file" >> ${script_dir}/logs_Nvc/log_ens${ENSEMBLE_RUN}_cut${CUTOFF_YEAR}.log 2>&1
environment: line 5: 1845371 Killed                  ./"$file" >> ${script_dir}/logs_Nvc/log_ens${ENSEMBLE_RUN}_cut${CUTOFF_YEAR}.log 2>&1
environment: line 5: 1490337 Killed                  ./"$file" >> ${script_dir}/logs_Nvc/log_ens${ENSEMBLE_RUN}_cut${CUTOFF_YEAR}.log 2>&1
environment: line 5: 1454578 Killed                  ./"$file" >> ${script_dir}/logs_Nvc/log_ens${ENSEMBLE_RUN}_cut${CUTOFF_YEAR}.log 2>&1
environment: line 5: 3702691 Killed                  ./"$file" >> ${script_dir}/logs_Nvc/log_ens${ENSEMBLE_RUN}_cut${CUTOFF_YEAR}.log 2>&1
environment: line 5: 1991016 Killed                  ./"$file" >> ${script_dir}/logs_Nvc/log_ens${ENSEMBLE_RUN}_cut${CUTOFF_YEAR}.log 2>&1
environment: line 5: 2127980 Killed                  ./"$file" >> ${script_dir}/logs_Nvc/log_ens${ENSEMBLE_RUN}_cut${CUTOFF_YEAR}.log 2>&1
environment: line 5: 2018211 Killed                  ./"$file" >> ${script_dir}/logs_Nvc/log_ens${ENSEMBLE_RUN}_cut${CUTOFF_YEAR}.log 2>&1
environment: line 5: 2060962 Killed                  ./"$file" >> ${script_dir}/logs_Nvc/log_ens${ENSEMBLE_RUN}_cut${CUTOFF_YEAR}.log 2>&1
environment: line 5: 2367971 Killed                  ./"$file" >> ${script_dir}/logs_Nvc/log_ens${ENSEMBLE_RUN}_cut${CUTOFF_YEAR}.log 2>&1
environment: line 5: 300260 Killed                  ./"$file" >> ${script_dir}/logs_Nvc/log_ens${ENSEMBLE_RUN}_cut${CUTOFF_YEAR}.log 2>&1
environment: line 5: 2408914 Killed                  ./"$file" >> ${script_dir}/logs_Nvc/log_ens${ENSEMBLE_RUN}_cut${CUTOFF_YEAR}.log 2>&1
environment: line 5: 2566223 Killed                  ./"$file" >> ${script_dir}/logs_Nvc/log_ens${ENSEMBLE_RUN}_cut${CUTOFF_YEAR}.log 2>&1
environment: line 5: 1294609 Killed                  ./"$file" >> ${script_dir}/logs_Nvc/log_ens${ENSEMBLE_RUN}_cut${CUTOFF_YEAR}.log 2>&1
environment: line 5: 105422 Killed                  ./"$file" >> ${script_dir}/logs_Nvc/log_ens${ENSEMBLE_RUN}_cut${CUTOFF_YEAR}.log 2>&1
environment: line 5: 2736015 Killed                  ./"$file" >> ${script_dir}/logs_Nvc/log_ens${ENSEMBLE_RUN}_cut${CUTOFF_YEAR}.log 2>&1
environment: line 5: 2355544 Killed                  ./"$file" >> ${script_dir}/logs_Nvc/log_ens${ENSEMBLE_RUN}_cut${CUTOFF_YEAR}.log 2>&1
environment: line 5: 1950584 Killed                  ./"$file" >> ${script_dir}/logs_Nvc/log_ens${ENSEMBLE_RUN}_cut${CUTOFF_YEAR}.log 2>&1
environment: line 5: 1970662 Killed                  ./"$file" >> ${script_dir}/logs_Nvc/log_ens${ENSEMBLE_RUN}_cut${CUTOFF_YEAR}.log 2>&1
environment: line 5: 2863376 Killed                  ./"$file" >> ${script_dir}/logs_Nvc/log_ens${ENSEMBLE_RUN}_cut${CUTOFF_YEAR}.log 2>&1
environment: line 5: 2857645 Killed                  ./"$file" >> ${script_dir}/logs_Nvc/log_ens${ENSEMBLE_RUN}_cut${CUTOFF_YEAR}.log 2>&1
environment: line 5: 3001799 Killed                  ./"$file" >> ${script_dir}/logs_Nvc/log_ens${ENSEMBLE_RUN}_cut${CUTOFF_YEAR}.log 2>&1
environment: line 5: 3004701 Killed                  ./"$file" >> ${script_dir}/logs_Nvc/log_ens${ENSEMBLE_RUN}_cut${CUTOFF_YEAR}.log 2>&1
environment: line 5: 1119760 Killed                  ./"$file" >> ${script_dir}/logs_Nvc/log_ens${ENSEMBLE_RUN}_cut${CUTOFF_YEAR}.log 2>&1
environment: line 5: 2944791 Killed                  ./"$file" >> ${script_dir}/logs_Nvc/log_ens${ENSEMBLE_RUN}_cut${CUTOFF_YEAR}.log 2>&1
environment: line 5: 3061612 Killed                  ./"$file" >> ${script_dir}/logs_Nvc/log_ens${ENSEMBLE_RUN}_cut${CUTOFF_YEAR}.log 2>&1
environment: line 5: 654655 Killed                  ./"$file" >> ${script_dir}/logs_Nvc/log_ens${ENSEMBLE_RUN}_cut${CUTOFF_YEAR}.log 2>&1
environment: line 5: 3230717 Killed                  ./"$file" >> ${script_dir}/logs_Nvc/log_ens${ENSEMBLE_RUN}_cut${CUTOFF_YEAR}.log 2>&1
environment: line 5: 1800464 Killed                  ./"$file" >> ${script_dir}/logs_Nvc/log_ens${ENSEMBLE_RUN}_cut${CUTOFF_YEAR}.log 2>&1
environment: line 5: 3415015 Killed                  ./"$file" >> ${script_dir}/logs_Nvc/log_ens${ENSEMBLE_RUN}_cut${CUTOFF_YEAR}.log 2>&1
environment: line 5: 3479042 Killed                  ./"$file" >> ${script_dir}/logs_Nvc/log_ens${ENSEMBLE_RUN}_cut${CUTOFF_YEAR}.log 2>&1
environment: line 5: 3276593 Killed                  ./"$file" >> ${script_dir}/logs_Nvc/log_ens${ENSEMBLE_RUN}_cut${CUTOFF_YEAR}.log 2>&1
environment: line 5: 2584828 Killed                  ./"$file" >> ${script_dir}/logs_Nvc/log_ens${ENSEMBLE_RUN}_cut${CUTOFF_YEAR}.log 2>&1
environment: line 5: 3654140 Killed                  ./"$file" >> ${script_dir}/logs_Nvc/log_ens${ENSEMBLE_RUN}_cut${CUTOFF_YEAR}.log 2>&1
environment: line 5: 3325255 Killed                  ./"$file" >> ${script_dir}/logs_Nvc/log_ens${ENSEMBLE_RUN}_cut${CUTOFF_YEAR}.log 2>&1
environment: line 5: 3515298 Killed                  ./"$file" >> ${script_dir}/logs_Nvc/log_ens${ENSEMBLE_RUN}_cut${CUTOFF_YEAR}.log 2>&1
environment: line 5: 3185576 Killed                  ./"$file" >> ${script_dir}/logs_Nvc/log_ens${ENSEMBLE_RUN}_cut${CUTOFF_YEAR}.log 2>&1
environment: line 5: 2693294 Killed                  ./"$file" >> ${script_dir}/logs_Nvc/log_ens${ENSEMBLE_RUN}_cut${CUTOFF_YEAR}.log 2>&1
environment: line 5: 3923777 Killed                  ./"$file" >> ${script_dir}/logs_Nvc/log_ens${ENSEMBLE_RUN}_cut${CUTOFF_YEAR}.log 2>&1
environment: line 5: 3319414 Killed                  ./"$file" >> ${script_dir}/logs_Nvc/log_ens${ENSEMBLE_RUN}_cut${CUTOFF_YEAR}.log 2>&1
environment: line 5: 4010054 Killed                  ./"$file" >> ${script_dir}/logs_Nvc/log_ens${ENSEMBLE_RUN}_cut${CUTOFF_YEAR}.log 2>&1
environment: line 5: 3988907 Killed                  ./"$file" >> ${script_dir}/logs_Nvc/log_ens${ENSEMBLE_RUN}_cut${CUTOFF_YEAR}.log 2>&1
environment: line 5: 4065589 Killed                  ./"$file" >> ${script_dir}/logs_Nvc/log_ens${ENSEMBLE_RUN}_cut${CUTOFF_YEAR}.log 2>&1
environment: line 5: 2771542 Killed                  ./"$file" >> ${script_dir}/logs_Nvc/log_ens${ENSEMBLE_RUN}_cut${CUTOFF_YEAR}.log 2>&1
environment: line 5: 3620520 Killed                  ./"$file" >> ${script_dir}/logs_Nvc/log_ens${ENSEMBLE_RUN}_cut${CUTOFF_YEAR}.log 2>&1
environment: line 5: 3981329 Killed                  ./"$file" >> ${script_dir}/logs_Nvc/log_ens${ENSEMBLE_RUN}_cut${CUTOFF_YEAR}.log 2>&1
environment: line 5: 4141014 Killed                  ./"$file" >> ${script_dir}/logs_Nvc/log_ens${ENSEMBLE_RUN}_cut${CUTOFF_YEAR}.log 2>&1
environment: line 5: 4134177 Killed                  ./"$file" >> ${script_dir}/logs_Nvc/log_ens${ENSEMBLE_RUN}_cut${CUTOFF_YEAR}.log 2>&1
environment: line 5: 2894873 Killed                  ./"$file" >> ${script_dir}/logs_Nvc/log_ens${ENSEMBLE_RUN}_cut${CUTOFF_YEAR}.log 2>&1
environment: line 5: 2703817 Killed                  ./"$file" >> ${script_dir}/logs_Nvc/log_ens${ENSEMBLE_RUN}_cut${CUTOFF_YEAR}.log 2>&1
environment: line 5: 18116 Killed                  ./"$file" >> ${script_dir}/logs_Nvc/log_ens${ENSEMBLE_RUN}_cut${CUTOFF_YEAR}.log 2>&1
environment: line 5: 99171 Killed                  ./"$file" >> ${script_dir}/logs_Nvc/log_ens${ENSEMBLE_RUN}_cut${CUTOFF_YEAR}.log 2>&1
environment: line 5: 128975 Killed                  ./"$file" >> ${script_dir}/logs_Nvc/log_ens${ENSEMBLE_RUN}_cut${CUTOFF_YEAR}.log 2>&1
environment: line 5: 147779 Killed                  ./"$file" >> ${script_dir}/logs_Nvc/log_ens${ENSEMBLE_RUN}_cut${CUTOFF_YEAR}.log 2>&1
environment: line 5: 181173 Killed                  ./"$file" >> ${script_dir}/logs_Nvc/log_ens${ENSEMBLE_RUN}_cut${CUTOFF_YEAR}.log 2>&1
environment: line 5: 3600070 Killed                  ./"$file" >> ${script_dir}/logs_Nvc/log_ens${ENSEMBLE_RUN}_cut${CUTOFF_YEAR}.log 2>&1
environment: line 5: 4151147 Killed                  ./"$file" >> ${script_dir}/logs_Nvc/log_ens${ENSEMBLE_RUN}_cut${CUTOFF_YEAR}.log 2>&1
environment: line 5: 345604 Killed                  ./"$file" >> ${script_dir}/logs_Nvc/log_ens${ENSEMBLE_RUN}_cut${CUTOFF_YEAR}.log 2>&1
environment: line 5: 366547 Killed                  ./"$file" >> ${script_dir}/logs_Nvc/log_ens${ENSEMBLE_RUN}_cut${CUTOFF_YEAR}.log 2>&1
environment: line 1: 1850440 Killed                  ./"$file" >> ${script_dir}/logs_Nvc/log_ens${ENSEMBLE_RUN}_cut${CUTOFF_YEAR}.log 2>&1
environment: line 1: 1850940 Killed                  ./"$file" >> ${script_dir}/logs_Nvc/log_ens${ENSEMBLE_RUN}_cut${CUTOFF_YEAR}.log 2>&1
environment: line 1: 1850255 Killed                  ./"$file" >> ${script_dir}/logs_Nvc/log_ens${ENSEMBLE_RUN}_cut${CUTOFF_YEAR}.log 2>&1
environment: line 1: 1850713 Killed                  ./"$file" >> ${script_dir}/logs_Nvc/log_ens${ENSEMBLE_RUN}_cut${CUTOFF_YEAR}.log 2>&1
environment: line 1: 1850404 Killed                  ./"$file" >> ${script_dir}/logs_Nvc/log_ens${ENSEMBLE_RUN}_cut${CUTOFF_YEAR}.log 2>&1
environment: line 1: 1851609 Killed                  ./"$file" >> ${script_dir}/logs_Nvc/log_ens${ENSEMBLE_RUN}_cut${CUTOFF_YEAR}.log 2>&1
environment: line 1: 1854046 Killed                  ./"$file" >> ${script_dir}/logs_Nvc/log_ens${ENSEMBLE_RUN}_cut${CUTOFF_YEAR}.log 2>&1
environment: line 1: 1850459 Killed                  ./"$file" >> ${script_dir}/logs_Nvc/log_ens${ENSEMBLE_RUN}_cut${CUTOFF_YEAR}.log 2>&1
environment: line 1: 1850650 Killed                  ./"$file" >> ${script_dir}/logs_Nvc/log_ens${ENSEMBLE_RUN}_cut${CUTOFF_YEAR}.log 2>&1
environment: line 1: 1851915 Killed                  ./"$file" >> ${script_dir}/logs_Nvc/log_ens${ENSEMBLE_RUN}_cut${CUTOFF_YEAR}.log 2>&1
environment: line 1: 1851567 Killed                  ./"$file" >> ${script_dir}/logs_Nvc/log_ens${ENSEMBLE_RUN}_cut${CUTOFF_YEAR}.log 2>&1
environment: line 1: 1850911 Killed                  ./"$file" >> ${script_dir}/logs_Nvc/log_ens${ENSEMBLE_RUN}_cut${CUTOFF_YEAR}.log 2>&1
environment: line 1: 1850469 Killed                  ./"$file" >> ${script_dir}/logs_Nvc/log_ens${ENSEMBLE_RUN}_cut${CUTOFF_YEAR}.log 2>&1
environment: line 1: 1850642 Killed                  ./"$file" >> ${script_dir}/logs_Nvc/log_ens${ENSEMBLE_RUN}_cut${CUTOFF_YEAR}.log 2>&1
environment: line 1: 1851652 Killed                  ./"$file" >> ${script_dir}/logs_Nvc/log_ens${ENSEMBLE_RUN}_cut${CUTOFF_YEAR}.log 2>&1
environment: line 1: 1850526 Killed                  ./"$file" >> ${script_dir}/logs_Nvc/log_ens${ENSEMBLE_RUN}_cut${CUTOFF_YEAR}.log 2>&1
environment: line 1: 1852747 Killed                  ./"$file" >> ${script_dir}/logs_Nvc/log_ens${ENSEMBLE_RUN}_cut${CUTOFF_YEAR}.log 2>&1
environment: line 1: 1852780 Killed                  ./"$file" >> ${script_dir}/logs_Nvc/log_ens${ENSEMBLE_RUN}_cut${CUTOFF_YEAR}.log 2>&1
environment: line 1: 1850505 Killed                  ./"$file" >> ${script_dir}/logs_Nvc/log_ens${ENSEMBLE_RUN}_cut${CUTOFF_YEAR}.log 2>&1
environment: line 1: 1850275 Killed                  ./"$file" >> ${script_dir}/logs_Nvc/log_ens${ENSEMBLE_RUN}_cut${CUTOFF_YEAR}.log 2>&1
environment: line 1: 1851077 Killed                  ./"$file" >> ${script_dir}/logs_Nvc/log_ens${ENSEMBLE_RUN}_cut${CUTOFF_YEAR}.log 2>&1
environment: line 1: 1850130 Killed                  ./"$file" >> ${script_dir}/logs_Nvc/log_ens${ENSEMBLE_RUN}_cut${CUTOFF_YEAR}.log 2>&1
environment: line 1: 1850386 Killed                  ./"$file" >> ${script_dir}/logs_Nvc/log_ens${ENSEMBLE_RUN}_cut${CUTOFF_YEAR}.log 2>&1
environment: line 1: 1852150 Killed                  ./"$file" >> ${script_dir}/logs_Nvc/log_ens${ENSEMBLE_RUN}_cut${CUTOFF_YEAR}.log 2>&1
environment: line 1: 1853051 Killed                  ./"$file" >> ${script_dir}/logs_Nvc/log_ens${ENSEMBLE_RUN}_cut${CUTOFF_YEAR}.log 2>&1
environment: line 1: 1850963 Killed                  ./"$file" >> ${script_dir}/logs_Nvc/log_ens${ENSEMBLE_RUN}_cut${CUTOFF_YEAR}.log 2>&1
environment: line 1: 1850251 Killed                  ./"$file" >> ${script_dir}/logs_Nvc/log_ens${ENSEMBLE_RUN}_cut${CUTOFF_YEAR}.log 2>&1
environment: line 1: 1851563 Killed                  ./"$file" >> ${script_dir}/logs_Nvc/log_ens${ENSEMBLE_RUN}_cut${CUTOFF_YEAR}.log 2>&1
environment: line 1: 1851934 Killed                  ./"$file" >> ${script_dir}/logs_Nvc/log_ens${ENSEMBLE_RUN}_cut${CUTOFF_YEAR}.log 2>&1
environment: line 1: 1850748 Killed                  ./"$file" >> ${script_dir}/logs_Nvc/log_ens${ENSEMBLE_RUN}_cut${CUTOFF_YEAR}.log 2>&1
environment: line 1: 1850135 Killed                  ./"$file" >> ${script_dir}/logs_Nvc/log_ens${ENSEMBLE_RUN}_cut${CUTOFF_YEAR}.log 2>&1
environment: line 1: 1853555 Killed                  ./"$file" >> ${script_dir}/logs_Nvc/log_ens${ENSEMBLE_RUN}_cut${CUTOFF_YEAR}.log 2>&1
environment: line 1: 1851637 Killed                  ./"$file" >> ${script_dir}/logs_Nvc/log_ens${ENSEMBLE_RUN}_cut${CUTOFF_YEAR}.log 2>&1
environment: line 1: 1853767 Killed                  ./"$file" >> ${script_dir}/logs_Nvc/log_ens${ENSEMBLE_RUN}_cut${CUTOFF_YEAR}.log 2>&1
environment: line 1: 1853030 Killed                  ./"$file" >> ${script_dir}/logs_Nvc/log_ens${ENSEMBLE_RUN}_cut${CUTOFF_YEAR}.log 2>&1
environment: line 1: 1852288 Killed                  ./"$file" >> ${script_dir}/logs_Nvc/log_ens${ENSEMBLE_RUN}_cut${CUTOFF_YEAR}.log 2>&1
environment: line 1: 1854094 Killed                  ./"$file" >> ${script_dir}/logs_Nvc/log_ens${ENSEMBLE_RUN}_cut${CUTOFF_YEAR}.log 2>&1
environment: line 1: 1853311 Killed                  ./"$file" >> ${script_dir}/logs_Nvc/log_ens${ENSEMBLE_RUN}_cut${CUTOFF_YEAR}.log 2>&1
environment: line 1: 1852557 Killed                  ./"$file" >> ${script_dir}/logs_Nvc/log_ens${ENSEMBLE_RUN}_cut${CUTOFF_YEAR}.log 2>&1
environment: line 1: 1850230 Killed                  ./"$file" >> ${script_dir}/logs_Nvc/log_ens${ENSEMBLE_RUN}_cut${CUTOFF_YEAR}.log 2>&1
environment: line 1: 1852308 Killed                  ./"$file" >> ${script_dir}/logs_Nvc/log_ens${ENSEMBLE_RUN}_cut${CUTOFF_YEAR}.log 2>&1
environment: line 1: 1851766 Killed                  ./"$file" >> ${script_dir}/logs_Nvc/log_ens${ENSEMBLE_RUN}_cut${CUTOFF_YEAR}.log 2>&1
environment: line 1: 1851469 Killed                  ./"$file" >> ${script_dir}/logs_Nvc/log_ens${ENSEMBLE_RUN}_cut${CUTOFF_YEAR}.log 2>&1
environment: line 1: 2075358 Killed                  ./"$file" >> ${script_dir}/logs_Nvc/log_ens${ENSEMBLE_RUN}_cut${CUTOFF_YEAR}.log 2>&1
environment: line 1: 1853838 Killed                  ./"$file" >> ${script_dir}/logs_Nvc/log_ens${ENSEMBLE_RUN}_cut${CUTOFF_YEAR}.log 2>&1
environment: line 1: 1852957 Killed                  ./"$file" >> ${script_dir}/logs_Nvc/log_ens${ENSEMBLE_RUN}_cut${CUTOFF_YEAR}.log 2>&1
environment: line 1: 2093050 Killed                  ./"$file" >> ${script_dir}/logs_Nvc/log_ens${ENSEMBLE_RUN}_cut${CUTOFF_YEAR}.log 2>&1
environment: line 1: 1852007 Killed                  ./"$file" >> ${script_dir}/logs_Nvc/log_ens${ENSEMBLE_RUN}_cut${CUTOFF_YEAR}.log 2>&1
environment: line 1: 1853551 Killed                  ./"$file" >> ${script_dir}/logs_Nvc/log_ens${ENSEMBLE_RUN}_cut${CUTOFF_YEAR}.log 2>&1
environment: line 1: 1850975 Killed                  ./"$file" >> ${script_dir}/logs_Nvc/log_ens${ENSEMBLE_RUN}_cut${CUTOFF_YEAR}.log 2>&1
environment: line 1: 1850997 Killed                  ./"$file" >> ${script_dir}/logs_Nvc/log_ens${ENSEMBLE_RUN}_cut${CUTOFF_YEAR}.log 2>&1
environment: line 1: 1850546 Killed                  ./"$file" >> ${script_dir}/logs_Nvc/log_ens${ENSEMBLE_RUN}_cut${CUTOFF_YEAR}.log 2>&1
environment: line 1: 1851003 Killed                  ./"$file" >> ${script_dir}/logs_Nvc/log_ens${ENSEMBLE_RUN}_cut${CUTOFF_YEAR}.log 2>&1
environment: line 1: 1853303 Killed                  ./"$file" >> ${script_dir}/logs_Nvc/log_ens${ENSEMBLE_RUN}_cut${CUTOFF_YEAR}.log 2>&1
environment: line 1: 1852201 Killed                  ./"$file" >> ${script_dir}/logs_Nvc/log_ens${ENSEMBLE_RUN}_cut${CUTOFF_YEAR}.log 2>&1
environment: line 1: 1955684 Killed                  ./"$file" >> ${script_dir}/logs_Nvc/log_ens${ENSEMBLE_RUN}_cut${CUTOFF_YEAR}.log 2>&1
environment: line 1: 1850885 Killed                  ./"$file" >> ${script_dir}/logs_Nvc/log_ens${ENSEMBLE_RUN}_cut${CUTOFF_YEAR}.log 2>&1
environment: line 1: 1851074 Killed                  ./"$file" >> ${script_dir}/logs_Nvc/log_ens${ENSEMBLE_RUN}_cut${CUTOFF_YEAR}.log 2>&1
Total time: 4733 seconds
All done!
slurmstepd: error: Detected 149 oom_kill events in StepId=11671156.batch. Some of the step tasks have been OOM Killed.
