Starting job 56 on node2309
rm: cannot remove 'logs_Nv/arrayjob2-*_56.out': No such file or directory
environment: line 5: 905437 Killed                  ./"$file" >> ${script_dir}/logs_Nvc/log_ens${ENSEMBLE_RUN}_cut${CUTOFF_YEAR}.log 2>&1
environment: line 5: 797608 Killed                  ./"$file" >> ${script_dir}/logs_Nvc/log_ens${ENSEMBLE_RUN}_cut${CUTOFF_YEAR}.log 2>&1
environment: line 5: 811068 Killed                  ./"$file" >> ${script_dir}/logs_Nvc/log_ens${ENSEMBLE_RUN}_cut${CUTOFF_YEAR}.log 2>&1
environment: line 5: 848003 Killed                  ./"$file" >> ${script_dir}/logs_Nvc/log_ens${ENSEMBLE_RUN}_cut${CUTOFF_YEAR}.log 2>&1
environment: line 5: 800944 Killed                  ./"$file" >> ${script_dir}/logs_Nvc/log_ens${ENSEMBLE_RUN}_cut${CUTOFF_YEAR}.log 2>&1
environment: line 5: 733584 Killed                  ./"$file" >> ${script_dir}/logs_Nvc/log_ens${ENSEMBLE_RUN}_cut${CUTOFF_YEAR}.log 2>&1
environment: line 5: 179672 Killed                  ./"$file" >> ${script_dir}/logs_Nvc/log_ens${ENSEMBLE_RUN}_cut${CUTOFF_YEAR}.log 2>&1
environment: line 5: 1242704 Killed                  ./"$file" >> ${script_dir}/logs_Nvc/log_ens${ENSEMBLE_RUN}_cut${CUTOFF_YEAR}.log 2>&1
environment: line 5: 2992832 Killed                  ./"$file" >> ${script_dir}/logs_Nvc/log_ens${ENSEMBLE_RUN}_cut${CUTOFF_YEAR}.log 2>&1
environment: line 5: 2269983 Killed                  ./"$file" >> ${script_dir}/logs_Nvc/log_ens${ENSEMBLE_RUN}_cut${CUTOFF_YEAR}.log 2>&1
environment: line 5: 3472496 Killed                  ./"$file" >> ${script_dir}/logs_Nvc/log_ens${ENSEMBLE_RUN}_cut${CUTOFF_YEAR}.log 2>&1
environment: line 5: 2957160 Killed                  ./"$file" >> ${script_dir}/logs_Nvc/log_ens${ENSEMBLE_RUN}_cut${CUTOFF_YEAR}.log 2>&1
environment: line 5: 232382 Killed                  ./"$file" >> ${script_dir}/logs_Nvc/log_ens${ENSEMBLE_RUN}_cut${CUTOFF_YEAR}.log 2>&1
environment: line 5: 4066521 Killed                  ./"$file" >> ${script_dir}/logs_Nvc/log_ens${ENSEMBLE_RUN}_cut${CUTOFF_YEAR}.log 2>&1
environment: line 5: 738809 Killed                  ./"$file" >> ${script_dir}/logs_Nvc/log_ens${ENSEMBLE_RUN}_cut${CUTOFF_YEAR}.log 2>&1
environment: line 5: 3754167 Killed                  ./"$file" >> ${script_dir}/logs_Nvc/log_ens${ENSEMBLE_RUN}_cut${CUTOFF_YEAR}.log 2>&1
environment: line 5: 3563506 Killed                  ./"$file" >> ${script_dir}/logs_Nvc/log_ens${ENSEMBLE_RUN}_cut${CUTOFF_YEAR}.log 2>&1
environment: line 1: 2527671 Killed                  ./"$file" >> ${script_dir}/logs_Nvc/log_ens${ENSEMBLE_RUN}_cut${CUTOFF_YEAR}.log 2>&1
environment: line 1: 2528080 Killed                  ./"$file" >> ${script_dir}/logs_Nvc/log_ens${ENSEMBLE_RUN}_cut${CUTOFF_YEAR}.log 2>&1
environment: line 1: 2527773 Killed                  ./"$file" >> ${script_dir}/logs_Nvc/log_ens${ENSEMBLE_RUN}_cut${CUTOFF_YEAR}.log 2>&1
environment: line 1: 2528496 Killed                  ./"$file" >> ${script_dir}/logs_Nvc/log_ens${ENSEMBLE_RUN}_cut${CUTOFF_YEAR}.log 2>&1
environment: line 1: 2528264 Killed                  ./"$file" >> ${script_dir}/logs_Nvc/log_ens${ENSEMBLE_RUN}_cut${CUTOFF_YEAR}.log 2>&1
environment: line 1: 2528120 Killed                  ./"$file" >> ${script_dir}/logs_Nvc/log_ens${ENSEMBLE_RUN}_cut${CUTOFF_YEAR}.log 2>&1
environment: line 1: 2528749 Killed                  ./"$file" >> ${script_dir}/logs_Nvc/log_ens${ENSEMBLE_RUN}_cut${CUTOFF_YEAR}.log 2>&1
environment: line 1: 2528682 Killed                  ./"$file" >> ${script_dir}/logs_Nvc/log_ens${ENSEMBLE_RUN}_cut${CUTOFF_YEAR}.log 2>&1
environment: line 1: 2528207 Killed                  ./"$file" >> ${script_dir}/logs_Nvc/log_ens${ENSEMBLE_RUN}_cut${CUTOFF_YEAR}.log 2>&1
environment: line 1: 2529230 Killed                  ./"$file" >> ${script_dir}/logs_Nvc/log_ens${ENSEMBLE_RUN}_cut${CUTOFF_YEAR}.log 2>&1
environment: line 1: 2528598 Killed                  ./"$file" >> ${script_dir}/logs_Nvc/log_ens${ENSEMBLE_RUN}_cut${CUTOFF_YEAR}.log 2>&1
environment: line 1: 2528423 Killed                  ./"$file" >> ${script_dir}/logs_Nvc/log_ens${ENSEMBLE_RUN}_cut${CUTOFF_YEAR}.log 2>&1
environment: line 1: 2529233 Killed                  ./"$file" >> ${script_dir}/logs_Nvc/log_ens${ENSEMBLE_RUN}_cut${CUTOFF_YEAR}.log 2>&1
environment: line 1: 2529214 Killed                  ./"$file" >> ${script_dir}/logs_Nvc/log_ens${ENSEMBLE_RUN}_cut${CUTOFF_YEAR}.log 2>&1
environment: line 1: 2528051 Killed                  ./"$file" >> ${script_dir}/logs_Nvc/log_ens${ENSEMBLE_RUN}_cut${CUTOFF_YEAR}.log 2>&1
environment: line 1: 2528115 Killed                  ./"$file" >> ${script_dir}/logs_Nvc/log_ens${ENSEMBLE_RUN}_cut${CUTOFF_YEAR}.log 2>&1
environment: line 1: 2528577 Killed                  ./"$file" >> ${script_dir}/logs_Nvc/log_ens${ENSEMBLE_RUN}_cut${CUTOFF_YEAR}.log 2>&1
environment: line 1: 2527926 Killed                  ./"$file" >> ${script_dir}/logs_Nvc/log_ens${ENSEMBLE_RUN}_cut${CUTOFF_YEAR}.log 2>&1
environment: line 1: 2527699 Killed                  ./"$file" >> ${script_dir}/logs_Nvc/log_ens${ENSEMBLE_RUN}_cut${CUTOFF_YEAR}.log 2>&1
environment: line 1: 2528437 Killed                  ./"$file" >> ${script_dir}/logs_Nvc/log_ens${ENSEMBLE_RUN}_cut${CUTOFF_YEAR}.log 2>&1
environment: line 1: 2527751 Killed                  ./"$file" >> ${script_dir}/logs_Nvc/log_ens${ENSEMBLE_RUN}_cut${CUTOFF_YEAR}.log 2>&1
environment: line 1: 2529304 Killed                  ./"$file" >> ${script_dir}/logs_Nvc/log_ens${ENSEMBLE_RUN}_cut${CUTOFF_YEAR}.log 2>&1
environment: line 1: 2529043 Killed                  ./"$file" >> ${script_dir}/logs_Nvc/log_ens${ENSEMBLE_RUN}_cut${CUTOFF_YEAR}.log 2>&1
environment: line 1: 2527845 Killed                  ./"$file" >> ${script_dir}/logs_Nvc/log_ens${ENSEMBLE_RUN}_cut${CUTOFF_YEAR}.log 2>&1
environment: line 1: 2529339 Killed                  ./"$file" >> ${script_dir}/logs_Nvc/log_ens${ENSEMBLE_RUN}_cut${CUTOFF_YEAR}.log 2>&1
environment: line 1: 2528418 Killed                  ./"$file" >> ${script_dir}/logs_Nvc/log_ens${ENSEMBLE_RUN}_cut${CUTOFF_YEAR}.log 2>&1
environment: line 1: 2528616 Killed                  ./"$file" >> ${script_dir}/logs_Nvc/log_ens${ENSEMBLE_RUN}_cut${CUTOFF_YEAR}.log 2>&1
environment: line 1: 2527702 Killed                  ./"$file" >> ${script_dir}/logs_Nvc/log_ens${ENSEMBLE_RUN}_cut${CUTOFF_YEAR}.log 2>&1
environment: line 1: 2527603 Killed                  ./"$file" >> ${script_dir}/logs_Nvc/log_ens${ENSEMBLE_RUN}_cut${CUTOFF_YEAR}.log 2>&1
environment: line 1: 2529071 Killed                  ./"$file" >> ${script_dir}/logs_Nvc/log_ens${ENSEMBLE_RUN}_cut${CUTOFF_YEAR}.log 2>&1
environment: line 1: 2529525 Killed                  ./"$file" >> ${script_dir}/logs_Nvc/log_ens${ENSEMBLE_RUN}_cut${CUTOFF_YEAR}.log 2>&1
environment: line 1: 2528645 Killed                  ./"$file" >> ${script_dir}/logs_Nvc/log_ens${ENSEMBLE_RUN}_cut${CUTOFF_YEAR}.log 2>&1
environment: line 1: 2527835 Killed                  ./"$file" >> ${script_dir}/logs_Nvc/log_ens${ENSEMBLE_RUN}_cut${CUTOFF_YEAR}.log 2>&1
environment: line 1: 2528583 Killed                  ./"$file" >> ${script_dir}/logs_Nvc/log_ens${ENSEMBLE_RUN}_cut${CUTOFF_YEAR}.log 2>&1
environment: line 1: 2527884 Killed                  ./"$file" >> ${script_dir}/logs_Nvc/log_ens${ENSEMBLE_RUN}_cut${CUTOFF_YEAR}.log 2>&1
environment: line 1: 2527795 Killed                  ./"$file" >> ${script_dir}/logs_Nvc/log_ens${ENSEMBLE_RUN}_cut${CUTOFF_YEAR}.log 2>&1
environment: line 1: 2527782 Killed                  ./"$file" >> ${script_dir}/logs_Nvc/log_ens${ENSEMBLE_RUN}_cut${CUTOFF_YEAR}.log 2>&1
environment: line 1: 2527843 Killed                  ./"$file" >> ${script_dir}/logs_Nvc/log_ens${ENSEMBLE_RUN}_cut${CUTOFF_YEAR}.log 2>&1
environment: line 1: 2528147 Killed                  ./"$file" >> ${script_dir}/logs_Nvc/log_ens${ENSEMBLE_RUN}_cut${CUTOFF_YEAR}.log 2>&1
environment: line 1: 2528588 Killed                  ./"$file" >> ${script_dir}/logs_Nvc/log_ens${ENSEMBLE_RUN}_cut${CUTOFF_YEAR}.log 2>&1
environment: line 1: 2528240 Killed                  ./"$file" >> ${script_dir}/logs_Nvc/log_ens${ENSEMBLE_RUN}_cut${CUTOFF_YEAR}.log 2>&1
environment: line 1: 2528112 Killed                  ./"$file" >> ${script_dir}/logs_Nvc/log_ens${ENSEMBLE_RUN}_cut${CUTOFF_YEAR}.log 2>&1
environment: line 1: 2527667 Killed                  ./"$file" >> ${script_dir}/logs_Nvc/log_ens${ENSEMBLE_RUN}_cut${CUTOFF_YEAR}.log 2>&1
environment: line 1: 2527970 Killed                  ./"$file" >> ${script_dir}/logs_Nvc/log_ens${ENSEMBLE_RUN}_cut${CUTOFF_YEAR}.log 2>&1
environment: line 1: 2527760 Killed                  ./"$file" >> ${script_dir}/logs_Nvc/log_ens${ENSEMBLE_RUN}_cut${CUTOFF_YEAR}.log 2>&1
environment: line 1: 2528662 Killed                  ./"$file" >> ${script_dir}/logs_Nvc/log_ens${ENSEMBLE_RUN}_cut${CUTOFF_YEAR}.log 2>&1
environment: line 1: 2527767 Killed                  ./"$file" >> ${script_dir}/logs_Nvc/log_ens${ENSEMBLE_RUN}_cut${CUTOFF_YEAR}.log 2>&1
environment: line 1: 2528325 Killed                  ./"$file" >> ${script_dir}/logs_Nvc/log_ens${ENSEMBLE_RUN}_cut${CUTOFF_YEAR}.log 2>&1
environment: line 1: 2528222 Killed                  ./"$file" >> ${script_dir}/logs_Nvc/log_ens${ENSEMBLE_RUN}_cut${CUTOFF_YEAR}.log 2>&1
environment: line 1: 2529152 Killed                  ./"$file" >> ${script_dir}/logs_Nvc/log_ens${ENSEMBLE_RUN}_cut${CUTOFF_YEAR}.log 2>&1
environment: line 1: 2528897 Killed                  ./"$file" >> ${script_dir}/logs_Nvc/log_ens${ENSEMBLE_RUN}_cut${CUTOFF_YEAR}.log 2>&1
environment: line 1: 2528290 Killed                  ./"$file" >> ${script_dir}/logs_Nvc/log_ens${ENSEMBLE_RUN}_cut${CUTOFF_YEAR}.log 2>&1
environment: line 1: 2529351 Killed                  ./"$file" >> ${script_dir}/logs_Nvc/log_ens${ENSEMBLE_RUN}_cut${CUTOFF_YEAR}.log 2>&1
environment: line 1: 2528848 Killed                  ./"$file" >> ${script_dir}/logs_Nvc/log_ens${ENSEMBLE_RUN}_cut${CUTOFF_YEAR}.log 2>&1
environment: line 1: 2527813 Killed                  ./"$file" >> ${script_dir}/logs_Nvc/log_ens${ENSEMBLE_RUN}_cut${CUTOFF_YEAR}.log 2>&1
environment: line 1: 2527764 Killed                  ./"$file" >> ${script_dir}/logs_Nvc/log_ens${ENSEMBLE_RUN}_cut${CUTOFF_YEAR}.log 2>&1
environment: line 1: 2529331 Killed                  ./"$file" >> ${script_dir}/logs_Nvc/log_ens${ENSEMBLE_RUN}_cut${CUTOFF_YEAR}.log 2>&1
environment: line 1: 2529483 Killed                  ./"$file" >> ${script_dir}/logs_Nvc/log_ens${ENSEMBLE_RUN}_cut${CUTOFF_YEAR}.log 2>&1
environment: line 1: 2527913 Killed                  ./"$file" >> ${script_dir}/logs_Nvc/log_ens${ENSEMBLE_RUN}_cut${CUTOFF_YEAR}.log 2>&1
environment: line 1: 2529064 Killed                  ./"$file" >> ${script_dir}/logs_Nvc/log_ens${ENSEMBLE_RUN}_cut${CUTOFF_YEAR}.log 2>&1
environment: line 1: 2528654 Killed                  ./"$file" >> ${script_dir}/logs_Nvc/log_ens${ENSEMBLE_RUN}_cut${CUTOFF_YEAR}.log 2>&1
environment: line 1: 2527638 Killed                  ./"$file" >> ${script_dir}/logs_Nvc/log_ens${ENSEMBLE_RUN}_cut${CUTOFF_YEAR}.log 2>&1
environment: line 1: 2528394 Killed                  ./"$file" >> ${script_dir}/logs_Nvc/log_ens${ENSEMBLE_RUN}_cut${CUTOFF_YEAR}.log 2>&1
environment: line 1: 2529621 Killed                  ./"$file" >> ${script_dir}/logs_Nvc/log_ens${ENSEMBLE_RUN}_cut${CUTOFF_YEAR}.log 2>&1
environment: line 1: 2528687 Killed                  ./"$file" >> ${script_dir}/logs_Nvc/log_ens${ENSEMBLE_RUN}_cut${CUTOFF_YEAR}.log 2>&1
environment: line 1: 2527653 Killed                  ./"$file" >> ${script_dir}/logs_Nvc/log_ens${ENSEMBLE_RUN}_cut${CUTOFF_YEAR}.log 2>&1
environment: line 1: 2528879 Killed                  ./"$file" >> ${script_dir}/logs_Nvc/log_ens${ENSEMBLE_RUN}_cut${CUTOFF_YEAR}.log 2>&1
environment: line 1: 2528323 Killed                  ./"$file" >> ${script_dir}/logs_Nvc/log_ens${ENSEMBLE_RUN}_cut${CUTOFF_YEAR}.log 2>&1
environment: line 1: 2528020 Killed                  ./"$file" >> ${script_dir}/logs_Nvc/log_ens${ENSEMBLE_RUN}_cut${CUTOFF_YEAR}.log 2>&1
environment: line 1: 2529642 Killed                  ./"$file" >> ${script_dir}/logs_Nvc/log_ens${ENSEMBLE_RUN}_cut${CUTOFF_YEAR}.log 2>&1
environment: line 1: 2744683 Killed                  ./"$file" >> ${script_dir}/logs_Nvc/log_ens${ENSEMBLE_RUN}_cut${CUTOFF_YEAR}.log 2>&1
environment: line 1: 2528723 Killed                  ./"$file" >> ${script_dir}/logs_Nvc/log_ens${ENSEMBLE_RUN}_cut${CUTOFF_YEAR}.log 2>&1
environment: line 1: 2529210 Killed                  ./"$file" >> ${script_dir}/logs_Nvc/log_ens${ENSEMBLE_RUN}_cut${CUTOFF_YEAR}.log 2>&1
environment: line 1: 2529693 Killed                  ./"$file" >> ${script_dir}/logs_Nvc/log_ens${ENSEMBLE_RUN}_cut${CUTOFF_YEAR}.log 2>&1
environment: line 1: 2529034 Killed                  ./"$file" >> ${script_dir}/logs_Nvc/log_ens${ENSEMBLE_RUN}_cut${CUTOFF_YEAR}.log 2>&1
environment: line 1: 2527815 Killed                  ./"$file" >> ${script_dir}/logs_Nvc/log_ens${ENSEMBLE_RUN}_cut${CUTOFF_YEAR}.log 2>&1
environment: line 1: 2528592 Killed                  ./"$file" >> ${script_dir}/logs_Nvc/log_ens${ENSEMBLE_RUN}_cut${CUTOFF_YEAR}.log 2>&1
environment: line 1: 2528565 Killed                  ./"$file" >> ${script_dir}/logs_Nvc/log_ens${ENSEMBLE_RUN}_cut${CUTOFF_YEAR}.log 2>&1
environment: line 1: 2528067 Killed                  ./"$file" >> ${script_dir}/logs_Nvc/log_ens${ENSEMBLE_RUN}_cut${CUTOFF_YEAR}.log 2>&1
environment: line 1: 2528007 Killed                  ./"$file" >> ${script_dir}/logs_Nvc/log_ens${ENSEMBLE_RUN}_cut${CUTOFF_YEAR}.log 2>&1
environment: line 1: 2528910 Killed                  ./"$file" >> ${script_dir}/logs_Nvc/log_ens${ENSEMBLE_RUN}_cut${CUTOFF_YEAR}.log 2>&1
environment: line 1: 2529322 Killed                  ./"$file" >> ${script_dir}/logs_Nvc/log_ens${ENSEMBLE_RUN}_cut${CUTOFF_YEAR}.log 2>&1
environment: line 1: 2529457 Killed                  ./"$file" >> ${script_dir}/logs_Nvc/log_ens${ENSEMBLE_RUN}_cut${CUTOFF_YEAR}.log 2>&1
environment: line 1: 2528216 Killed                  ./"$file" >> ${script_dir}/logs_Nvc/log_ens${ENSEMBLE_RUN}_cut${CUTOFF_YEAR}.log 2>&1
environment: line 1: 2750768 Killed                  ./"$file" >> ${script_dir}/logs_Nvc/log_ens${ENSEMBLE_RUN}_cut${CUTOFF_YEAR}.log 2>&1
environment: line 1: 2719173 Killed                  ./"$file" >> ${script_dir}/logs_Nvc/log_ens${ENSEMBLE_RUN}_cut${CUTOFF_YEAR}.log 2>&1
environment: line 1: 2739915 Killed                  ./"$file" >> ${script_dir}/logs_Nvc/log_ens${ENSEMBLE_RUN}_cut${CUTOFF_YEAR}.log 2>&1
environment: line 1: 2732206 Killed                  ./"$file" >> ${script_dir}/logs_Nvc/log_ens${ENSEMBLE_RUN}_cut${CUTOFF_YEAR}.log 2>&1
environment: line 1: 2827982 Killed                  ./"$file" >> ${script_dir}/logs_Nvc/log_ens${ENSEMBLE_RUN}_cut${CUTOFF_YEAR}.log 2>&1
environment: line 1: 2738014 Killed                  ./"$file" >> ${script_dir}/logs_Nvc/log_ens${ENSEMBLE_RUN}_cut${CUTOFF_YEAR}.log 2>&1
environment: line 1: 2757104 Killed                  ./"$file" >> ${script_dir}/logs_Nvc/log_ens${ENSEMBLE_RUN}_cut${CUTOFF_YEAR}.log 2>&1
environment: line 1: 2823116 Killed                  ./"$file" >> ${script_dir}/logs_Nvc/log_ens${ENSEMBLE_RUN}_cut${CUTOFF_YEAR}.log 2>&1
environment: line 1: 2810726 Killed                  ./"$file" >> ${script_dir}/logs_Nvc/log_ens${ENSEMBLE_RUN}_cut${CUTOFF_YEAR}.log 2>&1
environment: line 1: 2792386 Killed                  ./"$file" >> ${script_dir}/logs_Nvc/log_ens${ENSEMBLE_RUN}_cut${CUTOFF_YEAR}.log 2>&1
environment: line 1: 2776139 Killed                  ./"$file" >> ${script_dir}/logs_Nvc/log_ens${ENSEMBLE_RUN}_cut${CUTOFF_YEAR}.log 2>&1
environment: line 1: 2785271 Killed                  ./"$file" >> ${script_dir}/logs_Nvc/log_ens${ENSEMBLE_RUN}_cut${CUTOFF_YEAR}.log 2>&1
environment: line 1: 2797967 Killed                  ./"$file" >> ${script_dir}/logs_Nvc/log_ens${ENSEMBLE_RUN}_cut${CUTOFF_YEAR}.log 2>&1
environment: line 1: 2806697 Killed                  ./"$file" >> ${script_dir}/logs_Nvc/log_ens${ENSEMBLE_RUN}_cut${CUTOFF_YEAR}.log 2>&1
environment: line 1: 2765633 Killed                  ./"$file" >> ${script_dir}/logs_Nvc/log_ens${ENSEMBLE_RUN}_cut${CUTOFF_YEAR}.log 2>&1
environment: line 1: 2819000 Killed                  ./"$file" >> ${script_dir}/logs_Nvc/log_ens${ENSEMBLE_RUN}_cut${CUTOFF_YEAR}.log 2>&1
environment: line 1: 2780507 Killed                  ./"$file" >> ${script_dir}/logs_Nvc/log_ens${ENSEMBLE_RUN}_cut${CUTOFF_YEAR}.log 2>&1
Total time: 6465 seconds
All done!
slurmstepd: error: Detected 118 oom_kill events in StepId=11676289.batch. Some of the step tasks have been OOM Killed.
