Starting job 19 on node2302
rm: cannot remove 'logs_Nv/arrayjob2-*_19.out': No such file or directory
environment: line 5: 1504522 Killed                  ./"$file" >> ${script_dir}/logs_Nvc/log_ens${ENSEMBLE_RUN}_cut${CUTOFF_YEAR}.log 2>&1
environment: line 5: 1795498 Killed                  ./"$file" >> ${script_dir}/logs_Nvc/log_ens${ENSEMBLE_RUN}_cut${CUTOFF_YEAR}.log 2>&1
environment: line 5: 1320203 Killed                  ./"$file" >> ${script_dir}/logs_Nvc/log_ens${ENSEMBLE_RUN}_cut${CUTOFF_YEAR}.log 2>&1
environment: line 5: 1586628 Killed                  ./"$file" >> ${script_dir}/logs_Nvc/log_ens${ENSEMBLE_RUN}_cut${CUTOFF_YEAR}.log 2>&1
environment: line 5: 1874291 Killed                  ./"$file" >> ${script_dir}/logs_Nvc/log_ens${ENSEMBLE_RUN}_cut${CUTOFF_YEAR}.log 2>&1
environment: line 5: 2555203 Killed                  ./"$file" >> ${script_dir}/logs_Nvc/log_ens${ENSEMBLE_RUN}_cut${CUTOFF_YEAR}.log 2>&1
environment: line 5: 2617909 Killed                  ./"$file" >> ${script_dir}/logs_Nvc/log_ens${ENSEMBLE_RUN}_cut${CUTOFF_YEAR}.log 2>&1
environment: line 5: 2272255 Killed                  ./"$file" >> ${script_dir}/logs_Nvc/log_ens${ENSEMBLE_RUN}_cut${CUTOFF_YEAR}.log 2>&1
environment: line 5: 2674021 Killed                  ./"$file" >> ${script_dir}/logs_Nvc/log_ens${ENSEMBLE_RUN}_cut${CUTOFF_YEAR}.log 2>&1
environment: line 5: 2710250 Killed                  ./"$file" >> ${script_dir}/logs_Nvc/log_ens${ENSEMBLE_RUN}_cut${CUTOFF_YEAR}.log 2>&1
environment: line 5: 2672185 Killed                  ./"$file" >> ${script_dir}/logs_Nvc/log_ens${ENSEMBLE_RUN}_cut${CUTOFF_YEAR}.log 2>&1
environment: line 5: 2589968 Killed                  ./"$file" >> ${script_dir}/logs_Nvc/log_ens${ENSEMBLE_RUN}_cut${CUTOFF_YEAR}.log 2>&1
environment: line 5: 1575269 Killed                  ./"$file" >> ${script_dir}/logs_Nvc/log_ens${ENSEMBLE_RUN}_cut${CUTOFF_YEAR}.log 2>&1
environment: line 5: 2089572 Killed                  ./"$file" >> ${script_dir}/logs_Nvc/log_ens${ENSEMBLE_RUN}_cut${CUTOFF_YEAR}.log 2>&1
environment: line 5: 2947705 Killed                  ./"$file" >> ${script_dir}/logs_Nvc/log_ens${ENSEMBLE_RUN}_cut${CUTOFF_YEAR}.log 2>&1
environment: line 5: 2570763 Killed                  ./"$file" >> ${script_dir}/logs_Nvc/log_ens${ENSEMBLE_RUN}_cut${CUTOFF_YEAR}.log 2>&1
environment: line 5: 2874782 Killed                  ./"$file" >> ${script_dir}/logs_Nvc/log_ens${ENSEMBLE_RUN}_cut${CUTOFF_YEAR}.log 2>&1
environment: line 5: 3003919 Killed                  ./"$file" >> ${script_dir}/logs_Nvc/log_ens${ENSEMBLE_RUN}_cut${CUTOFF_YEAR}.log 2>&1
environment: line 5: 3053060 Killed                  ./"$file" >> ${script_dir}/logs_Nvc/log_ens${ENSEMBLE_RUN}_cut${CUTOFF_YEAR}.log 2>&1
environment: line 5: 3119748 Killed                  ./"$file" >> ${script_dir}/logs_Nvc/log_ens${ENSEMBLE_RUN}_cut${CUTOFF_YEAR}.log 2>&1
environment: line 5: 1845681 Killed                  ./"$file" >> ${script_dir}/logs_Nvc/log_ens${ENSEMBLE_RUN}_cut${CUTOFF_YEAR}.log 2>&1
environment: line 5: 3236715 Killed                  ./"$file" >> ${script_dir}/logs_Nvc/log_ens${ENSEMBLE_RUN}_cut${CUTOFF_YEAR}.log 2>&1
environment: line 5: 2089176 Killed                  ./"$file" >> ${script_dir}/logs_Nvc/log_ens${ENSEMBLE_RUN}_cut${CUTOFF_YEAR}.log 2>&1
environment: line 5: 3334048 Killed                  ./"$file" >> ${script_dir}/logs_Nvc/log_ens${ENSEMBLE_RUN}_cut${CUTOFF_YEAR}.log 2>&1
environment: line 5: 3359169 Killed                  ./"$file" >> ${script_dir}/logs_Nvc/log_ens${ENSEMBLE_RUN}_cut${CUTOFF_YEAR}.log 2>&1
environment: line 5: 3366994 Killed                  ./"$file" >> ${script_dir}/logs_Nvc/log_ens${ENSEMBLE_RUN}_cut${CUTOFF_YEAR}.log 2>&1
environment: line 5: 3365412 Killed                  ./"$file" >> ${script_dir}/logs_Nvc/log_ens${ENSEMBLE_RUN}_cut${CUTOFF_YEAR}.log 2>&1
environment: line 5: 3522074 Killed                  ./"$file" >> ${script_dir}/logs_Nvc/log_ens${ENSEMBLE_RUN}_cut${CUTOFF_YEAR}.log 2>&1
environment: line 5: 2509463 Killed                  ./"$file" >> ${script_dir}/logs_Nvc/log_ens${ENSEMBLE_RUN}_cut${CUTOFF_YEAR}.log 2>&1
environment: line 5: 1248532 Killed                  ./"$file" >> ${script_dir}/logs_Nvc/log_ens${ENSEMBLE_RUN}_cut${CUTOFF_YEAR}.log 2>&1
environment: line 5: 3576467 Killed                  ./"$file" >> ${script_dir}/logs_Nvc/log_ens${ENSEMBLE_RUN}_cut${CUTOFF_YEAR}.log 2>&1
environment: line 5: 3603047 Killed                  ./"$file" >> ${script_dir}/logs_Nvc/log_ens${ENSEMBLE_RUN}_cut${CUTOFF_YEAR}.log 2>&1
environment: line 5: 1246598 Killed                  ./"$file" >> ${script_dir}/logs_Nvc/log_ens${ENSEMBLE_RUN}_cut${CUTOFF_YEAR}.log 2>&1
environment: line 5: 1117780 Killed                  ./"$file" >> ${script_dir}/logs_Nvc/log_ens${ENSEMBLE_RUN}_cut${CUTOFF_YEAR}.log 2>&1
environment: line 5: 3179792 Killed                  ./"$file" >> ${script_dir}/logs_Nvc/log_ens${ENSEMBLE_RUN}_cut${CUTOFF_YEAR}.log 2>&1
environment: line 5: 2720983 Killed                  ./"$file" >> ${script_dir}/logs_Nvc/log_ens${ENSEMBLE_RUN}_cut${CUTOFF_YEAR}.log 2>&1
environment: line 5: 3746340 Killed                  ./"$file" >> ${script_dir}/logs_Nvc/log_ens${ENSEMBLE_RUN}_cut${CUTOFF_YEAR}.log 2>&1
environment: line 5: 3943005 Killed                  ./"$file" >> ${script_dir}/logs_Nvc/log_ens${ENSEMBLE_RUN}_cut${CUTOFF_YEAR}.log 2>&1
environment: line 5: 3797582 Killed                  ./"$file" >> ${script_dir}/logs_Nvc/log_ens${ENSEMBLE_RUN}_cut${CUTOFF_YEAR}.log 2>&1
environment: line 5: 3928344 Killed                  ./"$file" >> ${script_dir}/logs_Nvc/log_ens${ENSEMBLE_RUN}_cut${CUTOFF_YEAR}.log 2>&1
environment: line 5: 3835356 Killed                  ./"$file" >> ${script_dir}/logs_Nvc/log_ens${ENSEMBLE_RUN}_cut${CUTOFF_YEAR}.log 2>&1
environment: line 5: 3966659 Killed                  ./"$file" >> ${script_dir}/logs_Nvc/log_ens${ENSEMBLE_RUN}_cut${CUTOFF_YEAR}.log 2>&1
environment: line 5: 1250282 Killed                  ./"$file" >> ${script_dir}/logs_Nvc/log_ens${ENSEMBLE_RUN}_cut${CUTOFF_YEAR}.log 2>&1
environment: line 5: 3907751 Killed                  ./"$file" >> ${script_dir}/logs_Nvc/log_ens${ENSEMBLE_RUN}_cut${CUTOFF_YEAR}.log 2>&1
environment: line 5: 2112679 Killed                  ./"$file" >> ${script_dir}/logs_Nvc/log_ens${ENSEMBLE_RUN}_cut${CUTOFF_YEAR}.log 2>&1
environment: line 5: 3895627 Killed                  ./"$file" >> ${script_dir}/logs_Nvc/log_ens${ENSEMBLE_RUN}_cut${CUTOFF_YEAR}.log 2>&1
environment: line 5: 4045121 Killed                  ./"$file" >> ${script_dir}/logs_Nvc/log_ens${ENSEMBLE_RUN}_cut${CUTOFF_YEAR}.log 2>&1
environment: line 5: 4040390 Killed                  ./"$file" >> ${script_dir}/logs_Nvc/log_ens${ENSEMBLE_RUN}_cut${CUTOFF_YEAR}.log 2>&1
environment: line 5: 4083647 Killed                  ./"$file" >> ${script_dir}/logs_Nvc/log_ens${ENSEMBLE_RUN}_cut${CUTOFF_YEAR}.log 2>&1
environment: line 5: 4133831 Killed                  ./"$file" >> ${script_dir}/logs_Nvc/log_ens${ENSEMBLE_RUN}_cut${CUTOFF_YEAR}.log 2>&1
environment: line 5: 4128861 Killed                  ./"$file" >> ${script_dir}/logs_Nvc/log_ens${ENSEMBLE_RUN}_cut${CUTOFF_YEAR}.log 2>&1
environment: line 5: 2291539 Killed                  ./"$file" >> ${script_dir}/logs_Nvc/log_ens${ENSEMBLE_RUN}_cut${CUTOFF_YEAR}.log 2>&1
environment: line 5: 1562157 Killed                  ./"$file" >> ${script_dir}/logs_Nvc/log_ens${ENSEMBLE_RUN}_cut${CUTOFF_YEAR}.log 2>&1
environment: line 5: 51512 Killed                  ./"$file" >> ${script_dir}/logs_Nvc/log_ens${ENSEMBLE_RUN}_cut${CUTOFF_YEAR}.log 2>&1
environment: line 5: 4043661 Killed                  ./"$file" >> ${script_dir}/logs_Nvc/log_ens${ENSEMBLE_RUN}_cut${CUTOFF_YEAR}.log 2>&1
environment: line 5: 258141 Killed                  ./"$file" >> ${script_dir}/logs_Nvc/log_ens${ENSEMBLE_RUN}_cut${CUTOFF_YEAR}.log 2>&1
environment: line 5: 4069197 Killed                  ./"$file" >> ${script_dir}/logs_Nvc/log_ens${ENSEMBLE_RUN}_cut${CUTOFF_YEAR}.log 2>&1
environment: line 5: 338055 Killed                  ./"$file" >> ${script_dir}/logs_Nvc/log_ens${ENSEMBLE_RUN}_cut${CUTOFF_YEAR}.log 2>&1
environment: line 5: 367004 Killed                  ./"$file" >> ${script_dir}/logs_Nvc/log_ens${ENSEMBLE_RUN}_cut${CUTOFF_YEAR}.log 2>&1
environment: line 5: 433832 Killed                  ./"$file" >> ${script_dir}/logs_Nvc/log_ens${ENSEMBLE_RUN}_cut${CUTOFF_YEAR}.log 2>&1
environment: line 5: 2301570 Killed                  ./"$file" >> ${script_dir}/logs_Nvc/log_ens${ENSEMBLE_RUN}_cut${CUTOFF_YEAR}.log 2>&1
environment: line 5: 634857 Killed                  ./"$file" >> ${script_dir}/logs_Nvc/log_ens${ENSEMBLE_RUN}_cut${CUTOFF_YEAR}.log 2>&1
environment: line 5: 442113 Killed                  ./"$file" >> ${script_dir}/logs_Nvc/log_ens${ENSEMBLE_RUN}_cut${CUTOFF_YEAR}.log 2>&1
environment: line 5: 3148160 Killed                  ./"$file" >> ${script_dir}/logs_Nvc/log_ens${ENSEMBLE_RUN}_cut${CUTOFF_YEAR}.log 2>&1
environment: line 5: 2575286 Killed                  ./"$file" >> ${script_dir}/logs_Nvc/log_ens${ENSEMBLE_RUN}_cut${CUTOFF_YEAR}.log 2>&1
environment: line 5: 3022257 Killed                  ./"$file" >> ${script_dir}/logs_Nvc/log_ens${ENSEMBLE_RUN}_cut${CUTOFF_YEAR}.log 2>&1
environment: line 5: 2916316 Killed                  ./"$file" >> ${script_dir}/logs_Nvc/log_ens${ENSEMBLE_RUN}_cut${CUTOFF_YEAR}.log 2>&1
environment: line 5: 2636670 Killed                  ./"$file" >> ${script_dir}/logs_Nvc/log_ens${ENSEMBLE_RUN}_cut${CUTOFF_YEAR}.log 2>&1
environment: line 5: 3156983 Killed                  ./"$file" >> ${script_dir}/logs_Nvc/log_ens${ENSEMBLE_RUN}_cut${CUTOFF_YEAR}.log 2>&1
environment: line 5: 3170867 Killed                  ./"$file" >> ${script_dir}/logs_Nvc/log_ens${ENSEMBLE_RUN}_cut${CUTOFF_YEAR}.log 2>&1
environment: line 5: 3342776 Killed                  ./"$file" >> ${script_dir}/logs_Nvc/log_ens${ENSEMBLE_RUN}_cut${CUTOFF_YEAR}.log 2>&1
environment: line 5: 3430020 Killed                  ./"$file" >> ${script_dir}/logs_Nvc/log_ens${ENSEMBLE_RUN}_cut${CUTOFF_YEAR}.log 2>&1
environment: line 5: 3243071 Killed                  ./"$file" >> ${script_dir}/logs_Nvc/log_ens${ENSEMBLE_RUN}_cut${CUTOFF_YEAR}.log 2>&1
environment: line 5: 2252690 Killed                  ./"$file" >> ${script_dir}/logs_Nvc/log_ens${ENSEMBLE_RUN}_cut${CUTOFF_YEAR}.log 2>&1
environment: line 5: 2457127 Killed                  ./"$file" >> ${script_dir}/logs_Nvc/log_ens${ENSEMBLE_RUN}_cut${CUTOFF_YEAR}.log 2>&1
environment: line 5: 3439189 Killed                  ./"$file" >> ${script_dir}/logs_Nvc/log_ens${ENSEMBLE_RUN}_cut${CUTOFF_YEAR}.log 2>&1
environment: line 5: 3675574 Killed                  ./"$file" >> ${script_dir}/logs_Nvc/log_ens${ENSEMBLE_RUN}_cut${CUTOFF_YEAR}.log 2>&1
environment: line 5: 3448304 Killed                  ./"$file" >> ${script_dir}/logs_Nvc/log_ens${ENSEMBLE_RUN}_cut${CUTOFF_YEAR}.log 2>&1
environment: line 5: 2705806 Killed                  ./"$file" >> ${script_dir}/logs_Nvc/log_ens${ENSEMBLE_RUN}_cut${CUTOFF_YEAR}.log 2>&1
environment: line 5: 3024619 Killed                  ./"$file" >> ${script_dir}/logs_Nvc/log_ens${ENSEMBLE_RUN}_cut${CUTOFF_YEAR}.log 2>&1
environment: line 5: 3454295 Killed                  ./"$file" >> ${script_dir}/logs_Nvc/log_ens${ENSEMBLE_RUN}_cut${CUTOFF_YEAR}.log 2>&1
environment: line 5: 3551509 Killed                  ./"$file" >> ${script_dir}/logs_Nvc/log_ens${ENSEMBLE_RUN}_cut${CUTOFF_YEAR}.log 2>&1
environment: line 5: 3873553 Killed                  ./"$file" >> ${script_dir}/logs_Nvc/log_ens${ENSEMBLE_RUN}_cut${CUTOFF_YEAR}.log 2>&1
environment: line 5: 3893899 Killed                  ./"$file" >> ${script_dir}/logs_Nvc/log_ens${ENSEMBLE_RUN}_cut${CUTOFF_YEAR}.log 2>&1
environment: line 5: 3510463 Killed                  ./"$file" >> ${script_dir}/logs_Nvc/log_ens${ENSEMBLE_RUN}_cut${CUTOFF_YEAR}.log 2>&1
environment: line 5: 2266117 Killed                  ./"$file" >> ${script_dir}/logs_Nvc/log_ens${ENSEMBLE_RUN}_cut${CUTOFF_YEAR}.log 2>&1
environment: line 5: 4061739 Killed                  ./"$file" >> ${script_dir}/logs_Nvc/log_ens${ENSEMBLE_RUN}_cut${CUTOFF_YEAR}.log 2>&1
environment: line 5: 4113315 Killed                  ./"$file" >> ${script_dir}/logs_Nvc/log_ens${ENSEMBLE_RUN}_cut${CUTOFF_YEAR}.log 2>&1
environment: line 5: 3790335 Killed                  ./"$file" >> ${script_dir}/logs_Nvc/log_ens${ENSEMBLE_RUN}_cut${CUTOFF_YEAR}.log 2>&1
environment: line 5: 3118212 Killed                  ./"$file" >> ${script_dir}/logs_Nvc/log_ens${ENSEMBLE_RUN}_cut${CUTOFF_YEAR}.log 2>&1
environment: line 5: 175343 Killed                  ./"$file" >> ${script_dir}/logs_Nvc/log_ens${ENSEMBLE_RUN}_cut${CUTOFF_YEAR}.log 2>&1
environment: line 5: 3721641 Killed                  ./"$file" >> ${script_dir}/logs_Nvc/log_ens${ENSEMBLE_RUN}_cut${CUTOFF_YEAR}.log 2>&1
environment: line 5: 2270294 Killed                  ./"$file" >> ${script_dir}/logs_Nvc/log_ens${ENSEMBLE_RUN}_cut${CUTOFF_YEAR}.log 2>&1
environment: line 5: 194632 Killed                  ./"$file" >> ${script_dir}/logs_Nvc/log_ens${ENSEMBLE_RUN}_cut${CUTOFF_YEAR}.log 2>&1
environment: line 1: 2038777 Killed                  ./"$file" >> ${script_dir}/logs_Nvc/log_ens${ENSEMBLE_RUN}_cut${CUTOFF_YEAR}.log 2>&1
environment: line 1: 2036152 Killed                  ./"$file" >> ${script_dir}/logs_Nvc/log_ens${ENSEMBLE_RUN}_cut${CUTOFF_YEAR}.log 2>&1
environment: line 1: 2038972 Killed                  ./"$file" >> ${script_dir}/logs_Nvc/log_ens${ENSEMBLE_RUN}_cut${CUTOFF_YEAR}.log 2>&1
environment: line 1: 2040024 Killed                  ./"$file" >> ${script_dir}/logs_Nvc/log_ens${ENSEMBLE_RUN}_cut${CUTOFF_YEAR}.log 2>&1
environment: line 1: 2035806 Killed                  ./"$file" >> ${script_dir}/logs_Nvc/log_ens${ENSEMBLE_RUN}_cut${CUTOFF_YEAR}.log 2>&1
environment: line 1: 2035964 Killed                  ./"$file" >> ${script_dir}/logs_Nvc/log_ens${ENSEMBLE_RUN}_cut${CUTOFF_YEAR}.log 2>&1
environment: line 1: 2035402 Killed                  ./"$file" >> ${script_dir}/logs_Nvc/log_ens${ENSEMBLE_RUN}_cut${CUTOFF_YEAR}.log 2>&1
environment: line 1: 2035558 Killed                  ./"$file" >> ${script_dir}/logs_Nvc/log_ens${ENSEMBLE_RUN}_cut${CUTOFF_YEAR}.log 2>&1
environment: line 1: 2035688 Killed                  ./"$file" >> ${script_dir}/logs_Nvc/log_ens${ENSEMBLE_RUN}_cut${CUTOFF_YEAR}.log 2>&1
environment: line 1: 2035855 Killed                  ./"$file" >> ${script_dir}/logs_Nvc/log_ens${ENSEMBLE_RUN}_cut${CUTOFF_YEAR}.log 2>&1
environment: line 1: 2035914 Killed                  ./"$file" >> ${script_dir}/logs_Nvc/log_ens${ENSEMBLE_RUN}_cut${CUTOFF_YEAR}.log 2>&1
environment: line 1: 2035784 Killed                  ./"$file" >> ${script_dir}/logs_Nvc/log_ens${ENSEMBLE_RUN}_cut${CUTOFF_YEAR}.log 2>&1
environment: line 1: 2039406 Killed                  ./"$file" >> ${script_dir}/logs_Nvc/log_ens${ENSEMBLE_RUN}_cut${CUTOFF_YEAR}.log 2>&1
environment: line 1: 2039939 Killed                  ./"$file" >> ${script_dir}/logs_Nvc/log_ens${ENSEMBLE_RUN}_cut${CUTOFF_YEAR}.log 2>&1
environment: line 1: 2037784 Killed                  ./"$file" >> ${script_dir}/logs_Nvc/log_ens${ENSEMBLE_RUN}_cut${CUTOFF_YEAR}.log 2>&1
environment: line 1: 2039580 Killed                  ./"$file" >> ${script_dir}/logs_Nvc/log_ens${ENSEMBLE_RUN}_cut${CUTOFF_YEAR}.log 2>&1
environment: line 1: 2039076 Killed                  ./"$file" >> ${script_dir}/logs_Nvc/log_ens${ENSEMBLE_RUN}_cut${CUTOFF_YEAR}.log 2>&1
environment: line 1: 2037268 Killed                  ./"$file" >> ${script_dir}/logs_Nvc/log_ens${ENSEMBLE_RUN}_cut${CUTOFF_YEAR}.log 2>&1
environment: line 1: 2036510 Killed                  ./"$file" >> ${script_dir}/logs_Nvc/log_ens${ENSEMBLE_RUN}_cut${CUTOFF_YEAR}.log 2>&1
environment: line 1: 2038614 Killed                  ./"$file" >> ${script_dir}/logs_Nvc/log_ens${ENSEMBLE_RUN}_cut${CUTOFF_YEAR}.log 2>&1
environment: line 1: 2036553 Killed                  ./"$file" >> ${script_dir}/logs_Nvc/log_ens${ENSEMBLE_RUN}_cut${CUTOFF_YEAR}.log 2>&1
environment: line 1: 2035443 Killed                  ./"$file" >> ${script_dir}/logs_Nvc/log_ens${ENSEMBLE_RUN}_cut${CUTOFF_YEAR}.log 2>&1
environment: line 1: 2035645 Killed                  ./"$file" >> ${script_dir}/logs_Nvc/log_ens${ENSEMBLE_RUN}_cut${CUTOFF_YEAR}.log 2>&1
environment: line 1: 2035665 Killed                  ./"$file" >> ${script_dir}/logs_Nvc/log_ens${ENSEMBLE_RUN}_cut${CUTOFF_YEAR}.log 2>&1
environment: line 1: 2037094 Killed                  ./"$file" >> ${script_dir}/logs_Nvc/log_ens${ENSEMBLE_RUN}_cut${CUTOFF_YEAR}.log 2>&1
environment: line 1: 2036833 Killed                  ./"$file" >> ${script_dir}/logs_Nvc/log_ens${ENSEMBLE_RUN}_cut${CUTOFF_YEAR}.log 2>&1
environment: line 1: 2035641 Killed                  ./"$file" >> ${script_dir}/logs_Nvc/log_ens${ENSEMBLE_RUN}_cut${CUTOFF_YEAR}.log 2>&1
environment: line 1: 2035545 Killed                  ./"$file" >> ${script_dir}/logs_Nvc/log_ens${ENSEMBLE_RUN}_cut${CUTOFF_YEAR}.log 2>&1
environment: line 1: 2038978 Killed                  ./"$file" >> ${script_dir}/logs_Nvc/log_ens${ENSEMBLE_RUN}_cut${CUTOFF_YEAR}.log 2>&1
environment: line 1: 2036350 Killed                  ./"$file" >> ${script_dir}/logs_Nvc/log_ens${ENSEMBLE_RUN}_cut${CUTOFF_YEAR}.log 2>&1
environment: line 1: 2038452 Killed                  ./"$file" >> ${script_dir}/logs_Nvc/log_ens${ENSEMBLE_RUN}_cut${CUTOFF_YEAR}.log 2>&1
environment: line 1: 2036464 Killed                  ./"$file" >> ${script_dir}/logs_Nvc/log_ens${ENSEMBLE_RUN}_cut${CUTOFF_YEAR}.log 2>&1
environment: line 1: 2039726 Killed                  ./"$file" >> ${script_dir}/logs_Nvc/log_ens${ENSEMBLE_RUN}_cut${CUTOFF_YEAR}.log 2>&1
environment: line 1: 2040031 Killed                  ./"$file" >> ${script_dir}/logs_Nvc/log_ens${ENSEMBLE_RUN}_cut${CUTOFF_YEAR}.log 2>&1
environment: line 1: 2039345 Killed                  ./"$file" >> ${script_dir}/logs_Nvc/log_ens${ENSEMBLE_RUN}_cut${CUTOFF_YEAR}.log 2>&1
environment: line 1: 2035741 Killed                  ./"$file" >> ${script_dir}/logs_Nvc/log_ens${ENSEMBLE_RUN}_cut${CUTOFF_YEAR}.log 2>&1
environment: line 1: 2037899 Killed                  ./"$file" >> ${script_dir}/logs_Nvc/log_ens${ENSEMBLE_RUN}_cut${CUTOFF_YEAR}.log 2>&1
environment: line 1: 2036130 Killed                  ./"$file" >> ${script_dir}/logs_Nvc/log_ens${ENSEMBLE_RUN}_cut${CUTOFF_YEAR}.log 2>&1
environment: line 1: 2036405 Killed                  ./"$file" >> ${script_dir}/logs_Nvc/log_ens${ENSEMBLE_RUN}_cut${CUTOFF_YEAR}.log 2>&1
environment: line 1: 2036913 Killed                  ./"$file" >> ${script_dir}/logs_Nvc/log_ens${ENSEMBLE_RUN}_cut${CUTOFF_YEAR}.log 2>&1
environment: line 1: 2035343 Killed                  ./"$file" >> ${script_dir}/logs_Nvc/log_ens${ENSEMBLE_RUN}_cut${CUTOFF_YEAR}.log 2>&1
environment: line 1: 2035523 Killed                  ./"$file" >> ${script_dir}/logs_Nvc/log_ens${ENSEMBLE_RUN}_cut${CUTOFF_YEAR}.log 2>&1
environment: line 1: 2038116 Killed                  ./"$file" >> ${script_dir}/logs_Nvc/log_ens${ENSEMBLE_RUN}_cut${CUTOFF_YEAR}.log 2>&1
environment: line 1: 2035567 Killed                  ./"$file" >> ${script_dir}/logs_Nvc/log_ens${ENSEMBLE_RUN}_cut${CUTOFF_YEAR}.log 2>&1
environment: line 1: 2038854 Killed                  ./"$file" >> ${script_dir}/logs_Nvc/log_ens${ENSEMBLE_RUN}_cut${CUTOFF_YEAR}.log 2>&1
environment: line 1: 2035684 Killed                  ./"$file" >> ${script_dir}/logs_Nvc/log_ens${ENSEMBLE_RUN}_cut${CUTOFF_YEAR}.log 2>&1
environment: line 1: 2036027 Killed                  ./"$file" >> ${script_dir}/logs_Nvc/log_ens${ENSEMBLE_RUN}_cut${CUTOFF_YEAR}.log 2>&1
environment: line 1: 2038857 Killed                  ./"$file" >> ${script_dir}/logs_Nvc/log_ens${ENSEMBLE_RUN}_cut${CUTOFF_YEAR}.log 2>&1
environment: line 1: 2036110 Killed                  ./"$file" >> ${script_dir}/logs_Nvc/log_ens${ENSEMBLE_RUN}_cut${CUTOFF_YEAR}.log 2>&1
environment: line 1: 2039570 Killed                  ./"$file" >> ${script_dir}/logs_Nvc/log_ens${ENSEMBLE_RUN}_cut${CUTOFF_YEAR}.log 2>&1
environment: line 1: 2035602 Killed                  ./"$file" >> ${script_dir}/logs_Nvc/log_ens${ENSEMBLE_RUN}_cut${CUTOFF_YEAR}.log 2>&1
environment: line 1: 2036035 Killed                  ./"$file" >> ${script_dir}/logs_Nvc/log_ens${ENSEMBLE_RUN}_cut${CUTOFF_YEAR}.log 2>&1
environment: line 1: 2036070 Killed                  ./"$file" >> ${script_dir}/logs_Nvc/log_ens${ENSEMBLE_RUN}_cut${CUTOFF_YEAR}.log 2>&1
environment: line 1: 2036744 Killed                  ./"$file" >> ${script_dir}/logs_Nvc/log_ens${ENSEMBLE_RUN}_cut${CUTOFF_YEAR}.log 2>&1
environment: line 1: 2035310 Killed                  ./"$file" >> ${script_dir}/logs_Nvc/log_ens${ENSEMBLE_RUN}_cut${CUTOFF_YEAR}.log 2>&1
environment: line 1: 2036461 Killed                  ./"$file" >> ${script_dir}/logs_Nvc/log_ens${ENSEMBLE_RUN}_cut${CUTOFF_YEAR}.log 2>&1
environment: line 1: 2037107 Killed                  ./"$file" >> ${script_dir}/logs_Nvc/log_ens${ENSEMBLE_RUN}_cut${CUTOFF_YEAR}.log 2>&1
environment: line 1: 2039217 Killed                  ./"$file" >> ${script_dir}/logs_Nvc/log_ens${ENSEMBLE_RUN}_cut${CUTOFF_YEAR}.log 2>&1
environment: line 1: 2035712 Killed                  ./"$file" >> ${script_dir}/logs_Nvc/log_ens${ENSEMBLE_RUN}_cut${CUTOFF_YEAR}.log 2>&1
environment: line 1: 2036286 Killed                  ./"$file" >> ${script_dir}/logs_Nvc/log_ens${ENSEMBLE_RUN}_cut${CUTOFF_YEAR}.log 2>&1
environment: line 1: 2037472 Killed                  ./"$file" >> ${script_dir}/logs_Nvc/log_ens${ENSEMBLE_RUN}_cut${CUTOFF_YEAR}.log 2>&1
environment: line 1: 2036195 Killed                  ./"$file" >> ${script_dir}/logs_Nvc/log_ens${ENSEMBLE_RUN}_cut${CUTOFF_YEAR}.log 2>&1
environment: line 1: 2036533 Killed                  ./"$file" >> ${script_dir}/logs_Nvc/log_ens${ENSEMBLE_RUN}_cut${CUTOFF_YEAR}.log 2>&1
environment: line 1: 2036190 Killed                  ./"$file" >> ${script_dir}/logs_Nvc/log_ens${ENSEMBLE_RUN}_cut${CUTOFF_YEAR}.log 2>&1
environment: line 1: 2206375 Killed                  ./"$file" >> ${script_dir}/logs_Nvc/log_ens${ENSEMBLE_RUN}_cut${CUTOFF_YEAR}.log 2>&1
environment: line 1: 2038262 Killed                  ./"$file" >> ${script_dir}/logs_Nvc/log_ens${ENSEMBLE_RUN}_cut${CUTOFF_YEAR}.log 2>&1
environment: line 1: 2039590 Killed                  ./"$file" >> ${script_dir}/logs_Nvc/log_ens${ENSEMBLE_RUN}_cut${CUTOFF_YEAR}.log 2>&1
environment: line 1: 2291139 Killed                  ./"$file" >> ${script_dir}/logs_Nvc/log_ens${ENSEMBLE_RUN}_cut${CUTOFF_YEAR}.log 2>&1
environment: line 1: 2038074 Killed                  ./"$file" >> ${script_dir}/logs_Nvc/log_ens${ENSEMBLE_RUN}_cut${CUTOFF_YEAR}.log 2>&1
environment: line 1: 2036279 Killed                  ./"$file" >> ${script_dir}/logs_Nvc/log_ens${ENSEMBLE_RUN}_cut${CUTOFF_YEAR}.log 2>&1
environment: line 1: 2037408 Killed                  ./"$file" >> ${script_dir}/logs_Nvc/log_ens${ENSEMBLE_RUN}_cut${CUTOFF_YEAR}.log 2>&1
environment: line 1: 2401807 Killed                  ./"$file" >> ${script_dir}/logs_Nvc/log_ens${ENSEMBLE_RUN}_cut${CUTOFF_YEAR}.log 2>&1
environment: line 1: 2035812 Killed                  ./"$file" >> ${script_dir}/logs_Nvc/log_ens${ENSEMBLE_RUN}_cut${CUTOFF_YEAR}.log 2>&1
environment: line 1: 2037502 Killed                  ./"$file" >> ${script_dir}/logs_Nvc/log_ens${ENSEMBLE_RUN}_cut${CUTOFF_YEAR}.log 2>&1
environment: line 1: 2039131 Killed                  ./"$file" >> ${script_dir}/logs_Nvc/log_ens${ENSEMBLE_RUN}_cut${CUTOFF_YEAR}.log 2>&1
Total time: 4768 seconds
All done!
slurmstepd: error: Detected 169 oom_kill events in StepId=11674194.batch. Some of the step tasks have been OOM Killed.
