Starting job 7 on node2302
rm: cannot remove 'logs_Nv/arrayjob2-*_7.out': No such file or directory
environment: line 5: 2384382 Killed                  ./"$file" >> ${script_dir}/logs_Nvc/log_ens${ENSEMBLE_RUN}_cut${CUTOFF_YEAR}.log 2>&1
environment: line 5: 3879904 Killed                  ./"$file" >> ${script_dir}/logs_Nvc/log_ens${ENSEMBLE_RUN}_cut${CUTOFF_YEAR}.log 2>&1
environment: line 5: 213141 Killed                  ./"$file" >> ${script_dir}/logs_Nvc/log_ens${ENSEMBLE_RUN}_cut${CUTOFF_YEAR}.log 2>&1
environment: line 5: 3975193 Killed                  ./"$file" >> ${script_dir}/logs_Nvc/log_ens${ENSEMBLE_RUN}_cut${CUTOFF_YEAR}.log 2>&1
environment: line 5: 3674138 Killed                  ./"$file" >> ${script_dir}/logs_Nvc/log_ens${ENSEMBLE_RUN}_cut${CUTOFF_YEAR}.log 2>&1
environment: line 5: 3947294 Killed                  ./"$file" >> ${script_dir}/logs_Nvc/log_ens${ENSEMBLE_RUN}_cut${CUTOFF_YEAR}.log 2>&1
environment: line 5: 2868686 Killed                  ./"$file" >> ${script_dir}/logs_Nvc/log_ens${ENSEMBLE_RUN}_cut${CUTOFF_YEAR}.log 2>&1
environment: line 5: 197205 Killed                  ./"$file" >> ${script_dir}/logs_Nvc/log_ens${ENSEMBLE_RUN}_cut${CUTOFF_YEAR}.log 2>&1
environment: line 5: 360135 Killed                  ./"$file" >> ${script_dir}/logs_Nvc/log_ens${ENSEMBLE_RUN}_cut${CUTOFF_YEAR}.log 2>&1
environment: line 5: 286590 Killed                  ./"$file" >> ${script_dir}/logs_Nvc/log_ens${ENSEMBLE_RUN}_cut${CUTOFF_YEAR}.log 2>&1
environment: line 5: 3312966 Killed                  ./"$file" >> ${script_dir}/logs_Nvc/log_ens${ENSEMBLE_RUN}_cut${CUTOFF_YEAR}.log 2>&1
environment: line 5: 1543431 Killed                  ./"$file" >> ${script_dir}/logs_Nvc/log_ens${ENSEMBLE_RUN}_cut${CUTOFF_YEAR}.log 2>&1
environment: line 5: 438966 Killed                  ./"$file" >> ${script_dir}/logs_Nvc/log_ens${ENSEMBLE_RUN}_cut${CUTOFF_YEAR}.log 2>&1
environment: line 5: 2751193 Killed                  ./"$file" >> ${script_dir}/logs_Nvc/log_ens${ENSEMBLE_RUN}_cut${CUTOFF_YEAR}.log 2>&1
environment: line 5: 649511 Killed                  ./"$file" >> ${script_dir}/logs_Nvc/log_ens${ENSEMBLE_RUN}_cut${CUTOFF_YEAR}.log 2>&1
environment: line 5: 651372 Killed                  ./"$file" >> ${script_dir}/logs_Nvc/log_ens${ENSEMBLE_RUN}_cut${CUTOFF_YEAR}.log 2>&1
environment: line 5: 2683199 Killed                  ./"$file" >> ${script_dir}/logs_Nvc/log_ens${ENSEMBLE_RUN}_cut${CUTOFF_YEAR}.log 2>&1
environment: line 5: 795431 Killed                  ./"$file" >> ${script_dir}/logs_Nvc/log_ens${ENSEMBLE_RUN}_cut${CUTOFF_YEAR}.log 2>&1
environment: line 5: 3798232 Killed                  ./"$file" >> ${script_dir}/logs_Nvc/log_ens${ENSEMBLE_RUN}_cut${CUTOFF_YEAR}.log 2>&1
environment: line 5: 883253 Killed                  ./"$file" >> ${script_dir}/logs_Nvc/log_ens${ENSEMBLE_RUN}_cut${CUTOFF_YEAR}.log 2>&1
environment: line 5: 870228 Killed                  ./"$file" >> ${script_dir}/logs_Nvc/log_ens${ENSEMBLE_RUN}_cut${CUTOFF_YEAR}.log 2>&1
environment: line 5: 1039888 Killed                  ./"$file" >> ${script_dir}/logs_Nvc/log_ens${ENSEMBLE_RUN}_cut${CUTOFF_YEAR}.log 2>&1
environment: line 5: 881434 Killed                  ./"$file" >> ${script_dir}/logs_Nvc/log_ens${ENSEMBLE_RUN}_cut${CUTOFF_YEAR}.log 2>&1
environment: line 5: 1145460 Killed                  ./"$file" >> ${script_dir}/logs_Nvc/log_ens${ENSEMBLE_RUN}_cut${CUTOFF_YEAR}.log 2>&1
environment: line 5: 1732668 Killed                  ./"$file" >> ${script_dir}/logs_Nvc/log_ens${ENSEMBLE_RUN}_cut${CUTOFF_YEAR}.log 2>&1
environment: line 5: 1732610 Killed                  ./"$file" >> ${script_dir}/logs_Nvc/log_ens${ENSEMBLE_RUN}_cut${CUTOFF_YEAR}.log 2>&1
environment: line 5: 1107818 Killed                  ./"$file" >> ${script_dir}/logs_Nvc/log_ens${ENSEMBLE_RUN}_cut${CUTOFF_YEAR}.log 2>&1
environment: line 5: 2650830 Killed                  ./"$file" >> ${script_dir}/logs_Nvc/log_ens${ENSEMBLE_RUN}_cut${CUTOFF_YEAR}.log 2>&1
environment: line 5: 1479421 Killed                  ./"$file" >> ${script_dir}/logs_Nvc/log_ens${ENSEMBLE_RUN}_cut${CUTOFF_YEAR}.log 2>&1
environment: line 5: 1433336 Killed                  ./"$file" >> ${script_dir}/logs_Nvc/log_ens${ENSEMBLE_RUN}_cut${CUTOFF_YEAR}.log 2>&1
environment: line 5: 2206960 Killed                  ./"$file" >> ${script_dir}/logs_Nvc/log_ens${ENSEMBLE_RUN}_cut${CUTOFF_YEAR}.log 2>&1
environment: line 5: 2036180 Killed                  ./"$file" >> ${script_dir}/logs_Nvc/log_ens${ENSEMBLE_RUN}_cut${CUTOFF_YEAR}.log 2>&1
environment: line 5: 2359267 Killed                  ./"$file" >> ${script_dir}/logs_Nvc/log_ens${ENSEMBLE_RUN}_cut${CUTOFF_YEAR}.log 2>&1
environment: line 5: 70684 Killed                  ./"$file" >> ${script_dir}/logs_Nvc/log_ens${ENSEMBLE_RUN}_cut${CUTOFF_YEAR}.log 2>&1
environment: line 5: 2431308 Killed                  ./"$file" >> ${script_dir}/logs_Nvc/log_ens${ENSEMBLE_RUN}_cut${CUTOFF_YEAR}.log 2>&1
environment: line 5: 563302 Killed                  ./"$file" >> ${script_dir}/logs_Nvc/log_ens${ENSEMBLE_RUN}_cut${CUTOFF_YEAR}.log 2>&1
environment: line 5: 1065549 Killed                  ./"$file" >> ${script_dir}/logs_Nvc/log_ens${ENSEMBLE_RUN}_cut${CUTOFF_YEAR}.log 2>&1
environment: line 5: 2450185 Killed                  ./"$file" >> ${script_dir}/logs_Nvc/log_ens${ENSEMBLE_RUN}_cut${CUTOFF_YEAR}.log 2>&1
environment: line 5: 2527507 Killed                  ./"$file" >> ${script_dir}/logs_Nvc/log_ens${ENSEMBLE_RUN}_cut${CUTOFF_YEAR}.log 2>&1
environment: line 5: 1962036 Killed                  ./"$file" >> ${script_dir}/logs_Nvc/log_ens${ENSEMBLE_RUN}_cut${CUTOFF_YEAR}.log 2>&1
environment: line 5: 2509980 Killed                  ./"$file" >> ${script_dir}/logs_Nvc/log_ens${ENSEMBLE_RUN}_cut${CUTOFF_YEAR}.log 2>&1
environment: line 5: 3047121 Killed                  ./"$file" >> ${script_dir}/logs_Nvc/log_ens${ENSEMBLE_RUN}_cut${CUTOFF_YEAR}.log 2>&1
environment: line 5: 3487655 Killed                  ./"$file" >> ${script_dir}/logs_Nvc/log_ens${ENSEMBLE_RUN}_cut${CUTOFF_YEAR}.log 2>&1
environment: line 5: 2430112 Killed                  ./"$file" >> ${script_dir}/logs_Nvc/log_ens${ENSEMBLE_RUN}_cut${CUTOFF_YEAR}.log 2>&1
environment: line 5: 3352008 Killed                  ./"$file" >> ${script_dir}/logs_Nvc/log_ens${ENSEMBLE_RUN}_cut${CUTOFF_YEAR}.log 2>&1
environment: line 5: 2442560 Killed                  ./"$file" >> ${script_dir}/logs_Nvc/log_ens${ENSEMBLE_RUN}_cut${CUTOFF_YEAR}.log 2>&1
environment: line 5: 2451786 Killed                  ./"$file" >> ${script_dir}/logs_Nvc/log_ens${ENSEMBLE_RUN}_cut${CUTOFF_YEAR}.log 2>&1
environment: line 5: 3806556 Killed                  ./"$file" >> ${script_dir}/logs_Nvc/log_ens${ENSEMBLE_RUN}_cut${CUTOFF_YEAR}.log 2>&1
environment: line 5: 3775372 Killed                  ./"$file" >> ${script_dir}/logs_Nvc/log_ens${ENSEMBLE_RUN}_cut${CUTOFF_YEAR}.log 2>&1
environment: line 5: 3771814 Killed                  ./"$file" >> ${script_dir}/logs_Nvc/log_ens${ENSEMBLE_RUN}_cut${CUTOFF_YEAR}.log 2>&1
environment: line 5: 4082115 Killed                  ./"$file" >> ${script_dir}/logs_Nvc/log_ens${ENSEMBLE_RUN}_cut${CUTOFF_YEAR}.log 2>&1
environment: line 5: 270517 Killed                  ./"$file" >> ${script_dir}/logs_Nvc/log_ens${ENSEMBLE_RUN}_cut${CUTOFF_YEAR}.log 2>&1
environment: line 5: 2009376 Killed                  ./"$file" >> ${script_dir}/logs_Nvc/log_ens${ENSEMBLE_RUN}_cut${CUTOFF_YEAR}.log 2>&1
environment: line 5: 1725242 Killed                  ./"$file" >> ${script_dir}/logs_Nvc/log_ens${ENSEMBLE_RUN}_cut${CUTOFF_YEAR}.log 2>&1
environment: line 5: 30157 Killed                  ./"$file" >> ${script_dir}/logs_Nvc/log_ens${ENSEMBLE_RUN}_cut${CUTOFF_YEAR}.log 2>&1
environment: line 5: 4062122 Killed                  ./"$file" >> ${script_dir}/logs_Nvc/log_ens${ENSEMBLE_RUN}_cut${CUTOFF_YEAR}.log 2>&1
environment: line 5: 267339 Killed                  ./"$file" >> ${script_dir}/logs_Nvc/log_ens${ENSEMBLE_RUN}_cut${CUTOFF_YEAR}.log 2>&1
environment: line 5: 352825 Killed                  ./"$file" >> ${script_dir}/logs_Nvc/log_ens${ENSEMBLE_RUN}_cut${CUTOFF_YEAR}.log 2>&1
environment: line 5: 3748525 Killed                  ./"$file" >> ${script_dir}/logs_Nvc/log_ens${ENSEMBLE_RUN}_cut${CUTOFF_YEAR}.log 2>&1
environment: line 5: 183314 Killed                  ./"$file" >> ${script_dir}/logs_Nvc/log_ens${ENSEMBLE_RUN}_cut${CUTOFF_YEAR}.log 2>&1
environment: line 5: 4127889 Killed                  ./"$file" >> ${script_dir}/logs_Nvc/log_ens${ENSEMBLE_RUN}_cut${CUTOFF_YEAR}.log 2>&1
environment: line 5: 186008 Killed                  ./"$file" >> ${script_dir}/logs_Nvc/log_ens${ENSEMBLE_RUN}_cut${CUTOFF_YEAR}.log 2>&1
environment: line 5: 314065 Killed                  ./"$file" >> ${script_dir}/logs_Nvc/log_ens${ENSEMBLE_RUN}_cut${CUTOFF_YEAR}.log 2>&1
environment: line 5: 735072 Killed                  ./"$file" >> ${script_dir}/logs_Nvc/log_ens${ENSEMBLE_RUN}_cut${CUTOFF_YEAR}.log 2>&1
environment: line 5: 703115 Killed                  ./"$file" >> ${script_dir}/logs_Nvc/log_ens${ENSEMBLE_RUN}_cut${CUTOFF_YEAR}.log 2>&1
environment: line 5: 915130 Killed                  ./"$file" >> ${script_dir}/logs_Nvc/log_ens${ENSEMBLE_RUN}_cut${CUTOFF_YEAR}.log 2>&1
environment: line 5: 331857 Killed                  ./"$file" >> ${script_dir}/logs_Nvc/log_ens${ENSEMBLE_RUN}_cut${CUTOFF_YEAR}.log 2>&1
environment: line 5: 997202 Killed                  ./"$file" >> ${script_dir}/logs_Nvc/log_ens${ENSEMBLE_RUN}_cut${CUTOFF_YEAR}.log 2>&1
environment: line 5: 981388 Killed                  ./"$file" >> ${script_dir}/logs_Nvc/log_ens${ENSEMBLE_RUN}_cut${CUTOFF_YEAR}.log 2>&1
environment: line 5: 1219968 Killed                  ./"$file" >> ${script_dir}/logs_Nvc/log_ens${ENSEMBLE_RUN}_cut${CUTOFF_YEAR}.log 2>&1
environment: line 5: 160180 Killed                  ./"$file" >> ${script_dir}/logs_Nvc/log_ens${ENSEMBLE_RUN}_cut${CUTOFF_YEAR}.log 2>&1
environment: line 5: 996206 Killed                  ./"$file" >> ${script_dir}/logs_Nvc/log_ens${ENSEMBLE_RUN}_cut${CUTOFF_YEAR}.log 2>&1
environment: line 5: 1198168 Killed                  ./"$file" >> ${script_dir}/logs_Nvc/log_ens${ENSEMBLE_RUN}_cut${CUTOFF_YEAR}.log 2>&1
environment: line 5: 354387 Killed                  ./"$file" >> ${script_dir}/logs_Nvc/log_ens${ENSEMBLE_RUN}_cut${CUTOFF_YEAR}.log 2>&1
environment: line 1: 3431236 Killed                  ./"$file" >> ${script_dir}/logs_Nvc/log_ens${ENSEMBLE_RUN}_cut${CUTOFF_YEAR}.log 2>&1
environment: line 1: 3431165 Killed                  ./"$file" >> ${script_dir}/logs_Nvc/log_ens${ENSEMBLE_RUN}_cut${CUTOFF_YEAR}.log 2>&1
environment: line 1: 3432141 Killed                  ./"$file" >> ${script_dir}/logs_Nvc/log_ens${ENSEMBLE_RUN}_cut${CUTOFF_YEAR}.log 2>&1
environment: line 1: 3429774 Killed                  ./"$file" >> ${script_dir}/logs_Nvc/log_ens${ENSEMBLE_RUN}_cut${CUTOFF_YEAR}.log 2>&1
environment: line 1: 3431480 Killed                  ./"$file" >> ${script_dir}/logs_Nvc/log_ens${ENSEMBLE_RUN}_cut${CUTOFF_YEAR}.log 2>&1
environment: line 1: 3428923 Killed                  ./"$file" >> ${script_dir}/logs_Nvc/log_ens${ENSEMBLE_RUN}_cut${CUTOFF_YEAR}.log 2>&1
environment: line 1: 3428832 Killed                  ./"$file" >> ${script_dir}/logs_Nvc/log_ens${ENSEMBLE_RUN}_cut${CUTOFF_YEAR}.log 2>&1
environment: line 1: 3428785 Killed                  ./"$file" >> ${script_dir}/logs_Nvc/log_ens${ENSEMBLE_RUN}_cut${CUTOFF_YEAR}.log 2>&1
environment: line 1: 3433824 Killed                  ./"$file" >> ${script_dir}/logs_Nvc/log_ens${ENSEMBLE_RUN}_cut${CUTOFF_YEAR}.log 2>&1
environment: line 1: 3432729 Killed                  ./"$file" >> ${script_dir}/logs_Nvc/log_ens${ENSEMBLE_RUN}_cut${CUTOFF_YEAR}.log 2>&1
environment: line 1: 3432468 Killed                  ./"$file" >> ${script_dir}/logs_Nvc/log_ens${ENSEMBLE_RUN}_cut${CUTOFF_YEAR}.log 2>&1
environment: line 1: 3432196 Killed                  ./"$file" >> ${script_dir}/logs_Nvc/log_ens${ENSEMBLE_RUN}_cut${CUTOFF_YEAR}.log 2>&1
environment: line 1: 3431687 Killed                  ./"$file" >> ${script_dir}/logs_Nvc/log_ens${ENSEMBLE_RUN}_cut${CUTOFF_YEAR}.log 2>&1
environment: line 1: 3429327 Killed                  ./"$file" >> ${script_dir}/logs_Nvc/log_ens${ENSEMBLE_RUN}_cut${CUTOFF_YEAR}.log 2>&1
environment: line 1: 3428824 Killed                  ./"$file" >> ${script_dir}/logs_Nvc/log_ens${ENSEMBLE_RUN}_cut${CUTOFF_YEAR}.log 2>&1
environment: line 1: 3429335 Killed                  ./"$file" >> ${script_dir}/logs_Nvc/log_ens${ENSEMBLE_RUN}_cut${CUTOFF_YEAR}.log 2>&1
environment: line 1: 3430210 Killed                  ./"$file" >> ${script_dir}/logs_Nvc/log_ens${ENSEMBLE_RUN}_cut${CUTOFF_YEAR}.log 2>&1
environment: line 1: 3429806 Killed                  ./"$file" >> ${script_dir}/logs_Nvc/log_ens${ENSEMBLE_RUN}_cut${CUTOFF_YEAR}.log 2>&1
environment: line 1: 3430640 Killed                  ./"$file" >> ${script_dir}/logs_Nvc/log_ens${ENSEMBLE_RUN}_cut${CUTOFF_YEAR}.log 2>&1
environment: line 1: 3432060 Killed                  ./"$file" >> ${script_dir}/logs_Nvc/log_ens${ENSEMBLE_RUN}_cut${CUTOFF_YEAR}.log 2>&1
environment: line 1: 3429695 Killed                  ./"$file" >> ${script_dir}/logs_Nvc/log_ens${ENSEMBLE_RUN}_cut${CUTOFF_YEAR}.log 2>&1
environment: line 1: 3430552 Killed                  ./"$file" >> ${script_dir}/logs_Nvc/log_ens${ENSEMBLE_RUN}_cut${CUTOFF_YEAR}.log 2>&1
environment: line 1: 3431620 Killed                  ./"$file" >> ${script_dir}/logs_Nvc/log_ens${ENSEMBLE_RUN}_cut${CUTOFF_YEAR}.log 2>&1
environment: line 1: 3428901 Killed                  ./"$file" >> ${script_dir}/logs_Nvc/log_ens${ENSEMBLE_RUN}_cut${CUTOFF_YEAR}.log 2>&1
environment: line 1: 3431005 Killed                  ./"$file" >> ${script_dir}/logs_Nvc/log_ens${ENSEMBLE_RUN}_cut${CUTOFF_YEAR}.log 2>&1
environment: line 1: 3432322 Killed                  ./"$file" >> ${script_dir}/logs_Nvc/log_ens${ENSEMBLE_RUN}_cut${CUTOFF_YEAR}.log 2>&1
environment: line 1: 3429211 Killed                  ./"$file" >> ${script_dir}/logs_Nvc/log_ens${ENSEMBLE_RUN}_cut${CUTOFF_YEAR}.log 2>&1
environment: line 1: 3429017 Killed                  ./"$file" >> ${script_dir}/logs_Nvc/log_ens${ENSEMBLE_RUN}_cut${CUTOFF_YEAR}.log 2>&1
environment: line 1: 3431854 Killed                  ./"$file" >> ${script_dir}/logs_Nvc/log_ens${ENSEMBLE_RUN}_cut${CUTOFF_YEAR}.log 2>&1
environment: line 1: 3434061 Killed                  ./"$file" >> ${script_dir}/logs_Nvc/log_ens${ENSEMBLE_RUN}_cut${CUTOFF_YEAR}.log 2>&1
environment: line 1: 3432745 Killed                  ./"$file" >> ${script_dir}/logs_Nvc/log_ens${ENSEMBLE_RUN}_cut${CUTOFF_YEAR}.log 2>&1
environment: line 1: 3776950 Killed                  ./"$file" >> ${script_dir}/logs_Nvc/log_ens${ENSEMBLE_RUN}_cut${CUTOFF_YEAR}.log 2>&1
environment: line 1: 3428853 Killed                  ./"$file" >> ${script_dir}/logs_Nvc/log_ens${ENSEMBLE_RUN}_cut${CUTOFF_YEAR}.log 2>&1
environment: line 1: 3434101 Killed                  ./"$file" >> ${script_dir}/logs_Nvc/log_ens${ENSEMBLE_RUN}_cut${CUTOFF_YEAR}.log 2>&1
environment: line 1: 3431433 Killed                  ./"$file" >> ${script_dir}/logs_Nvc/log_ens${ENSEMBLE_RUN}_cut${CUTOFF_YEAR}.log 2>&1
environment: line 1: 3433658 Killed                  ./"$file" >> ${script_dir}/logs_Nvc/log_ens${ENSEMBLE_RUN}_cut${CUTOFF_YEAR}.log 2>&1
environment: line 1: 3431113 Killed                  ./"$file" >> ${script_dir}/logs_Nvc/log_ens${ENSEMBLE_RUN}_cut${CUTOFF_YEAR}.log 2>&1
environment: line 1: 3428946 Killed                  ./"$file" >> ${script_dir}/logs_Nvc/log_ens${ENSEMBLE_RUN}_cut${CUTOFF_YEAR}.log 2>&1
environment: line 1: 3433982 Killed                  ./"$file" >> ${script_dir}/logs_Nvc/log_ens${ENSEMBLE_RUN}_cut${CUTOFF_YEAR}.log 2>&1
environment: line 1: 3429095 Killed                  ./"$file" >> ${script_dir}/logs_Nvc/log_ens${ENSEMBLE_RUN}_cut${CUTOFF_YEAR}.log 2>&1
environment: line 1: 3430107 Killed                  ./"$file" >> ${script_dir}/logs_Nvc/log_ens${ENSEMBLE_RUN}_cut${CUTOFF_YEAR}.log 2>&1
environment: line 1: 3429185 Killed                  ./"$file" >> ${script_dir}/logs_Nvc/log_ens${ENSEMBLE_RUN}_cut${CUTOFF_YEAR}.log 2>&1
environment: line 1: 3429034 Killed                  ./"$file" >> ${script_dir}/logs_Nvc/log_ens${ENSEMBLE_RUN}_cut${CUTOFF_YEAR}.log 2>&1
environment: line 1: 3789603 Killed                  ./"$file" >> ${script_dir}/logs_Nvc/log_ens${ENSEMBLE_RUN}_cut${CUTOFF_YEAR}.log 2>&1
environment: line 1: 3428810 Killed                  ./"$file" >> ${script_dir}/logs_Nvc/log_ens${ENSEMBLE_RUN}_cut${CUTOFF_YEAR}.log 2>&1
environment: line 1: 3429485 Killed                  ./"$file" >> ${script_dir}/logs_Nvc/log_ens${ENSEMBLE_RUN}_cut${CUTOFF_YEAR}.log 2>&1
environment: line 1: 3429105 Killed                  ./"$file" >> ${script_dir}/logs_Nvc/log_ens${ENSEMBLE_RUN}_cut${CUTOFF_YEAR}.log 2>&1
environment: line 1: 3428750 Killed                  ./"$file" >> ${script_dir}/logs_Nvc/log_ens${ENSEMBLE_RUN}_cut${CUTOFF_YEAR}.log 2>&1
environment: line 1: 3683755 Killed                  ./"$file" >> ${script_dir}/logs_Nvc/log_ens${ENSEMBLE_RUN}_cut${CUTOFF_YEAR}.log 2>&1
environment: line 1: 3429003 Killed                  ./"$file" >> ${script_dir}/logs_Nvc/log_ens${ENSEMBLE_RUN}_cut${CUTOFF_YEAR}.log 2>&1
environment: line 1: 3430014 Killed                  ./"$file" >> ${script_dir}/logs_Nvc/log_ens${ENSEMBLE_RUN}_cut${CUTOFF_YEAR}.log 2>&1
environment: line 1: 3430288 Killed                  ./"$file" >> ${script_dir}/logs_Nvc/log_ens${ENSEMBLE_RUN}_cut${CUTOFF_YEAR}.log 2>&1
environment: line 1: 3429104 Killed                  ./"$file" >> ${script_dir}/logs_Nvc/log_ens${ENSEMBLE_RUN}_cut${CUTOFF_YEAR}.log 2>&1
environment: line 1: 3429433 Killed                  ./"$file" >> ${script_dir}/logs_Nvc/log_ens${ENSEMBLE_RUN}_cut${CUTOFF_YEAR}.log 2>&1
environment: line 1: 3433576 Killed                  ./"$file" >> ${script_dir}/logs_Nvc/log_ens${ENSEMBLE_RUN}_cut${CUTOFF_YEAR}.log 2>&1
environment: line 1: 3431746 Killed                  ./"$file" >> ${script_dir}/logs_Nvc/log_ens${ENSEMBLE_RUN}_cut${CUTOFF_YEAR}.log 2>&1
environment: line 1: 3429747 Killed                  ./"$file" >> ${script_dir}/logs_Nvc/log_ens${ENSEMBLE_RUN}_cut${CUTOFF_YEAR}.log 2>&1
environment: line 1: 3429658 Killed                  ./"$file" >> ${script_dir}/logs_Nvc/log_ens${ENSEMBLE_RUN}_cut${CUTOFF_YEAR}.log 2>&1
environment: line 1: 3431810 Killed                  ./"$file" >> ${script_dir}/logs_Nvc/log_ens${ENSEMBLE_RUN}_cut${CUTOFF_YEAR}.log 2>&1
environment: line 1: 3887504 Killed                  ./"$file" >> ${script_dir}/logs_Nvc/log_ens${ENSEMBLE_RUN}_cut${CUTOFF_YEAR}.log 2>&1
environment: line 1: 3905119 Killed                  ./"$file" >> ${script_dir}/logs_Nvc/log_ens${ENSEMBLE_RUN}_cut${CUTOFF_YEAR}.log 2>&1
environment: line 1: 3916273 Killed                  ./"$file" >> ${script_dir}/logs_Nvc/log_ens${ENSEMBLE_RUN}_cut${CUTOFF_YEAR}.log 2>&1
environment: line 1: 3964655 Killed                  ./"$file" >> ${script_dir}/logs_Nvc/log_ens${ENSEMBLE_RUN}_cut${CUTOFF_YEAR}.log 2>&1
environment: line 1: 3434327 Killed                  ./"$file" >> ${script_dir}/logs_Nvc/log_ens${ENSEMBLE_RUN}_cut${CUTOFF_YEAR}.log 2>&1
environment: line 1: 3429280 Killed                  ./"$file" >> ${script_dir}/logs_Nvc/log_ens${ENSEMBLE_RUN}_cut${CUTOFF_YEAR}.log 2>&1
environment: line 1: 3433193 Killed                  ./"$file" >> ${script_dir}/logs_Nvc/log_ens${ENSEMBLE_RUN}_cut${CUTOFF_YEAR}.log 2>&1
environment: line 1: 3429141 Killed                  ./"$file" >> ${script_dir}/logs_Nvc/log_ens${ENSEMBLE_RUN}_cut${CUTOFF_YEAR}.log 2>&1
environment: line 1: 3430249 Killed                  ./"$file" >> ${script_dir}/logs_Nvc/log_ens${ENSEMBLE_RUN}_cut${CUTOFF_YEAR}.log 2>&1
environment: line 1: 3430933 Killed                  ./"$file" >> ${script_dir}/logs_Nvc/log_ens${ENSEMBLE_RUN}_cut${CUTOFF_YEAR}.log 2>&1
environment: line 1: 3432878 Killed                  ./"$file" >> ${script_dir}/logs_Nvc/log_ens${ENSEMBLE_RUN}_cut${CUTOFF_YEAR}.log 2>&1
environment: line 1: 3428777 Killed                  ./"$file" >> ${script_dir}/logs_Nvc/log_ens${ENSEMBLE_RUN}_cut${CUTOFF_YEAR}.log 2>&1
environment: line 1: 3430396 Killed                  ./"$file" >> ${script_dir}/logs_Nvc/log_ens${ENSEMBLE_RUN}_cut${CUTOFF_YEAR}.log 2>&1
Total time: 5305 seconds
All done!
slurmstepd: error: Detected 146 oom_kill events in StepId=11669294.batch. Some of the step tasks have been OOM Killed.
