## SLURM PROLOG ###############################################################
##    Job ID : 11731931
##  Job Name : FAIR_Nvc
##  Nodelist : node2303
##      CPUs : 1
##   Mem/CPU : 5120 MB
## Directory : /oscar/data/deeps/private/bfoxkemp/jnickla1/fair-calibrate
##   Job Started : Fri Jun 13 04:49:07 PM EDT 2025
###############################################################################
Starting job 60 on node2303
===== STARTING: rerun 01 + 03 for any missing outputs =====
cut=1930✓Missing or empty runids_rmse_reweighted_pass.csv; rerunning 03_reweight-rmse-posterior-multiple-constraints.py for cutoff 1930
Doing reweighting...
Number of effective samples: 2204
Constrained, reweighted parameters:
ECS: [1.63633502 2.71533328 5.24171766]
TCR: [1.10174444 1.59077666 2.16253972]
CO2 concentration current: [302.68088036 307.5683186  312.32514567]
Temperature l20yrs rel. 1850-1900: [-0.08178285  0.09824676  0.26413627]
Aerosol ERFari 2005-2014 rel. 1750: [-0.65535333 -0.27857092  0.03415768]
Aerosol ERFaci 2005-2014 rel. 1750: [-1.84640005 -1.0221307  -0.21717763]
Aerosol ERF 2005-2014 rel. 1750: [-2.23448312 -1.29402234 -0.42298202]
OHC change l50yrs: [-25.65072677  95.55746308 222.01933523]
*likely range
cut=1931✓Missing or empty runids_rmse_reweighted_pass.csv; rerunning 03_reweight-rmse-posterior-multiple-constraints.py for cutoff 1931
slurmstepd: error: *** JOB 11731931 ON node2303 CANCELLED AT 2025-06-13T16:54:51 ***
