## SLURM PROLOG ###############################################################
##    Job ID : 11626557
##  Job Name : FAIR_Nvc
##  Nodelist : node2335
##      CPUs : 1
##  Mem/Node : 16384 MB
## Directory : /oscar/data/deeps/private/bfoxkemp/jnickla1/fair-calibrate
##   Job Started : Fri May 30 03:46:48 PM EDT 2025
###############################################################################
Starting job 0 on node2335
Running ENSEMBLE_RUN = 1, CUTOFF_YEAR = 1930
0
>>> Constraining with cutoff year = 1930
0
####  • constraining/01_constrain-gsat-rmse-only.py####
0
Doing RMSE constraint...
Traceback (most recent call last):
  File "/oscar/data/deeps/private/bfoxkemp/jnickla1/fair-calibrate/input/fair-2.1.3/v1.4/all_current_NorESMVolcConst/constraining/./01_constrain-gsat-rmse-only.py", line 41, in <module>
    temp_in = np.load(
              ^^^^^^^^
  File "/users/jnickla1/.conda/envs/fair-calibrate/lib/python3.11/site-packages/numpy/lib/_npyio_impl.py", line 451, in load
    fid = stack.enter_context(open(os.fspath(file), "rb"))
                              ^^^^^^^^^^^^^^^^^^^^^^^^^^^
FileNotFoundError: [Errno 2] No such file or directory: '../../../../../output/fair-2.1.3/v1.4/all_current_NorESMVolcConstr1/prior_runs/temperature_1850-2101.npy'
ERROR in constraining/01_constrain-gsat-rmse-only.py for cutoff 1930
